initial accuracy: 74.50%
apgd-ce - 1/1 - 69 out of 149 successfully perturbed
robust accuracy after APGD-CE: 40.00% (total time 3.8 s)
apgd-t - 1/1 - 10 out of 80 successfully perturbed
robust accuracy after APGD-T: 35.00% (total time 23.9 s)
fab-t - 1/1 - 0 out of 70 successfully perturbed
robust accuracy after FAB-T: 35.00% (total time 52.8 s)
square - 1/1 - 0 out of 70 successfully perturbed
robust accuracy after SQUARE: 35.00% (total time 85.1 s)
max Linf perturbation: 0.03137, nan in tensor: 0, max: 1.00000, min: 0.00000
robust accuracy: 35.00%
initial accuracy: 62.00%
apgd-ce - 1/1 - 50 out of 124 successfully perturbed
robust accuracy after APGD-CE: 37.00% (total time 2.8 s)
apgd-t - 1/1 - 6 out of 74 successfully perturbed
robust accuracy after APGD-T: 34.00% (total time 22.5 s)
fab-t - 1/1 - 0 out of 68 successfully perturbed
robust accuracy after FAB-T: 34.00% (total time 50.7 s)
square - 1/1 - 0 out of 68 successfully perturbed
robust accuracy after SQUARE: 34.00% (total time 82.7 s)
max Linf perturbation: 0.03137, nan in tensor: 0, max: 1.00000, min: 0.00000
robust accuracy: 34.00%
initial accuracy: 66.50%
apgd-ce - 1/1 - 48 out of 133 successfully perturbed
robust accuracy after APGD-CE: 42.50% (total time 3.3 s)
apgd-t - 1/1 - 6 out of 85 successfully perturbed
robust accuracy after APGD-T: 39.50% (total time 24.3 s)
fab-t - 1/1 - 0 out of 79 successfully perturbed
robust accuracy after FAB-T: 39.50% (total time 53.9 s)
square - 1/1 - 0 out of 79 successfully perturbed
robust accuracy after SQUARE: 39.50% (total time 86.6 s)
max Linf perturbation: 0.03137, nan in tensor: 0, max: 1.00000, min: 0.00000
robust accuracy: 39.50%
initial accuracy: 69.00%
apgd-ce - 1/1 - 59 out of 138 successfully perturbed
robust accuracy after APGD-CE: 39.50% (total time 3.3 s)
apgd-t - 1/1 - 12 out of 79 successfully perturbed
robust accuracy after APGD-T: 33.50% (total time 23.1 s)
fab-t - 1/1 - 0 out of 67 successfully perturbed
robust accuracy after FAB-T: 33.50% (total time 51.1 s)
square - 1/1 - 0 out of 67 successfully perturbed
robust accuracy after SQUARE: 33.50% (total time 82.8 s)
max Linf perturbation: 0.03137, nan in tensor: 0, max: 1.00000, min: 0.00000
robust accuracy: 33.50%
initial accuracy: 71.50%
apgd-ce - 1/1 - 54 out of 143 successfully perturbed
robust accuracy after APGD-CE: 44.50% (total time 3.4 s)
apgd-t - 1/1 - 8 out of 89 successfully perturbed
robust accuracy after APGD-T: 40.50% (total time 25.2 s)
fab-t - 1/1 - 0 out of 81 successfully perturbed
robust accuracy after FAB-T: 40.50% (total time 56.0 s)
square - 1/1 - 0 out of 81 successfully perturbed
robust accuracy after SQUARE: 40.50% (total time 90.5 s)
max Linf perturbation: 0.03137, nan in tensor: 0, max: 1.00000, min: 0.00000
robust accuracy: 40.50%
initial accuracy: 70.50%
apgd-ce - 1/1 - 57 out of 141 successfully perturbed
robust accuracy after APGD-CE: 42.00% (total time 3.4 s)
apgd-t - 1/1 - 5 out of 84 successfully perturbed
robust accuracy after APGD-T: 39.50% (total time 24.4 s)
fab-t - 1/1 - 0 out of 79 successfully perturbed
robust accuracy after FAB-T: 39.50% (total time 53.8 s)
square - 1/1 - 0 out of 79 successfully perturbed
robust accuracy after SQUARE: 39.50% (total time 86.6 s)
max Linf perturbation: 0.03137, nan in tensor: 0, max: 1.00000, min: 0.00000
robust accuracy: 39.50%
initial accuracy: 59.00%
apgd-ce - 1/1 - 41 out of 118 successfully perturbed
robust accuracy after APGD-CE: 38.50% (total time 2.8 s)
apgd-t - 1/1 - 10 out of 77 successfully perturbed
robust accuracy after APGD-T: 33.50% (total time 22.5 s)
fab-t - 1/1 - 0 out of 67 successfully perturbed
robust accuracy after FAB-T: 33.50% (total time 50.6 s)
square - 1/1 - 0 out of 67 successfully perturbed
robust accuracy after SQUARE: 33.50% (total time 82.0 s)
max Linf perturbation: 0.03137, nan in tensor: 0, max: 1.00000, min: 0.00000
robust accuracy: 33.50%
initial accuracy: 70.50%
apgd-ce - 1/1 - 61 out of 141 successfully perturbed
robust accuracy after APGD-CE: 40.00% (total time 3.4 s)
apgd-t - 1/1 - 9 out of 80 successfully perturbed
robust accuracy after APGD-T: 35.50% (total time 23.5 s)
fab-t - 1/1 - 0 out of 71 successfully perturbed
robust accuracy after FAB-T: 35.50% (total time 52.2 s)
square - 1/1 - 0 out of 71 successfully perturbed
robust accuracy after SQUARE: 35.50% (total time 84.9 s)
max Linf perturbation: 0.03137, nan in tensor: 0, max: 1.00000, min: 0.00000
robust accuracy: 35.50%
initial accuracy: 71.50%
apgd-ce - 1/1 - 58 out of 143 successfully perturbed
robust accuracy after APGD-CE: 42.50% (total time 3.4 s)
apgd-t - 1/1 - 7 out of 85 successfully perturbed
robust accuracy after APGD-T: 39.00% (total time 24.4 s)
fab-t - 1/1 - 0 out of 78 successfully perturbed
robust accuracy after FAB-T: 39.00% (total time 53.9 s)
square - 1/1 - 0 out of 78 successfully perturbed
robust accuracy after SQUARE: 39.00% (total time 86.6 s)
max Linf perturbation: 0.03137, nan in tensor: 0, max: 1.00000, min: 0.00000
robust accuracy: 39.00%
initial accuracy: 66.00%
apgd-ce - 1/1 - 59 out of 132 successfully perturbed
robust accuracy after APGD-CE: 36.50% (total time 3.3 s)
apgd-t - 1/1 - 6 out of 73 successfully perturbed
robust accuracy after APGD-T: 33.50% (total time 22.9 s)
fab-t - 1/1 - 0 out of 67 successfully perturbed
robust accuracy after FAB-T: 33.50% (total time 50.9 s)
square - 1/1 - 0 out of 67 successfully perturbed
robust accuracy after SQUARE: 33.50% (total time 82.3 s)
max Linf perturbation: 0.03137, nan in tensor: 0, max: 1.00000, min: 0.00000
robust accuracy: 33.50%
initial accuracy: 64.00%
apgd-ce - 1/1 - 53 out of 128 successfully perturbed
robust accuracy after APGD-CE: 37.50% (total time 2.9 s)
apgd-t - 1/1 - 7 out of 75 successfully perturbed
robust accuracy after APGD-T: 34.00% (total time 22.8 s)
fab-t - 1/1 - 0 out of 68 successfully perturbed
robust accuracy after FAB-T: 34.00% (total time 51.0 s)
square - 1/1 - 0 out of 68 successfully perturbed
robust accuracy after SQUARE: 34.00% (total time 82.7 s)
max Linf perturbation: 0.03137, nan in tensor: 0, max: 1.00000, min: 0.00000
robust accuracy: 34.00%
initial accuracy: 69.50%
apgd-ce - 1/1 - 53 out of 139 successfully perturbed
robust accuracy after APGD-CE: 43.00% (total time 3.4 s)
apgd-t - 1/1 - 6 out of 86 successfully perturbed
robust accuracy after APGD-T: 40.00% (total time 24.5 s)
fab-t - 1/1 - 0 out of 80 successfully perturbed
robust accuracy after FAB-T: 40.00% (total time 54.0 s)
square - 1/1 - 0 out of 80 successfully perturbed
robust accuracy after SQUARE: 40.00% (total time 86.7 s)
max Linf perturbation: 0.03137, nan in tensor: 0, max: 1.00000, min: 0.00000
robust accuracy: 40.00%
initial accuracy: 64.00%
apgd-ce - 1/1 - 58 out of 128 successfully perturbed
robust accuracy after APGD-CE: 35.00% (total time 2.9 s)
apgd-t - 1/1 - 8 out of 70 successfully perturbed
robust accuracy after APGD-T: 31.00% (total time 19.9 s)
fab-t - 1/1 - 0 out of 62 successfully perturbed
robust accuracy after FAB-T: 31.00% (total time 43.9 s)
square - 1/1 - 0 out of 62 successfully perturbed
robust accuracy after SQUARE: 31.00% (total time 70.8 s)
max Linf perturbation: 0.03137, nan in tensor: 0, max: 1.00000, min: 0.00000
robust accuracy: 31.00%
initial accuracy: 73.00%
apgd-ce - 1/1 - 64 out of 146 successfully perturbed
robust accuracy after APGD-CE: 41.00% (total time 3.8 s)
apgd-t - 1/1 - 9 out of 82 successfully perturbed
robust accuracy after APGD-T: 36.50% (total time 24.2 s)
fab-t - 1/1 - 0 out of 73 successfully perturbed
robust accuracy after FAB-T: 36.50% (total time 53.2 s)
square - 1/1 - 0 out of 73 successfully perturbed
robust accuracy after SQUARE: 36.50% (total time 85.7 s)
max Linf perturbation: 0.03137, nan in tensor: 0, max: 1.00000, min: 0.00000
robust accuracy: 36.50%
initial accuracy: 70.50%
apgd-ce - 1/1 - 68 out of 141 successfully perturbed
robust accuracy after APGD-CE: 36.50% (total time 3.4 s)
apgd-t - 1/1 - 5 out of 73 successfully perturbed
robust accuracy after APGD-T: 34.00% (total time 23.0 s)
fab-t - 1/1 - 0 out of 68 successfully perturbed
robust accuracy after FAB-T: 34.00% (total time 51.4 s)
square - 1/1 - 0 out of 68 successfully perturbed
robust accuracy after SQUARE: 34.00% (total time 83.0 s)
max Linf perturbation: 0.03137, nan in tensor: 0, max: 1.00000, min: 0.00000
robust accuracy: 34.00%
initial accuracy: 65.00%
apgd-ce - 1/1 - 40 out of 130 successfully perturbed
robust accuracy after APGD-CE: 45.00% (total time 3.3 s)
apgd-t - 1/1 - 9 out of 90 successfully perturbed
robust accuracy after APGD-T: 40.50% (total time 25.0 s)
fab-t - 1/1 - 0 out of 81 successfully perturbed
robust accuracy after FAB-T: 40.50% (total time 55.9 s)
square - 1/1 - 0 out of 81 successfully perturbed
robust accuracy after SQUARE: 40.50% (total time 90.6 s)
max Linf perturbation: 0.03137, nan in tensor: 0, max: 1.00000, min: 0.00000
robust accuracy: 40.50%
initial accuracy: 64.50%
apgd-ce - 1/1 - 53 out of 129 successfully perturbed
robust accuracy after APGD-CE: 38.00% (total time 3.2 s)
apgd-t - 1/1 - 8 out of 76 successfully perturbed
robust accuracy after APGD-T: 34.00% (total time 23.0 s)
fab-t - 1/1 - 0 out of 68 successfully perturbed
robust accuracy after FAB-T: 34.00% (total time 51.0 s)
square - 1/1 - 0 out of 68 successfully perturbed
robust accuracy after SQUARE: 34.00% (total time 82.5 s)
max Linf perturbation: 0.03137, nan in tensor: 0, max: 1.00000, min: 0.00000
robust accuracy: 34.00%
initial accuracy: 66.50%
apgd-ce - 1/1 - 47 out of 133 successfully perturbed
robust accuracy after APGD-CE: 43.00% (total time 3.3 s)
apgd-t - 1/1 - 8 out of 86 successfully perturbed
robust accuracy after APGD-T: 39.00% (total time 24.2 s)
fab-t - 1/1 - 0 out of 78 successfully perturbed
robust accuracy after FAB-T: 39.00% (total time 53.5 s)
square - 1/1 - 0 out of 78 successfully perturbed
robust accuracy after SQUARE: 39.00% (total time 86.2 s)
max Linf perturbation: 0.03137, nan in tensor: 0, max: 1.00000, min: 0.00000
robust accuracy: 39.00%
initial accuracy: 69.50%
apgd-ce - 1/1 - 56 out of 139 successfully perturbed
robust accuracy after APGD-CE: 41.50% (total time 3.4 s)
apgd-t - 1/1 - 8 out of 83 successfully perturbed
robust accuracy after APGD-T: 37.50% (total time 23.9 s)
fab-t - 1/1 - 0 out of 75 successfully perturbed
robust accuracy after FAB-T: 37.50% (total time 53.0 s)
square - 1/1 - 0 out of 75 successfully perturbed
robust accuracy after SQUARE: 37.50% (total time 85.8 s)
max Linf perturbation: 0.03137, nan in tensor: 0, max: 1.00000, min: 0.00000
robust accuracy: 37.50%
initial accuracy: 66.00%
apgd-ce - 1/1 - 45 out of 132 successfully perturbed
robust accuracy after APGD-CE: 43.50% (total time 3.3 s)
apgd-t - 1/1 - 5 out of 87 successfully perturbed
robust accuracy after APGD-T: 41.00% (total time 25.2 s)
fab-t - 1/1 - 0 out of 82 successfully perturbed
robust accuracy after FAB-T: 41.00% (total time 56.5 s)
square - 1/1 - 0 out of 82 successfully perturbed
robust accuracy after SQUARE: 41.00% (total time 91.2 s)
max Linf perturbation: 0.03137, nan in tensor: 0, max: 1.00000, min: 0.00000
robust accuracy: 41.00%
initial accuracy: 69.00%
apgd-ce - 1/1 - 55 out of 138 successfully perturbed
robust accuracy after APGD-CE: 41.50% (total time 3.4 s)
apgd-t - 1/1 - 3 out of 83 successfully perturbed
robust accuracy after APGD-T: 40.00% (total time 24.3 s)
fab-t - 1/1 - 0 out of 80 successfully perturbed
robust accuracy after FAB-T: 40.00% (total time 53.9 s)
square - 1/1 - 0 out of 80 successfully perturbed
robust accuracy after SQUARE: 40.00% (total time 86.8 s)
max Linf perturbation: 0.03137, nan in tensor: 0, max: 1.00000, min: 0.00000
robust accuracy: 40.00%
initial accuracy: 73.50%
apgd-ce - 1/1 - 47 out of 147 successfully perturbed
robust accuracy after APGD-CE: 50.00% (total time 3.9 s)
apgd-t - 1/1 - 11 out of 100 successfully perturbed
robust accuracy after APGD-T: 44.50% (total time 26.2 s)
fab-t - 1/1 - 0 out of 89 successfully perturbed
robust accuracy after FAB-T: 44.50% (total time 58.4 s)
square - 1/1 - 0 out of 89 successfully perturbed
robust accuracy after SQUARE: 44.50% (total time 96.8 s)
max Linf perturbation: 0.03137, nan in tensor: 0, max: 1.00000, min: 0.00000
robust accuracy: 44.50%
initial accuracy: 71.00%
apgd-ce - 1/1 - 64 out of 142 successfully perturbed
robust accuracy after APGD-CE: 39.00% (total time 3.4 s)
apgd-t - 1/1 - 5 out of 78 successfully perturbed
robust accuracy after APGD-T: 36.50% (total time 23.6 s)
fab-t - 1/1 - 0 out of 73 successfully perturbed
robust accuracy after FAB-T: 36.50% (total time 52.4 s)
square - 1/1 - 0 out of 73 successfully perturbed
robust accuracy after SQUARE: 36.50% (total time 85.0 s)
max Linf perturbation: 0.03137, nan in tensor: 0, max: 1.00000, min: 0.00000
robust accuracy: 36.50%
initial accuracy: 67.00%
apgd-ce - 1/1 - 50 out of 134 successfully perturbed
robust accuracy after APGD-CE: 42.00% (total time 3.3 s)
apgd-t - 1/1 - 2 out of 84 successfully perturbed
robust accuracy after APGD-T: 41.00% (total time 25.1 s)
fab-t - 1/1 - 0 out of 82 successfully perturbed
robust accuracy after FAB-T: 41.00% (total time 56.1 s)
square - 1/1 - 0 out of 82 successfully perturbed
robust accuracy after SQUARE: 41.00% (total time 94.1 s)
max Linf perturbation: 0.03137, nan in tensor: 0, max: 1.00000, min: 0.00000
robust accuracy: 41.00%
initial accuracy: 70.50%
apgd-ce - 1/1 - 57 out of 141 successfully perturbed
robust accuracy after APGD-CE: 42.00% (total time 3.4 s)
apgd-t - 1/1 - 11 out of 84 successfully perturbed
robust accuracy after APGD-T: 36.50% (total time 23.7 s)
fab-t - 1/1 - 0 out of 73 successfully perturbed
robust accuracy after FAB-T: 36.50% (total time 52.7 s)
square - 1/1 - 0 out of 73 successfully perturbed
robust accuracy after SQUARE: 36.50% (total time 84.8 s)
max Linf perturbation: 0.03137, nan in tensor: 0, max: 1.00000, min: 0.00000
robust accuracy: 36.50%
initial accuracy: 64.00%
apgd-ce - 1/1 - 58 out of 128 successfully perturbed
robust accuracy after APGD-CE: 35.00% (total time 2.9 s)
apgd-t - 1/1 - 7 out of 70 successfully perturbed
robust accuracy after APGD-T: 31.50% (total time 20.0 s)
fab-t - 1/1 - 0 out of 63 successfully perturbed
robust accuracy after FAB-T: 31.50% (total time 43.9 s)
square - 1/1 - 0 out of 63 successfully perturbed
robust accuracy after SQUARE: 31.50% (total time 71.0 s)
max Linf perturbation: 0.03137, nan in tensor: 0, max: 1.00000, min: 0.00000
robust accuracy: 31.50%
initial accuracy: 67.50%
apgd-ce - 1/1 - 55 out of 135 successfully perturbed
robust accuracy after APGD-CE: 40.00% (total time 3.3 s)
apgd-t - 1/1 - 13 out of 80 successfully perturbed
robust accuracy after APGD-T: 33.50% (total time 22.9 s)
fab-t - 1/1 - 0 out of 67 successfully perturbed
robust accuracy after FAB-T: 33.50% (total time 50.7 s)
square - 1/1 - 0 out of 67 successfully perturbed
robust accuracy after SQUARE: 33.50% (total time 82.4 s)
max Linf perturbation: 0.03137, nan in tensor: 0, max: 1.00000, min: 0.00000
robust accuracy: 33.50%
initial accuracy: 69.00%
apgd-ce - 1/1 - 68 out of 138 successfully perturbed
robust accuracy after APGD-CE: 35.00% (total time 3.4 s)
apgd-t - 1/1 - 9 out of 70 successfully perturbed
robust accuracy after APGD-T: 30.50% (total time 20.2 s)
fab-t - 1/1 - 0 out of 61 successfully perturbed
robust accuracy after FAB-T: 30.50% (total time 43.9 s)
square - 1/1 - 0 out of 61 successfully perturbed
robust accuracy after SQUARE: 30.50% (total time 70.6 s)
max Linf perturbation: 0.03137, nan in tensor: 0, max: 1.00000, min: 0.00000
robust accuracy: 30.50%
initial accuracy: 69.00%
apgd-ce - 1/1 - 50 out of 138 successfully perturbed
robust accuracy after APGD-CE: 44.00% (total time 3.4 s)
apgd-t - 1/1 - 11 out of 88 successfully perturbed
robust accuracy after APGD-T: 38.50% (total time 24.1 s)
fab-t - 1/1 - 0 out of 77 successfully perturbed
robust accuracy after FAB-T: 38.50% (total time 53.3 s)
square - 1/1 - 0 out of 77 successfully perturbed
robust accuracy after SQUARE: 38.50% (total time 85.9 s)
max Linf perturbation: 0.03137, nan in tensor: 0, max: 1.00000, min: 0.00000
robust accuracy: 38.50%
initial accuracy: 67.50%
apgd-ce - 1/1 - 58 out of 135 successfully perturbed
robust accuracy after APGD-CE: 38.50% (total time 3.3 s)
apgd-t - 1/1 - 11 out of 77 successfully perturbed
robust accuracy after APGD-T: 33.00% (total time 22.3 s)
fab-t - 1/1 - 0 out of 66 successfully perturbed
robust accuracy after FAB-T: 33.00% (total time 49.0 s)
square - 1/1 - 0 out of 66 successfully perturbed
robust accuracy after SQUARE: 33.00% (total time 80.5 s)
max Linf perturbation: 0.03137, nan in tensor: 0, max: 1.00000, min: 0.00000
robust accuracy: 33.00%
initial accuracy: 64.00%
apgd-ce - 1/1 - 56 out of 128 successfully perturbed
robust accuracy after APGD-CE: 36.00% (total time 2.9 s)
apgd-t - 1/1 - 5 out of 72 successfully perturbed
robust accuracy after APGD-T: 33.50% (total time 22.6 s)
fab-t - 1/1 - 0 out of 67 successfully perturbed
robust accuracy after FAB-T: 33.50% (total time 50.4 s)
square - 1/1 - 0 out of 67 successfully perturbed
robust accuracy after SQUARE: 33.50% (total time 81.9 s)
max Linf perturbation: 0.03137, nan in tensor: 0, max: 1.00000, min: 0.00000
robust accuracy: 33.50%
initial accuracy: 70.00%
apgd-ce - 1/1 - 58 out of 140 successfully perturbed
robust accuracy after APGD-CE: 41.00% (total time 3.4 s)
apgd-t - 1/1 - 7 out of 82 successfully perturbed
robust accuracy after APGD-T: 37.50% (total time 24.0 s)
fab-t - 1/1 - 0 out of 75 successfully perturbed
robust accuracy after FAB-T: 37.50% (total time 52.9 s)
square - 1/1 - 0 out of 75 successfully perturbed
robust accuracy after SQUARE: 37.50% (total time 85.6 s)
max Linf perturbation: 0.03137, nan in tensor: 0, max: 1.00000, min: 0.00000
robust accuracy: 37.50%
initial accuracy: 68.00%
apgd-ce - 1/1 - 64 out of 136 successfully perturbed
robust accuracy after APGD-CE: 36.00% (total time 3.3 s)
apgd-t - 1/1 - 9 out of 72 successfully perturbed
robust accuracy after APGD-T: 31.50% (total time 20.3 s)
fab-t - 1/1 - 0 out of 63 successfully perturbed
robust accuracy after FAB-T: 31.50% (total time 44.0 s)
square - 1/1 - 0 out of 63 successfully perturbed
robust accuracy after SQUARE: 31.50% (total time 70.8 s)
max Linf perturbation: 0.03137, nan in tensor: 0, max: 1.00000, min: 0.00000
robust accuracy: 31.50%
initial accuracy: 68.00%
apgd-ce - 1/1 - 54 out of 136 successfully perturbed
robust accuracy after APGD-CE: 41.00% (total time 3.3 s)
apgd-t - 1/1 - 12 out of 82 successfully perturbed
robust accuracy after APGD-T: 35.00% (total time 23.5 s)
fab-t - 1/1 - 0 out of 70 successfully perturbed
robust accuracy after FAB-T: 35.00% (total time 51.8 s)
square - 1/1 - 0 out of 70 successfully perturbed
robust accuracy after SQUARE: 35.00% (total time 83.5 s)
max Linf perturbation: 0.03137, nan in tensor: 0, max: 1.00000, min: 0.00000
robust accuracy: 35.00%
initial accuracy: 68.00%
apgd-ce - 1/1 - 62 out of 136 successfully perturbed
robust accuracy after APGD-CE: 37.00% (total time 3.3 s)
apgd-t - 1/1 - 7 out of 74 successfully perturbed
robust accuracy after APGD-T: 33.50% (total time 23.2 s)
fab-t - 1/1 - 0 out of 67 successfully perturbed
robust accuracy after FAB-T: 33.50% (total time 51.3 s)
square - 1/1 - 0 out of 67 successfully perturbed
robust accuracy after SQUARE: 33.50% (total time 82.8 s)
max Linf perturbation: 0.03137, nan in tensor: 0, max: 1.00000, min: 0.00000
robust accuracy: 33.50%
initial accuracy: 69.00%
apgd-ce - 1/1 - 52 out of 138 successfully perturbed
robust accuracy after APGD-CE: 43.00% (total time 3.4 s)
apgd-t - 1/1 - 15 out of 86 successfully perturbed
robust accuracy after APGD-T: 35.50% (total time 23.6 s)
fab-t - 1/1 - 0 out of 71 successfully perturbed
robust accuracy after FAB-T: 35.50% (total time 51.9 s)
square - 1/1 - 0 out of 71 successfully perturbed
robust accuracy after SQUARE: 35.50% (total time 84.2 s)
max Linf perturbation: 0.03137, nan in tensor: 0, max: 1.00000, min: 0.00000
robust accuracy: 35.50%
initial accuracy: 70.50%
apgd-ce - 1/1 - 61 out of 141 successfully perturbed
robust accuracy after APGD-CE: 40.00% (total time 3.4 s)
apgd-t - 1/1 - 6 out of 80 successfully perturbed
robust accuracy after APGD-T: 37.00% (total time 23.7 s)
fab-t - 1/1 - 0 out of 74 successfully perturbed
robust accuracy after FAB-T: 37.00% (total time 52.8 s)
square - 1/1 - 0 out of 74 successfully perturbed
robust accuracy after SQUARE: 37.00% (total time 85.0 s)
max Linf perturbation: 0.03137, nan in tensor: 0, max: 1.00000, min: 0.00000
robust accuracy: 37.00%
initial accuracy: 68.00%
apgd-ce - 1/1 - 65 out of 136 successfully perturbed
robust accuracy after APGD-CE: 35.50% (total time 3.3 s)
apgd-t - 1/1 - 6 out of 71 successfully perturbed
robust accuracy after APGD-T: 32.50% (total time 22.2 s)
fab-t - 1/1 - 0 out of 65 successfully perturbed
robust accuracy after FAB-T: 32.50% (total time 49.1 s)
square - 1/1 - 0 out of 65 successfully perturbed
robust accuracy after SQUARE: 32.50% (total time 80.3 s)
max Linf perturbation: 0.03137, nan in tensor: 0, max: 1.00000, min: 0.00000
robust accuracy: 32.50%
initial accuracy: 67.00%
apgd-ce - 1/1 - 49 out of 134 successfully perturbed
robust accuracy after APGD-CE: 42.50% (total time 3.3 s)
apgd-t - 1/1 - 5 out of 85 successfully perturbed
robust accuracy after APGD-T: 40.00% (total time 24.1 s)
fab-t - 1/1 - 0 out of 80 successfully perturbed
robust accuracy after FAB-T: 40.00% (total time 53.9 s)
square - 1/1 - 0 out of 80 successfully perturbed
robust accuracy after SQUARE: 40.00% (total time 86.7 s)
max Linf perturbation: 0.03137, nan in tensor: 0, max: 1.00000, min: 0.00000
robust accuracy: 40.00%
initial accuracy: 69.50%
apgd-ce - 1/1 - 65 out of 139 successfully perturbed
robust accuracy after APGD-CE: 37.00% (total time 3.4 s)
apgd-t - 1/1 - 7 out of 74 successfully perturbed
robust accuracy after APGD-T: 33.50% (total time 23.0 s)
fab-t - 1/1 - 0 out of 67 successfully perturbed
robust accuracy after FAB-T: 33.50% (total time 50.8 s)
square - 1/1 - 0 out of 67 successfully perturbed
robust accuracy after SQUARE: 33.50% (total time 82.1 s)
max Linf perturbation: 0.03137, nan in tensor: 0, max: 1.00000, min: 0.00000
robust accuracy: 33.50%
initial accuracy: 64.00%
apgd-ce - 1/1 - 59 out of 128 successfully perturbed
robust accuracy after APGD-CE: 34.50% (total time 2.9 s)
apgd-t - 1/1 - 6 out of 69 successfully perturbed
robust accuracy after APGD-T: 31.50% (total time 19.9 s)
fab-t - 1/1 - 0 out of 63 successfully perturbed
robust accuracy after FAB-T: 31.50% (total time 43.8 s)
square - 1/1 - 0 out of 63 successfully perturbed
robust accuracy after SQUARE: 31.50% (total time 70.6 s)
max Linf perturbation: 0.03137, nan in tensor: 0, max: 1.00000, min: 0.00000
robust accuracy: 31.50%
initial accuracy: 61.50%
apgd-ce - 1/1 - 51 out of 123 successfully perturbed
robust accuracy after APGD-CE: 36.00% (total time 2.8 s)
apgd-t - 1/1 - 3 out of 72 successfully perturbed
robust accuracy after APGD-T: 34.50% (total time 22.6 s)
fab-t - 1/1 - 0 out of 69 successfully perturbed
robust accuracy after FAB-T: 34.50% (total time 50.9 s)
square - 1/1 - 0 out of 69 successfully perturbed
robust accuracy after SQUARE: 34.50% (total time 86.2 s)
max Linf perturbation: 0.03137, nan in tensor: 0, max: 1.00000, min: 0.00000
robust accuracy: 34.50%
initial accuracy: 65.50%
apgd-ce - 1/1 - 56 out of 131 successfully perturbed
robust accuracy after APGD-CE: 37.50% (total time 3.3 s)
apgd-t - 1/1 - 8 out of 75 successfully perturbed
robust accuracy after APGD-T: 33.50% (total time 23.0 s)
fab-t - 1/1 - 0 out of 67 successfully perturbed
robust accuracy after FAB-T: 33.50% (total time 50.9 s)
square - 1/1 - 0 out of 67 successfully perturbed
robust accuracy after SQUARE: 33.50% (total time 82.3 s)
max Linf perturbation: 0.03137, nan in tensor: 0, max: 1.00000, min: 0.00000
robust accuracy: 33.50%
initial accuracy: 65.00%
apgd-ce - 1/1 - 54 out of 130 successfully perturbed
robust accuracy after APGD-CE: 38.00% (total time 3.3 s)
apgd-t - 1/1 - 3 out of 76 successfully perturbed
robust accuracy after APGD-T: 36.50% (total time 23.6 s)
fab-t - 1/1 - 0 out of 73 successfully perturbed
robust accuracy after FAB-T: 36.50% (total time 52.2 s)
square - 1/1 - 0 out of 73 successfully perturbed
robust accuracy after SQUARE: 36.50% (total time 84.2 s)
max Linf perturbation: 0.03137, nan in tensor: 0, max: 1.00000, min: 0.00000
robust accuracy: 36.50%
initial accuracy: 72.00%
apgd-ce - 1/1 - 58 out of 144 successfully perturbed
robust accuracy after APGD-CE: 43.00% (total time 3.3 s)
apgd-t - 1/1 - 6 out of 86 successfully perturbed
robust accuracy after APGD-T: 40.00% (total time 24.2 s)
fab-t - 1/1 - 0 out of 80 successfully perturbed
robust accuracy after FAB-T: 40.00% (total time 53.7 s)
square - 1/1 - 0 out of 80 successfully perturbed
robust accuracy after SQUARE: 40.00% (total time 86.9 s)
max Linf perturbation: 0.03137, nan in tensor: 0, max: 1.00000, min: 0.00000
robust accuracy: 40.00%
initial accuracy: 73.00%
apgd-ce - 1/1 - 69 out of 146 successfully perturbed
robust accuracy after APGD-CE: 38.50% (total time 3.9 s)
apgd-t - 1/1 - 11 out of 77 successfully perturbed
robust accuracy after APGD-T: 33.00% (total time 22.7 s)
fab-t - 1/1 - 0 out of 66 successfully perturbed
robust accuracy after FAB-T: 33.00% (total time 49.6 s)
square - 1/1 - 0 out of 66 successfully perturbed
robust accuracy after SQUARE: 33.00% (total time 81.3 s)
max Linf perturbation: 0.03137, nan in tensor: 0, max: 1.00000, min: 0.00000
robust accuracy: 33.00%
initial accuracy: 72.00%
apgd-ce - 1/1 - 61 out of 144 successfully perturbed
robust accuracy after APGD-CE: 41.50% (total time 3.3 s)
apgd-t - 1/1 - 7 out of 83 successfully perturbed
robust accuracy after APGD-T: 38.00% (total time 24.0 s)
fab-t - 1/1 - 0 out of 76 successfully perturbed
robust accuracy after FAB-T: 38.00% (total time 53.0 s)
square - 1/1 - 0 out of 76 successfully perturbed
robust accuracy after SQUARE: 38.00% (total time 85.5 s)
max Linf perturbation: 0.03137, nan in tensor: 0, max: 1.00000, min: 0.00000
robust accuracy: 38.00%
initial accuracy: 65.50%
apgd-ce - 1/1 - 48 out of 131 successfully perturbed
robust accuracy after APGD-CE: 41.50% (total time 3.3 s)
apgd-t - 1/1 - 7 out of 83 successfully perturbed
robust accuracy after APGD-T: 38.00% (total time 24.1 s)
fab-t - 1/1 - 0 out of 76 successfully perturbed
robust accuracy after FAB-T: 38.00% (total time 53.2 s)
square - 1/1 - 0 out of 76 successfully perturbed
robust accuracy after SQUARE: 38.00% (total time 85.7 s)
max Linf perturbation: 0.03137, nan in tensor: 0, max: 1.00000, min: 0.00000
robust accuracy: 38.00%
initial accuracy: 65.50%
apgd-ce - 1/1 - 51 out of 131 successfully perturbed
robust accuracy after APGD-CE: 40.00% (total time 3.3 s)
apgd-t - 1/1 - 10 out of 80 successfully perturbed
robust accuracy after APGD-T: 35.00% (total time 23.3 s)
fab-t - 1/1 - 0 out of 70 successfully perturbed
robust accuracy after FAB-T: 35.00% (total time 51.3 s)
square - 1/1 - 0 out of 70 successfully perturbed
robust accuracy after SQUARE: 35.00% (total time 83.3 s)
max Linf perturbation: 0.03137, nan in tensor: 0, max: 1.00000, min: 0.00000
robust accuracy: 35.00%
initial accuracy: 67.50%
apgd-ce - 1/1 - 63 out of 135 successfully perturbed
robust accuracy after APGD-CE: 36.00% (total time 3.3 s)
apgd-t - 1/1 - 9 out of 72 successfully perturbed
robust accuracy after APGD-T: 31.50% (total time 20.4 s)
fab-t - 1/1 - 0 out of 63 successfully perturbed
robust accuracy after FAB-T: 31.50% (total time 44.7 s)
square - 1/1 - 0 out of 63 successfully perturbed
robust accuracy after SQUARE: 31.50% (total time 71.3 s)
max Linf perturbation: 0.03137, nan in tensor: 0, max: 1.00000, min: 0.00000
robust accuracy: 31.50%
