initial accuracy: 83.50%
apgd-ce - 1/1 - 65 out of 167 successfully perturbed
robust accuracy after APGD-CE: 51.00% (total time 8.2 s)
apgd-t - 1/1 - 9 out of 102 successfully perturbed
robust accuracy after APGD-T: 46.50% (total time 51.8 s)
fab-t - 1/1 - 0 out of 93 successfully perturbed
robust accuracy after FAB-T: 46.50% (total time 107.1 s)
square - 1/1 - 0 out of 93 successfully perturbed
robust accuracy after SQUARE: 46.50% (total time 157.6 s)
max Linf perturbation: 0.03137, nan in tensor: 0, max: 1.00000, min: 0.00000
robust accuracy: 46.50%
initial accuracy: 79.00%
apgd-ce - 1/1 - 68 out of 158 successfully perturbed
robust accuracy after APGD-CE: 45.00% (total time 7.7 s)
apgd-t - 1/1 - 4 out of 90 successfully perturbed
robust accuracy after APGD-T: 43.00% (total time 48.6 s)
fab-t - 1/1 - 0 out of 86 successfully perturbed
robust accuracy after FAB-T: 43.00% (total time 101.5 s)
square - 1/1 - 0 out of 86 successfully perturbed
robust accuracy after SQUARE: 43.00% (total time 150.9 s)
max Linf perturbation: 0.03137, nan in tensor: 0, max: 1.00000, min: 0.00000
robust accuracy: 43.00%
initial accuracy: 81.50%
apgd-ce - 1/1 - 58 out of 163 successfully perturbed
robust accuracy after APGD-CE: 52.50% (total time 8.1 s)
apgd-t - 1/1 - 6 out of 105 successfully perturbed
robust accuracy after APGD-T: 49.50% (total time 55.9 s)
fab-t - 1/1 - 0 out of 99 successfully perturbed
robust accuracy after FAB-T: 49.50% (total time 116.7 s)
square - 1/1 - 0 out of 99 successfully perturbed
robust accuracy after SQUARE: 49.50% (total time 171.7 s)
max Linf perturbation: 0.03137, nan in tensor: 0, max: 1.00000, min: 0.00000
robust accuracy: 49.50%
initial accuracy: 78.50%
apgd-ce - 1/1 - 64 out of 157 successfully perturbed
robust accuracy after APGD-CE: 46.50% (total time 7.7 s)
apgd-t - 1/1 - 8 out of 93 successfully perturbed
robust accuracy after APGD-T: 42.50% (total time 48.6 s)
fab-t - 1/1 - 0 out of 85 successfully perturbed
robust accuracy after FAB-T: 42.50% (total time 101.3 s)
square - 1/1 - 0 out of 85 successfully perturbed
robust accuracy after SQUARE: 42.50% (total time 150.6 s)
max Linf perturbation: 0.03137, nan in tensor: 0, max: 1.00000, min: 0.00000
robust accuracy: 42.50%
initial accuracy: 82.50%
apgd-ce - 1/1 - 56 out of 165 successfully perturbed
robust accuracy after APGD-CE: 54.50% (total time 8.1 s)
apgd-t - 1/1 - 0 out of 109 successfully perturbed
robust accuracy after APGD-T: 54.50% (total time 59.0 s)
fab-t - 1/1 - 0 out of 109 successfully perturbed
robust accuracy after FAB-T: 54.50% (total time 123.3 s)
square - 1/1 - 0 out of 109 successfully perturbed
robust accuracy after SQUARE: 54.50% (total time 180.6 s)
max Linf perturbation: 0.03137, nan in tensor: 0, max: 1.00000, min: 0.00000
robust accuracy: 54.50%
initial accuracy: 78.50%
apgd-ce - 1/1 - 45 out of 157 successfully perturbed
robust accuracy after APGD-CE: 56.00% (total time 7.7 s)
apgd-t - 1/1 - 10 out of 112 successfully perturbed
robust accuracy after APGD-T: 51.00% (total time 56.3 s)
fab-t - 1/1 - 0 out of 102 successfully perturbed
robust accuracy after FAB-T: 51.00% (total time 117.9 s)
square - 1/1 - 0 out of 102 successfully perturbed
robust accuracy after SQUARE: 51.00% (total time 173.5 s)
max Linf perturbation: 0.03137, nan in tensor: 0, max: 1.00000, min: 0.00000
robust accuracy: 51.00%
initial accuracy: 73.00%
apgd-ce - 1/1 - 51 out of 146 successfully perturbed
robust accuracy after APGD-CE: 47.50% (total time 7.3 s)
apgd-t - 1/1 - 5 out of 95 successfully perturbed
robust accuracy after APGD-T: 45.00% (total time 49.6 s)
fab-t - 1/1 - 0 out of 90 successfully perturbed
robust accuracy after FAB-T: 45.00% (total time 103.9 s)
square - 1/1 - 0 out of 90 successfully perturbed
robust accuracy after SQUARE: 45.00% (total time 153.8 s)
max Linf perturbation: 0.03137, nan in tensor: 0, max: 1.00000, min: 0.00000
robust accuracy: 45.00%
initial accuracy: 79.50%
apgd-ce - 1/1 - 51 out of 159 successfully perturbed
robust accuracy after APGD-CE: 54.00% (total time 7.7 s)
apgd-t - 1/1 - 7 out of 108 successfully perturbed
robust accuracy after APGD-T: 50.50% (total time 56.2 s)
fab-t - 1/1 - 0 out of 101 successfully perturbed
robust accuracy after FAB-T: 50.50% (total time 117.6 s)
square - 1/1 - 0 out of 101 successfully perturbed
robust accuracy after SQUARE: 50.50% (total time 172.9 s)
max Linf perturbation: 0.03137, nan in tensor: 0, max: 1.00000, min: 0.00000
robust accuracy: 50.50%
initial accuracy: 77.00%
apgd-ce - 1/1 - 52 out of 154 successfully perturbed
robust accuracy after APGD-CE: 51.00% (total time 7.6 s)
apgd-t - 1/1 - 5 out of 102 successfully perturbed
robust accuracy after APGD-T: 48.50% (total time 54.8 s)
fab-t - 1/1 - 0 out of 97 successfully perturbed
robust accuracy after FAB-T: 48.50% (total time 114.9 s)
square - 1/1 - 0 out of 97 successfully perturbed
robust accuracy after SQUARE: 48.50% (total time 169.5 s)
max Linf perturbation: 0.03137, nan in tensor: 0, max: 1.00000, min: 0.00000
robust accuracy: 48.50%
initial accuracy: 75.50%
apgd-ce - 1/1 - 45 out of 151 successfully perturbed
robust accuracy after APGD-CE: 53.00% (total time 7.5 s)
apgd-t - 1/1 - 8 out of 106 successfully perturbed
robust accuracy after APGD-T: 49.00% (total time 55.2 s)
fab-t - 1/1 - 0 out of 98 successfully perturbed
robust accuracy after FAB-T: 49.00% (total time 115.6 s)
square - 1/1 - 0 out of 98 successfully perturbed
robust accuracy after SQUARE: 49.00% (total time 170.4 s)
max Linf perturbation: 0.03137, nan in tensor: 0, max: 1.00000, min: 0.00000
robust accuracy: 49.00%
initial accuracy: 74.00%
apgd-ce - 1/1 - 53 out of 148 successfully perturbed
robust accuracy after APGD-CE: 47.50% (total time 7.3 s)
apgd-t - 1/1 - 4 out of 95 successfully perturbed
robust accuracy after APGD-T: 45.50% (total time 50.1 s)
fab-t - 1/1 - 0 out of 91 successfully perturbed
robust accuracy after FAB-T: 45.50% (total time 105.1 s)
square - 1/1 - 0 out of 91 successfully perturbed
robust accuracy after SQUARE: 45.50% (total time 155.3 s)
max Linf perturbation: 0.03137, nan in tensor: 0, max: 1.00000, min: 0.00000
robust accuracy: 45.50%
initial accuracy: 78.50%
apgd-ce - 1/1 - 51 out of 157 successfully perturbed
robust accuracy after APGD-CE: 53.00% (total time 7.7 s)
apgd-t - 1/1 - 6 out of 106 successfully perturbed
robust accuracy after APGD-T: 50.00% (total time 55.8 s)
fab-t - 1/1 - 0 out of 100 successfully perturbed
robust accuracy after FAB-T: 50.00% (total time 117.0 s)
square - 1/1 - 0 out of 100 successfully perturbed
robust accuracy after SQUARE: 50.00% (total time 172.3 s)
max Linf perturbation: 0.03137, nan in tensor: 0, max: 1.00000, min: 0.00000
robust accuracy: 50.00%
initial accuracy: 77.00%
apgd-ce - 1/1 - 67 out of 154 successfully perturbed
robust accuracy after APGD-CE: 43.50% (total time 7.6 s)
apgd-t - 1/1 - 7 out of 87 successfully perturbed
robust accuracy after APGD-T: 40.00% (total time 46.3 s)
fab-t - 1/1 - 0 out of 80 successfully perturbed
robust accuracy after FAB-T: 40.00% (total time 96.3 s)
square - 1/1 - 0 out of 80 successfully perturbed
robust accuracy after SQUARE: 40.00% (total time 142.3 s)
max Linf perturbation: 0.03137, nan in tensor: 0, max: 1.00000, min: 0.00000
robust accuracy: 40.00%
initial accuracy: 84.00%
apgd-ce - 1/1 - 65 out of 168 successfully perturbed
robust accuracy after APGD-CE: 51.50% (total time 8.2 s)
apgd-t - 1/1 - 4 out of 103 successfully perturbed
robust accuracy after APGD-T: 49.50% (total time 56.2 s)
fab-t - 1/1 - 0 out of 99 successfully perturbed
robust accuracy after FAB-T: 49.50% (total time 117.3 s)
square - 1/1 - 0 out of 99 successfully perturbed
robust accuracy after SQUARE: 49.50% (total time 172.5 s)
max Linf perturbation: 0.03137, nan in tensor: 0, max: 1.00000, min: 0.00000
robust accuracy: 49.50%
initial accuracy: 83.00%
apgd-ce - 1/1 - 64 out of 166 successfully perturbed
robust accuracy after APGD-CE: 51.00% (total time 8.2 s)
apgd-t - 1/1 - 8 out of 102 successfully perturbed
robust accuracy after APGD-T: 47.00% (total time 52.1 s)
fab-t - 1/1 - 0 out of 94 successfully perturbed
robust accuracy after FAB-T: 47.00% (total time 108.0 s)
square - 1/1 - 0 out of 94 successfully perturbed
robust accuracy after SQUARE: 47.00% (total time 158.7 s)
max Linf perturbation: 0.03137, nan in tensor: 0, max: 1.00000, min: 0.00000
robust accuracy: 47.00%
initial accuracy: 78.00%
apgd-ce - 1/1 - 52 out of 156 successfully perturbed
robust accuracy after APGD-CE: 52.00% (total time 7.7 s)
apgd-t - 1/1 - 4 out of 104 successfully perturbed
robust accuracy after APGD-T: 50.00% (total time 55.7 s)
fab-t - 1/1 - 0 out of 100 successfully perturbed
robust accuracy after FAB-T: 50.00% (total time 116.8 s)
square - 1/1 - 0 out of 100 successfully perturbed
robust accuracy after SQUARE: 50.00% (total time 172.1 s)
max Linf perturbation: 0.03137, nan in tensor: 0, max: 1.00000, min: 0.00000
robust accuracy: 50.00%
initial accuracy: 77.50%
apgd-ce - 1/1 - 48 out of 155 successfully perturbed
robust accuracy after APGD-CE: 53.50% (total time 7.7 s)
apgd-t - 1/1 - 10 out of 107 successfully perturbed
robust accuracy after APGD-T: 48.50% (total time 55.3 s)
fab-t - 1/1 - 0 out of 97 successfully perturbed
robust accuracy after FAB-T: 48.50% (total time 115.7 s)
square - 1/1 - 0 out of 97 successfully perturbed
robust accuracy after SQUARE: 48.50% (total time 170.5 s)
max Linf perturbation: 0.03137, nan in tensor: 0, max: 1.00000, min: 0.00000
robust accuracy: 48.50%
initial accuracy: 75.00%
apgd-ce - 1/1 - 46 out of 150 successfully perturbed
robust accuracy after APGD-CE: 52.00% (total time 7.5 s)
apgd-t - 1/1 - 4 out of 104 successfully perturbed
robust accuracy after APGD-T: 50.00% (total time 55.5 s)
fab-t - 1/1 - 0 out of 100 successfully perturbed
robust accuracy after FAB-T: 50.00% (total time 116.6 s)
square - 1/1 - 0 out of 100 successfully perturbed
robust accuracy after SQUARE: 50.00% (total time 172.0 s)
max Linf perturbation: 0.03137, nan in tensor: 0, max: 1.00000, min: 0.00000
robust accuracy: 50.00%
initial accuracy: 78.00%
apgd-ce - 1/1 - 55 out of 156 successfully perturbed
robust accuracy after APGD-CE: 50.50% (total time 7.6 s)
apgd-t - 1/1 - 7 out of 101 successfully perturbed
robust accuracy after APGD-T: 47.00% (total time 51.6 s)
fab-t - 1/1 - 0 out of 94 successfully perturbed
robust accuracy after FAB-T: 47.00% (total time 107.4 s)
square - 1/1 - 0 out of 94 successfully perturbed
robust accuracy after SQUARE: 47.00% (total time 158.1 s)
max Linf perturbation: 0.03137, nan in tensor: 0, max: 1.00000, min: 0.00000
robust accuracy: 47.00%
initial accuracy: 81.50%
apgd-ce - 1/1 - 66 out of 163 successfully perturbed
robust accuracy after APGD-CE: 48.50% (total time 8.1 s)
apgd-t - 1/1 - 7 out of 97 successfully perturbed
robust accuracy after APGD-T: 45.00% (total time 51.0 s)
fab-t - 1/1 - 0 out of 90 successfully perturbed
robust accuracy after FAB-T: 45.00% (total time 105.6 s)
square - 1/1 - 0 out of 90 successfully perturbed
robust accuracy after SQUARE: 45.00% (total time 155.6 s)
max Linf perturbation: 0.03137, nan in tensor: 0, max: 1.00000, min: 0.00000
robust accuracy: 45.00%
initial accuracy: 78.50%
apgd-ce - 1/1 - 50 out of 157 successfully perturbed
robust accuracy after APGD-CE: 53.50% (total time 7.7 s)
apgd-t - 1/1 - 8 out of 107 successfully perturbed
robust accuracy after APGD-T: 49.50% (total time 55.8 s)
fab-t - 1/1 - 0 out of 99 successfully perturbed
robust accuracy after FAB-T: 49.50% (total time 116.9 s)
square - 1/1 - 0 out of 99 successfully perturbed
robust accuracy after SQUARE: 49.50% (total time 172.1 s)
max Linf perturbation: 0.03137, nan in tensor: 0, max: 1.00000, min: 0.00000
robust accuracy: 49.50%
initial accuracy: 87.00%
apgd-ce - 1/1 - 64 out of 174 successfully perturbed
robust accuracy after APGD-CE: 55.00% (total time 8.5 s)
apgd-t - 1/1 - 3 out of 110 successfully perturbed
robust accuracy after APGD-T: 53.50% (total time 59.1 s)
fab-t - 1/1 - 0 out of 107 successfully perturbed
robust accuracy after FAB-T: 53.50% (total time 123.0 s)
square - 1/1 - 0 out of 107 successfully perturbed
robust accuracy after SQUARE: 53.50% (total time 180.0 s)
max Linf perturbation: 0.03137, nan in tensor: 0, max: 1.00000, min: 0.00000
robust accuracy: 53.50%
initial accuracy: 80.50%
apgd-ce - 1/1 - 55 out of 161 successfully perturbed
robust accuracy after APGD-CE: 53.00% (total time 8.0 s)
apgd-t - 1/1 - 5 out of 106 successfully perturbed
robust accuracy after APGD-T: 50.50% (total time 56.6 s)
fab-t - 1/1 - 0 out of 101 successfully perturbed
robust accuracy after FAB-T: 50.50% (total time 118.3 s)
square - 1/1 - 0 out of 101 successfully perturbed
robust accuracy after SQUARE: 50.50% (total time 173.8 s)
max Linf perturbation: 0.03137, nan in tensor: 0, max: 1.00000, min: 0.00000
robust accuracy: 50.50%
initial accuracy: 77.50%
apgd-ce - 1/1 - 48 out of 155 successfully perturbed
robust accuracy after APGD-CE: 53.50% (total time 7.7 s)
apgd-t - 1/1 - 5 out of 107 successfully perturbed
robust accuracy after APGD-T: 51.00% (total time 56.5 s)
fab-t - 1/1 - 0 out of 102 successfully perturbed
robust accuracy after FAB-T: 51.00% (total time 118.3 s)
square - 1/1 - 0 out of 102 successfully perturbed
robust accuracy after SQUARE: 51.00% (total time 174.0 s)
max Linf perturbation: 0.03137, nan in tensor: 0, max: 1.00000, min: 0.00000
robust accuracy: 51.00%
initial accuracy: 80.00%
apgd-ce - 1/1 - 64 out of 160 successfully perturbed
robust accuracy after APGD-CE: 48.00% (total time 7.8 s)
apgd-t - 1/1 - 5 out of 96 successfully perturbed
robust accuracy after APGD-T: 45.50% (total time 50.6 s)
fab-t - 1/1 - 0 out of 91 successfully perturbed
robust accuracy after FAB-T: 45.50% (total time 105.6 s)
square - 1/1 - 0 out of 91 successfully perturbed
robust accuracy after SQUARE: 45.50% (total time 155.8 s)
max Linf perturbation: 0.03137, nan in tensor: 0, max: 1.00000, min: 0.00000
robust accuracy: 45.50%
initial accuracy: 78.00%
apgd-ce - 1/1 - 61 out of 156 successfully perturbed
robust accuracy after APGD-CE: 47.50% (total time 7.7 s)
apgd-t - 1/1 - 10 out of 95 successfully perturbed
robust accuracy after APGD-T: 42.50% (total time 48.7 s)
fab-t - 1/1 - 0 out of 85 successfully perturbed
robust accuracy after FAB-T: 42.50% (total time 101.9 s)
square - 1/1 - 0 out of 85 successfully perturbed
robust accuracy after SQUARE: 42.50% (total time 151.2 s)
max Linf perturbation: 0.03137, nan in tensor: 0, max: 1.00000, min: 0.00000
robust accuracy: 42.50%
initial accuracy: 81.00%
apgd-ce - 1/1 - 63 out of 162 successfully perturbed
robust accuracy after APGD-CE: 49.50% (total time 8.1 s)
apgd-t - 1/1 - 9 out of 99 successfully perturbed
robust accuracy after APGD-T: 45.00% (total time 50.9 s)
fab-t - 1/1 - 0 out of 90 successfully perturbed
robust accuracy after FAB-T: 45.00% (total time 105.6 s)
square - 1/1 - 0 out of 90 successfully perturbed
robust accuracy after SQUARE: 45.00% (total time 155.6 s)
max Linf perturbation: 0.03137, nan in tensor: 0, max: 1.00000, min: 0.00000
robust accuracy: 45.00%
initial accuracy: 78.00%
apgd-ce - 1/1 - 60 out of 156 successfully perturbed
robust accuracy after APGD-CE: 48.00% (total time 7.7 s)
apgd-t - 1/1 - 3 out of 96 successfully perturbed
robust accuracy after APGD-T: 46.50% (total time 50.9 s)
fab-t - 1/1 - 0 out of 93 successfully perturbed
robust accuracy after FAB-T: 46.50% (total time 106.5 s)
square - 1/1 - 0 out of 93 successfully perturbed
robust accuracy after SQUARE: 46.50% (total time 157.0 s)
max Linf perturbation: 0.03137, nan in tensor: 0, max: 1.00000, min: 0.00000
robust accuracy: 46.50%
initial accuracy: 80.50%
apgd-ce - 1/1 - 55 out of 161 successfully perturbed
robust accuracy after APGD-CE: 53.00% (total time 8.0 s)
apgd-t - 1/1 - 5 out of 106 successfully perturbed
robust accuracy after APGD-T: 50.50% (total time 56.6 s)
fab-t - 1/1 - 0 out of 101 successfully perturbed
robust accuracy after FAB-T: 50.50% (total time 118.3 s)
square - 1/1 - 0 out of 101 successfully perturbed
robust accuracy after SQUARE: 50.50% (total time 173.8 s)
max Linf perturbation: 0.03137, nan in tensor: 0, max: 1.00000, min: 0.00000
robust accuracy: 50.50%
initial accuracy: 75.50%
apgd-ce - 1/1 - 59 out of 151 successfully perturbed
robust accuracy after APGD-CE: 46.00% (total time 7.5 s)
apgd-t - 1/1 - 3 out of 92 successfully perturbed
robust accuracy after APGD-T: 44.50% (total time 49.7 s)
fab-t - 1/1 - 0 out of 89 successfully perturbed
robust accuracy after FAB-T: 44.50% (total time 104.1 s)
square - 1/1 - 0 out of 89 successfully perturbed
robust accuracy after SQUARE: 44.50% (total time 154.0 s)
max Linf perturbation: 0.03137, nan in tensor: 0, max: 1.00000, min: 0.00000
robust accuracy: 44.50%
initial accuracy: 74.50%
apgd-ce - 1/1 - 46 out of 149 successfully perturbed
robust accuracy after APGD-CE: 51.50% (total time 7.4 s)
apgd-t - 1/1 - 5 out of 103 successfully perturbed
robust accuracy after APGD-T: 49.00% (total time 55.1 s)
fab-t - 1/1 - 0 out of 98 successfully perturbed
robust accuracy after FAB-T: 49.00% (total time 115.8 s)
square - 1/1 - 0 out of 98 successfully perturbed
robust accuracy after SQUARE: 49.00% (total time 170.8 s)
max Linf perturbation: 0.03137, nan in tensor: 0, max: 1.00000, min: 0.00000
robust accuracy: 49.00%
initial accuracy: 84.00%
apgd-ce - 1/1 - 61 out of 168 successfully perturbed
robust accuracy after APGD-CE: 53.50% (total time 8.2 s)
apgd-t - 1/1 - 7 out of 107 successfully perturbed
robust accuracy after APGD-T: 50.00% (total time 56.5 s)
fab-t - 1/1 - 0 out of 100 successfully perturbed
robust accuracy after FAB-T: 50.00% (total time 117.6 s)
square - 1/1 - 0 out of 100 successfully perturbed
robust accuracy after SQUARE: 50.00% (total time 172.9 s)
max Linf perturbation: 0.03137, nan in tensor: 0, max: 1.00000, min: 0.00000
robust accuracy: 50.00%
initial accuracy: 84.00%
apgd-ce - 1/1 - 61 out of 168 successfully perturbed
robust accuracy after APGD-CE: 53.50% (total time 8.2 s)
apgd-t - 1/1 - 8 out of 107 successfully perturbed
robust accuracy after APGD-T: 49.50% (total time 56.4 s)
fab-t - 1/1 - 0 out of 99 successfully perturbed
robust accuracy after FAB-T: 49.50% (total time 117.6 s)
square - 1/1 - 0 out of 99 successfully perturbed
robust accuracy after SQUARE: 49.50% (total time 172.7 s)
max Linf perturbation: 0.03137, nan in tensor: 0, max: 1.00000, min: 0.00000
robust accuracy: 49.50%
initial accuracy: 77.50%
apgd-ce - 1/1 - 51 out of 155 successfully perturbed
robust accuracy after APGD-CE: 52.00% (total time 7.7 s)
apgd-t - 1/1 - 13 out of 104 successfully perturbed
robust accuracy after APGD-T: 45.50% (total time 51.0 s)
fab-t - 1/1 - 0 out of 91 successfully perturbed
robust accuracy after FAB-T: 45.50% (total time 106.0 s)
square - 1/1 - 0 out of 91 successfully perturbed
robust accuracy after SQUARE: 45.50% (total time 156.2 s)
max Linf perturbation: 0.03137, nan in tensor: 0, max: 1.00000, min: 0.00000
robust accuracy: 45.50%
initial accuracy: 79.50%
apgd-ce - 1/1 - 63 out of 159 successfully perturbed
robust accuracy after APGD-CE: 48.00% (total time 7.8 s)
apgd-t - 1/1 - 12 out of 96 successfully perturbed
robust accuracy after APGD-T: 42.00% (total time 48.7 s)
fab-t - 1/1 - 0 out of 84 successfully perturbed
robust accuracy after FAB-T: 42.00% (total time 101.3 s)
square - 1/1 - 0 out of 84 successfully perturbed
robust accuracy after SQUARE: 42.00% (total time 150.5 s)
max Linf perturbation: 0.03137, nan in tensor: 0, max: 1.00000, min: 0.00000
robust accuracy: 42.00%
initial accuracy: 79.50%
apgd-ce - 1/1 - 57 out of 159 successfully perturbed
robust accuracy after APGD-CE: 51.00% (total time 7.8 s)
apgd-t - 1/1 - 5 out of 102 successfully perturbed
robust accuracy after APGD-T: 48.50% (total time 55.3 s)
fab-t - 1/1 - 0 out of 97 successfully perturbed
robust accuracy after FAB-T: 48.50% (total time 115.7 s)
square - 1/1 - 0 out of 97 successfully perturbed
robust accuracy after SQUARE: 48.50% (total time 170.5 s)
max Linf perturbation: 0.03137, nan in tensor: 0, max: 1.00000, min: 0.00000
robust accuracy: 48.50%
initial accuracy: 84.50%
apgd-ce - 1/1 - 73 out of 169 successfully perturbed
robust accuracy after APGD-CE: 48.00% (total time 8.3 s)
apgd-t - 1/1 - 8 out of 96 successfully perturbed
robust accuracy after APGD-T: 44.00% (total time 49.8 s)
fab-t - 1/1 - 0 out of 88 successfully perturbed
robust accuracy after FAB-T: 44.00% (total time 103.4 s)
square - 1/1 - 0 out of 88 successfully perturbed
robust accuracy after SQUARE: 44.00% (total time 153.2 s)
max Linf perturbation: 0.03137, nan in tensor: 0, max: 1.00000, min: 0.00000
robust accuracy: 44.00%
initial accuracy: 76.50%
apgd-ce - 1/1 - 50 out of 153 successfully perturbed
robust accuracy after APGD-CE: 51.50% (total time 7.6 s)
apgd-t - 1/1 - 3 out of 103 successfully perturbed
robust accuracy after APGD-T: 50.00% (total time 55.6 s)
fab-t - 1/1 - 0 out of 100 successfully perturbed
robust accuracy after FAB-T: 50.00% (total time 116.8 s)
square - 1/1 - 0 out of 100 successfully perturbed
robust accuracy after SQUARE: 50.00% (total time 172.2 s)
max Linf perturbation: 0.03137, nan in tensor: 0, max: 1.00000, min: 0.00000
robust accuracy: 50.00%
initial accuracy: 77.50%
apgd-ce - 1/1 - 51 out of 155 successfully perturbed
robust accuracy after APGD-CE: 52.00% (total time 7.7 s)
apgd-t - 1/1 - 4 out of 104 successfully perturbed
robust accuracy after APGD-T: 50.00% (total time 55.7 s)
fab-t - 1/1 - 0 out of 100 successfully perturbed
robust accuracy after FAB-T: 50.00% (total time 116.9 s)
square - 1/1 - 0 out of 100 successfully perturbed
robust accuracy after SQUARE: 50.00% (total time 172.3 s)
max Linf perturbation: 0.03137, nan in tensor: 0, max: 1.00000, min: 0.00000
robust accuracy: 50.00%
initial accuracy: 76.50%
apgd-ce - 1/1 - 52 out of 153 successfully perturbed
robust accuracy after APGD-CE: 50.50% (total time 7.6 s)
apgd-t - 1/1 - 4 out of 101 successfully perturbed
robust accuracy after APGD-T: 48.50% (total time 55.1 s)
fab-t - 1/1 - 0 out of 97 successfully perturbed
robust accuracy after FAB-T: 48.50% (total time 115.6 s)
square - 1/1 - 0 out of 97 successfully perturbed
robust accuracy after SQUARE: 48.50% (total time 170.3 s)
max Linf perturbation: 0.03137, nan in tensor: 0, max: 1.00000, min: 0.00000
robust accuracy: 48.50%
initial accuracy: 78.50%
apgd-ce - 1/1 - 64 out of 157 successfully perturbed
robust accuracy after APGD-CE: 46.50% (total time 7.7 s)
apgd-t - 1/1 - 8 out of 93 successfully perturbed
robust accuracy after APGD-T: 42.50% (total time 48.8 s)
fab-t - 1/1 - 0 out of 85 successfully perturbed
robust accuracy after FAB-T: 42.50% (total time 101.9 s)
square - 1/1 - 0 out of 85 successfully perturbed
robust accuracy after SQUARE: 42.50% (total time 151.3 s)
max Linf perturbation: 0.03137, nan in tensor: 0, max: 1.00000, min: 0.00000
robust accuracy: 42.50%
initial accuracy: 78.00%
apgd-ce - 1/1 - 66 out of 156 successfully perturbed
robust accuracy after APGD-CE: 45.00% (total time 7.7 s)
apgd-t - 1/1 - 3 out of 90 successfully perturbed
robust accuracy after APGD-T: 43.50% (total time 49.1 s)
fab-t - 1/1 - 0 out of 87 successfully perturbed
robust accuracy after FAB-T: 43.50% (total time 102.8 s)
square - 1/1 - 0 out of 87 successfully perturbed
robust accuracy after SQUARE: 43.50% (total time 152.5 s)
max Linf perturbation: 0.03137, nan in tensor: 0, max: 1.00000, min: 0.00000
robust accuracy: 43.50%
initial accuracy: 78.50%
apgd-ce - 1/1 - 51 out of 157 successfully perturbed
robust accuracy after APGD-CE: 53.00% (total time 7.7 s)
apgd-t - 1/1 - 4 out of 106 successfully perturbed
robust accuracy after APGD-T: 51.00% (total time 56.5 s)
fab-t - 1/1 - 0 out of 102 successfully perturbed
robust accuracy after FAB-T: 51.00% (total time 118.4 s)
square - 1/1 - 0 out of 102 successfully perturbed
robust accuracy after SQUARE: 51.00% (total time 174.1 s)
max Linf perturbation: 0.03137, nan in tensor: 0, max: 1.00000, min: 0.00000
robust accuracy: 51.00%
initial accuracy: 82.50%
apgd-ce - 1/1 - 72 out of 165 successfully perturbed
robust accuracy after APGD-CE: 46.50% (total time 8.2 s)
apgd-t - 1/1 - 7 out of 93 successfully perturbed
robust accuracy after APGD-T: 43.00% (total time 49.5 s)
fab-t - 1/1 - 0 out of 86 successfully perturbed
robust accuracy after FAB-T: 43.00% (total time 103.0 s)
square - 1/1 - 0 out of 86 successfully perturbed
robust accuracy after SQUARE: 43.00% (total time 152.5 s)
max Linf perturbation: 0.03137, nan in tensor: 0, max: 1.00000, min: 0.00000
robust accuracy: 43.00%
initial accuracy: 83.00%
apgd-ce - 1/1 - 51 out of 166 successfully perturbed
robust accuracy after APGD-CE: 57.50% (total time 8.2 s)
apgd-t - 1/1 - 7 out of 115 successfully perturbed
robust accuracy after APGD-T: 54.00% (total time 59.3 s)
fab-t - 1/1 - 0 out of 108 successfully perturbed
robust accuracy after FAB-T: 54.00% (total time 123.5 s)
square - 1/1 - 0 out of 108 successfully perturbed
robust accuracy after SQUARE: 54.00% (total time 180.7 s)
max Linf perturbation: 0.03137, nan in tensor: 0, max: 1.00000, min: 0.00000
robust accuracy: 54.00%
initial accuracy: 83.00%
apgd-ce - 1/1 - 56 out of 166 successfully perturbed
robust accuracy after APGD-CE: 55.00% (total time 8.2 s)
apgd-t - 1/1 - 4 out of 110 successfully perturbed
robust accuracy after APGD-T: 53.00% (total time 58.5 s)
fab-t - 1/1 - 0 out of 106 successfully perturbed
robust accuracy after FAB-T: 53.00% (total time 122.2 s)
square - 1/1 - 0 out of 106 successfully perturbed
robust accuracy after SQUARE: 53.00% (total time 179.1 s)
max Linf perturbation: 0.03137, nan in tensor: 0, max: 1.00000, min: 0.00000
robust accuracy: 53.00%
initial accuracy: 79.50%
apgd-ce - 1/1 - 55 out of 159 successfully perturbed
robust accuracy after APGD-CE: 52.00% (total time 7.8 s)
apgd-t - 1/1 - 5 out of 104 successfully perturbed
robust accuracy after APGD-T: 49.50% (total time 55.8 s)
fab-t - 1/1 - 0 out of 99 successfully perturbed
robust accuracy after FAB-T: 49.50% (total time 116.9 s)
square - 1/1 - 0 out of 99 successfully perturbed
robust accuracy after SQUARE: 49.50% (total time 172.0 s)
max Linf perturbation: 0.03137, nan in tensor: 0, max: 1.00000, min: 0.00000
robust accuracy: 49.50%
initial accuracy: 79.50%
apgd-ce - 1/1 - 57 out of 159 successfully perturbed
robust accuracy after APGD-CE: 51.00% (total time 7.8 s)
apgd-t - 1/1 - 6 out of 102 successfully perturbed
robust accuracy after APGD-T: 48.00% (total time 52.3 s)
fab-t - 1/1 - 0 out of 96 successfully perturbed
robust accuracy after FAB-T: 48.00% (total time 108.5 s)
square - 1/1 - 0 out of 96 successfully perturbed
robust accuracy after SQUARE: 48.00% (total time 159.5 s)
max Linf perturbation: 0.03137, nan in tensor: 0, max: 1.00000, min: 0.00000
robust accuracy: 48.00%
initial accuracy: 79.00%
apgd-ce - 1/1 - 63 out of 158 successfully perturbed
robust accuracy after APGD-CE: 47.50% (total time 7.7 s)
apgd-t - 1/1 - 8 out of 95 successfully perturbed
robust accuracy after APGD-T: 43.50% (total time 49.3 s)
fab-t - 1/1 - 0 out of 87 successfully perturbed
robust accuracy after FAB-T: 43.50% (total time 103.1 s)
square - 1/1 - 0 out of 87 successfully perturbed
robust accuracy after SQUARE: 43.50% (total time 152.8 s)
max Linf perturbation: 0.03137, nan in tensor: 0, max: 1.00000, min: 0.00000
robust accuracy: 43.50%
initial accuracy: 77.50%
apgd-ce - 1/1 - 55 out of 155 successfully perturbed
robust accuracy after APGD-CE: 50.00% (total time 7.7 s)
apgd-t - 1/1 - 9 out of 100 successfully perturbed
robust accuracy after APGD-T: 45.50% (total time 50.9 s)
fab-t - 1/1 - 0 out of 91 successfully perturbed
robust accuracy after FAB-T: 45.50% (total time 105.9 s)
square - 1/1 - 0 out of 91 successfully perturbed
robust accuracy after SQUARE: 45.50% (total time 156.1 s)
max Linf perturbation: 0.03137, nan in tensor: 0, max: 1.00000, min: 0.00000
robust accuracy: 45.50%
