initial accuracy: 76.50%
apgd-ce - 1/1 - 69 out of 153 successfully perturbed
robust accuracy after APGD-CE: 42.00% (total time 4.1 s)
apgd-t - 1/1 - 8 out of 84 successfully perturbed
robust accuracy after APGD-T: 38.00% (total time 27.3 s)
fab-t - 1/1 - 0 out of 76 successfully perturbed
robust accuracy after FAB-T: 38.00% (total time 59.9 s)
square - 1/1 - 0 out of 76 successfully perturbed
robust accuracy after SQUARE: 38.00% (total time 93.9 s)
max Linf perturbation: 0.03137, nan in tensor: 0, max: 1.00000, min: 0.00000
robust accuracy: 38.00%
initial accuracy: 73.00%
apgd-ce - 1/1 - 60 out of 146 successfully perturbed
robust accuracy after APGD-CE: 43.00% (total time 4.2 s)
apgd-t - 1/1 - 5 out of 86 successfully perturbed
robust accuracy after APGD-T: 40.50% (total time 28.8 s)
fab-t - 1/1 - 0 out of 81 successfully perturbed
robust accuracy after FAB-T: 40.50% (total time 63.0 s)
square - 1/1 - 0 out of 81 successfully perturbed
robust accuracy after SQUARE: 40.50% (total time 99.1 s)
max Linf perturbation: 0.03137, nan in tensor: 0, max: 1.00000, min: 0.00000
robust accuracy: 40.50%
initial accuracy: 74.50%
apgd-ce - 1/1 - 50 out of 149 successfully perturbed
robust accuracy after APGD-CE: 49.50% (total time 4.2 s)
apgd-t - 1/1 - 8 out of 99 successfully perturbed
robust accuracy after APGD-T: 45.50% (total time 29.5 s)
fab-t - 1/1 - 0 out of 91 successfully perturbed
robust accuracy after FAB-T: 45.50% (total time 65.2 s)
square - 1/1 - 0 out of 91 successfully perturbed
robust accuracy after SQUARE: 45.50% (total time 105.6 s)
max Linf perturbation: 0.03137, nan in tensor: 0, max: 1.00000, min: 0.00000
robust accuracy: 45.50%
initial accuracy: 74.00%
apgd-ce - 1/1 - 57 out of 148 successfully perturbed
robust accuracy after APGD-CE: 45.50% (total time 4.2 s)
apgd-t - 1/1 - 10 out of 91 successfully perturbed
robust accuracy after APGD-T: 40.50% (total time 28.8 s)
fab-t - 1/1 - 0 out of 81 successfully perturbed
robust accuracy after FAB-T: 40.50% (total time 62.9 s)
square - 1/1 - 0 out of 81 successfully perturbed
robust accuracy after SQUARE: 40.50% (total time 98.8 s)
max Linf perturbation: 0.03137, nan in tensor: 0, max: 1.00000, min: 0.00000
robust accuracy: 40.50%
initial accuracy: 79.00%
apgd-ce - 1/1 - 56 out of 158 successfully perturbed
robust accuracy after APGD-CE: 51.00% (total time 4.1 s)
apgd-t - 1/1 - 10 out of 102 successfully perturbed
robust accuracy after APGD-T: 46.00% (total time 29.1 s)
fab-t - 1/1 - 0 out of 92 successfully perturbed
robust accuracy after FAB-T: 46.00% (total time 63.3 s)
square - 1/1 - 0 out of 92 successfully perturbed
robust accuracy after SQUARE: 46.00% (total time 100.2 s)
max Linf perturbation: 0.03137, nan in tensor: 0, max: 1.00000, min: 0.00000
robust accuracy: 46.00%
initial accuracy: 74.50%
apgd-ce - 1/1 - 52 out of 149 successfully perturbed
robust accuracy after APGD-CE: 48.50% (total time 4.2 s)
apgd-t - 1/1 - 12 out of 97 successfully perturbed
robust accuracy after APGD-T: 42.50% (total time 29.3 s)
fab-t - 1/1 - 0 out of 85 successfully perturbed
robust accuracy after FAB-T: 42.50% (total time 64.8 s)
square - 1/1 - 0 out of 85 successfully perturbed
robust accuracy after SQUARE: 42.50% (total time 104.8 s)
max Linf perturbation: 0.03137, nan in tensor: 0, max: 1.00000, min: 0.00000
robust accuracy: 42.50%
initial accuracy: 69.50%
apgd-ce - 1/1 - 54 out of 139 successfully perturbed
robust accuracy after APGD-CE: 42.50% (total time 3.6 s)
apgd-t - 1/1 - 9 out of 85 successfully perturbed
robust accuracy after APGD-T: 38.00% (total time 27.2 s)
fab-t - 1/1 - 0 out of 76 successfully perturbed
robust accuracy after FAB-T: 38.00% (total time 59.7 s)
square - 1/1 - 0 out of 76 successfully perturbed
robust accuracy after SQUARE: 38.00% (total time 93.6 s)
max Linf perturbation: 0.03137, nan in tensor: 0, max: 1.00000, min: 0.00000
robust accuracy: 38.00%
initial accuracy: 73.00%
apgd-ce - 1/1 - 57 out of 146 successfully perturbed
robust accuracy after APGD-CE: 44.50% (total time 4.2 s)
apgd-t - 1/1 - 14 out of 89 successfully perturbed
robust accuracy after APGD-T: 37.50% (total time 27.5 s)
fab-t - 1/1 - 0 out of 75 successfully perturbed
robust accuracy after FAB-T: 37.50% (total time 59.9 s)
square - 1/1 - 0 out of 75 successfully perturbed
robust accuracy after SQUARE: 37.50% (total time 93.8 s)
max Linf perturbation: 0.03137, nan in tensor: 0, max: 1.00000, min: 0.00000
robust accuracy: 37.50%
initial accuracy: 74.00%
apgd-ce - 1/1 - 56 out of 148 successfully perturbed
robust accuracy after APGD-CE: 46.00% (total time 4.2 s)
apgd-t - 1/1 - 8 out of 92 successfully perturbed
robust accuracy after APGD-T: 42.00% (total time 28.7 s)
fab-t - 1/1 - 0 out of 84 successfully perturbed
robust accuracy after FAB-T: 42.00% (total time 62.8 s)
square - 1/1 - 0 out of 84 successfully perturbed
robust accuracy after SQUARE: 42.00% (total time 99.2 s)
max Linf perturbation: 0.03137, nan in tensor: 0, max: 1.00000, min: 0.00000
robust accuracy: 42.00%
initial accuracy: 71.00%
apgd-ce - 1/1 - 59 out of 142 successfully perturbed
robust accuracy after APGD-CE: 41.50% (total time 3.7 s)
apgd-t - 1/1 - 2 out of 83 successfully perturbed
robust accuracy after APGD-T: 40.50% (total time 28.3 s)
fab-t - 1/1 - 0 out of 81 successfully perturbed
robust accuracy after FAB-T: 40.50% (total time 62.5 s)
square - 1/1 - 0 out of 81 successfully perturbed
robust accuracy after SQUARE: 40.50% (total time 98.5 s)
max Linf perturbation: 0.03137, nan in tensor: 0, max: 1.00000, min: 0.00000
robust accuracy: 40.50%
initial accuracy: 71.50%
apgd-ce - 1/1 - 64 out of 143 successfully perturbed
robust accuracy after APGD-CE: 39.50% (total time 3.7 s)
apgd-t - 1/1 - 9 out of 79 successfully perturbed
robust accuracy after APGD-T: 35.00% (total time 26.3 s)
fab-t - 1/1 - 0 out of 70 successfully perturbed
robust accuracy after FAB-T: 35.00% (total time 58.1 s)
square - 1/1 - 0 out of 70 successfully perturbed
robust accuracy after SQUARE: 35.00% (total time 91.3 s)
max Linf perturbation: 0.03137, nan in tensor: 0, max: 1.00000, min: 0.00000
robust accuracy: 35.00%
initial accuracy: 75.00%
apgd-ce - 1/1 - 50 out of 150 successfully perturbed
robust accuracy after APGD-CE: 50.00% (total time 4.2 s)
apgd-t - 1/1 - 11 out of 100 successfully perturbed
robust accuracy after APGD-T: 44.50% (total time 29.3 s)
fab-t - 1/1 - 0 out of 89 successfully perturbed
robust accuracy after FAB-T: 44.50% (total time 64.8 s)
square - 1/1 - 0 out of 89 successfully perturbed
robust accuracy after SQUARE: 44.50% (total time 105.0 s)
max Linf perturbation: 0.03137, nan in tensor: 0, max: 1.00000, min: 0.00000
robust accuracy: 44.50%
initial accuracy: 71.00%
apgd-ce - 1/1 - 59 out of 142 successfully perturbed
robust accuracy after APGD-CE: 41.50% (total time 3.7 s)
apgd-t - 1/1 - 10 out of 83 successfully perturbed
robust accuracy after APGD-T: 36.50% (total time 26.9 s)
fab-t - 1/1 - 0 out of 73 successfully perturbed
robust accuracy after FAB-T: 36.50% (total time 59.1 s)
square - 1/1 - 0 out of 73 successfully perturbed
robust accuracy after SQUARE: 36.50% (total time 92.6 s)
max Linf perturbation: 0.03137, nan in tensor: 0, max: 1.00000, min: 0.00000
robust accuracy: 36.50%
initial accuracy: 79.50%
apgd-ce - 1/1 - 59 out of 159 successfully perturbed
robust accuracy after APGD-CE: 50.00% (total time 4.1 s)
apgd-t - 1/1 - 8 out of 100 successfully perturbed
robust accuracy after APGD-T: 46.00% (total time 28.8 s)
fab-t - 1/1 - 0 out of 92 successfully perturbed
robust accuracy after FAB-T: 46.00% (total time 63.2 s)
square - 1/1 - 0 out of 92 successfully perturbed
robust accuracy after SQUARE: 46.00% (total time 100.0 s)
max Linf perturbation: 0.03137, nan in tensor: 0, max: 1.00000, min: 0.00000
robust accuracy: 46.00%
initial accuracy: 80.50%
apgd-ce - 1/1 - 72 out of 161 successfully perturbed
robust accuracy after APGD-CE: 44.50% (total time 4.2 s)
apgd-t - 1/1 - 13 out of 89 successfully perturbed
robust accuracy after APGD-T: 38.00% (total time 27.6 s)
fab-t - 1/1 - 0 out of 76 successfully perturbed
robust accuracy after FAB-T: 38.00% (total time 60.1 s)
square - 1/1 - 0 out of 76 successfully perturbed
robust accuracy after SQUARE: 38.00% (total time 94.1 s)
max Linf perturbation: 0.03137, nan in tensor: 0, max: 1.00000, min: 0.00000
robust accuracy: 38.00%
initial accuracy: 73.50%
apgd-ce - 1/1 - 54 out of 147 successfully perturbed
robust accuracy after APGD-CE: 46.50% (total time 4.2 s)
apgd-t - 1/1 - 8 out of 93 successfully perturbed
robust accuracy after APGD-T: 42.50% (total time 29.3 s)
fab-t - 1/1 - 0 out of 85 successfully perturbed
robust accuracy after FAB-T: 42.50% (total time 64.9 s)
square - 1/1 - 0 out of 85 successfully perturbed
robust accuracy after SQUARE: 42.50% (total time 105.0 s)
max Linf perturbation: 0.03137, nan in tensor: 0, max: 1.00000, min: 0.00000
robust accuracy: 42.50%
initial accuracy: 73.50%
apgd-ce - 1/1 - 59 out of 147 successfully perturbed
robust accuracy after APGD-CE: 44.00% (total time 4.2 s)
apgd-t - 1/1 - 6 out of 88 successfully perturbed
robust accuracy after APGD-T: 41.00% (total time 28.8 s)
fab-t - 1/1 - 0 out of 82 successfully perturbed
robust accuracy after FAB-T: 41.00% (total time 63.0 s)
square - 1/1 - 0 out of 82 successfully perturbed
robust accuracy after SQUARE: 41.00% (total time 99.1 s)
max Linf perturbation: 0.03137, nan in tensor: 0, max: 1.00000, min: 0.00000
robust accuracy: 41.00%
initial accuracy: 72.00%
apgd-ce - 1/1 - 45 out of 144 successfully perturbed
robust accuracy after APGD-CE: 49.50% (total time 3.6 s)
apgd-t - 1/1 - 9 out of 99 successfully perturbed
robust accuracy after APGD-T: 45.00% (total time 29.0 s)
fab-t - 1/1 - 0 out of 90 successfully perturbed
robust accuracy after FAB-T: 45.00% (total time 64.4 s)
square - 1/1 - 0 out of 90 successfully perturbed
robust accuracy after SQUARE: 45.00% (total time 104.6 s)
max Linf perturbation: 0.03137, nan in tensor: 0, max: 1.00000, min: 0.00000
robust accuracy: 45.00%
initial accuracy: 75.50%
apgd-ce - 1/1 - 57 out of 151 successfully perturbed
robust accuracy after APGD-CE: 47.00% (total time 4.2 s)
apgd-t - 1/1 - 13 out of 94 successfully perturbed
robust accuracy after APGD-T: 40.50% (total time 29.0 s)
fab-t - 1/1 - 0 out of 81 successfully perturbed
robust accuracy after FAB-T: 40.50% (total time 63.1 s)
square - 1/1 - 0 out of 81 successfully perturbed
robust accuracy after SQUARE: 40.50% (total time 99.1 s)
max Linf perturbation: 0.03137, nan in tensor: 0, max: 1.00000, min: 0.00000
robust accuracy: 40.50%
initial accuracy: 75.50%
apgd-ce - 1/1 - 60 out of 151 successfully perturbed
robust accuracy after APGD-CE: 45.50% (total time 4.2 s)
apgd-t - 1/1 - 5 out of 91 successfully perturbed
robust accuracy after APGD-T: 43.00% (total time 29.4 s)
fab-t - 1/1 - 0 out of 86 successfully perturbed
robust accuracy after FAB-T: 43.00% (total time 65.0 s)
square - 1/1 - 0 out of 86 successfully perturbed
robust accuracy after SQUARE: 43.00% (total time 105.0 s)
max Linf perturbation: 0.03137, nan in tensor: 0, max: 1.00000, min: 0.00000
robust accuracy: 43.00%
initial accuracy: 77.50%
apgd-ce - 1/1 - 54 out of 155 successfully perturbed
robust accuracy after APGD-CE: 50.50% (total time 4.3 s)
apgd-t - 1/1 - 15 out of 101 successfully perturbed
robust accuracy after APGD-T: 43.00% (total time 29.6 s)
fab-t - 1/1 - 0 out of 86 successfully perturbed
robust accuracy after FAB-T: 43.00% (total time 65.0 s)
square - 1/1 - 0 out of 86 successfully perturbed
robust accuracy after SQUARE: 43.00% (total time 105.0 s)
max Linf perturbation: 0.03137, nan in tensor: 0, max: 1.00000, min: 0.00000
robust accuracy: 43.00%
initial accuracy: 78.50%
apgd-ce - 1/1 - 56 out of 157 successfully perturbed
robust accuracy after APGD-CE: 50.50% (total time 4.3 s)
apgd-t - 1/1 - 6 out of 101 successfully perturbed
robust accuracy after APGD-T: 47.50% (total time 30.2 s)
fab-t - 1/1 - 0 out of 95 successfully perturbed
robust accuracy after FAB-T: 47.50% (total time 66.2 s)
square - 1/1 - 0 out of 95 successfully perturbed
robust accuracy after SQUARE: 47.50% (total time 106.8 s)
max Linf perturbation: 0.03137, nan in tensor: 0, max: 1.00000, min: 0.00000
robust accuracy: 47.50%
initial accuracy: 75.50%
apgd-ce - 1/1 - 50 out of 151 successfully perturbed
robust accuracy after APGD-CE: 50.50% (total time 4.2 s)
apgd-t - 1/1 - 16 out of 101 successfully perturbed
robust accuracy after APGD-T: 42.50% (total time 29.5 s)
fab-t - 1/1 - 0 out of 85 successfully perturbed
robust accuracy after FAB-T: 42.50% (total time 64.9 s)
square - 1/1 - 0 out of 85 successfully perturbed
robust accuracy after SQUARE: 42.50% (total time 104.8 s)
max Linf perturbation: 0.03137, nan in tensor: 0, max: 1.00000, min: 0.00000
robust accuracy: 42.50%
initial accuracy: 75.00%
apgd-ce - 1/1 - 53 out of 150 successfully perturbed
robust accuracy after APGD-CE: 48.50% (total time 4.2 s)
apgd-t - 1/1 - 7 out of 97 successfully perturbed
robust accuracy after APGD-T: 45.00% (total time 29.3 s)
fab-t - 1/1 - 0 out of 90 successfully perturbed
robust accuracy after FAB-T: 45.00% (total time 64.7 s)
square - 1/1 - 0 out of 90 successfully perturbed
robust accuracy after SQUARE: 45.00% (total time 104.8 s)
max Linf perturbation: 0.03137, nan in tensor: 0, max: 1.00000, min: 0.00000
robust accuracy: 45.00%
initial accuracy: 72.50%
apgd-ce - 1/1 - 57 out of 145 successfully perturbed
robust accuracy after APGD-CE: 44.00% (total time 4.1 s)
apgd-t - 1/1 - 5 out of 88 successfully perturbed
robust accuracy after APGD-T: 41.50% (total time 28.9 s)
fab-t - 1/1 - 0 out of 83 successfully perturbed
robust accuracy after FAB-T: 41.50% (total time 64.1 s)
square - 1/1 - 0 out of 83 successfully perturbed
robust accuracy after SQUARE: 41.50% (total time 103.9 s)
max Linf perturbation: 0.03137, nan in tensor: 0, max: 1.00000, min: 0.00000
robust accuracy: 41.50%
initial accuracy: 73.00%
apgd-ce - 1/1 - 61 out of 146 successfully perturbed
robust accuracy after APGD-CE: 42.50% (total time 4.1 s)
apgd-t - 1/1 - 10 out of 85 successfully perturbed
robust accuracy after APGD-T: 37.50% (total time 27.4 s)
fab-t - 1/1 - 0 out of 75 successfully perturbed
robust accuracy after FAB-T: 37.50% (total time 59.8 s)
square - 1/1 - 0 out of 75 successfully perturbed
robust accuracy after SQUARE: 37.50% (total time 93.5 s)
max Linf perturbation: 0.03137, nan in tensor: 0, max: 1.00000, min: 0.00000
robust accuracy: 37.50%
initial accuracy: 74.00%
apgd-ce - 1/1 - 66 out of 148 successfully perturbed
robust accuracy after APGD-CE: 41.00% (total time 4.1 s)
apgd-t - 1/1 - 8 out of 82 successfully perturbed
robust accuracy after APGD-T: 37.00% (total time 27.4 s)
fab-t - 1/1 - 0 out of 74 successfully perturbed
robust accuracy after FAB-T: 37.00% (total time 59.6 s)
square - 1/1 - 0 out of 74 successfully perturbed
robust accuracy after SQUARE: 37.00% (total time 93.2 s)
max Linf perturbation: 0.03137, nan in tensor: 0, max: 1.00000, min: 0.00000
robust accuracy: 37.00%
initial accuracy: 75.00%
apgd-ce - 1/1 - 61 out of 150 successfully perturbed
robust accuracy after APGD-CE: 44.50% (total time 4.2 s)
apgd-t - 1/1 - 5 out of 89 successfully perturbed
robust accuracy after APGD-T: 42.00% (total time 28.6 s)
fab-t - 1/1 - 0 out of 84 successfully perturbed
robust accuracy after FAB-T: 42.00% (total time 62.5 s)
square - 1/1 - 0 out of 84 successfully perturbed
robust accuracy after SQUARE: 42.00% (total time 98.8 s)
max Linf perturbation: 0.03137, nan in tensor: 0, max: 1.00000, min: 0.00000
robust accuracy: 42.00%
initial accuracy: 77.50%
apgd-ce - 1/1 - 61 out of 155 successfully perturbed
robust accuracy after APGD-CE: 47.00% (total time 4.3 s)
apgd-t - 1/1 - 9 out of 94 successfully perturbed
robust accuracy after APGD-T: 42.50% (total time 29.3 s)
fab-t - 1/1 - 0 out of 85 successfully perturbed
robust accuracy after FAB-T: 42.50% (total time 64.9 s)
square - 1/1 - 0 out of 85 successfully perturbed
robust accuracy after SQUARE: 42.50% (total time 104.8 s)
max Linf perturbation: 0.03137, nan in tensor: 0, max: 1.00000, min: 0.00000
robust accuracy: 42.50%
initial accuracy: 73.50%
apgd-ce - 1/1 - 64 out of 147 successfully perturbed
robust accuracy after APGD-CE: 41.50% (total time 4.1 s)
apgd-t - 1/1 - 9 out of 83 successfully perturbed
robust accuracy after APGD-T: 37.00% (total time 27.3 s)
fab-t - 1/1 - 0 out of 74 successfully perturbed
robust accuracy after FAB-T: 37.00% (total time 59.6 s)
square - 1/1 - 0 out of 74 successfully perturbed
robust accuracy after SQUARE: 37.00% (total time 93.1 s)
max Linf perturbation: 0.03137, nan in tensor: 0, max: 1.00000, min: 0.00000
robust accuracy: 37.00%
initial accuracy: 68.50%
apgd-ce - 1/1 - 54 out of 137 successfully perturbed
robust accuracy after APGD-CE: 41.50% (total time 3.6 s)
apgd-t - 1/1 - 11 out of 83 successfully perturbed
robust accuracy after APGD-T: 36.00% (total time 26.6 s)
fab-t - 1/1 - 0 out of 72 successfully perturbed
robust accuracy after FAB-T: 36.00% (total time 58.6 s)
square - 1/1 - 0 out of 72 successfully perturbed
robust accuracy after SQUARE: 36.00% (total time 92.0 s)
max Linf perturbation: 0.03137, nan in tensor: 0, max: 1.00000, min: 0.00000
robust accuracy: 36.00%
initial accuracy: 77.50%
apgd-ce - 1/1 - 64 out of 155 successfully perturbed
robust accuracy after APGD-CE: 45.50% (total time 4.2 s)
apgd-t - 1/1 - 5 out of 91 successfully perturbed
robust accuracy after APGD-T: 43.00% (total time 29.1 s)
fab-t - 1/1 - 0 out of 86 successfully perturbed
robust accuracy after FAB-T: 43.00% (total time 64.5 s)
square - 1/1 - 0 out of 86 successfully perturbed
robust accuracy after SQUARE: 43.00% (total time 104.6 s)
max Linf perturbation: 0.03137, nan in tensor: 0, max: 1.00000, min: 0.00000
robust accuracy: 43.00%
initial accuracy: 80.00%
apgd-ce - 1/1 - 80 out of 160 successfully perturbed
robust accuracy after APGD-CE: 40.00% (total time 4.1 s)
apgd-t - 1/1 - 9 out of 80 successfully perturbed
robust accuracy after APGD-T: 35.50% (total time 26.9 s)
fab-t - 1/1 - 0 out of 71 successfully perturbed
robust accuracy after FAB-T: 35.50% (total time 58.6 s)
square - 1/1 - 0 out of 71 successfully perturbed
robust accuracy after SQUARE: 35.50% (total time 91.9 s)
max Linf perturbation: 0.03137, nan in tensor: 0, max: 1.00000, min: 0.00000
robust accuracy: 35.50%
initial accuracy: 73.00%
apgd-ce - 1/1 - 49 out of 146 successfully perturbed
robust accuracy after APGD-CE: 48.50% (total time 4.1 s)
apgd-t - 1/1 - 11 out of 97 successfully perturbed
robust accuracy after APGD-T: 43.00% (total time 29.0 s)
fab-t - 1/1 - 0 out of 86 successfully perturbed
robust accuracy after FAB-T: 43.00% (total time 64.5 s)
square - 1/1 - 0 out of 86 successfully perturbed
robust accuracy after SQUARE: 43.00% (total time 104.5 s)
max Linf perturbation: 0.03137, nan in tensor: 0, max: 1.00000, min: 0.00000
robust accuracy: 43.00%
initial accuracy: 71.50%
apgd-ce - 1/1 - 60 out of 143 successfully perturbed
robust accuracy after APGD-CE: 41.50% (total time 3.7 s)
apgd-t - 1/1 - 12 out of 83 successfully perturbed
robust accuracy after APGD-T: 35.50% (total time 26.5 s)
fab-t - 1/1 - 0 out of 71 successfully perturbed
robust accuracy after FAB-T: 35.50% (total time 58.3 s)
square - 1/1 - 0 out of 71 successfully perturbed
robust accuracy after SQUARE: 35.50% (total time 91.5 s)
max Linf perturbation: 0.03137, nan in tensor: 0, max: 1.00000, min: 0.00000
robust accuracy: 35.50%
initial accuracy: 76.00%
apgd-ce - 1/1 - 58 out of 152 successfully perturbed
robust accuracy after APGD-CE: 47.00% (total time 4.2 s)
apgd-t - 1/1 - 6 out of 94 successfully perturbed
robust accuracy after APGD-T: 44.00% (total time 28.4 s)
fab-t - 1/1 - 0 out of 88 successfully perturbed
robust accuracy after FAB-T: 44.00% (total time 62.0 s)
square - 1/1 - 0 out of 88 successfully perturbed
robust accuracy after SQUARE: 44.00% (total time 98.0 s)
max Linf perturbation: 0.03137, nan in tensor: 0, max: 1.00000, min: 0.00000
robust accuracy: 44.00%
initial accuracy: 77.50%
apgd-ce - 1/1 - 68 out of 155 successfully perturbed
robust accuracy after APGD-CE: 43.50% (total time 4.2 s)
apgd-t - 1/1 - 16 out of 87 successfully perturbed
robust accuracy after APGD-T: 35.50% (total time 27.2 s)
fab-t - 1/1 - 0 out of 71 successfully perturbed
robust accuracy after FAB-T: 35.50% (total time 58.9 s)
square - 1/1 - 0 out of 71 successfully perturbed
robust accuracy after SQUARE: 35.50% (total time 92.1 s)
max Linf perturbation: 0.03137, nan in tensor: 0, max: 1.00000, min: 0.00000
robust accuracy: 35.50%
initial accuracy: 72.50%
apgd-ce - 1/1 - 56 out of 145 successfully perturbed
robust accuracy after APGD-CE: 44.50% (total time 4.1 s)
apgd-t - 1/1 - 4 out of 89 successfully perturbed
robust accuracy after APGD-T: 42.50% (total time 29.2 s)
fab-t - 1/1 - 0 out of 85 successfully perturbed
robust accuracy after FAB-T: 42.50% (total time 64.6 s)
square - 1/1 - 0 out of 85 successfully perturbed
robust accuracy after SQUARE: 42.50% (total time 104.4 s)
max Linf perturbation: 0.03137, nan in tensor: 0, max: 1.00000, min: 0.00000
robust accuracy: 42.50%
initial accuracy: 75.50%
apgd-ce - 1/1 - 55 out of 151 successfully perturbed
robust accuracy after APGD-CE: 48.00% (total time 4.2 s)
apgd-t - 1/1 - 10 out of 96 successfully perturbed
robust accuracy after APGD-T: 43.00% (total time 29.1 s)
fab-t - 1/1 - 0 out of 86 successfully perturbed
robust accuracy after FAB-T: 43.00% (total time 64.6 s)
square - 1/1 - 0 out of 86 successfully perturbed
robust accuracy after SQUARE: 43.00% (total time 104.5 s)
max Linf perturbation: 0.03137, nan in tensor: 0, max: 1.00000, min: 0.00000
robust accuracy: 43.00%
initial accuracy: 71.00%
apgd-ce - 1/1 - 56 out of 142 successfully perturbed
robust accuracy after APGD-CE: 43.00% (total time 3.7 s)
apgd-t - 1/1 - 7 out of 86 successfully perturbed
robust accuracy after APGD-T: 39.50% (total time 27.2 s)
fab-t - 1/1 - 0 out of 79 successfully perturbed
robust accuracy after FAB-T: 39.50% (total time 60.2 s)
square - 1/1 - 0 out of 79 successfully perturbed
robust accuracy after SQUARE: 39.50% (total time 94.2 s)
max Linf perturbation: 0.03137, nan in tensor: 0, max: 1.00000, min: 0.00000
robust accuracy: 39.50%
initial accuracy: 72.00%
apgd-ce - 1/1 - 64 out of 144 successfully perturbed
robust accuracy after APGD-CE: 40.00% (total time 3.6 s)
apgd-t - 1/1 - 5 out of 80 successfully perturbed
robust accuracy after APGD-T: 37.50% (total time 26.4 s)
fab-t - 1/1 - 0 out of 75 successfully perturbed
robust accuracy after FAB-T: 37.50% (total time 58.9 s)
square - 1/1 - 0 out of 75 successfully perturbed
robust accuracy after SQUARE: 37.50% (total time 92.5 s)
max Linf perturbation: 0.03137, nan in tensor: 0, max: 1.00000, min: 0.00000
robust accuracy: 37.50%
initial accuracy: 72.50%
apgd-ce - 1/1 - 64 out of 145 successfully perturbed
robust accuracy after APGD-CE: 40.50% (total time 4.1 s)
apgd-t - 1/1 - 4 out of 81 successfully perturbed
robust accuracy after APGD-T: 38.50% (total time 27.3 s)
fab-t - 1/1 - 0 out of 77 successfully perturbed
robust accuracy after FAB-T: 38.50% (total time 61.3 s)
square - 1/1 - 0 out of 77 successfully perturbed
robust accuracy after SQUARE: 38.50% (total time 95.1 s)
max Linf perturbation: 0.03137, nan in tensor: 0, max: 1.00000, min: 0.00000
robust accuracy: 38.50%
initial accuracy: 75.50%
apgd-ce - 1/1 - 72 out of 151 successfully perturbed
robust accuracy after APGD-CE: 39.50% (total time 4.2 s)
apgd-t - 1/1 - 7 out of 79 successfully perturbed
robust accuracy after APGD-T: 36.00% (total time 26.9 s)
fab-t - 1/1 - 0 out of 72 successfully perturbed
robust accuracy after FAB-T: 36.00% (total time 60.2 s)
square - 1/1 - 0 out of 72 successfully perturbed
robust accuracy after SQUARE: 36.00% (total time 93.3 s)
max Linf perturbation: 0.03137, nan in tensor: 0, max: 1.00000, min: 0.00000
robust accuracy: 36.00%
initial accuracy: 73.50%
apgd-ce - 1/1 - 70 out of 147 successfully perturbed
robust accuracy after APGD-CE: 38.50% (total time 4.1 s)
apgd-t - 1/1 - 10 out of 77 successfully perturbed
robust accuracy after APGD-T: 33.50% (total time 26.4 s)
fab-t - 1/1 - 0 out of 67 successfully perturbed
robust accuracy after FAB-T: 33.50% (total time 59.2 s)
square - 1/1 - 0 out of 67 successfully perturbed
robust accuracy after SQUARE: 33.50% (total time 91.8 s)
max Linf perturbation: 0.03137, nan in tensor: 0, max: 1.00000, min: 0.00000
robust accuracy: 33.50%
initial accuracy: 77.50%
apgd-ce - 1/1 - 54 out of 155 successfully perturbed
robust accuracy after APGD-CE: 50.50% (total time 4.2 s)
apgd-t - 1/1 - 8 out of 101 successfully perturbed
robust accuracy after APGD-T: 46.50% (total time 29.7 s)
fab-t - 1/1 - 0 out of 93 successfully perturbed
robust accuracy after FAB-T: 46.50% (total time 66.1 s)
square - 1/1 - 0 out of 93 successfully perturbed
robust accuracy after SQUARE: 46.50% (total time 106.3 s)
max Linf perturbation: 0.03137, nan in tensor: 0, max: 1.00000, min: 0.00000
robust accuracy: 46.50%
initial accuracy: 79.50%
apgd-ce - 1/1 - 64 out of 159 successfully perturbed
robust accuracy after APGD-CE: 47.50% (total time 4.1 s)
apgd-t - 1/1 - 15 out of 95 successfully perturbed
robust accuracy after APGD-T: 40.00% (total time 28.3 s)
fab-t - 1/1 - 0 out of 80 successfully perturbed
robust accuracy after FAB-T: 40.00% (total time 61.7 s)
square - 1/1 - 0 out of 80 successfully perturbed
robust accuracy after SQUARE: 40.00% (total time 95.7 s)
max Linf perturbation: 0.03137, nan in tensor: 0, max: 1.00000, min: 0.00000
robust accuracy: 40.00%
initial accuracy: 75.50%
apgd-ce - 1/1 - 59 out of 151 successfully perturbed
robust accuracy after APGD-CE: 46.00% (total time 4.2 s)
apgd-t - 1/1 - 11 out of 92 successfully perturbed
robust accuracy after APGD-T: 40.50% (total time 28.6 s)
fab-t - 1/1 - 0 out of 81 successfully perturbed
robust accuracy after FAB-T: 40.50% (total time 62.6 s)
square - 1/1 - 0 out of 81 successfully perturbed
robust accuracy after SQUARE: 40.50% (total time 98.3 s)
max Linf perturbation: 0.03137, nan in tensor: 0, max: 1.00000, min: 0.00000
robust accuracy: 40.50%
initial accuracy: 79.00%
apgd-ce - 1/1 - 65 out of 158 successfully perturbed
robust accuracy after APGD-CE: 46.50% (total time 4.1 s)
apgd-t - 1/1 - 8 out of 93 successfully perturbed
robust accuracy after APGD-T: 42.50% (total time 29.2 s)
fab-t - 1/1 - 0 out of 85 successfully perturbed
robust accuracy after FAB-T: 42.50% (total time 64.3 s)
square - 1/1 - 0 out of 85 successfully perturbed
robust accuracy after SQUARE: 42.50% (total time 104.0 s)
max Linf perturbation: 0.03137, nan in tensor: 0, max: 1.00000, min: 0.00000
robust accuracy: 42.50%
initial accuracy: 74.00%
apgd-ce - 1/1 - 67 out of 148 successfully perturbed
robust accuracy after APGD-CE: 40.50% (total time 4.1 s)
apgd-t - 1/1 - 11 out of 81 successfully perturbed
robust accuracy after APGD-T: 35.00% (total time 26.9 s)
fab-t - 1/1 - 0 out of 70 successfully perturbed
robust accuracy after FAB-T: 35.00% (total time 58.3 s)
square - 1/1 - 0 out of 70 successfully perturbed
robust accuracy after SQUARE: 35.00% (total time 91.2 s)
max Linf perturbation: 0.03137, nan in tensor: 0, max: 1.00000, min: 0.00000
robust accuracy: 35.00%
initial accuracy: 72.50%
apgd-ce - 1/1 - 56 out of 145 successfully perturbed
robust accuracy after APGD-CE: 44.50% (total time 4.1 s)
apgd-t - 1/1 - 7 out of 89 successfully perturbed
robust accuracy after APGD-T: 41.00% (total time 28.7 s)
fab-t - 1/1 - 0 out of 82 successfully perturbed
robust accuracy after FAB-T: 41.00% (total time 62.7 s)
square - 1/1 - 0 out of 82 successfully perturbed
robust accuracy after SQUARE: 41.00% (total time 98.4 s)
max Linf perturbation: 0.03137, nan in tensor: 0, max: 1.00000, min: 0.00000
robust accuracy: 41.00%
