[2021/03/20 18:16:36] - Namespace(alpha=2.0, batch_size=128, data_dir='/mnt/storage0_8/torch_datasets/cifar-data', delta_init='uniform', epochs=50, epsilon=8, fname='output_pre', init_tau=8, loss_scale='1.0', lr_max=0.05, lr_min=0.0, lr_schedule='multistep', master_weights=False, max_iteration=7, model='pre', momentum=0.9, opt_level='O2', out_dir='pgd_out', save_model=True, seed=0, weight_decay=0.0005, wide_factor=10)
[2021/03/20 18:16:38] - Epoch 	 Seconds 	 LR 	 	 Train Loss 	 Train Acc 	 Val Acc 	 PGD Acc 	 CW Acc
[2021/03/20 18:19:59] - 0 	 188.6 	 	 0.0500 	 2.1274 	 0.2044 	 0.3574	 0.2379
[2021/03/20 18:23:21] - 1 	 188.1 	 	 0.0500 	 1.9498 	 0.2614 	 0.4277	 0.2570
[2021/03/20 18:26:42] - 2 	 188.2 	 	 0.0500 	 1.8681 	 0.2944 	 0.4855	 0.2875
[2021/03/20 18:30:03] - 3 	 188.2 	 	 0.0500 	 1.8001 	 0.3156 	 0.5172	 0.2980
[2021/03/20 18:33:25] - 4 	 188.4 	 	 0.0500 	 1.7458 	 0.3382 	 0.5656	 0.3270
[2021/03/20 18:36:46] - 5 	 188.4 	 	 0.0500 	 1.6943 	 0.3566 	 0.5988	 0.3496
[2021/03/20 18:40:08] - 6 	 188.5 	 	 0.0500 	 1.6474 	 0.3735 	 0.6199	 0.3738
[2021/03/20 18:43:30] - 7 	 188.6 	 	 0.0500 	 1.6083 	 0.3887 	 0.6395	 0.3406
[2021/03/20 18:46:52] - 8 	 188.5 	 	 0.0500 	 1.5783 	 0.4030 	 0.6652	 0.3586
[2021/03/20 18:50:13] - 9 	 188.7 	 	 0.0500 	 1.5446 	 0.4135 	 0.6746	 0.3840
[2021/03/20 18:53:35] - 10 	 188.7 	 	 0.0500 	 1.5207 	 0.4211 	 0.6625	 0.3852
[2021/03/20 18:56:57] - 11 	 188.8 	 	 0.0500 	 1.5011 	 0.4289 	 0.6605	 0.4078
[2021/03/20 19:00:20] - 12 	 188.9 	 	 0.0500 	 1.4843 	 0.4343 	 0.7074	 0.3840
[2021/03/20 19:03:41] - 13 	 188.8 	 	 0.0500 	 1.4578 	 0.4433 	 0.6965	 0.4047
[2021/03/20 19:07:03] - 14 	 188.8 	 	 0.0500 	 1.4472 	 0.4480 	 0.7059	 0.4090
[2021/03/20 19:10:25] - 15 	 188.7 	 	 0.0500 	 1.4362 	 0.4510 	 0.7012	 0.4023
[2021/03/20 19:13:47] - 16 	 188.8 	 	 0.0500 	 1.4193 	 0.4596 	 0.7141	 0.4301
[2021/03/20 19:17:09] - 17 	 188.7 	 	 0.0500 	 1.4060 	 0.4637 	 0.7227	 0.4109
[2021/03/20 19:20:31] - 18 	 188.6 	 	 0.0500 	 1.3995 	 0.4663 	 0.7145	 0.4227
[2021/03/20 19:23:53] - 19 	 188.7 	 	 0.0500 	 1.3908 	 0.4688 	 0.7246	 0.4098
[2021/03/20 19:27:15] - 20 	 188.8 	 	 0.0500 	 1.3831 	 0.4703 	 0.7086	 0.4309
[2021/03/20 19:30:37] - 21 	 188.7 	 	 0.0500 	 1.3741 	 0.4737 	 0.7184	 0.4227
[2021/03/20 19:33:58] - 22 	 188.7 	 	 0.0500 	 1.3646 	 0.4774 	 0.7363	 0.4398
[2021/03/20 19:37:20] - 23 	 188.7 	 	 0.0500 	 1.3568 	 0.4794 	 0.7402	 0.4262
[2021/03/20 19:40:42] - 24 	 188.5 	 	 0.0050 	 1.3510 	 0.4803 	 0.7211	 0.4383
[2021/03/20 19:44:04] - 25 	 188.4 	 	 0.0050 	 1.1970 	 0.5389 	 0.7758	 0.4785
[2021/03/20 19:47:25] - 26 	 188.3 	 	 0.0050 	 1.1423 	 0.5561 	 0.7867	 0.4855
[2021/03/20 19:50:46] - 27 	 188.2 	 	 0.0050 	 1.1198 	 0.5627 	 0.8020	 0.4828
[2021/03/20 19:54:07] - 28 	 188.1 	 	 0.0050 	 1.1020 	 0.5679 	 0.7941	 0.4832
[2021/03/20 19:57:29] - 29 	 188.1 	 	 0.0050 	 1.0867 	 0.5721 	 0.7949	 0.4813
[2021/03/20 20:00:50] - 30 	 188.2 	 	 0.0050 	 1.0752 	 0.5761 	 0.7914	 0.4844
[2021/03/20 20:04:11] - 31 	 188.2 	 	 0.0050 	 1.0633 	 0.5783 	 0.8102	 0.4762
[2021/03/20 20:07:32] - 32 	 188.0 	 	 0.0050 	 1.0551 	 0.5797 	 0.8043	 0.4766
[2021/03/20 20:10:54] - 33 	 188.1 	 	 0.0050 	 1.0397 	 0.5870 	 0.8000	 0.4883
[2021/03/20 20:14:15] - 34 	 188.3 	 	 0.0050 	 1.0287 	 0.5912 	 0.8027	 0.4852
[2021/03/20 20:17:37] - 35 	 188.5 	 	 0.0050 	 1.0201 	 0.5949 	 0.7980	 0.4805
[2021/03/20 20:20:59] - 36 	 189.1 	 	 0.0050 	 1.0116 	 0.5971 	 0.7965	 0.4762
[2021/03/20 20:24:21] - 37 	 189.1 	 	 0.0050 	 1.0032 	 0.5982 	 0.8152	 0.4738
[2021/03/20 20:27:43] - 38 	 189.0 	 	 0.0050 	 0.9918 	 0.6036 	 0.8070	 0.4773
[2021/03/20 20:31:05] - 39 	 189.0 	 	 0.0005 	 0.9840 	 0.6051 	 0.8211	 0.4773
[2021/03/20 20:34:27] - 40 	 189.0 	 	 0.0005 	 0.9234 	 0.6272 	 0.8133	 0.4871
[2021/03/20 20:37:50] - 41 	 189.1 	 	 0.0005 	 0.9032 	 0.6360 	 0.8176	 0.4934
[2021/03/20 20:41:12] - 42 	 189.1 	 	 0.0005 	 0.8936 	 0.6382 	 0.8234	 0.4832
[2021/03/20 20:44:34] - 43 	 189.1 	 	 0.0005 	 0.8864 	 0.6421 	 0.8211	 0.4848
[2021/03/20 20:47:56] - 44 	 188.9 	 	 0.0005 	 0.8813 	 0.6432 	 0.8207	 0.4797
[2021/03/20 20:51:18] - 45 	 189.1 	 	 0.0005 	 0.8774 	 0.6444 	 0.8184	 0.4805
[2021/03/20 20:54:41] - 46 	 189.0 	 	 0.0005 	 0.8717 	 0.6452 	 0.8207	 0.4820
[2021/03/20 20:58:03] - 47 	 189.0 	 	 0.0005 	 0.8680 	 0.6468 	 0.8148	 0.4824
[2021/03/20 21:01:25] - 48 	 189.2 	 	 0.0005 	 0.8635 	 0.6469 	 0.8215	 0.4770
[2021/03/20 21:04:47] - 49 	 189.1 	 	 0.0005 	 0.8610 	 0.6490 	 0.8172	 0.4797
[2021/03/20 21:04:47] - Total train time: 157.1958 minutes
[2021/03/20 21:04:47] - Best checkpoint at 41, 0.493359375
