[2022/05/03 17:21:19] - Namespace(alpha=2.0, batch_size=128, data_dir='/mnt/storage0_8/torch_datasets/cifar-data', delta_init='zero', epochs=50, epsilon=8, fname='output_dense', init_tau=8, lr_max=0.01, lr_min=0.0, lr_schedule='multistep', max_iteration=7, model='dense', momentum=0.9, normalization='std', out_dir='pgd_out', save_model=True, seed=0, weight_decay=0.0005, wide_factor=10)
[2022/05/03 17:21:22] - Epoch 	 Seconds 	 LR 	 	 Train Loss 	 Train Acc 	 Val Acc 	 PGD Acc 	 CW Acc
[2022/05/03 17:26:06] - 0 	 265.3 	 	 0.0100 	 2.1585 	 0.1879 	 0.3281	 0.1980
[2022/05/03 17:30:50] - 1 	 265.1 	 	 0.0100 	 2.0119 	 0.2434 	 0.3918	 0.2477
[2022/05/03 17:35:34] - 2 	 264.9 	 	 0.0100 	 1.9482 	 0.2641 	 0.4117	 0.2672
[2022/05/03 17:40:18] - 3 	 264.8 	 	 0.0100 	 1.9007 	 0.2827 	 0.4688	 0.2844
[2022/05/03 17:45:02] - 4 	 265.0 	 	 0.0100 	 1.8639 	 0.2958 	 0.4820	 0.2809
[2022/05/03 17:49:46] - 5 	 265.1 	 	 0.0100 	 1.8290 	 0.3094 	 0.4961	 0.2906
[2022/05/03 17:54:30] - 6 	 265.0 	 	 0.0100 	 1.8014 	 0.3192 	 0.5184	 0.2762
[2022/05/03 17:59:14] - 7 	 264.9 	 	 0.0100 	 1.7752 	 0.3294 	 0.5340	 0.3184
[2022/05/03 18:03:58] - 8 	 264.7 	 	 0.0100 	 1.7489 	 0.3416 	 0.5574	 0.3105
[2022/05/03 18:08:42] - 9 	 265.4 	 	 0.0100 	 1.7238 	 0.3467 	 0.5598	 0.3453
[2022/05/03 18:13:26] - 10 	 264.9 	 	 0.0100 	 1.6988 	 0.3585 	 0.5828	 0.3465
[2022/05/03 18:18:10] - 11 	 264.7 	 	 0.0100 	 1.6759 	 0.3643 	 0.5961	 0.3453
[2022/05/03 18:22:54] - 12 	 265.0 	 	 0.0100 	 1.6574 	 0.3711 	 0.5828	 0.3727
[2022/05/03 18:27:38] - 13 	 265.3 	 	 0.0100 	 1.6372 	 0.3796 	 0.6055	 0.3535
[2022/05/03 18:32:22] - 14 	 265.1 	 	 0.0100 	 1.6156 	 0.3862 	 0.6164	 0.3758
[2022/05/03 18:37:06] - 15 	 265.1 	 	 0.0100 	 1.6017 	 0.3918 	 0.6332	 0.3516
[2022/05/03 18:41:50] - 16 	 264.8 	 	 0.0100 	 1.5836 	 0.3982 	 0.6059	 0.3742
[2022/05/03 18:46:34] - 17 	 265.0 	 	 0.0100 	 1.5715 	 0.4064 	 0.6508	 0.3645
[2022/05/03 18:51:18] - 18 	 264.9 	 	 0.0100 	 1.5531 	 0.4102 	 0.6402	 0.3762
[2022/05/03 18:56:03] - 19 	 265.1 	 	 0.0100 	 1.5400 	 0.4130 	 0.6531	 0.3563
[2022/05/03 19:00:46] - 20 	 264.9 	 	 0.0100 	 1.5304 	 0.4199 	 0.6582	 0.3754
[2022/05/03 19:05:31] - 21 	 265.3 	 	 0.0100 	 1.5144 	 0.4229 	 0.6582	 0.3797
[2022/05/03 19:10:15] - 22 	 265.1 	 	 0.0100 	 1.5026 	 0.4288 	 0.6609	 0.3891
[2022/05/03 19:14:58] - 23 	 265.1 	 	 0.0100 	 1.4908 	 0.4322 	 0.6637	 0.3957
[2022/05/03 19:19:42] - 24 	 265.4 	 	 0.0010 	 1.4846 	 0.4344 	 0.6727	 0.3891
[2022/05/03 19:24:25] - 25 	 265.0 	 	 0.0010 	 1.4183 	 0.4595 	 0.6922	 0.4082
[2022/05/03 19:29:08] - 26 	 264.7 	 	 0.0010 	 1.3986 	 0.4678 	 0.7020	 0.4105
[2022/05/03 19:33:52] - 27 	 264.6 	 	 0.0010 	 1.3897 	 0.4702 	 0.7129	 0.4016
[2022/05/03 19:38:36] - 28 	 265.1 	 	 0.0010 	 1.3860 	 0.4702 	 0.7020	 0.4066
[2022/05/03 19:43:19] - 29 	 265.0 	 	 0.0010 	 1.3819 	 0.4724 	 0.7070	 0.4191
[2022/05/03 19:48:04] - 30 	 265.5 	 	 0.0010 	 1.3788 	 0.4727 	 0.7074	 0.4145
[2022/05/03 19:52:48] - 31 	 265.4 	 	 0.0010 	 1.3732 	 0.4743 	 0.7047	 0.4113
[2022/05/03 19:57:32] - 32 	 265.4 	 	 0.0010 	 1.3714 	 0.4741 	 0.7117	 0.4109
[2022/05/03 20:02:16] - 33 	 265.7 	 	 0.0010 	 1.3683 	 0.4754 	 0.7141	 0.4070
[2022/05/03 20:07:00] - 34 	 265.5 	 	 0.0010 	 1.3659 	 0.4770 	 0.7109	 0.4133
[2022/05/03 20:11:45] - 35 	 265.6 	 	 0.0010 	 1.3625 	 0.4765 	 0.7188	 0.4078
[2022/05/03 20:16:29] - 36 	 265.4 	 	 0.0010 	 1.3615 	 0.4770 	 0.7086	 0.4109
[2022/05/03 20:21:13] - 37 	 265.7 	 	 0.0010 	 1.3585 	 0.4803 	 0.7199	 0.4074
[2022/05/03 20:25:57] - 38 	 265.4 	 	 0.0010 	 1.3549 	 0.4777 	 0.7168	 0.4031
[2022/05/03 20:30:42] - 39 	 265.5 	 	 0.0001 	 1.3530 	 0.4794 	 0.7203	 0.4086
[2022/05/03 20:35:25] - 40 	 265.4 	 	 0.0001 	 1.3398 	 0.4832 	 0.7203	 0.4109
[2022/05/03 20:40:09] - 41 	 265.2 	 	 0.0001 	 1.3403 	 0.4853 	 0.7191	 0.4133
[2022/05/03 20:44:52] - 42 	 264.9 	 	 0.0001 	 1.3374 	 0.4852 	 0.7195	 0.4152
[2022/05/03 20:49:34] - 43 	 264.3 	 	 0.0001 	 1.3374 	 0.4860 	 0.7215	 0.4133
[2022/05/03 20:54:18] - 44 	 265.0 	 	 0.0001 	 1.3388 	 0.4857 	 0.7164	 0.4133
[2022/05/03 20:59:01] - 45 	 264.7 	 	 0.0001 	 1.3354 	 0.4873 	 0.7199	 0.4129
[2022/05/03 21:03:44] - 46 	 265.1 	 	 0.0001 	 1.3362 	 0.4861 	 0.7172	 0.4133
[2022/05/03 21:08:27] - 47 	 264.6 	 	 0.0001 	 1.3362 	 0.4862 	 0.7191	 0.4121
[2022/05/03 21:13:10] - 48 	 264.9 	 	 0.0001 	 1.3344 	 0.4870 	 0.7184	 0.4078
[2022/05/03 21:17:54] - 49 	 265.0 	 	 0.0001 	 1.3322 	 0.4889 	 0.7184	 0.4156
[2022/05/03 21:17:54] - Total train time: 220.9072 minutes
[2022/05/03 21:17:54] - Best checkpoint at 29, 0.419140625
