[2022/04/26 23:02:56] - Namespace(alpha=2.0, batch_size=128, data_dir='/mnt/storage0_8/torch_datasets/cifar-data', delta_init='zero', epochs=50, epsilon=8, fname='output_vgg16', init_tau=8, lr_max=0.01, lr_min=0.0, lr_schedule='multistep', max_iteration=7, model='vgg16', momentum=0.9, normalization='std', out_dir='pgd_out', save_model=True, seed=0, weight_decay=0.0005, wide_factor=10)
[2022/04/26 23:02:59] - Epoch 	 Seconds 	 LR 	 	 Train Loss 	 Train Acc 	 Val Acc 	 PGD Acc 	 CW Acc
[2022/04/26 23:04:47] - 0 	 100.7 	 	 0.0100 	 2.3162 	 0.1360 	 0.2285	 0.1664
[2022/04/26 23:06:35] - 1 	 100.6 	 	 0.0100 	 2.1340 	 0.1913 	 0.3293	 0.2262
[2022/04/26 23:08:24] - 2 	 101.0 	 	 0.0100 	 2.0320 	 0.2355 	 0.3473	 0.2254
[2022/04/26 23:10:12] - 3 	 100.9 	 	 0.0100 	 1.9680 	 0.2564 	 0.4211	 0.2730
[2022/04/26 23:12:00] - 4 	 100.8 	 	 0.0100 	 1.9121 	 0.2798 	 0.4531	 0.2938
[2022/04/26 23:13:49] - 5 	 100.8 	 	 0.0100 	 1.8630 	 0.2972 	 0.4797	 0.3016
[2022/04/26 23:15:37] - 6 	 100.7 	 	 0.0100 	 1.8213 	 0.3150 	 0.5258	 0.3277
[2022/04/26 23:17:25] - 7 	 100.5 	 	 0.0100 	 1.7802 	 0.3324 	 0.5320	 0.3234
[2022/04/26 23:19:13] - 8 	 100.6 	 	 0.0100 	 1.7455 	 0.3423 	 0.5305	 0.3297
[2022/04/26 23:21:01] - 9 	 100.4 	 	 0.0100 	 1.7178 	 0.3524 	 0.5785	 0.3402
[2022/04/26 23:22:49] - 10 	 100.3 	 	 0.0100 	 1.6868 	 0.3632 	 0.5898	 0.3570
[2022/04/26 23:24:37] - 11 	 100.5 	 	 0.0100 	 1.6589 	 0.3725 	 0.6219	 0.3551
[2022/04/26 23:26:25] - 12 	 100.5 	 	 0.0100 	 1.6351 	 0.3825 	 0.6289	 0.3539
[2022/04/26 23:28:13] - 13 	 100.4 	 	 0.0100 	 1.6116 	 0.3897 	 0.6215	 0.3633
[2022/04/26 23:30:01] - 14 	 100.5 	 	 0.0100 	 1.5910 	 0.3950 	 0.6117	 0.3840
[2022/04/26 23:31:49] - 15 	 100.2 	 	 0.0100 	 1.5726 	 0.4025 	 0.6332	 0.3895
[2022/04/26 23:33:37] - 16 	 100.6 	 	 0.0100 	 1.5509 	 0.4117 	 0.6395	 0.3836
[2022/04/26 23:35:25] - 17 	 100.3 	 	 0.0100 	 1.5331 	 0.4167 	 0.6480	 0.3918
[2022/04/26 23:37:13] - 18 	 100.3 	 	 0.0100 	 1.5181 	 0.4230 	 0.6586	 0.3930
[2022/04/26 23:39:00] - 19 	 100.4 	 	 0.0100 	 1.5007 	 0.4277 	 0.6586	 0.4082
[2022/04/26 23:40:48] - 20 	 100.3 	 	 0.0100 	 1.4884 	 0.4325 	 0.6699	 0.3883
[2022/04/26 23:42:36] - 21 	 99.9 	 	 0.0100 	 1.4783 	 0.4341 	 0.6789	 0.3965
[2022/04/26 23:44:23] - 22 	 100.2 	 	 0.0100 	 1.4615 	 0.4436 	 0.6746	 0.4055
[2022/04/26 23:46:11] - 23 	 100.1 	 	 0.0100 	 1.4489 	 0.4453 	 0.6992	 0.4031
[2022/04/26 23:47:58] - 24 	 100.1 	 	 0.0010 	 1.4359 	 0.4479 	 0.6793	 0.4203
[2022/04/26 23:49:46] - 25 	 100.1 	 	 0.0010 	 1.3421 	 0.4830 	 0.7266	 0.4238
[2022/04/26 23:51:34] - 26 	 100.2 	 	 0.0010 	 1.3145 	 0.4891 	 0.7168	 0.4313
[2022/04/26 23:53:21] - 27 	 100.0 	 	 0.0010 	 1.3063 	 0.4915 	 0.7234	 0.4305
[2022/04/26 23:55:09] - 28 	 100.2 	 	 0.0010 	 1.2956 	 0.4952 	 0.7270	 0.4266
[2022/04/26 23:56:56] - 29 	 99.8 	 	 0.0010 	 1.2903 	 0.4971 	 0.7328	 0.4234
[2022/04/26 23:58:44] - 30 	 99.9 	 	 0.0010 	 1.2835 	 0.4995 	 0.7203	 0.4270
[2022/04/27 00:00:31] - 31 	 99.9 	 	 0.0010 	 1.2796 	 0.5006 	 0.7273	 0.4355
[2022/04/27 00:02:19] - 32 	 100.1 	 	 0.0010 	 1.2695 	 0.5038 	 0.7320	 0.4281
[2022/04/27 00:04:06] - 33 	 99.6 	 	 0.0010 	 1.2654 	 0.5036 	 0.7305	 0.4273
[2022/04/27 00:05:53] - 34 	 100.1 	 	 0.0010 	 1.2593 	 0.5071 	 0.7312	 0.4254
[2022/04/27 00:07:40] - 35 	 99.7 	 	 0.0010 	 1.2544 	 0.5094 	 0.7336	 0.4336
[2022/04/27 00:09:28] - 36 	 100.2 	 	 0.0010 	 1.2504 	 0.5098 	 0.7359	 0.4332
[2022/04/27 00:11:16] - 37 	 100.1 	 	 0.0010 	 1.2462 	 0.5093 	 0.7371	 0.4363
[2022/04/27 00:13:03] - 38 	 100.2 	 	 0.0010 	 1.2400 	 0.5107 	 0.7367	 0.4336
[2022/04/27 00:14:51] - 39 	 99.9 	 	 0.0001 	 1.2347 	 0.5144 	 0.7402	 0.4309
[2022/04/27 00:16:38] - 40 	 100.2 	 	 0.0001 	 1.2117 	 0.5206 	 0.7441	 0.4355
[2022/04/27 00:18:26] - 41 	 100.6 	 	 0.0001 	 1.2060 	 0.5236 	 0.7379	 0.4348
[2022/04/27 00:20:15] - 42 	 100.9 	 	 0.0001 	 1.2065 	 0.5228 	 0.7398	 0.4363
[2022/04/27 00:22:03] - 43 	 100.7 	 	 0.0001 	 1.2010 	 0.5230 	 0.7430	 0.4336
[2022/04/27 00:23:51] - 44 	 100.7 	 	 0.0001 	 1.2004 	 0.5247 	 0.7363	 0.4324
[2022/04/27 00:25:39] - 45 	 100.6 	 	 0.0001 	 1.2007 	 0.5235 	 0.7480	 0.4340
[2022/04/27 00:27:27] - 46 	 100.6 	 	 0.0001 	 1.1991 	 0.5259 	 0.7398	 0.4340
[2022/04/27 00:29:15] - 47 	 100.5 	 	 0.0001 	 1.1987 	 0.5245 	 0.7352	 0.4332
[2022/04/27 00:31:03] - 48 	 100.5 	 	 0.0001 	 1.1964 	 0.5249 	 0.7430	 0.4340
[2022/04/27 00:32:51] - 49 	 100.3 	 	 0.0001 	 1.1929 	 0.5247 	 0.7410	 0.4352
[2022/04/27 00:32:51] - Total train time: 83.6292 minutes
[2022/04/27 00:32:51] - Best checkpoint at 37, 0.436328125
