initial accuracy: 85.50%
apgd-ce - 1/1 - 81 out of 171 successfully perturbed
robust accuracy after APGD-CE: 45.00% (total time 10.7 s)
apgd-t - 1/1 - 3 out of 90 successfully perturbed
robust accuracy after APGD-T: 43.50% (total time 74.4 s)
fab-t - 1/1 - 0 out of 87 successfully perturbed
robust accuracy after FAB-T: 43.50% (total time 159.5 s)
square - 1/1 - 0 out of 87 successfully perturbed
robust accuracy after SQUARE: 43.50% (total time 244.5 s)
max Linf perturbation: 0.03137, nan in tensor: 0, max: 1.00000, min: 0.00000
robust accuracy: 43.50%
initial accuracy: 84.00%
apgd-ce - 1/1 - 82 out of 168 successfully perturbed
robust accuracy after APGD-CE: 43.00% (total time 10.7 s)
apgd-t - 1/1 - 5 out of 86 successfully perturbed
robust accuracy after APGD-T: 40.50% (total time 71.8 s)
fab-t - 1/1 - 0 out of 81 successfully perturbed
robust accuracy after FAB-T: 40.50% (total time 150.3 s)
square - 1/1 - 0 out of 81 successfully perturbed
robust accuracy after SQUARE: 40.50% (total time 229.5 s)
max Linf perturbation: 0.03137, nan in tensor: 0, max: 1.00000, min: 0.00000
robust accuracy: 40.50%
initial accuracy: 83.00%
apgd-ce - 1/1 - 63 out of 166 successfully perturbed
robust accuracy after APGD-CE: 51.50% (total time 10.7 s)
apgd-t - 1/1 - 5 out of 103 successfully perturbed
robust accuracy after APGD-T: 49.00% (total time 80.1 s)
fab-t - 1/1 - 0 out of 98 successfully perturbed
robust accuracy after FAB-T: 49.00% (total time 170.6 s)
square - 1/1 - 0 out of 98 successfully perturbed
robust accuracy after SQUARE: 49.00% (total time 266.3 s)
max Linf perturbation: 0.03137, nan in tensor: 0, max: 1.00000, min: 0.00000
robust accuracy: 49.00%
initial accuracy: 80.50%
apgd-ce - 1/1 - 77 out of 161 successfully perturbed
robust accuracy after APGD-CE: 42.00% (total time 10.5 s)
apgd-t - 1/1 - 5 out of 84 successfully perturbed
robust accuracy after APGD-T: 39.50% (total time 67.5 s)
fab-t - 1/1 - 0 out of 79 successfully perturbed
robust accuracy after FAB-T: 39.50% (total time 144.8 s)
square - 1/1 - 0 out of 79 successfully perturbed
robust accuracy after SQUARE: 39.50% (total time 227.4 s)
max Linf perturbation: 0.03137, nan in tensor: 0, max: 1.00000, min: 0.00000
robust accuracy: 39.50%
initial accuracy: 82.00%
apgd-ce - 1/1 - 70 out of 164 successfully perturbed
robust accuracy after APGD-CE: 47.00% (total time 10.6 s)
apgd-t - 1/1 - 6 out of 94 successfully perturbed
robust accuracy after APGD-T: 44.00% (total time 76.6 s)
fab-t - 1/1 - 0 out of 88 successfully perturbed
robust accuracy after FAB-T: 44.00% (total time 161.0 s)
square - 1/1 - 0 out of 88 successfully perturbed
robust accuracy after SQUARE: 44.00% (total time 245.4 s)
max Linf perturbation: 0.03137, nan in tensor: 0, max: 1.00000, min: 0.00000
robust accuracy: 44.00%
initial accuracy: 77.50%
apgd-ce - 1/1 - 64 out of 155 successfully perturbed
robust accuracy after APGD-CE: 45.50% (total time 10.2 s)
apgd-t - 1/1 - 3 out of 91 successfully perturbed
robust accuracy after APGD-T: 44.00% (total time 74.0 s)
fab-t - 1/1 - 0 out of 88 successfully perturbed
robust accuracy after FAB-T: 44.00% (total time 157.6 s)
square - 1/1 - 0 out of 88 successfully perturbed
robust accuracy after SQUARE: 44.00% (total time 242.1 s)
max Linf perturbation: 0.03137, nan in tensor: 0, max: 1.00000, min: 0.00000
robust accuracy: 44.00%
initial accuracy: 79.50%
apgd-ce - 1/1 - 72 out of 159 successfully perturbed
robust accuracy after APGD-CE: 43.50% (total time 10.3 s)
apgd-t - 1/1 - 2 out of 87 successfully perturbed
robust accuracy after APGD-T: 42.50% (total time 76.6 s)
fab-t - 1/1 - 0 out of 85 successfully perturbed
robust accuracy after FAB-T: 42.50% (total time 159.2 s)
square - 1/1 - 0 out of 85 successfully perturbed
robust accuracy after SQUARE: 42.50% (total time 239.9 s)
max Linf perturbation: 0.03137, nan in tensor: 0, max: 1.00000, min: 0.00000
robust accuracy: 42.50%
initial accuracy: 83.50%
apgd-ce - 1/1 - 82 out of 167 successfully perturbed
robust accuracy after APGD-CE: 42.50% (total time 10.8 s)
apgd-t - 1/1 - 6 out of 85 successfully perturbed
robust accuracy after APGD-T: 39.50% (total time 69.7 s)
fab-t - 1/1 - 0 out of 79 successfully perturbed
robust accuracy after FAB-T: 39.50% (total time 145.1 s)
square - 1/1 - 0 out of 79 successfully perturbed
robust accuracy after SQUARE: 39.50% (total time 223.3 s)
max Linf perturbation: 0.03137, nan in tensor: 0, max: 1.00000, min: 0.00000
robust accuracy: 39.50%
initial accuracy: 81.00%
apgd-ce - 1/1 - 75 out of 162 successfully perturbed
robust accuracy after APGD-CE: 43.50% (total time 10.6 s)
apgd-t - 1/1 - 2 out of 87 successfully perturbed
robust accuracy after APGD-T: 42.50% (total time 74.5 s)
fab-t - 1/1 - 0 out of 85 successfully perturbed
robust accuracy after FAB-T: 42.50% (total time 157.6 s)
square - 1/1 - 0 out of 85 successfully perturbed
robust accuracy after SQUARE: 42.50% (total time 239.4 s)
max Linf perturbation: 0.03137, nan in tensor: 0, max: 1.00000, min: 0.00000
robust accuracy: 42.50%
initial accuracy: 79.00%
apgd-ce - 1/1 - 66 out of 158 successfully perturbed
robust accuracy after APGD-CE: 46.00% (total time 10.4 s)
apgd-t - 1/1 - 2 out of 92 successfully perturbed
robust accuracy after APGD-T: 45.00% (total time 74.7 s)
fab-t - 1/1 - 0 out of 90 successfully perturbed
robust accuracy after FAB-T: 45.00% (total time 162.1 s)
square - 1/1 - 0 out of 90 successfully perturbed
robust accuracy after SQUARE: 45.00% (total time 246.1 s)
max Linf perturbation: 0.03137, nan in tensor: 0, max: 1.00000, min: 0.00000
robust accuracy: 45.00%
initial accuracy: 80.50%
apgd-ce - 1/1 - 78 out of 161 successfully perturbed
robust accuracy after APGD-CE: 41.50% (total time 10.4 s)
apgd-t - 1/1 - 3 out of 83 successfully perturbed
robust accuracy after APGD-T: 40.00% (total time 68.0 s)
fab-t - 1/1 - 0 out of 80 successfully perturbed
robust accuracy after FAB-T: 40.00% (total time 144.2 s)
square - 1/1 - 0 out of 80 successfully perturbed
robust accuracy after SQUARE: 40.00% (total time 225.1 s)
max Linf perturbation: 0.03137, nan in tensor: 0, max: 1.00000, min: 0.00000
robust accuracy: 40.00%
initial accuracy: 81.50%
apgd-ce - 1/1 - 69 out of 163 successfully perturbed
robust accuracy after APGD-CE: 47.00% (total time 10.6 s)
apgd-t - 1/1 - 5 out of 94 successfully perturbed
robust accuracy after APGD-T: 44.50% (total time 73.9 s)
fab-t - 1/1 - 0 out of 89 successfully perturbed
robust accuracy after FAB-T: 44.50% (total time 157.8 s)
square - 1/1 - 0 out of 89 successfully perturbed
robust accuracy after SQUARE: 44.50% (total time 244.2 s)
max Linf perturbation: 0.03137, nan in tensor: 0, max: 1.00000, min: 0.00000
robust accuracy: 44.50%
initial accuracy: 81.50%
apgd-ce - 1/1 - 85 out of 163 successfully perturbed
robust accuracy after APGD-CE: 39.00% (total time 10.7 s)
apgd-t - 1/1 - 4 out of 78 successfully perturbed
robust accuracy after APGD-T: 37.00% (total time 66.4 s)
fab-t - 1/1 - 0 out of 74 successfully perturbed
robust accuracy after FAB-T: 37.00% (total time 145.2 s)
square - 1/1 - 0 out of 74 successfully perturbed
robust accuracy after SQUARE: 37.00% (total time 227.5 s)
max Linf perturbation: 0.03137, nan in tensor: 0, max: 1.00000, min: 0.00000
robust accuracy: 37.00%
initial accuracy: 88.50%
apgd-ce - 1/1 - 79 out of 177 successfully perturbed
robust accuracy after APGD-CE: 49.00% (total time 11.4 s)
apgd-t - 1/1 - 3 out of 98 successfully perturbed
robust accuracy after APGD-T: 47.50% (total time 79.0 s)
fab-t - 1/1 - 0 out of 95 successfully perturbed
robust accuracy after FAB-T: 47.50% (total time 166.7 s)
square - 1/1 - 0 out of 95 successfully perturbed
robust accuracy after SQUARE: 47.50% (total time 262.0 s)
max Linf perturbation: 0.03137, nan in tensor: 0, max: 1.00000, min: 0.00000
robust accuracy: 47.50%
initial accuracy: 87.00%
apgd-ce - 1/1 - 92 out of 174 successfully perturbed
robust accuracy after APGD-CE: 41.00% (total time 11.1 s)
apgd-t - 1/1 - 3 out of 82 successfully perturbed
robust accuracy after APGD-T: 39.50% (total time 69.4 s)
fab-t - 1/1 - 0 out of 79 successfully perturbed
robust accuracy after FAB-T: 39.50% (total time 146.8 s)
square - 1/1 - 0 out of 79 successfully perturbed
robust accuracy after SQUARE: 39.50% (total time 229.3 s)
max Linf perturbation: 0.03137, nan in tensor: 0, max: 1.00000, min: 0.00000
robust accuracy: 39.50%
initial accuracy: 78.50%
apgd-ce - 1/1 - 60 out of 157 successfully perturbed
robust accuracy after APGD-CE: 48.50% (total time 10.2 s)
apgd-t - 1/1 - 2 out of 97 successfully perturbed
robust accuracy after APGD-T: 47.50% (total time 77.7 s)
fab-t - 1/1 - 0 out of 95 successfully perturbed
robust accuracy after FAB-T: 47.50% (total time 167.0 s)
square - 1/1 - 0 out of 95 successfully perturbed
robust accuracy after SQUARE: 47.50% (total time 261.9 s)
max Linf perturbation: 0.03137, nan in tensor: 0, max: 1.00000, min: 0.00000
robust accuracy: 47.50%
initial accuracy: 81.00%
apgd-ce - 1/1 - 69 out of 162 successfully perturbed
robust accuracy after APGD-CE: 46.50% (total time 10.6 s)
apgd-t - 1/1 - 8 out of 93 successfully perturbed
robust accuracy after APGD-T: 42.50% (total time 75.3 s)
fab-t - 1/1 - 0 out of 85 successfully perturbed
robust accuracy after FAB-T: 42.50% (total time 158.7 s)
square - 1/1 - 0 out of 85 successfully perturbed
robust accuracy after SQUARE: 42.50% (total time 247.0 s)
max Linf perturbation: 0.03137, nan in tensor: 0, max: 1.00000, min: 0.00000
robust accuracy: 42.50%
initial accuracy: 82.50%
apgd-ce - 1/1 - 66 out of 165 successfully perturbed
robust accuracy after APGD-CE: 49.50% (total time 10.9 s)
apgd-t - 1/1 - 2 out of 99 successfully perturbed
robust accuracy after APGD-T: 48.50% (total time 81.6 s)
fab-t - 1/1 - 0 out of 97 successfully perturbed
robust accuracy after FAB-T: 48.50% (total time 175.0 s)
square - 1/1 - 0 out of 97 successfully perturbed
robust accuracy after SQUARE: 48.50% (total time 274.2 s)
max Linf perturbation: 0.03137, nan in tensor: 0, max: 1.00000, min: 0.00000
robust accuracy: 48.50%
initial accuracy: 79.50%
apgd-ce - 1/1 - 74 out of 159 successfully perturbed
robust accuracy after APGD-CE: 42.50% (total time 10.3 s)
apgd-t - 1/1 - 3 out of 85 successfully perturbed
robust accuracy after APGD-T: 41.00% (total time 74.7 s)
fab-t - 1/1 - 0 out of 82 successfully perturbed
robust accuracy after FAB-T: 41.00% (total time 158.1 s)
square - 1/1 - 0 out of 82 successfully perturbed
robust accuracy after SQUARE: 41.00% (total time 246.8 s)
max Linf perturbation: 0.03137, nan in tensor: 0, max: 1.00000, min: 0.00000
robust accuracy: 41.00%
initial accuracy: 83.00%
apgd-ce - 1/1 - 74 out of 166 successfully perturbed
robust accuracy after APGD-CE: 46.00% (total time 10.7 s)
apgd-t - 1/1 - 3 out of 92 successfully perturbed
robust accuracy after APGD-T: 44.50% (total time 76.9 s)
fab-t - 1/1 - 0 out of 89 successfully perturbed
robust accuracy after FAB-T: 44.50% (total time 164.1 s)
square - 1/1 - 0 out of 89 successfully perturbed
robust accuracy after SQUARE: 44.50% (total time 253.2 s)
max Linf perturbation: 0.03137, nan in tensor: 0, max: 1.00000, min: 0.00000
robust accuracy: 44.50%
initial accuracy: 83.00%
apgd-ce - 1/1 - 71 out of 166 successfully perturbed
robust accuracy after APGD-CE: 47.50% (total time 11.0 s)
apgd-t - 1/1 - 5 out of 95 successfully perturbed
robust accuracy after APGD-T: 45.00% (total time 78.6 s)
fab-t - 1/1 - 0 out of 90 successfully perturbed
robust accuracy after FAB-T: 45.00% (total time 165.7 s)
square - 1/1 - 0 out of 90 successfully perturbed
robust accuracy after SQUARE: 45.00% (total time 256.1 s)
max Linf perturbation: 0.03137, nan in tensor: 0, max: 1.00000, min: 0.00000
robust accuracy: 45.00%
initial accuracy: 85.00%
apgd-ce - 1/1 - 75 out of 170 successfully perturbed
robust accuracy after APGD-CE: 47.50% (total time 10.9 s)
apgd-t - 1/1 - 3 out of 95 successfully perturbed
robust accuracy after APGD-T: 46.00% (total time 78.3 s)
fab-t - 1/1 - 0 out of 92 successfully perturbed
robust accuracy after FAB-T: 46.00% (total time 166.9 s)
square - 1/1 - 0 out of 92 successfully perturbed
robust accuracy after SQUARE: 46.00% (total time 256.4 s)
max Linf perturbation: 0.03137, nan in tensor: 0, max: 1.00000, min: 0.00000
robust accuracy: 46.00%
initial accuracy: 80.00%
apgd-ce - 1/1 - 72 out of 160 successfully perturbed
robust accuracy after APGD-CE: 44.00% (total time 10.4 s)
apgd-t - 1/1 - 7 out of 88 successfully perturbed
robust accuracy after APGD-T: 40.50% (total time 72.7 s)
fab-t - 1/1 - 0 out of 81 successfully perturbed
robust accuracy after FAB-T: 40.50% (total time 153.5 s)
square - 1/1 - 0 out of 81 successfully perturbed
robust accuracy after SQUARE: 40.50% (total time 242.0 s)
max Linf perturbation: 0.03137, nan in tensor: 0, max: 1.00000, min: 0.00000
robust accuracy: 40.50%
initial accuracy: 82.00%
apgd-ce - 1/1 - 72 out of 164 successfully perturbed
robust accuracy after APGD-CE: 46.00% (total time 10.6 s)
apgd-t - 1/1 - 4 out of 92 successfully perturbed
robust accuracy after APGD-T: 44.00% (total time 75.7 s)
fab-t - 1/1 - 0 out of 88 successfully perturbed
robust accuracy after FAB-T: 44.00% (total time 162.8 s)
square - 1/1 - 0 out of 88 successfully perturbed
robust accuracy after SQUARE: 44.00% (total time 256.5 s)
max Linf perturbation: 0.03137, nan in tensor: 0, max: 1.00000, min: 0.00000
robust accuracy: 44.00%
initial accuracy: 82.00%
apgd-ce - 1/1 - 74 out of 164 successfully perturbed
robust accuracy after APGD-CE: 45.00% (total time 10.7 s)
apgd-t - 1/1 - 3 out of 90 successfully perturbed
robust accuracy after APGD-T: 43.50% (total time 76.0 s)
fab-t - 1/1 - 0 out of 87 successfully perturbed
robust accuracy after FAB-T: 43.50% (total time 163.0 s)
square - 1/1 - 0 out of 87 successfully perturbed
robust accuracy after SQUARE: 43.50% (total time 255.2 s)
max Linf perturbation: 0.03137, nan in tensor: 0, max: 1.00000, min: 0.00000
robust accuracy: 43.50%
initial accuracy: 82.50%
apgd-ce - 1/1 - 84 out of 165 successfully perturbed
robust accuracy after APGD-CE: 40.50% (total time 10.7 s)
apgd-t - 1/1 - 5 out of 81 successfully perturbed
robust accuracy after APGD-T: 38.00% (total time 68.1 s)
fab-t - 1/1 - 0 out of 76 successfully perturbed
robust accuracy after FAB-T: 38.00% (total time 146.6 s)
square - 1/1 - 0 out of 76 successfully perturbed
robust accuracy after SQUARE: 38.00% (total time 236.1 s)
max Linf perturbation: 0.03137, nan in tensor: 0, max: 1.00000, min: 0.00000
robust accuracy: 38.00%
initial accuracy: 82.50%
apgd-ce - 1/1 - 77 out of 165 successfully perturbed
robust accuracy after APGD-CE: 44.00% (total time 10.7 s)
apgd-t - 1/1 - 8 out of 88 successfully perturbed
robust accuracy after APGD-T: 40.00% (total time 70.6 s)
fab-t - 1/1 - 0 out of 80 successfully perturbed
robust accuracy after FAB-T: 40.00% (total time 150.3 s)
square - 1/1 - 0 out of 80 successfully perturbed
robust accuracy after SQUARE: 40.00% (total time 239.1 s)
max Linf perturbation: 0.03137, nan in tensor: 0, max: 1.00000, min: 0.00000
robust accuracy: 40.00%
initial accuracy: 84.00%
apgd-ce - 1/1 - 81 out of 168 successfully perturbed
robust accuracy after APGD-CE: 43.50% (total time 10.8 s)
apgd-t - 1/1 - 6 out of 87 successfully perturbed
robust accuracy after APGD-T: 40.50% (total time 74.2 s)
fab-t - 1/1 - 0 out of 81 successfully perturbed
robust accuracy after FAB-T: 40.50% (total time 157.2 s)
square - 1/1 - 0 out of 81 successfully perturbed
robust accuracy after SQUARE: 40.50% (total time 247.0 s)
max Linf perturbation: 0.03137, nan in tensor: 0, max: 1.00000, min: 0.00000
robust accuracy: 40.50%
initial accuracy: 85.50%
apgd-ce - 1/1 - 77 out of 171 successfully perturbed
robust accuracy after APGD-CE: 47.00% (total time 10.9 s)
apgd-t - 1/1 - 5 out of 94 successfully perturbed
robust accuracy after APGD-T: 44.50% (total time 76.9 s)
fab-t - 1/1 - 0 out of 89 successfully perturbed
robust accuracy after FAB-T: 44.50% (total time 165.2 s)
square - 1/1 - 0 out of 89 successfully perturbed
robust accuracy after SQUARE: 44.50% (total time 256.3 s)
max Linf perturbation: 0.03137, nan in tensor: 0, max: 1.00000, min: 0.00000
robust accuracy: 44.50%
initial accuracy: 77.50%
apgd-ce - 1/1 - 69 out of 155 successfully perturbed
robust accuracy after APGD-CE: 43.00% (total time 10.2 s)
apgd-t - 1/1 - 3 out of 86 successfully perturbed
robust accuracy after APGD-T: 41.50% (total time 73.9 s)
fab-t - 1/1 - 0 out of 83 successfully perturbed
robust accuracy after FAB-T: 41.50% (total time 157.0 s)
square - 1/1 - 0 out of 83 successfully perturbed
robust accuracy after SQUARE: 41.50% (total time 250.1 s)
max Linf perturbation: 0.03137, nan in tensor: 0, max: 1.00000, min: 0.00000
robust accuracy: 41.50%
initial accuracy: 81.00%
apgd-ce - 1/1 - 72 out of 162 successfully perturbed
robust accuracy after APGD-CE: 45.00% (total time 10.6 s)
apgd-t - 1/1 - 7 out of 90 successfully perturbed
robust accuracy after APGD-T: 41.50% (total time 74.5 s)
fab-t - 1/1 - 0 out of 83 successfully perturbed
robust accuracy after FAB-T: 41.50% (total time 160.4 s)
square - 1/1 - 0 out of 83 successfully perturbed
robust accuracy after SQUARE: 41.50% (total time 250.8 s)
max Linf perturbation: 0.03137, nan in tensor: 0, max: 1.00000, min: 0.00000
robust accuracy: 41.50%
initial accuracy: 83.50%
apgd-ce - 1/1 - 62 out of 167 successfully perturbed
robust accuracy after APGD-CE: 52.50% (total time 10.8 s)
apgd-t - 1/1 - 5 out of 105 successfully perturbed
robust accuracy after APGD-T: 50.00% (total time 82.3 s)
fab-t - 1/1 - 0 out of 100 successfully perturbed
robust accuracy after FAB-T: 50.00% (total time 175.9 s)
square - 1/1 - 0 out of 100 successfully perturbed
robust accuracy after SQUARE: 50.00% (total time 271.2 s)
max Linf perturbation: 0.03137, nan in tensor: 0, max: 1.00000, min: 0.00000
robust accuracy: 50.00%
initial accuracy: 86.50%
apgd-ce - 1/1 - 89 out of 173 successfully perturbed
robust accuracy after APGD-CE: 42.00% (total time 11.1 s)
apgd-t - 1/1 - 7 out of 84 successfully perturbed
robust accuracy after APGD-T: 38.50% (total time 69.3 s)
fab-t - 1/1 - 0 out of 77 successfully perturbed
robust accuracy after FAB-T: 38.50% (total time 147.7 s)
square - 1/1 - 0 out of 77 successfully perturbed
robust accuracy after SQUARE: 38.50% (total time 240.8 s)
max Linf perturbation: 0.03137, nan in tensor: 0, max: 1.00000, min: 0.00000
robust accuracy: 38.50%
initial accuracy: 80.50%
apgd-ce - 1/1 - 70 out of 161 successfully perturbed
robust accuracy after APGD-CE: 45.50% (total time 10.5 s)
apgd-t - 1/1 - 6 out of 91 successfully perturbed
robust accuracy after APGD-T: 42.50% (total time 75.1 s)
fab-t - 1/1 - 0 out of 85 successfully perturbed
robust accuracy after FAB-T: 42.50% (total time 160.8 s)
square - 1/1 - 0 out of 85 successfully perturbed
robust accuracy after SQUARE: 42.50% (total time 249.0 s)
max Linf perturbation: 0.03137, nan in tensor: 0, max: 1.00000, min: 0.00000
robust accuracy: 42.50%
initial accuracy: 81.00%
apgd-ce - 1/1 - 82 out of 162 successfully perturbed
robust accuracy after APGD-CE: 40.00% (total time 10.5 s)
apgd-t - 1/1 - 10 out of 80 successfully perturbed
robust accuracy after APGD-T: 35.00% (total time 65.9 s)
fab-t - 1/1 - 0 out of 70 successfully perturbed
robust accuracy after FAB-T: 35.00% (total time 140.5 s)
square - 1/1 - 0 out of 70 successfully perturbed
robust accuracy after SQUARE: 35.00% (total time 230.0 s)
max Linf perturbation: 0.03137, nan in tensor: 0, max: 1.00000, min: 0.00000
robust accuracy: 35.00%
initial accuracy: 81.00%
apgd-ce - 1/1 - 67 out of 162 successfully perturbed
robust accuracy after APGD-CE: 47.50% (total time 10.6 s)
apgd-t - 1/1 - 2 out of 95 successfully perturbed
robust accuracy after APGD-T: 46.50% (total time 78.3 s)
fab-t - 1/1 - 0 out of 93 successfully perturbed
robust accuracy after FAB-T: 46.50% (total time 166.3 s)
square - 1/1 - 0 out of 93 successfully perturbed
robust accuracy after SQUARE: 46.50% (total time 260.3 s)
max Linf perturbation: 0.03137, nan in tensor: 0, max: 1.00000, min: 0.00000
robust accuracy: 46.50%
initial accuracy: 83.50%
apgd-ce - 1/1 - 81 out of 167 successfully perturbed
robust accuracy after APGD-CE: 43.00% (total time 10.8 s)
apgd-t - 1/1 - 7 out of 86 successfully perturbed
robust accuracy after APGD-T: 39.50% (total time 71.1 s)
fab-t - 1/1 - 0 out of 79 successfully perturbed
robust accuracy after FAB-T: 39.50% (total time 152.8 s)
square - 1/1 - 0 out of 79 successfully perturbed
robust accuracy after SQUARE: 39.50% (total time 246.7 s)
max Linf perturbation: 0.03137, nan in tensor: 0, max: 1.00000, min: 0.00000
robust accuracy: 39.50%
initial accuracy: 77.50%
apgd-ce - 1/1 - 63 out of 155 successfully perturbed
robust accuracy after APGD-CE: 46.00% (total time 10.2 s)
apgd-t - 1/1 - 5 out of 92 successfully perturbed
robust accuracy after APGD-T: 43.50% (total time 76.4 s)
fab-t - 1/1 - 0 out of 87 successfully perturbed
robust accuracy after FAB-T: 43.50% (total time 162.3 s)
square - 1/1 - 0 out of 87 successfully perturbed
robust accuracy after SQUARE: 43.50% (total time 257.2 s)
max Linf perturbation: 0.03137, nan in tensor: 0, max: 1.00000, min: 0.00000
robust accuracy: 43.50%
initial accuracy: 79.50%
apgd-ce - 1/1 - 69 out of 159 successfully perturbed
robust accuracy after APGD-CE: 45.00% (total time 10.3 s)
apgd-t - 1/1 - 4 out of 90 successfully perturbed
robust accuracy after APGD-T: 43.00% (total time 75.9 s)
fab-t - 1/1 - 0 out of 86 successfully perturbed
robust accuracy after FAB-T: 43.00% (total time 161.3 s)
square - 1/1 - 0 out of 86 successfully perturbed
robust accuracy after SQUARE: 43.00% (total time 255.2 s)
max Linf perturbation: 0.03137, nan in tensor: 0, max: 1.00000, min: 0.00000
robust accuracy: 43.00%
initial accuracy: 81.50%
apgd-ce - 1/1 - 75 out of 163 successfully perturbed
robust accuracy after APGD-CE: 44.00% (total time 10.6 s)
apgd-t - 1/1 - 0 out of 88 successfully perturbed
robust accuracy after APGD-T: 44.00% (total time 76.7 s)
fab-t - 1/1 - 0 out of 88 successfully perturbed
robust accuracy after FAB-T: 44.00% (total time 163.3 s)
square - 1/1 - 0 out of 88 successfully perturbed
robust accuracy after SQUARE: 44.00% (total time 255.0 s)
max Linf perturbation: 0.03137, nan in tensor: 0, max: 1.00000, min: 0.00000
robust accuracy: 44.00%
initial accuracy: 84.50%
apgd-ce - 1/1 - 84 out of 169 successfully perturbed
robust accuracy after APGD-CE: 42.50% (total time 10.8 s)
apgd-t - 1/1 - 2 out of 85 successfully perturbed
robust accuracy after APGD-T: 41.50% (total time 75.2 s)
fab-t - 1/1 - 0 out of 83 successfully perturbed
robust accuracy after FAB-T: 41.50% (total time 161.7 s)
square - 1/1 - 0 out of 83 successfully perturbed
robust accuracy after SQUARE: 41.50% (total time 253.8 s)
max Linf perturbation: 0.03137, nan in tensor: 0, max: 1.00000, min: 0.00000
robust accuracy: 41.50%
initial accuracy: 81.00%
apgd-ce - 1/1 - 83 out of 162 successfully perturbed
robust accuracy after APGD-CE: 39.50% (total time 10.7 s)
apgd-t - 1/1 - 5 out of 79 successfully perturbed
robust accuracy after APGD-T: 37.00% (total time 68.8 s)
fab-t - 1/1 - 0 out of 74 successfully perturbed
robust accuracy after FAB-T: 37.00% (total time 147.4 s)
square - 1/1 - 0 out of 74 successfully perturbed
robust accuracy after SQUARE: 37.00% (total time 236.7 s)
max Linf perturbation: 0.03137, nan in tensor: 0, max: 1.00000, min: 0.00000
robust accuracy: 37.00%
initial accuracy: 82.50%
apgd-ce - 1/1 - 81 out of 165 successfully perturbed
robust accuracy after APGD-CE: 42.00% (total time 10.8 s)
apgd-t - 1/1 - 3 out of 84 successfully perturbed
robust accuracy after APGD-T: 40.50% (total time 72.3 s)
fab-t - 1/1 - 0 out of 81 successfully perturbed
robust accuracy after FAB-T: 40.50% (total time 154.0 s)
square - 1/1 - 0 out of 81 successfully perturbed
robust accuracy after SQUARE: 40.50% (total time 240.0 s)
max Linf perturbation: 0.03137, nan in tensor: 0, max: 1.00000, min: 0.00000
robust accuracy: 40.50%
initial accuracy: 83.00%
apgd-ce - 1/1 - 90 out of 166 successfully perturbed
robust accuracy after APGD-CE: 38.00% (total time 10.7 s)
apgd-t - 1/1 - 3 out of 76 successfully perturbed
robust accuracy after APGD-T: 36.50% (total time 66.6 s)
fab-t - 1/1 - 0 out of 73 successfully perturbed
robust accuracy after FAB-T: 36.50% (total time 143.8 s)
square - 1/1 - 0 out of 73 successfully perturbed
robust accuracy after SQUARE: 36.50% (total time 230.4 s)
max Linf perturbation: 0.03137, nan in tensor: 0, max: 1.00000, min: 0.00000
robust accuracy: 36.50%
initial accuracy: 85.50%
apgd-ce - 1/1 - 73 out of 171 successfully perturbed
robust accuracy after APGD-CE: 49.00% (total time 11.0 s)
apgd-t - 1/1 - 4 out of 98 successfully perturbed
robust accuracy after APGD-T: 47.00% (total time 79.7 s)
fab-t - 1/1 - 0 out of 94 successfully perturbed
robust accuracy after FAB-T: 47.00% (total time 168.1 s)
square - 1/1 - 0 out of 94 successfully perturbed
robust accuracy after SQUARE: 47.00% (total time 259.5 s)
max Linf perturbation: 0.03137, nan in tensor: 0, max: 1.00000, min: 0.00000
robust accuracy: 47.00%
initial accuracy: 86.00%
apgd-ce - 1/1 - 81 out of 172 successfully perturbed
robust accuracy after APGD-CE: 45.50% (total time 11.3 s)
apgd-t - 1/1 - 5 out of 91 successfully perturbed
robust accuracy after APGD-T: 43.00% (total time 77.3 s)
fab-t - 1/1 - 0 out of 86 successfully perturbed
robust accuracy after FAB-T: 43.00% (total time 164.2 s)
square - 1/1 - 0 out of 86 successfully perturbed
robust accuracy after SQUARE: 43.00% (total time 252.5 s)
max Linf perturbation: 0.03137, nan in tensor: 0, max: 1.00000, min: 0.00000
robust accuracy: 43.00%
initial accuracy: 83.00%
apgd-ce - 1/1 - 78 out of 166 successfully perturbed
robust accuracy after APGD-CE: 44.00% (total time 10.8 s)
apgd-t - 1/1 - 2 out of 88 successfully perturbed
robust accuracy after APGD-T: 43.00% (total time 76.3 s)
fab-t - 1/1 - 0 out of 86 successfully perturbed
robust accuracy after FAB-T: 43.00% (total time 162.9 s)
square - 1/1 - 0 out of 86 successfully perturbed
robust accuracy after SQUARE: 43.00% (total time 250.6 s)
max Linf perturbation: 0.03137, nan in tensor: 0, max: 1.00000, min: 0.00000
robust accuracy: 43.00%
initial accuracy: 82.50%
apgd-ce - 1/1 - 71 out of 165 successfully perturbed
robust accuracy after APGD-CE: 47.00% (total time 10.7 s)
apgd-t - 1/1 - 6 out of 94 successfully perturbed
robust accuracy after APGD-T: 44.00% (total time 77.3 s)
fab-t - 1/1 - 0 out of 88 successfully perturbed
robust accuracy after FAB-T: 44.00% (total time 164.9 s)
square - 1/1 - 0 out of 88 successfully perturbed
robust accuracy after SQUARE: 44.00% (total time 252.6 s)
max Linf perturbation: 0.03137, nan in tensor: 0, max: 1.00000, min: 0.00000
robust accuracy: 44.00%
initial accuracy: 82.00%
apgd-ce - 1/1 - 78 out of 164 successfully perturbed
robust accuracy after APGD-CE: 43.00% (total time 10.7 s)
apgd-t - 1/1 - 5 out of 86 successfully perturbed
robust accuracy after APGD-T: 40.50% (total time 73.8 s)
fab-t - 1/1 - 0 out of 81 successfully perturbed
robust accuracy after FAB-T: 40.50% (total time 157.0 s)
square - 1/1 - 0 out of 81 successfully perturbed
robust accuracy after SQUARE: 40.50% (total time 245.4 s)
max Linf perturbation: 0.03137, nan in tensor: 0, max: 1.00000, min: 0.00000
robust accuracy: 40.50%
initial accuracy: 80.50%
apgd-ce - 1/1 - 66 out of 161 successfully perturbed
robust accuracy after APGD-CE: 47.50% (total time 11.1 s)
apgd-t - 1/1 - 8 out of 95 successfully perturbed
robust accuracy after APGD-T: 43.50% (total time 77.7 s)
fab-t - 1/1 - 0 out of 87 successfully perturbed
robust accuracy after FAB-T: 43.50% (total time 164.8 s)
square - 1/1 - 0 out of 87 successfully perturbed
robust accuracy after SQUARE: 43.50% (total time 252.1 s)
max Linf perturbation: 0.03137, nan in tensor: 0, max: 1.00000, min: 0.00000
robust accuracy: 43.50%
