initial accuracy: 85.50%
apgd-ce - 1/1 - 80 out of 171 successfully perturbed
robust accuracy after APGD-CE: 45.50% (total time 8.3 s)
apgd-t - 1/1 - 2 out of 91 successfully perturbed
robust accuracy after APGD-T: 44.50% (total time 50.4 s)
fab-t - 1/1 - 0 out of 89 successfully perturbed
robust accuracy after FAB-T: 44.50% (total time 104.5 s)
square - 1/1 - 0 out of 89 successfully perturbed
robust accuracy after SQUARE: 44.50% (total time 154.5 s)
max Linf perturbation: 0.03137, nan in tensor: 0, max: 1.00000, min: 0.00000
robust accuracy: 44.50%
initial accuracy: 85.00%
apgd-ce - 1/1 - 77 out of 170 successfully perturbed
robust accuracy after APGD-CE: 46.50% (total time 8.3 s)
apgd-t - 1/1 - 4 out of 93 successfully perturbed
robust accuracy after APGD-T: 44.50% (total time 50.6 s)
fab-t - 1/1 - 0 out of 89 successfully perturbed
robust accuracy after FAB-T: 44.50% (total time 104.8 s)
square - 1/1 - 0 out of 89 successfully perturbed
robust accuracy after SQUARE: 44.50% (total time 154.9 s)
max Linf perturbation: 0.03137, nan in tensor: 0, max: 1.00000, min: 0.00000
robust accuracy: 44.50%
initial accuracy: 84.00%
apgd-ce - 1/1 - 64 out of 168 successfully perturbed
robust accuracy after APGD-CE: 52.00% (total time 8.2 s)
apgd-t - 1/1 - 3 out of 104 successfully perturbed
robust accuracy after APGD-T: 50.50% (total time 56.9 s)
fab-t - 1/1 - 0 out of 101 successfully perturbed
robust accuracy after FAB-T: 50.50% (total time 118.5 s)
square - 1/1 - 0 out of 101 successfully perturbed
robust accuracy after SQUARE: 50.50% (total time 174.3 s)
max Linf perturbation: 0.03137, nan in tensor: 0, max: 1.00000, min: 0.00000
robust accuracy: 50.50%
initial accuracy: 81.50%
apgd-ce - 1/1 - 71 out of 163 successfully perturbed
robust accuracy after APGD-CE: 46.00% (total time 8.1 s)
apgd-t - 1/1 - 9 out of 92 successfully perturbed
robust accuracy after APGD-T: 41.50% (total time 48.8 s)
fab-t - 1/1 - 0 out of 83 successfully perturbed
robust accuracy after FAB-T: 41.50% (total time 100.8 s)
square - 1/1 - 0 out of 83 successfully perturbed
robust accuracy after SQUARE: 41.50% (total time 149.9 s)
max Linf perturbation: 0.03137, nan in tensor: 0, max: 1.00000, min: 0.00000
robust accuracy: 41.50%
initial accuracy: 86.00%
apgd-ce - 1/1 - 69 out of 172 successfully perturbed
robust accuracy after APGD-CE: 51.50% (total time 8.4 s)
apgd-t - 1/1 - 10 out of 103 successfully perturbed
robust accuracy after APGD-T: 46.50% (total time 52.3 s)
fab-t - 1/1 - 0 out of 93 successfully perturbed
robust accuracy after FAB-T: 46.50% (total time 107.8 s)
square - 1/1 - 0 out of 93 successfully perturbed
robust accuracy after SQUARE: 46.50% (total time 158.5 s)
max Linf perturbation: 0.03137, nan in tensor: 0, max: 1.00000, min: 0.00000
robust accuracy: 46.50%
initial accuracy: 84.00%
apgd-ce - 1/1 - 59 out of 168 successfully perturbed
robust accuracy after APGD-CE: 54.50% (total time 8.2 s)
apgd-t - 1/1 - 7 out of 109 successfully perturbed
robust accuracy after APGD-T: 51.00% (total time 57.7 s)
fab-t - 1/1 - 0 out of 102 successfully perturbed
robust accuracy after FAB-T: 51.00% (total time 119.8 s)
square - 1/1 - 0 out of 102 successfully perturbed
robust accuracy after SQUARE: 51.00% (total time 175.8 s)
max Linf perturbation: 0.03137, nan in tensor: 0, max: 1.00000, min: 0.00000
robust accuracy: 51.00%
initial accuracy: 81.00%
apgd-ce - 1/1 - 67 out of 162 successfully perturbed
robust accuracy after APGD-CE: 47.50% (total time 8.1 s)
apgd-t - 1/1 - 7 out of 95 successfully perturbed
robust accuracy after APGD-T: 44.00% (total time 49.7 s)
fab-t - 1/1 - 0 out of 88 successfully perturbed
robust accuracy after FAB-T: 44.00% (total time 103.1 s)
square - 1/1 - 0 out of 88 successfully perturbed
robust accuracy after SQUARE: 44.00% (total time 153.2 s)
max Linf perturbation: 0.03137, nan in tensor: 0, max: 1.00000, min: 0.00000
robust accuracy: 44.00%
initial accuracy: 84.00%
apgd-ce - 1/1 - 66 out of 168 successfully perturbed
robust accuracy after APGD-CE: 51.00% (total time 8.3 s)
apgd-t - 1/1 - 8 out of 102 successfully perturbed
robust accuracy after APGD-T: 47.00% (total time 52.5 s)
fab-t - 1/1 - 0 out of 94 successfully perturbed
robust accuracy after FAB-T: 47.00% (total time 108.3 s)
square - 1/1 - 0 out of 94 successfully perturbed
robust accuracy after SQUARE: 47.00% (total time 159.3 s)
max Linf perturbation: 0.03137, nan in tensor: 0, max: 1.00000, min: 0.00000
robust accuracy: 47.00%
initial accuracy: 84.00%
apgd-ce - 1/1 - 73 out of 168 successfully perturbed
robust accuracy after APGD-CE: 47.50% (total time 8.2 s)
apgd-t - 1/1 - 4 out of 95 successfully perturbed
robust accuracy after APGD-T: 45.50% (total time 51.2 s)
fab-t - 1/1 - 0 out of 91 successfully perturbed
robust accuracy after FAB-T: 45.50% (total time 106.3 s)
square - 1/1 - 0 out of 91 successfully perturbed
robust accuracy after SQUARE: 45.50% (total time 156.8 s)
max Linf perturbation: 0.03137, nan in tensor: 0, max: 1.00000, min: 0.00000
robust accuracy: 45.50%
initial accuracy: 82.00%
apgd-ce - 1/1 - 65 out of 164 successfully perturbed
robust accuracy after APGD-CE: 49.50% (total time 8.2 s)
apgd-t - 1/1 - 5 out of 99 successfully perturbed
robust accuracy after APGD-T: 47.00% (total time 52.3 s)
fab-t - 1/1 - 0 out of 94 successfully perturbed
robust accuracy after FAB-T: 47.00% (total time 108.1 s)
square - 1/1 - 0 out of 94 successfully perturbed
robust accuracy after SQUARE: 47.00% (total time 159.2 s)
max Linf perturbation: 0.03137, nan in tensor: 0, max: 1.00000, min: 0.00000
robust accuracy: 47.00%
initial accuracy: 81.50%
apgd-ce - 1/1 - 70 out of 163 successfully perturbed
robust accuracy after APGD-CE: 46.50% (total time 8.2 s)
apgd-t - 1/1 - 5 out of 93 successfully perturbed
robust accuracy after APGD-T: 44.00% (total time 49.7 s)
fab-t - 1/1 - 0 out of 88 successfully perturbed
robust accuracy after FAB-T: 44.00% (total time 103.2 s)
square - 1/1 - 0 out of 88 successfully perturbed
robust accuracy after SQUARE: 44.00% (total time 153.3 s)
max Linf perturbation: 0.03137, nan in tensor: 0, max: 1.00000, min: 0.00000
robust accuracy: 44.00%
initial accuracy: 83.00%
apgd-ce - 1/1 - 69 out of 166 successfully perturbed
robust accuracy after APGD-CE: 48.50% (total time 8.3 s)
apgd-t - 1/1 - 7 out of 97 successfully perturbed
robust accuracy after APGD-T: 45.00% (total time 51.4 s)
fab-t - 1/1 - 0 out of 90 successfully perturbed
robust accuracy after FAB-T: 45.00% (total time 106.2 s)
square - 1/1 - 0 out of 90 successfully perturbed
robust accuracy after SQUARE: 45.00% (total time 156.6 s)
max Linf perturbation: 0.03137, nan in tensor: 0, max: 1.00000, min: 0.00000
robust accuracy: 45.00%
initial accuracy: 79.50%
apgd-ce - 1/1 - 73 out of 159 successfully perturbed
robust accuracy after APGD-CE: 43.00% (total time 7.9 s)
apgd-t - 1/1 - 5 out of 86 successfully perturbed
robust accuracy after APGD-T: 40.50% (total time 48.0 s)
fab-t - 1/1 - 0 out of 81 successfully perturbed
robust accuracy after FAB-T: 40.50% (total time 99.9 s)
square - 1/1 - 0 out of 81 successfully perturbed
robust accuracy after SQUARE: 40.50% (total time 149.0 s)
max Linf perturbation: 0.03137, nan in tensor: 0, max: 1.00000, min: 0.00000
robust accuracy: 40.50%
initial accuracy: 90.50%
apgd-ce - 1/1 - 80 out of 181 successfully perturbed
robust accuracy after APGD-CE: 50.50% (total time 8.9 s)
apgd-t - 1/1 - 4 out of 101 successfully perturbed
robust accuracy after APGD-T: 48.50% (total time 56.8 s)
fab-t - 1/1 - 0 out of 97 successfully perturbed
robust accuracy after FAB-T: 48.50% (total time 117.6 s)
square - 1/1 - 0 out of 97 successfully perturbed
robust accuracy after SQUARE: 48.50% (total time 173.1 s)
max Linf perturbation: 0.03137, nan in tensor: 0, max: 1.00000, min: 0.00000
robust accuracy: 48.50%
initial accuracy: 87.00%
apgd-ce - 1/1 - 72 out of 174 successfully perturbed
robust accuracy after APGD-CE: 51.00% (total time 8.5 s)
apgd-t - 1/1 - 5 out of 102 successfully perturbed
robust accuracy after APGD-T: 48.50% (total time 56.5 s)
fab-t - 1/1 - 0 out of 97 successfully perturbed
robust accuracy after FAB-T: 48.50% (total time 117.3 s)
square - 1/1 - 0 out of 97 successfully perturbed
robust accuracy after SQUARE: 48.50% (total time 172.7 s)
max Linf perturbation: 0.03137, nan in tensor: 0, max: 1.00000, min: 0.00000
robust accuracy: 48.50%
initial accuracy: 81.50%
apgd-ce - 1/1 - 63 out of 163 successfully perturbed
robust accuracy after APGD-CE: 50.00% (total time 8.2 s)
apgd-t - 1/1 - 4 out of 100 successfully perturbed
robust accuracy after APGD-T: 48.00% (total time 53.9 s)
fab-t - 1/1 - 0 out of 96 successfully perturbed
robust accuracy after FAB-T: 48.00% (total time 110.3 s)
square - 1/1 - 0 out of 96 successfully perturbed
robust accuracy after SQUARE: 48.00% (total time 161.9 s)
max Linf perturbation: 0.03137, nan in tensor: 0, max: 1.00000, min: 0.00000
robust accuracy: 48.00%
initial accuracy: 80.00%
apgd-ce - 1/1 - 65 out of 160 successfully perturbed
robust accuracy after APGD-CE: 47.50% (total time 7.8 s)
apgd-t - 1/1 - 6 out of 95 successfully perturbed
robust accuracy after APGD-T: 44.50% (total time 50.6 s)
fab-t - 1/1 - 0 out of 89 successfully perturbed
robust accuracy after FAB-T: 44.50% (total time 105.1 s)
square - 1/1 - 0 out of 89 successfully perturbed
robust accuracy after SQUARE: 44.50% (total time 155.6 s)
max Linf perturbation: 0.03137, nan in tensor: 0, max: 1.00000, min: 0.00000
robust accuracy: 44.50%
initial accuracy: 83.00%
apgd-ce - 1/1 - 58 out of 166 successfully perturbed
robust accuracy after APGD-CE: 54.00% (total time 8.3 s)
apgd-t - 1/1 - 8 out of 108 successfully perturbed
robust accuracy after APGD-T: 50.00% (total time 57.2 s)
fab-t - 1/1 - 0 out of 100 successfully perturbed
robust accuracy after FAB-T: 50.00% (total time 118.8 s)
square - 1/1 - 0 out of 100 successfully perturbed
robust accuracy after SQUARE: 50.00% (total time 174.9 s)
max Linf perturbation: 0.03137, nan in tensor: 0, max: 1.00000, min: 0.00000
robust accuracy: 50.00%
initial accuracy: 81.00%
apgd-ce - 1/1 - 71 out of 162 successfully perturbed
robust accuracy after APGD-CE: 45.50% (total time 8.2 s)
apgd-t - 1/1 - 5 out of 91 successfully perturbed
robust accuracy after APGD-T: 43.00% (total time 50.0 s)
fab-t - 1/1 - 0 out of 86 successfully perturbed
robust accuracy after FAB-T: 43.00% (total time 103.5 s)
square - 1/1 - 0 out of 86 successfully perturbed
robust accuracy after SQUARE: 43.00% (total time 153.4 s)
max Linf perturbation: 0.03137, nan in tensor: 0, max: 1.00000, min: 0.00000
robust accuracy: 43.00%
initial accuracy: 85.50%
apgd-ce - 1/1 - 71 out of 171 successfully perturbed
robust accuracy after APGD-CE: 50.00% (total time 8.4 s)
apgd-t - 1/1 - 4 out of 100 successfully perturbed
robust accuracy after APGD-T: 48.00% (total time 53.5 s)
fab-t - 1/1 - 0 out of 96 successfully perturbed
robust accuracy after FAB-T: 48.00% (total time 109.9 s)
square - 1/1 - 0 out of 96 successfully perturbed
robust accuracy after SQUARE: 48.00% (total time 161.6 s)
max Linf perturbation: 0.03137, nan in tensor: 0, max: 1.00000, min: 0.00000
robust accuracy: 48.00%
initial accuracy: 82.00%
apgd-ce - 1/1 - 57 out of 164 successfully perturbed
robust accuracy after APGD-CE: 53.50% (total time 8.2 s)
apgd-t - 1/1 - 7 out of 107 successfully perturbed
robust accuracy after APGD-T: 50.00% (total time 57.2 s)
fab-t - 1/1 - 0 out of 100 successfully perturbed
robust accuracy after FAB-T: 50.00% (total time 118.9 s)
square - 1/1 - 0 out of 100 successfully perturbed
robust accuracy after SQUARE: 50.00% (total time 175.1 s)
max Linf perturbation: 0.03137, nan in tensor: 0, max: 1.00000, min: 0.00000
robust accuracy: 50.00%
initial accuracy: 88.50%
apgd-ce - 1/1 - 72 out of 177 successfully perturbed
robust accuracy after APGD-CE: 52.50% (total time 8.8 s)
apgd-t - 1/1 - 10 out of 105 successfully perturbed
robust accuracy after APGD-T: 47.50% (total time 54.1 s)
fab-t - 1/1 - 0 out of 95 successfully perturbed
robust accuracy after FAB-T: 47.50% (total time 110.7 s)
square - 1/1 - 0 out of 95 successfully perturbed
robust accuracy after SQUARE: 47.50% (total time 162.1 s)
max Linf perturbation: 0.03137, nan in tensor: 0, max: 1.00000, min: 0.00000
robust accuracy: 47.50%
initial accuracy: 84.50%
apgd-ce - 1/1 - 69 out of 169 successfully perturbed
robust accuracy after APGD-CE: 50.00% (total time 8.4 s)
apgd-t - 1/1 - 12 out of 100 successfully perturbed
robust accuracy after APGD-T: 44.00% (total time 51.3 s)
fab-t - 1/1 - 0 out of 88 successfully perturbed
robust accuracy after FAB-T: 44.00% (total time 104.9 s)
square - 1/1 - 0 out of 88 successfully perturbed
robust accuracy after SQUARE: 44.00% (total time 155.2 s)
max Linf perturbation: 0.03137, nan in tensor: 0, max: 1.00000, min: 0.00000
robust accuracy: 44.00%
initial accuracy: 85.50%
apgd-ce - 1/1 - 75 out of 171 successfully perturbed
robust accuracy after APGD-CE: 48.00% (total time 8.4 s)
apgd-t - 1/1 - 2 out of 96 successfully perturbed
robust accuracy after APGD-T: 47.00% (total time 52.3 s)
fab-t - 1/1 - 0 out of 94 successfully perturbed
robust accuracy after FAB-T: 47.00% (total time 108.4 s)
square - 1/1 - 0 out of 94 successfully perturbed
robust accuracy after SQUARE: 47.00% (total time 159.7 s)
max Linf perturbation: 0.03137, nan in tensor: 0, max: 1.00000, min: 0.00000
robust accuracy: 47.00%
initial accuracy: 84.50%
apgd-ce - 1/1 - 76 out of 169 successfully perturbed
robust accuracy after APGD-CE: 46.50% (total time 8.4 s)
apgd-t - 1/1 - 5 out of 93 successfully perturbed
robust accuracy after APGD-T: 44.00% (total time 50.5 s)
fab-t - 1/1 - 0 out of 88 successfully perturbed
robust accuracy after FAB-T: 44.00% (total time 104.1 s)
square - 1/1 - 0 out of 88 successfully perturbed
robust accuracy after SQUARE: 44.00% (total time 154.4 s)
max Linf perturbation: 0.03137, nan in tensor: 0, max: 1.00000, min: 0.00000
robust accuracy: 44.00%
initial accuracy: 85.00%
apgd-ce - 1/1 - 79 out of 170 successfully perturbed
robust accuracy after APGD-CE: 45.50% (total time 8.4 s)
apgd-t - 1/1 - 6 out of 91 successfully perturbed
robust accuracy after APGD-T: 42.50% (total time 49.7 s)
fab-t - 1/1 - 0 out of 85 successfully perturbed
robust accuracy after FAB-T: 42.50% (total time 102.9 s)
square - 1/1 - 0 out of 85 successfully perturbed
robust accuracy after SQUARE: 42.50% (total time 152.6 s)
max Linf perturbation: 0.03137, nan in tensor: 0, max: 1.00000, min: 0.00000
robust accuracy: 42.50%
initial accuracy: 86.00%
apgd-ce - 1/1 - 82 out of 172 successfully perturbed
robust accuracy after APGD-CE: 45.00% (total time 8.4 s)
apgd-t - 1/1 - 5 out of 90 successfully perturbed
robust accuracy after APGD-T: 42.50% (total time 49.8 s)
fab-t - 1/1 - 0 out of 85 successfully perturbed
robust accuracy after FAB-T: 42.50% (total time 102.9 s)
square - 1/1 - 0 out of 85 successfully perturbed
robust accuracy after SQUARE: 42.50% (total time 152.7 s)
max Linf perturbation: 0.03137, nan in tensor: 0, max: 1.00000, min: 0.00000
robust accuracy: 42.50%
initial accuracy: 82.50%
apgd-ce - 1/1 - 76 out of 165 successfully perturbed
robust accuracy after APGD-CE: 44.50% (total time 8.3 s)
apgd-t - 1/1 - 5 out of 89 successfully perturbed
robust accuracy after APGD-T: 42.00% (total time 49.2 s)
fab-t - 1/1 - 0 out of 84 successfully perturbed
robust accuracy after FAB-T: 42.00% (total time 101.9 s)
square - 1/1 - 0 out of 84 successfully perturbed
robust accuracy after SQUARE: 42.00% (total time 151.5 s)
max Linf perturbation: 0.03137, nan in tensor: 0, max: 1.00000, min: 0.00000
robust accuracy: 42.00%
initial accuracy: 87.50%
apgd-ce - 1/1 - 76 out of 175 successfully perturbed
robust accuracy after APGD-CE: 49.50% (total time 8.6 s)
apgd-t - 1/1 - 4 out of 99 successfully perturbed
robust accuracy after APGD-T: 47.50% (total time 53.7 s)
fab-t - 1/1 - 0 out of 95 successfully perturbed
robust accuracy after FAB-T: 47.50% (total time 110.2 s)
square - 1/1 - 0 out of 95 successfully perturbed
robust accuracy after SQUARE: 47.50% (total time 161.7 s)
max Linf perturbation: 0.03137, nan in tensor: 0, max: 1.00000, min: 0.00000
robust accuracy: 47.50%
initial accuracy: 83.00%
apgd-ce - 1/1 - 75 out of 166 successfully perturbed
robust accuracy after APGD-CE: 45.50% (total time 8.3 s)
apgd-t - 1/1 - 3 out of 91 successfully perturbed
robust accuracy after APGD-T: 44.00% (total time 50.4 s)
fab-t - 1/1 - 0 out of 88 successfully perturbed
robust accuracy after FAB-T: 44.00% (total time 104.1 s)
square - 1/1 - 0 out of 88 successfully perturbed
robust accuracy after SQUARE: 44.00% (total time 154.4 s)
max Linf perturbation: 0.03137, nan in tensor: 0, max: 1.00000, min: 0.00000
robust accuracy: 44.00%
initial accuracy: 80.00%
apgd-ce - 1/1 - 67 out of 160 successfully perturbed
robust accuracy after APGD-CE: 46.50% (total time 7.9 s)
apgd-t - 1/1 - 4 out of 93 successfully perturbed
robust accuracy after APGD-T: 44.50% (total time 50.5 s)
fab-t - 1/1 - 0 out of 89 successfully perturbed
robust accuracy after FAB-T: 44.50% (total time 105.1 s)
square - 1/1 - 0 out of 89 successfully perturbed
robust accuracy after SQUARE: 44.50% (total time 155.6 s)
max Linf perturbation: 0.03137, nan in tensor: 0, max: 1.00000, min: 0.00000
robust accuracy: 44.50%
initial accuracy: 86.50%
apgd-ce - 1/1 - 63 out of 173 successfully perturbed
robust accuracy after APGD-CE: 55.00% (total time 8.5 s)
apgd-t - 1/1 - 5 out of 110 successfully perturbed
robust accuracy after APGD-T: 52.50% (total time 59.2 s)
fab-t - 1/1 - 0 out of 105 successfully perturbed
robust accuracy after FAB-T: 52.50% (total time 123.1 s)
square - 1/1 - 0 out of 105 successfully perturbed
robust accuracy after SQUARE: 52.50% (total time 180.5 s)
max Linf perturbation: 0.03137, nan in tensor: 0, max: 1.00000, min: 0.00000
robust accuracy: 52.50%
initial accuracy: 86.00%
apgd-ce - 1/1 - 84 out of 172 successfully perturbed
robust accuracy after APGD-CE: 44.00% (total time 8.4 s)
apgd-t - 1/1 - 6 out of 88 successfully perturbed
robust accuracy after APGD-T: 41.00% (total time 49.0 s)
fab-t - 1/1 - 0 out of 82 successfully perturbed
robust accuracy after FAB-T: 41.00% (total time 101.3 s)
square - 1/1 - 0 out of 82 successfully perturbed
robust accuracy after SQUARE: 41.00% (total time 150.6 s)
max Linf perturbation: 0.03137, nan in tensor: 0, max: 1.00000, min: 0.00000
robust accuracy: 41.00%
initial accuracy: 81.50%
apgd-ce - 1/1 - 62 out of 163 successfully perturbed
robust accuracy after APGD-CE: 50.50% (total time 8.2 s)
apgd-t - 1/1 - 3 out of 101 successfully perturbed
robust accuracy after APGD-T: 49.00% (total time 56.4 s)
fab-t - 1/1 - 0 out of 98 successfully perturbed
robust accuracy after FAB-T: 49.00% (total time 117.6 s)
square - 1/1 - 0 out of 98 successfully perturbed
robust accuracy after SQUARE: 49.00% (total time 173.2 s)
max Linf perturbation: 0.03137, nan in tensor: 0, max: 1.00000, min: 0.00000
robust accuracy: 49.00%
initial accuracy: 81.50%
apgd-ce - 1/1 - 77 out of 163 successfully perturbed
robust accuracy after APGD-CE: 43.00% (total time 8.2 s)
apgd-t - 1/1 - 7 out of 86 successfully perturbed
robust accuracy after APGD-T: 39.50% (total time 47.5 s)
fab-t - 1/1 - 0 out of 79 successfully perturbed
robust accuracy after FAB-T: 39.50% (total time 97.3 s)
square - 1/1 - 0 out of 79 successfully perturbed
robust accuracy after SQUARE: 39.50% (total time 143.6 s)
max Linf perturbation: 0.03137, nan in tensor: 0, max: 1.00000, min: 0.00000
robust accuracy: 39.50%
initial accuracy: 84.00%
apgd-ce - 1/1 - 71 out of 168 successfully perturbed
robust accuracy after APGD-CE: 48.50% (total time 8.3 s)
apgd-t - 1/1 - 4 out of 97 successfully perturbed
robust accuracy after APGD-T: 46.50% (total time 52.3 s)
fab-t - 1/1 - 0 out of 93 successfully perturbed
robust accuracy after FAB-T: 46.50% (total time 108.2 s)
square - 1/1 - 0 out of 93 successfully perturbed
robust accuracy after SQUARE: 46.50% (total time 159.2 s)
max Linf perturbation: 0.03137, nan in tensor: 0, max: 1.00000, min: 0.00000
robust accuracy: 46.50%
initial accuracy: 85.50%
apgd-ce - 1/1 - 88 out of 171 successfully perturbed
robust accuracy after APGD-CE: 41.50% (total time 8.4 s)
apgd-t - 1/1 - 7 out of 83 successfully perturbed
robust accuracy after APGD-T: 38.00% (total time 46.2 s)
fab-t - 1/1 - 0 out of 76 successfully perturbed
robust accuracy after FAB-T: 38.00% (total time 94.9 s)
square - 1/1 - 0 out of 76 successfully perturbed
robust accuracy after SQUARE: 38.00% (total time 140.4 s)
max Linf perturbation: 0.03137, nan in tensor: 0, max: 1.00000, min: 0.00000
robust accuracy: 38.00%
initial accuracy: 82.50%
apgd-ce - 1/1 - 71 out of 165 successfully perturbed
robust accuracy after APGD-CE: 47.00% (total time 8.2 s)
apgd-t - 1/1 - 4 out of 94 successfully perturbed
robust accuracy after APGD-T: 45.00% (total time 51.1 s)
fab-t - 1/1 - 0 out of 90 successfully perturbed
robust accuracy after FAB-T: 45.00% (total time 105.9 s)
square - 1/1 - 0 out of 90 successfully perturbed
robust accuracy after SQUARE: 45.00% (total time 156.3 s)
max Linf perturbation: 0.03137, nan in tensor: 0, max: 1.00000, min: 0.00000
robust accuracy: 45.00%
initial accuracy: 82.50%
apgd-ce - 1/1 - 66 out of 165 successfully perturbed
robust accuracy after APGD-CE: 49.50% (total time 8.2 s)
apgd-t - 1/1 - 7 out of 99 successfully perturbed
robust accuracy after APGD-T: 46.00% (total time 51.8 s)
fab-t - 1/1 - 0 out of 92 successfully perturbed
robust accuracy after FAB-T: 46.00% (total time 107.0 s)
square - 1/1 - 0 out of 92 successfully perturbed
robust accuracy after SQUARE: 46.00% (total time 157.7 s)
max Linf perturbation: 0.03137, nan in tensor: 0, max: 1.00000, min: 0.00000
robust accuracy: 46.00%
initial accuracy: 80.50%
apgd-ce - 1/1 - 66 out of 161 successfully perturbed
robust accuracy after APGD-CE: 47.50% (total time 8.1 s)
apgd-t - 1/1 - 3 out of 95 successfully perturbed
robust accuracy after APGD-T: 46.00% (total time 51.2 s)
fab-t - 1/1 - 0 out of 92 successfully perturbed
robust accuracy after FAB-T: 46.00% (total time 106.3 s)
square - 1/1 - 0 out of 92 successfully perturbed
robust accuracy after SQUARE: 46.00% (total time 157.0 s)
max Linf perturbation: 0.03137, nan in tensor: 0, max: 1.00000, min: 0.00000
robust accuracy: 46.00%
initial accuracy: 84.50%
apgd-ce - 1/1 - 73 out of 169 successfully perturbed
robust accuracy after APGD-CE: 48.00% (total time 8.3 s)
apgd-t - 1/1 - 4 out of 96 successfully perturbed
robust accuracy after APGD-T: 46.00% (total time 51.3 s)
fab-t - 1/1 - 0 out of 92 successfully perturbed
robust accuracy after FAB-T: 46.00% (total time 106.5 s)
square - 1/1 - 0 out of 92 successfully perturbed
robust accuracy after SQUARE: 46.00% (total time 157.2 s)
max Linf perturbation: 0.03137, nan in tensor: 0, max: 1.00000, min: 0.00000
robust accuracy: 46.00%
initial accuracy: 82.50%
apgd-ce - 1/1 - 84 out of 165 successfully perturbed
robust accuracy after APGD-CE: 40.50% (total time 8.2 s)
apgd-t - 1/1 - 3 out of 81 successfully perturbed
robust accuracy after APGD-T: 39.00% (total time 46.4 s)
fab-t - 1/1 - 0 out of 78 successfully perturbed
robust accuracy after FAB-T: 39.00% (total time 95.6 s)
square - 1/1 - 0 out of 78 successfully perturbed
robust accuracy after SQUARE: 39.00% (total time 141.5 s)
max Linf perturbation: 0.03137, nan in tensor: 0, max: 1.00000, min: 0.00000
robust accuracy: 39.00%
initial accuracy: 83.00%
apgd-ce - 1/1 - 66 out of 166 successfully perturbed
robust accuracy after APGD-CE: 50.00% (total time 8.3 s)
apgd-t - 1/1 - 6 out of 100 successfully perturbed
robust accuracy after APGD-T: 47.00% (total time 52.4 s)
fab-t - 1/1 - 0 out of 94 successfully perturbed
robust accuracy after FAB-T: 47.00% (total time 108.3 s)
square - 1/1 - 0 out of 94 successfully perturbed
robust accuracy after SQUARE: 47.00% (total time 159.3 s)
max Linf perturbation: 0.03137, nan in tensor: 0, max: 1.00000, min: 0.00000
robust accuracy: 47.00%
initial accuracy: 88.00%
apgd-ce - 1/1 - 88 out of 176 successfully perturbed
robust accuracy after APGD-CE: 44.00% (total time 8.6 s)
apgd-t - 1/1 - 5 out of 88 successfully perturbed
robust accuracy after APGD-T: 41.50% (total time 49.1 s)
fab-t - 1/1 - 0 out of 83 successfully perturbed
robust accuracy after FAB-T: 41.50% (total time 101.5 s)
square - 1/1 - 0 out of 83 successfully perturbed
robust accuracy after SQUARE: 41.50% (total time 150.7 s)
max Linf perturbation: 0.03137, nan in tensor: 0, max: 1.00000, min: 0.00000
robust accuracy: 41.50%
initial accuracy: 85.50%
apgd-ce - 1/1 - 65 out of 171 successfully perturbed
robust accuracy after APGD-CE: 53.00% (total time 8.4 s)
apgd-t - 1/1 - 7 out of 106 successfully perturbed
robust accuracy after APGD-T: 49.50% (total time 57.0 s)
fab-t - 1/1 - 0 out of 99 successfully perturbed
robust accuracy after FAB-T: 49.50% (total time 118.3 s)
square - 1/1 - 0 out of 99 successfully perturbed
robust accuracy after SQUARE: 49.50% (total time 174.0 s)
max Linf perturbation: 0.03137, nan in tensor: 0, max: 1.00000, min: 0.00000
robust accuracy: 49.50%
initial accuracy: 86.50%
apgd-ce - 1/1 - 71 out of 173 successfully perturbed
robust accuracy after APGD-CE: 51.00% (total time 8.5 s)
apgd-t - 1/1 - 6 out of 102 successfully perturbed
robust accuracy after APGD-T: 48.00% (total time 52.9 s)
fab-t - 1/1 - 0 out of 96 successfully perturbed
robust accuracy after FAB-T: 48.00% (total time 109.0 s)
square - 1/1 - 0 out of 96 successfully perturbed
robust accuracy after SQUARE: 48.00% (total time 160.3 s)
max Linf perturbation: 0.03137, nan in tensor: 0, max: 1.00000, min: 0.00000
robust accuracy: 48.00%
initial accuracy: 82.00%
apgd-ce - 1/1 - 67 out of 164 successfully perturbed
robust accuracy after APGD-CE: 48.50% (total time 8.2 s)
apgd-t - 1/1 - 3 out of 97 successfully perturbed
robust accuracy after APGD-T: 47.00% (total time 52.3 s)
fab-t - 1/1 - 0 out of 94 successfully perturbed
robust accuracy after FAB-T: 47.00% (total time 108.1 s)
square - 1/1 - 0 out of 94 successfully perturbed
robust accuracy after SQUARE: 47.00% (total time 159.1 s)
max Linf perturbation: 0.03137, nan in tensor: 0, max: 1.00000, min: 0.00000
robust accuracy: 47.00%
initial accuracy: 85.00%
apgd-ce - 1/1 - 71 out of 170 successfully perturbed
robust accuracy after APGD-CE: 49.50% (total time 8.3 s)
apgd-t - 1/1 - 5 out of 99 successfully perturbed
robust accuracy after APGD-T: 47.00% (total time 52.5 s)
fab-t - 1/1 - 0 out of 94 successfully perturbed
robust accuracy after FAB-T: 47.00% (total time 108.3 s)
square - 1/1 - 0 out of 94 successfully perturbed
robust accuracy after SQUARE: 47.00% (total time 159.4 s)
max Linf perturbation: 0.03137, nan in tensor: 0, max: 1.00000, min: 0.00000
robust accuracy: 47.00%
initial accuracy: 86.00%
apgd-ce - 1/1 - 77 out of 172 successfully perturbed
robust accuracy after APGD-CE: 47.50% (total time 8.4 s)
apgd-t - 1/1 - 5 out of 95 successfully perturbed
robust accuracy after APGD-T: 45.00% (total time 51.2 s)
fab-t - 1/1 - 0 out of 90 successfully perturbed
robust accuracy after FAB-T: 45.00% (total time 105.8 s)
square - 1/1 - 0 out of 90 successfully perturbed
robust accuracy after SQUARE: 45.00% (total time 156.1 s)
max Linf perturbation: 0.03137, nan in tensor: 0, max: 1.00000, min: 0.00000
robust accuracy: 45.00%
initial accuracy: 84.50%
apgd-ce - 1/1 - 70 out of 169 successfully perturbed
robust accuracy after APGD-CE: 49.50% (total time 8.3 s)
apgd-t - 1/1 - 5 out of 99 successfully perturbed
robust accuracy after APGD-T: 47.00% (total time 52.6 s)
fab-t - 1/1 - 0 out of 94 successfully perturbed
robust accuracy after FAB-T: 47.00% (total time 108.4 s)
square - 1/1 - 0 out of 94 successfully perturbed
robust accuracy after SQUARE: 47.00% (total time 159.4 s)
max Linf perturbation: 0.03137, nan in tensor: 0, max: 1.00000, min: 0.00000
robust accuracy: 47.00%
