[2022/09/19 18:04:15] - Namespace(alpha=2.0, batch_size=128, data_dir='/mnt/storage0_8/torch_datasets/cifar-data', delta_init='uniform', epochs=100, epsilon=8, fname='output_wide', gamma=1.01, init_tau=8, lr_max=0.05, lr_min=0.0, lr_schedule='multistep', max_iteration=8, model='wide', momentum=0.9, normalization='std', out_dir='mdeat_out', save_model=True, seed=0, weight_decay=0.0005, wide_factor=10)
[2022/09/19 18:04:19] - Epoch 	 Seconds 	 LR 	 	 Train Loss 	 Train Acc 	 Val Acc 	 MG 	 CW Acc
[2022/09/19 18:07:06] - 0 	 110.2 	 	 0.0500 	 1.4518 	 0.4695 	 0.5418	 6482.8203 	 0.0145
[2022/09/19 18:11:51] - 1 	 223.1 	 	 0.0500 	 1.4003 	 0.4814 	 0.6340	 6379.1401 	 0.0781
[2022/09/19 18:16:35] - 2 	 223.3 	 	 0.0500 	 1.1553 	 0.5704 	 0.7359	 6534.0166 	 0.1203
[2022/09/19 18:23:11] - 3 	 334.9 	 	 0.0500 	 1.3416 	 0.4900 	 0.7027	 5556.2119 	 0.1617
[2022/09/19 18:29:48] - 4 	 334.9 	 	 0.0500 	 1.2431 	 0.5301 	 0.7363	 5481.4326 	 0.1625
[2022/09/19 18:36:24] - 5 	 335.0 	 	 0.0500 	 1.1903 	 0.5494 	 0.7656	 5574.4043 	 0.1914
[2022/09/19 18:43:00] - 6 	 334.8 	 	 0.0500 	 1.1466 	 0.5637 	 0.7449	 5662.3472 	 0.2004
[2022/09/19 18:49:36] - 7 	 334.6 	 	 0.0500 	 1.1144 	 0.5764 	 0.7625	 5719.9932 	 0.1453
[2022/09/19 18:56:11] - 8 	 334.5 	 	 0.0500 	 1.0840 	 0.5859 	 0.7609	 5775.6104 	 0.1676
[2022/09/19 19:02:46] - 9 	 334.4 	 	 0.0500 	 1.0617 	 0.5906 	 0.7758	 5840.3364 	 0.1832
[2022/09/19 19:09:22] - 10 	 334.4 	 	 0.0500 	 1.0432 	 0.5970 	 0.7840	 5891.4897 	 0.1371
[2022/09/19 19:15:57] - 11 	 334.4 	 	 0.0500 	 1.0154 	 0.6081 	 0.7570	 5866.6313 	 0.1320
[2022/09/19 19:22:32] - 12 	 334.2 	 	 0.0500 	 1.0072 	 0.6114 	 0.7754	 5911.6406 	 0.1695
[2022/09/19 19:29:07] - 13 	 334.2 	 	 0.0500 	 0.9818 	 0.6195 	 0.8016	 5999.7651 	 0.1879
[2022/09/19 19:35:42] - 14 	 334.2 	 	 0.0500 	 0.9703 	 0.6221 	 0.7887	 5939.4180 	 0.1926
[2022/09/19 19:42:17] - 15 	 334.2 	 	 0.0500 	 0.9612 	 0.6275 	 0.7516	 6019.4634 	 0.1648
[2022/09/19 19:48:52] - 16 	 334.2 	 	 0.0500 	 0.9535 	 0.6312 	 0.7973	 6003.8525 	 0.2000
[2022/09/19 19:55:27] - 17 	 334.2 	 	 0.0500 	 0.9417 	 0.6299 	 0.8086	 6029.6084 	 0.2004
[2022/09/19 20:02:02] - 18 	 334.2 	 	 0.0500 	 0.9308 	 0.6379 	 0.8156	 6088.3677 	 0.1750
[2022/09/19 20:08:37] - 19 	 334.2 	 	 0.0500 	 0.9255 	 0.6366 	 0.8066	 6067.4707 	 0.1750
[2022/09/19 20:15:12] - 20 	 334.3 	 	 0.0500 	 0.9204 	 0.6390 	 0.8109	 6097.5596 	 0.1785
[2022/09/19 20:21:47] - 21 	 334.1 	 	 0.0500 	 0.9077 	 0.6436 	 0.8285	 6119.7563 	 0.2227
[2022/09/19 20:28:22] - 22 	 334.0 	 	 0.0500 	 0.9009 	 0.6439 	 0.8059	 6123.1753 	 0.1602
[2022/09/19 20:34:57] - 23 	 334.1 	 	 0.0500 	 0.8981 	 0.6466 	 0.7973	 6117.4521 	 0.1773
[2022/09/19 20:41:32] - 24 	 334.0 	 	 0.0500 	 0.8938 	 0.6472 	 0.8254	 6087.7739 	 0.1980
[2022/09/19 20:48:06] - 25 	 334.0 	 	 0.0500 	 0.8892 	 0.6480 	 0.8250	 6161.6353 	 0.2195
[2022/09/19 20:54:41] - 26 	 334.1 	 	 0.0500 	 0.8822 	 0.6512 	 0.8398	 6137.1865 	 0.2012
[2022/09/19 21:01:16] - 27 	 334.0 	 	 0.0500 	 0.8763 	 0.6516 	 0.8156	 6134.0356 	 0.2062
[2022/09/19 21:07:51] - 28 	 334.0 	 	 0.0500 	 0.8762 	 0.6559 	 0.8012	 6165.7705 	 0.1824
[2022/09/19 21:14:26] - 29 	 334.1 	 	 0.0500 	 0.8743 	 0.6544 	 0.8352	 6168.5259 	 0.1977
[2022/09/19 21:21:00] - 30 	 333.9 	 	 0.0500 	 0.8683 	 0.6555 	 0.8105	 6154.4419 	 0.1844
[2022/09/19 21:27:35] - 31 	 333.9 	 	 0.0500 	 0.8649 	 0.6562 	 0.7941	 6172.0952 	 0.2133
[2022/09/19 21:34:10] - 32 	 334.0 	 	 0.0500 	 0.8635 	 0.6573 	 0.8344	 6178.3911 	 0.1863
[2022/09/19 21:40:45] - 33 	 333.9 	 	 0.0500 	 0.8584 	 0.6572 	 0.8055	 6207.7129 	 0.2340
[2022/09/19 21:47:19] - 34 	 333.9 	 	 0.0500 	 0.8608 	 0.6582 	 0.7953	 6155.0908 	 0.1871
[2022/09/19 21:53:54] - 35 	 334.0 	 	 0.0500 	 0.8565 	 0.6566 	 0.8441	 6229.0586 	 0.1898
[2022/09/19 22:00:29] - 36 	 333.9 	 	 0.0500 	 0.8518 	 0.6616 	 0.8254	 6171.5352 	 0.1828
[2022/09/19 22:07:03] - 37 	 333.9 	 	 0.0500 	 0.8550 	 0.6597 	 0.8195	 6176.0244 	 0.1891
[2022/09/19 22:13:38] - 38 	 334.0 	 	 0.0500 	 0.8486 	 0.6613 	 0.8348	 6186.3818 	 0.1852
[2022/09/19 22:20:13] - 39 	 333.9 	 	 0.0500 	 0.8441 	 0.6631 	 0.8438	 6189.6602 	 0.2023
[2022/09/19 22:26:47] - 40 	 333.8 	 	 0.0500 	 0.8423 	 0.6613 	 0.8355	 6165.0063 	 0.2094
[2022/09/19 22:33:22] - 41 	 333.9 	 	 0.0500 	 0.8425 	 0.6628 	 0.8074	 6210.2910 	 0.1711
[2022/09/19 22:39:56] - 42 	 333.9 	 	 0.0500 	 0.8472 	 0.6587 	 0.8574	 6236.4292 	 0.2168
[2022/09/19 22:46:31] - 43 	 333.9 	 	 0.0500 	 0.8418 	 0.6664 	 0.8422	 6160.0708 	 0.1961
[2022/09/19 22:53:05] - 44 	 333.8 	 	 0.0500 	 0.8399 	 0.6661 	 0.8152	 6218.2705 	 0.1754
[2022/09/19 22:59:40] - 45 	 333.7 	 	 0.0500 	 0.8399 	 0.6628 	 0.8168	 6212.8823 	 0.2285
[2022/09/19 23:06:14] - 46 	 333.8 	 	 0.0500 	 0.8413 	 0.6632 	 0.8324	 6259.5054 	 0.2031
[2022/09/19 23:12:49] - 47 	 333.9 	 	 0.0500 	 0.8325 	 0.6665 	 0.8133	 6179.6758 	 0.2148
[2022/09/19 23:19:23] - 48 	 333.8 	 	 0.0500 	 0.8350 	 0.6658 	 0.8512	 6197.2930 	 0.1812
[2022/09/19 23:25:58] - 49 	 333.8 	 	 0.0050 	 0.8354 	 0.6645 	 0.8461	 6238.7280 	 0.1961
[2022/09/19 23:32:33] - 50 	 333.9 	 	 0.0050 	 0.6444 	 0.7527 	 0.9125	 4731.8672 	 0.3000
[2022/09/19 23:39:07] - 51 	 333.7 	 	 0.0050 	 0.5398 	 0.7934 	 0.9184	 4521.3320 	 0.3051
[2022/09/19 23:45:42] - 52 	 333.7 	 	 0.0050 	 0.4913 	 0.8083 	 0.9156	 4449.1035 	 0.3148
[2022/09/19 23:53:05] - Namespace(alpha=2.0, batch_size=128, data_dir='/mnt/storage0_8/torch_datasets/cifar-data', delta_init='uniform', epochs=100, epsilon=8, fname='output_wide', gamma=1.01, init_tau=8, lr_max=0.1, lr_min=0.0, lr_schedule='multistep', max_iteration=8, model='wide', momentum=0.9, normalization='std', out_dir='mdeat_out', save_model=True, seed=0, weight_decay=0.0005, wide_factor=10)
[2022/09/19 23:53:08] - Epoch 	 Seconds 	 LR 	 	 Train Loss 	 Train Acc 	 Val Acc 	 MG 	 CW Acc
[2022/09/19 23:55:52] - 0 	 110.6 	 	 0.1000 	 1.5642 	 0.4212 	 0.4941	 5389.4521 	 0.0047
[2022/09/20 00:00:36] - 1 	 223.3 	 	 0.1000 	 1.4806 	 0.4477 	 0.6031	 5542.8516 	 0.0660
[2022/09/20 00:05:21] - 2 	 223.3 	 	 0.1000 	 1.2556 	 0.5332 	 0.6672	 6219.1689 	 0.1238
[2022/09/20 00:11:57] - 3 	 334.9 	 	 0.1000 	 1.4218 	 0.4621 	 0.6906	 5220.7920 	 0.1602
[2022/09/20 00:18:33] - 4 	 334.7 	 	 0.1000 	 1.3418 	 0.4932 	 0.6402	 5317.9888 	 0.1473
[2022/09/20 00:25:08] - 5 	 334.4 	 	 0.1000 	 1.2943 	 0.5105 	 0.7215	 5432.4741 	 0.1562
[2022/09/20 00:31:44] - 6 	 334.4 	 	 0.1000 	 1.2567 	 0.5240 	 0.6969	 5541.3823 	 0.1445
[2022/09/20 00:38:19] - 7 	 334.4 	 	 0.1000 	 1.2248 	 0.5348 	 0.6883	 5554.6558 	 0.1281
[2022/09/20 00:44:54] - 8 	 334.2 	 	 0.1000 	 1.2040 	 0.5436 	 0.6965	 5659.7402 	 0.1688
[2022/09/20 00:51:29] - 9 	 334.2 	 	 0.1000 	 1.1831 	 0.5474 	 0.7203	 5701.9062 	 0.1730
[2022/09/20 00:58:04] - 10 	 334.1 	 	 0.1000 	 1.1672 	 0.5549 	 0.7145	 5753.4707 	 0.1293
[2022/09/20 01:04:39] - 11 	 334.0 	 	 0.1000 	 1.1521 	 0.5611 	 0.6562	 5751.2061 	 0.1344
[2022/09/20 01:11:14] - 12 	 334.1 	 	 0.1000 	 1.1447 	 0.5629 	 0.7047	 5796.0039 	 0.1469
[2022/09/20 01:17:49] - 13 	 334.2 	 	 0.1000 	 1.1318 	 0.5659 	 0.7184	 5868.3501 	 0.1672
[2022/09/20 01:24:24] - 14 	 334.1 	 	 0.1000 	 1.1193 	 0.5712 	 0.7312	 5843.2183 	 0.1488
[2022/09/20 01:30:59] - 15 	 334.1 	 	 0.1000 	 1.1168 	 0.5721 	 0.6867	 5907.2314 	 0.1383
[2022/09/20 01:37:34] - 16 	 334.1 	 	 0.1000 	 1.1190 	 0.5695 	 0.7609	 5895.0347 	 0.1441
[2022/09/20 01:44:08] - 17 	 334.0 	 	 0.1000 	 1.1066 	 0.5754 	 0.7566	 5879.7583 	 0.1574
[2022/09/20 01:50:43] - 18 	 334.0 	 	 0.1000 	 1.1014 	 0.5768 	 0.7324	 5913.8184 	 0.1996
[2022/09/20 01:57:18] - 19 	 334.1 	 	 0.1000 	 1.0978 	 0.5775 	 0.6844	 5933.0776 	 0.1223
[2022/09/20 02:03:52] - 20 	 333.6 	 	 0.1000 	 1.0967 	 0.5774 	 0.7289	 5971.7739 	 0.1418
[2022/09/20 02:10:27] - 21 	 333.7 	 	 0.1000 	 1.0865 	 0.5818 	 0.7332	 5972.1880 	 0.1523
[2022/09/20 02:17:01] - 22 	 333.8 	 	 0.1000 	 1.0847 	 0.5827 	 0.6898	 5961.2925 	 0.1449
[2022/09/20 02:23:36] - 23 	 333.9 	 	 0.1000 	 1.0849 	 0.5832 	 0.7043	 5983.1069 	 0.1598
[2022/09/20 02:30:10] - 24 	 333.7 	 	 0.1000 	 1.0898 	 0.5832 	 0.7242	 5906.1006 	 0.1375
[2022/09/20 02:36:44] - 25 	 333.5 	 	 0.1000 	 1.0867 	 0.5822 	 0.7051	 6016.5332 	 0.1715
[2022/09/20 02:43:19] - 26 	 333.7 	 	 0.1000 	 1.0796 	 0.5844 	 0.7820	 5960.6875 	 0.1707
[2022/09/20 02:49:53] - 27 	 333.6 	 	 0.1000 	 1.0774 	 0.5829 	 0.7695	 6021.4458 	 0.1746
[2022/09/20 02:56:27] - 28 	 333.5 	 	 0.1000 	 1.0774 	 0.5856 	 0.7207	 6004.5742 	 0.1711
[2022/09/20 03:03:02] - 29 	 333.5 	 	 0.1000 	 1.0779 	 0.5830 	 0.6922	 6021.6040 	 0.1508
[2022/09/20 03:09:36] - 30 	 333.4 	 	 0.1000 	 1.0745 	 0.5871 	 0.7602	 5954.9580 	 0.1598
[2022/09/20 03:16:09] - 31 	 333.3 	 	 0.1000 	 1.0735 	 0.5861 	 0.7820	 5953.3931 	 0.1863
[2022/09/20 03:22:44] - 32 	 333.5 	 	 0.1000 	 1.0783 	 0.5853 	 0.7535	 5992.5786 	 0.1570
[2022/09/20 03:29:17] - 33 	 333.3 	 	 0.1000 	 1.0723 	 0.5847 	 0.6816	 6008.0303 	 0.1688
[2022/09/20 03:35:51] - 34 	 333.2 	 	 0.1000 	 1.0756 	 0.5874 	 0.7348	 5960.3477 	 0.1437
[2022/09/20 03:42:25] - 35 	 333.2 	 	 0.1000 	 1.0682 	 0.5894 	 0.7770	 6000.3901 	 0.1938
[2022/09/20 03:48:59] - 36 	 333.1 	 	 0.1000 	 1.0661 	 0.5914 	 0.7352	 5972.6362 	 0.1609
[2022/09/20 03:55:32] - 37 	 332.9 	 	 0.1000 	 1.0700 	 0.5873 	 0.7703	 5980.1289 	 0.1629
[2022/09/20 04:02:05] - 38 	 332.9 	 	 0.1000 	 1.0702 	 0.5855 	 0.7531	 6039.3926 	 0.1441
[2022/09/20 04:08:39] - 39 	 333.0 	 	 0.1000 	 1.0636 	 0.5920 	 0.7496	 5983.9585 	 0.1719
[2022/09/20 04:15:12] - 40 	 332.8 	 	 0.1000 	 1.0638 	 0.5896 	 0.7570	 5975.0713 	 0.1773
[2022/09/20 04:21:46] - 41 	 332.8 	 	 0.1000 	 1.0680 	 0.5894 	 0.6809	 6033.9531 	 0.1273
[2022/09/20 04:28:19] - 42 	 332.7 	 	 0.1000 	 1.0698 	 0.5868 	 0.7785	 6009.8140 	 0.1617
[2022/09/20 04:34:53] - 43 	 333.0 	 	 0.1000 	 1.0709 	 0.5895 	 0.7672	 5963.9756 	 0.1512
[2022/09/20 04:41:26] - 44 	 333.1 	 	 0.1000 	 1.0692 	 0.5891 	 0.7223	 6021.2295 	 0.1547
[2022/09/20 04:48:00] - 45 	 333.1 	 	 0.1000 	 1.0703 	 0.5889 	 0.7539	 6024.7676 	 0.1758
[2022/09/20 04:54:33] - 46 	 332.9 	 	 0.1000 	 1.0682 	 0.5878 	 0.7695	 6060.5425 	 0.1633
[2022/09/20 05:01:07] - 47 	 332.8 	 	 0.1000 	 1.0620 	 0.5905 	 0.7422	 5998.6201 	 0.1973
[2022/09/20 05:07:40] - 48 	 332.8 	 	 0.1000 	 1.0637 	 0.5894 	 0.7344	 6004.3730 	 0.1156
[2022/09/20 05:14:13] - 49 	 332.7 	 	 0.0100 	 1.0645 	 0.5872 	 0.8129	 6048.3750 	 0.1484
[2022/09/20 05:20:47] - 50 	 332.7 	 	 0.0100 	 0.8545 	 0.6786 	 0.8816	 5015.9316 	 0.2863
[2022/09/20 05:27:20] - 51 	 332.8 	 	 0.0100 	 0.7535 	 0.7134 	 0.8941	 5003.2417 	 0.2848
[2022/09/20 05:33:54] - 52 	 332.9 	 	 0.0100 	 0.7088 	 0.7288 	 0.8934	 5016.6763 	 0.2969
[2022/09/20 05:40:28] - 53 	 333.0 	 	 0.0100 	 0.6689 	 0.7404 	 0.9027	 5060.1460 	 0.2934
[2022/09/20 05:47:01] - 54 	 332.8 	 	 0.0100 	 0.6403 	 0.7515 	 0.9027	 5074.6787 	 0.2824
[2022/09/20 05:53:35] - 55 	 332.9 	 	 0.0100 	 0.6155 	 0.7562 	 0.9012	 5135.9390 	 0.2781
[2022/09/20 06:00:08] - 56 	 332.8 	 	 0.0100 	 0.6013 	 0.7599 	 0.8980	 5240.4185 	 0.2617
[2022/09/20 06:06:41] - 57 	 332.6 	 	 0.0100 	 0.5869 	 0.7632 	 0.8988	 5308.9492 	 0.2687
[2022/09/20 06:13:15] - 58 	 332.8 	 	 0.0100 	 0.5725 	 0.7686 	 0.8992	 5305.8594 	 0.2590
[2022/09/20 06:19:48] - 59 	 332.7 	 	 0.0100 	 0.5639 	 0.7719 	 0.8895	 5408.4673 	 0.2703
[2022/09/20 06:26:21] - 60 	 332.5 	 	 0.0100 	 0.5546 	 0.7719 	 0.8992	 5435.0112 	 0.2523
[2022/09/20 06:32:54] - 61 	 332.8 	 	 0.0100 	 0.5470 	 0.7735 	 0.8805	 5523.6543 	 0.2398
[2022/09/20 06:39:28] - 62 	 332.8 	 	 0.0100 	 0.5389 	 0.7780 	 0.8926	 5527.4009 	 0.2602
[2022/09/20 06:46:01] - 63 	 332.7 	 	 0.0100 	 0.5336 	 0.7766 	 0.8891	 5571.8740 	 0.2449
[2022/09/20 06:52:34] - 64 	 332.6 	 	 0.0100 	 0.5259 	 0.7799 	 0.8918	 5561.3892 	 0.2492
[2022/09/20 06:59:07] - 65 	 332.7 	 	 0.0100 	 0.5119 	 0.7842 	 0.9000	 5548.2251 	 0.2437
[2022/09/20 07:05:41] - 66 	 332.7 	 	 0.0100 	 0.5074 	 0.7848 	 0.8887	 5563.1055 	 0.2578
[2022/09/20 07:12:14] - 67 	 332.7 	 	 0.0100 	 0.4967 	 0.7887 	 0.8871	 5575.2954 	 0.2586
[2022/09/20 07:18:47] - 68 	 332.6 	 	 0.0100 	 0.4935 	 0.7886 	 0.8836	 5591.0283 	 0.2480
[2022/09/20 07:25:23] - 69 	 335.4 	 	 0.0100 	 0.4800 	 0.7952 	 0.8984	 5594.3892 	 0.2602
[2022/09/20 07:31:56] - 70 	 332.5 	 	 0.0100 	 0.4772 	 0.7957 	 0.8926	 5597.6567 	 0.2430
[2022/09/20 07:38:29] - 71 	 332.4 	 	 0.0100 	 0.4678 	 0.7994 	 0.8906	 5587.1455 	 0.2254
[2022/09/20 07:45:01] - 72 	 332.1 	 	 0.0100 	 0.4614 	 0.8012 	 0.8797	 5559.6040 	 0.2543
[2022/09/20 07:51:34] - 73 	 332.3 	 	 0.0100 	 0.4504 	 0.8048 	 0.8887	 5529.5938 	 0.2559
[2022/09/20 07:58:07] - 74 	 332.6 	 	 0.0010 	 0.4478 	 0.8045 	 0.9027	 5558.0889 	 0.2402
[2022/09/20 08:04:40] - 75 	 332.5 	 	 0.0010 	 0.3165 	 0.8766 	 0.9242	 3912.7544 	 0.3051
[2022/09/20 08:11:14] - 76 	 332.6 	 	 0.0010 	 0.2365 	 0.9096 	 0.9234	 3322.3508 	 0.3086
[2022/09/20 08:17:47] - 77 	 332.7 	 	 0.0010 	 0.2084 	 0.9202 	 0.9180	 3135.8435 	 0.3168
[2022/09/20 08:24:21] - 78 	 332.5 	 	 0.0010 	 0.1857 	 0.9307 	 0.9246	 2945.8169 	 0.3246
[2022/09/20 08:30:54] - 79 	 332.5 	 	 0.0010 	 0.1694 	 0.9357 	 0.9227	 2840.2810 	 0.3301
[2022/09/20 08:37:27] - 80 	 332.6 	 	 0.0010 	 0.1573 	 0.9413 	 0.9230	 2752.0750 	 0.3312
[2022/09/20 08:44:01] - 81 	 332.6 	 	 0.0010 	 0.1432 	 0.9476 	 0.9223	 2591.3333 	 0.3375
[2022/09/20 08:50:34] - 82 	 332.3 	 	 0.0010 	 0.1331 	 0.9528 	 0.9238	 2517.3242 	 0.3383
[2022/09/20 08:57:07] - 83 	 332.3 	 	 0.0010 	 0.1214 	 0.9573 	 0.9227	 2390.5901 	 0.3414
[2022/09/20 09:03:40] - 84 	 332.4 	 	 0.0010 	 0.1140 	 0.9601 	 0.9230	 2341.8169 	 0.3398
[2022/09/20 09:10:13] - 85 	 332.4 	 	 0.0010 	 0.1073 	 0.9621 	 0.9219	 2285.7358 	 0.3387
[2022/09/20 09:16:46] - 86 	 332.5 	 	 0.0010 	 0.0999 	 0.9650 	 0.9191	 2194.4036 	 0.3414
[2022/09/20 09:23:19] - 87 	 332.6 	 	 0.0010 	 0.0947 	 0.9676 	 0.9207	 2152.6360 	 0.3406
[2022/09/20 09:29:53] - 88 	 332.6 	 	 0.0010 	 0.0893 	 0.9697 	 0.9227	 2052.6494 	 0.3434
[2022/09/20 09:36:26] - 89 	 332.6 	 	 0.0010 	 0.0852 	 0.9708 	 0.9223	 2046.6293 	 0.3383
[2022/09/20 09:42:59] - 90 	 332.6 	 	 0.0010 	 0.0814 	 0.9728 	 0.9215	 2028.1620 	 0.3488
[2022/09/20 09:49:33] - 91 	 332.7 	 	 0.0010 	 0.0770 	 0.9745 	 0.9180	 1940.9219 	 0.3613
[2022/09/20 09:56:06] - 92 	 332.7 	 	 0.0010 	 0.0721 	 0.9761 	 0.9203	 1893.3822 	 0.3590
[2022/09/20 10:02:40] - 93 	 332.7 	 	 0.0010 	 0.0713 	 0.9765 	 0.9207	 1834.2480 	 0.3586
[2022/09/20 10:09:13] - 94 	 332.9 	 	 0.0010 	 0.0644 	 0.9788 	 0.9148	 1755.7434 	 0.3629
[2022/09/20 10:15:47] - 95 	 332.7 	 	 0.0010 	 0.0618 	 0.9802 	 0.9203	 1706.2953 	 0.3559
[2022/09/20 10:22:20] - 96 	 332.7 	 	 0.0010 	 0.0565 	 0.9818 	 0.9223	 1603.3253 	 0.3668
[2022/09/20 10:28:54] - 97 	 332.6 	 	 0.0010 	 0.0550 	 0.9829 	 0.9207	 1569.2518 	 0.3656
[2022/09/20 10:35:26] - 98 	 332.5 	 	 0.0010 	 0.0540 	 0.9831 	 0.9230	 1574.2352 	 0.3746
[2022/09/20 10:42:00] - 99 	 332.5 	 	 0.0010 	 0.0528 	 0.9828 	 0.9176	 1574.7224 	 0.3680
[2022/09/20 10:42:00] - Total train time: 547.8286 minutes
[2022/09/20 10:42:00] - Best checkpoint at 98, 0.374609375
