[2021/03/20 16:09:44] - Namespace(alpha=10.0, batch_size=128, data_dir='/mnt/storage0_8/torch_datasets/cifar-data', delta_init='uniform', epochs=50, epsilon=8, fname='output_pre', gamma=1.01, init_tau=8, lr_max=0.05, lr_min=0.0, lr_schedule='multistep', max_iteration=8, model='pre', momentum=0.9, out_dir='mdeat_out', save_model=True, seed=0, weight_decay=0.0005, wide_factor=10)
[2021/03/20 16:09:45] - Epoch 	 Seconds 	 LR 	 	 Train Loss 	 Train Acc 	 Val Acc 	 MG 	 CW Acc
[2021/03/20 16:10:21] - 0 	 24.6 	 	 0.0500 	 1.4613 	 0.4678 	 0.5945	 5824.8647 	 0.0039
[2021/03/20 16:11:24] - 1 	 49.2 	 	 0.0500 	 1.9504 	 0.2745 	 0.5141	 2829.7151 	 0.2109
[2021/03/20 16:12:27] - 2 	 49.8 	 	 0.0500 	 1.7611 	 0.3267 	 0.6328	 2977.3511 	 0.2445
[2021/03/20 16:13:55] - 3 	 74.8 	 	 0.0500 	 1.7516 	 0.3246 	 0.6340	 2693.9197 	 0.2859
[2021/03/20 16:15:24] - 4 	 74.9 	 	 0.0500 	 1.6924 	 0.3504 	 0.6293	 2784.9136 	 0.3094
[2021/03/20 16:16:52] - 5 	 74.9 	 	 0.0500 	 1.6498 	 0.3656 	 0.6520	 2880.6917 	 0.2910
[2021/03/20 16:18:20] - 6 	 74.9 	 	 0.0500 	 1.6229 	 0.3744 	 0.6922	 2968.1775 	 0.3246
[2021/03/20 16:19:49] - 7 	 74.9 	 	 0.0500 	 1.6046 	 0.3797 	 0.6656	 3028.7458 	 0.3020
[2021/03/20 16:21:42] - 8 	 100.0 	 	 0.0500 	 1.5840 	 0.3900 	 0.6855	 2844.7312 	 0.3141
[2021/03/20 16:23:36] - 9 	 100.0 	 	 0.0500 	 1.5661 	 0.3982 	 0.6297	 2850.9368 	 0.3129
[2021/03/20 16:25:29] - 10 	 100.1 	 	 0.0500 	 1.5575 	 0.4011 	 0.6664	 2852.2783 	 0.3086
[2021/03/20 16:27:23] - 11 	 100.2 	 	 0.0500 	 1.5437 	 0.4077 	 0.6590	 2886.0256 	 0.3418
[2021/03/20 16:29:17] - 12 	 100.1 	 	 0.0500 	 1.5341 	 0.4087 	 0.6188	 2900.5471 	 0.3098
[2021/03/20 16:31:11] - 13 	 100.2 	 	 0.0500 	 1.5242 	 0.4126 	 0.6703	 2939.9407 	 0.3293
[2021/03/20 16:33:04] - 14 	 100.3 	 	 0.0500 	 1.5201 	 0.4140 	 0.6504	 2947.2100 	 0.3391
[2021/03/20 16:34:58] - 15 	 100.2 	 	 0.0500 	 1.5177 	 0.4152 	 0.6285	 2952.1423 	 0.3293
[2021/03/20 16:36:52] - 16 	 100.3 	 	 0.0500 	 1.5088 	 0.4178 	 0.6465	 2965.1792 	 0.2664
[2021/03/20 16:38:46] - 17 	 100.3 	 	 0.0500 	 1.5017 	 0.4198 	 0.6695	 2992.3303 	 0.3059
[2021/03/20 16:40:40] - 18 	 100.3 	 	 0.0500 	 1.5004 	 0.4225 	 0.6660	 2995.8235 	 0.3262
[2021/03/20 16:42:33] - 19 	 100.3 	 	 0.0500 	 1.4969 	 0.4244 	 0.6449	 3013.7976 	 0.3023
[2021/03/20 16:44:27] - 20 	 100.3 	 	 0.0500 	 1.4917 	 0.4241 	 0.6426	 3008.6477 	 0.3309
[2021/03/20 16:46:21] - 21 	 100.4 	 	 0.0500 	 1.4957 	 0.4244 	 0.6937	 3024.5432 	 0.3230
[2021/03/20 16:48:15] - 22 	 100.3 	 	 0.0500 	 1.4900 	 0.4229 	 0.6934	 3031.6299 	 0.2992
[2021/03/20 16:50:09] - 23 	 100.4 	 	 0.0500 	 1.4862 	 0.4256 	 0.6555	 3046.8201 	 0.2734
[2021/03/20 16:52:03] - 24 	 100.4 	 	 0.0050 	 1.4883 	 0.4238 	 0.6824	 3053.8831 	 0.2953
[2021/03/20 16:53:57] - 25 	 100.3 	 	 0.0050 	 1.3940 	 0.4609 	 0.7844	 3035.3638 	 0.4441
[2021/03/20 16:55:51] - 26 	 100.3 	 	 0.0050 	 1.3230 	 0.4842 	 0.8023	 3189.1753 	 0.4516
[2021/03/20 16:58:10] - 27 	 125.4 	 	 0.0050 	 1.2825 	 0.4977 	 0.8008	 3203.4324 	 0.4562
[2021/03/20 17:00:29] - 28 	 125.3 	 	 0.0050 	 1.2548 	 0.5074 	 0.8020	 3236.1958 	 0.4520
[2021/03/20 17:03:11] - 29 	 149.1 	 	 0.0050 	 1.2076 	 0.5259 	 0.8031	 3151.4814 	 0.4402
[2021/03/20 17:05:53] - 30 	 149.0 	 	 0.0050 	 1.1860 	 0.5325 	 0.7957	 3139.5984 	 0.4469
[2021/03/20 17:08:36] - 31 	 149.3 	 	 0.0050 	 1.1660 	 0.5374 	 0.8008	 3155.4778 	 0.4531
[2021/03/20 17:11:19] - 32 	 149.0 	 	 0.0050 	 1.1506 	 0.5437 	 0.7898	 3171.8750 	 0.4406
[2021/03/20 17:14:01] - 33 	 149.1 	 	 0.0050 	 1.1316 	 0.5526 	 0.8020	 3199.3826 	 0.4414
[2021/03/20 17:16:44] - 34 	 149.2 	 	 0.0050 	 1.1155 	 0.5575 	 0.7934	 3212.7651 	 0.4324
[2021/03/20 17:19:27] - 35 	 149.1 	 	 0.0050 	 1.1060 	 0.5651 	 0.7805	 3211.4216 	 0.4195
[2021/03/20 17:22:09] - 36 	 149.3 	 	 0.0050 	 1.0922 	 0.5661 	 0.8016	 3204.9998 	 0.4402
[2021/03/20 17:24:52] - 37 	 149.1 	 	 0.0050 	 1.0823 	 0.5687 	 0.8105	 3223.6655 	 0.4359
[2021/03/20 17:27:35] - 38 	 149.3 	 	 0.0050 	 1.0709 	 0.5737 	 0.7934	 3237.9641 	 0.4238
[2021/03/20 17:30:17] - 39 	 149.1 	 	 0.0005 	 1.0632 	 0.5773 	 0.7988	 3256.9263 	 0.4301
[2021/03/20 17:33:00] - 40 	 149.1 	 	 0.0005 	 1.0896 	 0.5662 	 0.8328	 3253.5608 	 0.4922
[2021/03/20 17:35:42] - 41 	 149.1 	 	 0.0005 	 1.0357 	 0.5850 	 0.8410	 3303.0942 	 0.4906
[2021/03/20 17:38:50] - 42 	 174.0 	 	 0.0005 	 1.0036 	 0.5963 	 0.8426	 3326.6082 	 0.4859
[2021/03/20 17:41:57] - 43 	 173.3 	 	 0.0005 	 0.9824 	 0.6027 	 0.8402	 3346.0378 	 0.4809
[2021/03/20 17:45:28] - 44 	 197.7 	 	 0.0005 	 0.9562 	 0.6121 	 0.8391	 3300.1208 	 0.4738
[2021/03/20 17:48:59] - 45 	 197.7 	 	 0.0005 	 0.9393 	 0.6192 	 0.8387	 3315.5190 	 0.4824
[2021/03/20 17:52:30] - 46 	 197.5 	 	 0.0005 	 0.9195 	 0.6260 	 0.8453	 3335.7693 	 0.4813
[2021/03/20 17:56:01] - 47 	 197.7 	 	 0.0005 	 0.9039 	 0.6304 	 0.8395	 3344.5242 	 0.4789
[2021/03/20 17:59:32] - 48 	 197.4 	 	 0.0005 	 0.8862 	 0.6396 	 0.8418	 3341.3274 	 0.4793
[2021/03/20 18:03:03] - 49 	 197.7 	 	 0.0005 	 0.8734 	 0.6424 	 0.8438	 3367.8511 	 0.4816
[2021/03/20 18:03:03] - Total train time: 102.0873 minutes
[2021/03/20 18:03:03] - Best checkpoint at 40, 0.4921875
