[2022/05/01 23:42:20] - Namespace(alpha=10.0, batch_size=128, data_dir='/mnt/storage0_8/torch_datasets/cifar-data', delta_init='uniform', epochs=50, epsilon=8, fname='output_dense', gamma=1.01, init_tau=8, lr_max=0.01, lr_min=0.0, lr_schedule='multistep', max_iteration=8, model='dense', momentum=0.9, normalization='std', out_dir='mdeat_out', save_model=True, seed=0, weight_decay=0.0005, wide_factor=10)
[2022/05/01 23:42:23] - Epoch 	 Seconds 	 LR 	 	 Train Loss 	 Train Acc 	 Val Acc 	 MG 	 CW Acc
[2022/05/01 23:43:19] - 0 	 38.9 	 	 0.0100 	 1.4472 	 0.4688 	 0.5953	 7375.1738 	 0.0109
[2022/05/01 23:44:54] - 1 	 75.5 	 	 0.0100 	 1.9232 	 0.2739 	 0.5766	 3153.2273 	 0.1781
[2022/05/01 23:46:30] - 2 	 76.5 	 	 0.0100 	 1.7548 	 0.3275 	 0.6195	 3189.1865 	 0.2355
[2022/05/01 23:48:44] - 3 	 115.1 	 	 0.0100 	 1.7826 	 0.3167 	 0.6582	 2884.3486 	 0.2797
[2022/05/01 23:50:58] - 4 	 115.1 	 	 0.0100 	 1.7088 	 0.3427 	 0.6648	 2908.3928 	 0.3078
[2022/05/01 23:53:12] - 5 	 114.6 	 	 0.0100 	 1.6640 	 0.3567 	 0.6762	 2989.3274 	 0.3031
[2022/05/01 23:55:27] - 6 	 115.5 	 	 0.0100 	 1.6282 	 0.3705 	 0.6672	 3051.1926 	 0.2859
[2022/05/01 23:57:43] - 7 	 116.6 	 	 0.0100 	 1.5938 	 0.3850 	 0.6863	 3095.3171 	 0.2945
[2022/05/01 23:59:57] - 8 	 115.3 	 	 0.0100 	 1.5667 	 0.3928 	 0.7094	 3133.7549 	 0.3297
[2022/05/02 00:02:11] - 9 	 114.6 	 	 0.0100 	 1.5415 	 0.4039 	 0.7184	 3182.9983 	 0.3102
[2022/05/02 00:04:26] - 10 	 116.0 	 	 0.0100 	 1.5229 	 0.4087 	 0.7148	 3201.6487 	 0.3270
[2022/05/02 00:06:41] - 11 	 115.7 	 	 0.0100 	 1.5023 	 0.4178 	 0.7406	 3236.5879 	 0.3465
[2022/05/02 00:09:33] - 12 	 152.5 	 	 0.0100 	 1.5069 	 0.4149 	 0.7039	 3124.2668 	 0.3414
[2022/05/02 00:12:26] - 13 	 153.8 	 	 0.0100 	 1.4879 	 0.4234 	 0.7301	 3095.5500 	 0.3535
[2022/05/02 00:15:18] - 14 	 153.0 	 	 0.0100 	 1.4690 	 0.4280 	 0.7145	 3096.5537 	 0.3617
[2022/05/02 00:18:12] - 15 	 154.3 	 	 0.0100 	 1.4585 	 0.4350 	 0.7328	 3129.6252 	 0.3715
[2022/05/02 00:21:04] - 16 	 152.9 	 	 0.0100 	 1.4435 	 0.4416 	 0.7445	 3144.9890 	 0.3586
[2022/05/02 00:23:57] - 17 	 153.7 	 	 0.0100 	 1.4326 	 0.4441 	 0.7512	 3161.5247 	 0.3820
[2022/05/02 00:26:51] - 18 	 154.9 	 	 0.0100 	 1.4232 	 0.4471 	 0.7406	 3163.6104 	 0.3641
[2022/05/02 00:29:44] - 19 	 152.9 	 	 0.0100 	 1.4089 	 0.4497 	 0.7496	 3206.2825 	 0.3699
[2022/05/02 00:32:37] - 20 	 154.5 	 	 0.0100 	 1.4062 	 0.4528 	 0.7551	 3209.4658 	 0.3719
[2022/05/02 00:35:30] - 21 	 153.7 	 	 0.0100 	 1.3918 	 0.4571 	 0.7363	 3233.0737 	 0.3914
[2022/05/02 00:38:23] - 22 	 153.0 	 	 0.0100 	 1.3851 	 0.4591 	 0.7406	 3252.0083 	 0.3707
[2022/05/02 00:41:15] - 23 	 152.8 	 	 0.0100 	 1.3768 	 0.4626 	 0.7555	 3269.4294 	 0.3770
[2022/05/02 00:44:45] - 24 	 190.7 	 	 0.0010 	 1.3516 	 0.4727 	 0.7297	 3117.8625 	 0.3637
[2022/05/02 00:48:15] - 25 	 190.7 	 	 0.0010 	 1.3159 	 0.4867 	 0.7910	 3074.7971 	 0.4398
[2022/05/02 00:51:45] - 26 	 190.8 	 	 0.0010 	 1.2732 	 0.5011 	 0.7977	 3161.5642 	 0.4457
[2022/05/02 00:55:16] - 27 	 191.9 	 	 0.0010 	 1.2566 	 0.5044 	 0.7992	 3211.4846 	 0.4367
[2022/05/02 00:58:47] - 28 	 191.9 	 	 0.0010 	 1.2440 	 0.5109 	 0.7965	 3242.4783 	 0.4410
[2022/05/02 01:02:18] - 29 	 192.2 	 	 0.0010 	 1.2351 	 0.5141 	 0.8016	 3278.7620 	 0.4441
[2022/05/02 01:05:48] - 30 	 190.7 	 	 0.0010 	 1.2249 	 0.5181 	 0.8035	 3309.8440 	 0.4441
[2022/05/02 01:09:56] - 31 	 228.7 	 	 0.0010 	 1.2092 	 0.5223 	 0.7973	 3265.5654 	 0.4516
[2022/05/02 01:14:05] - 32 	 229.2 	 	 0.0010 	 1.2010 	 0.5264 	 0.8020	 3254.7678 	 0.4414
[2022/05/02 01:18:12] - 33 	 228.6 	 	 0.0010 	 1.1905 	 0.5291 	 0.7961	 3265.9829 	 0.4430
[2022/05/02 01:22:21] - 34 	 229.1 	 	 0.0010 	 1.1818 	 0.5303 	 0.8063	 3277.0398 	 0.4523
[2022/05/02 01:26:29] - 35 	 228.8 	 	 0.0010 	 1.1758 	 0.5328 	 0.8039	 3294.1494 	 0.4484
[2022/05/02 01:30:37] - 36 	 229.0 	 	 0.0010 	 1.1675 	 0.5348 	 0.8008	 3319.7424 	 0.4434
[2022/05/02 01:34:45] - 37 	 228.5 	 	 0.0010 	 1.1633 	 0.5394 	 0.8043	 3324.7168 	 0.4445
[2022/05/02 01:38:54] - 38 	 230.3 	 	 0.0010 	 1.1542 	 0.5372 	 0.8012	 3349.8252 	 0.4324
[2022/05/02 01:43:41] - 39 	 267.3 	 	 0.0001 	 1.1323 	 0.5464 	 0.7961	 3296.8040 	 0.4402
[2022/05/02 01:48:26] - 40 	 266.5 	 	 0.0001 	 1.1501 	 0.5423 	 0.8152	 3280.6570 	 0.4527
[2022/05/02 01:53:12] - 41 	 266.4 	 	 0.0001 	 1.1347 	 0.5489 	 0.8070	 3299.2173 	 0.4586
[2022/05/02 01:57:57] - 42 	 266.1 	 	 0.0001 	 1.1240 	 0.5507 	 0.8125	 3316.1443 	 0.4508
[2022/05/02 02:02:41] - 43 	 264.8 	 	 0.0001 	 1.1218 	 0.5497 	 0.8148	 3335.2532 	 0.4594
[2022/05/02 02:07:25] - 44 	 264.6 	 	 0.0001 	 1.1189 	 0.5517 	 0.8172	 3341.6072 	 0.4594
[2022/05/02 02:12:08] - 45 	 264.4 	 	 0.0001 	 1.1146 	 0.5546 	 0.8180	 3352.6990 	 0.4531
[2022/05/02 02:16:51] - 46 	 264.1 	 	 0.0001 	 1.1128 	 0.5532 	 0.8195	 3367.1704 	 0.4578
[2022/05/02 02:21:36] - 47 	 265.8 	 	 0.0001 	 1.1098 	 0.5569 	 0.8176	 3360.7922 	 0.4559
[2022/05/02 02:26:19] - 48 	 264.5 	 	 0.0001 	 1.1072 	 0.5561 	 0.8230	 3380.0813 	 0.4523
[2022/05/02 02:31:01] - 49 	 263.0 	 	 0.0001 	 1.1044 	 0.5588 	 0.8133	 3385.5703 	 0.4543
[2022/05/02 02:31:01] - Total train time: 152.6671 minutes
[2022/05/02 02:31:01] - Best checkpoint at 43, 0.459375
