initial accuracy: 83.50%
apgd-ce - 1/1 - 85 out of 167 successfully perturbed
robust accuracy after APGD-CE: 41.00% (total time 3.8 s)
apgd-t - 1/1 - 6 out of 82 successfully perturbed
robust accuracy after APGD-T: 38.00% (total time 24.8 s)
fab-t - 1/1 - 0 out of 76 successfully perturbed
robust accuracy after FAB-T: 38.00% (total time 54.9 s)
square - 1/1 - 0 out of 76 successfully perturbed
robust accuracy after SQUARE: 38.00% (total time 86.0 s)
max Linf perturbation: 0.03137, nan in tensor: 0, max: 1.00000, min: 0.00000
robust accuracy: 38.00%
initial accuracy: 79.50%
apgd-ce - 1/1 - 71 out of 159 successfully perturbed
robust accuracy after APGD-CE: 44.00% (total time 3.6 s)
apgd-t - 1/1 - 6 out of 88 successfully perturbed
robust accuracy after APGD-T: 41.00% (total time 25.8 s)
fab-t - 1/1 - 0 out of 82 successfully perturbed
robust accuracy after FAB-T: 41.00% (total time 57.4 s)
square - 1/1 - 0 out of 82 successfully perturbed
robust accuracy after SQUARE: 41.00% (total time 90.6 s)
max Linf perturbation: 0.03137, nan in tensor: 0, max: 1.00000, min: 0.00000
robust accuracy: 41.00%
initial accuracy: 82.00%
apgd-ce - 1/1 - 72 out of 164 successfully perturbed
robust accuracy after APGD-CE: 46.00% (total time 3.8 s)
apgd-t - 1/1 - 6 out of 92 successfully perturbed
robust accuracy after APGD-T: 43.00% (total time 26.2 s)
fab-t - 1/1 - 0 out of 86 successfully perturbed
robust accuracy after FAB-T: 43.00% (total time 58.9 s)
square - 1/1 - 0 out of 86 successfully perturbed
robust accuracy after SQUARE: 43.00% (total time 95.3 s)
max Linf perturbation: 0.03137, nan in tensor: 0, max: 1.00000, min: 0.00000
robust accuracy: 43.00%
initial accuracy: 79.00%
apgd-ce - 1/1 - 77 out of 158 successfully perturbed
robust accuracy after APGD-CE: 40.50% (total time 3.6 s)
apgd-t - 1/1 - 4 out of 81 successfully perturbed
robust accuracy after APGD-T: 38.50% (total time 24.9 s)
fab-t - 1/1 - 0 out of 77 successfully perturbed
robust accuracy after FAB-T: 38.50% (total time 55.2 s)
square - 1/1 - 0 out of 77 successfully perturbed
robust accuracy after SQUARE: 38.50% (total time 86.4 s)
max Linf perturbation: 0.03137, nan in tensor: 0, max: 1.00000, min: 0.00000
robust accuracy: 38.50%
initial accuracy: 82.50%
apgd-ce - 1/1 - 73 out of 165 successfully perturbed
robust accuracy after APGD-CE: 46.00% (total time 3.8 s)
apgd-t - 1/1 - 4 out of 92 successfully perturbed
robust accuracy after APGD-T: 44.00% (total time 25.7 s)
fab-t - 1/1 - 0 out of 88 successfully perturbed
robust accuracy after FAB-T: 44.00% (total time 56.9 s)
square - 1/1 - 0 out of 88 successfully perturbed
robust accuracy after SQUARE: 44.00% (total time 89.8 s)
max Linf perturbation: 0.03137, nan in tensor: 0, max: 1.00000, min: 0.00000
robust accuracy: 44.00%
initial accuracy: 79.50%
apgd-ce - 1/1 - 66 out of 159 successfully perturbed
robust accuracy after APGD-CE: 46.50% (total time 3.7 s)
apgd-t - 1/1 - 7 out of 93 successfully perturbed
robust accuracy after APGD-T: 43.00% (total time 25.8 s)
fab-t - 1/1 - 0 out of 86 successfully perturbed
robust accuracy after FAB-T: 43.00% (total time 58.8 s)
square - 1/1 - 0 out of 86 successfully perturbed
robust accuracy after SQUARE: 43.00% (total time 95.1 s)
max Linf perturbation: 0.03137, nan in tensor: 0, max: 1.00000, min: 0.00000
robust accuracy: 43.00%
initial accuracy: 77.00%
apgd-ce - 1/1 - 67 out of 154 successfully perturbed
robust accuracy after APGD-CE: 43.50% (total time 3.8 s)
apgd-t - 1/1 - 4 out of 87 successfully perturbed
robust accuracy after APGD-T: 41.50% (total time 25.9 s)
fab-t - 1/1 - 0 out of 83 successfully perturbed
robust accuracy after FAB-T: 41.50% (total time 58.3 s)
square - 1/1 - 0 out of 83 successfully perturbed
robust accuracy after SQUARE: 41.50% (total time 94.4 s)
max Linf perturbation: 0.03137, nan in tensor: 0, max: 1.00000, min: 0.00000
robust accuracy: 41.50%
initial accuracy: 79.50%
apgd-ce - 1/1 - 71 out of 159 successfully perturbed
robust accuracy after APGD-CE: 44.00% (total time 3.6 s)
apgd-t - 1/1 - 8 out of 88 successfully perturbed
robust accuracy after APGD-T: 40.00% (total time 25.1 s)
fab-t - 1/1 - 0 out of 80 successfully perturbed
robust accuracy after FAB-T: 40.00% (total time 55.6 s)
square - 1/1 - 0 out of 80 successfully perturbed
robust accuracy after SQUARE: 40.00% (total time 87.1 s)
max Linf perturbation: 0.03137, nan in tensor: 0, max: 1.00000, min: 0.00000
robust accuracy: 40.00%
initial accuracy: 81.00%
apgd-ce - 1/1 - 77 out of 162 successfully perturbed
robust accuracy after APGD-CE: 42.50% (total time 3.8 s)
apgd-t - 1/1 - 3 out of 85 successfully perturbed
robust accuracy after APGD-T: 41.00% (total time 25.9 s)
fab-t - 1/1 - 0 out of 82 successfully perturbed
robust accuracy after FAB-T: 41.00% (total time 57.7 s)
square - 1/1 - 0 out of 82 successfully perturbed
robust accuracy after SQUARE: 41.00% (total time 90.7 s)
max Linf perturbation: 0.03137, nan in tensor: 0, max: 1.00000, min: 0.00000
robust accuracy: 41.00%
initial accuracy: 80.50%
apgd-ce - 1/1 - 72 out of 161 successfully perturbed
robust accuracy after APGD-CE: 44.50% (total time 3.8 s)
apgd-t - 1/1 - 5 out of 89 successfully perturbed
robust accuracy after APGD-T: 42.00% (total time 25.7 s)
fab-t - 1/1 - 0 out of 84 successfully perturbed
robust accuracy after FAB-T: 42.00% (total time 57.1 s)
square - 1/1 - 0 out of 84 successfully perturbed
robust accuracy after SQUARE: 42.00% (total time 90.3 s)
max Linf perturbation: 0.03137, nan in tensor: 0, max: 1.00000, min: 0.00000
robust accuracy: 42.00%
initial accuracy: 80.00%
apgd-ce - 1/1 - 75 out of 160 successfully perturbed
robust accuracy after APGD-CE: 42.50% (total time 3.6 s)
apgd-t - 1/1 - 4 out of 85 successfully perturbed
robust accuracy after APGD-T: 40.50% (total time 25.6 s)
fab-t - 1/1 - 0 out of 81 successfully perturbed
robust accuracy after FAB-T: 40.50% (total time 57.3 s)
square - 1/1 - 0 out of 81 successfully perturbed
robust accuracy after SQUARE: 40.50% (total time 90.3 s)
max Linf perturbation: 0.03137, nan in tensor: 0, max: 1.00000, min: 0.00000
robust accuracy: 40.50%
initial accuracy: 83.00%
apgd-ce - 1/1 - 72 out of 166 successfully perturbed
robust accuracy after APGD-CE: 47.00% (total time 3.8 s)
apgd-t - 1/1 - 4 out of 94 successfully perturbed
robust accuracy after APGD-T: 45.00% (total time 26.4 s)
fab-t - 1/1 - 0 out of 90 successfully perturbed
robust accuracy after FAB-T: 45.00% (total time 59.2 s)
square - 1/1 - 0 out of 90 successfully perturbed
robust accuracy after SQUARE: 45.00% (total time 95.2 s)
max Linf perturbation: 0.03137, nan in tensor: 0, max: 1.00000, min: 0.00000
robust accuracy: 45.00%
initial accuracy: 76.00%
apgd-ce - 1/1 - 77 out of 152 successfully perturbed
robust accuracy after APGD-CE: 37.50% (total time 3.7 s)
apgd-t - 1/1 - 4 out of 75 successfully perturbed
robust accuracy after APGD-T: 35.50% (total time 24.2 s)
fab-t - 1/1 - 0 out of 71 successfully perturbed
robust accuracy after FAB-T: 35.50% (total time 53.8 s)
square - 1/1 - 0 out of 71 successfully perturbed
robust accuracy after SQUARE: 35.50% (total time 84.3 s)
max Linf perturbation: 0.03137, nan in tensor: 0, max: 1.00000, min: 0.00000
robust accuracy: 35.50%
initial accuracy: 85.00%
apgd-ce - 1/1 - 74 out of 170 successfully perturbed
robust accuracy after APGD-CE: 48.00% (total time 3.9 s)
apgd-t - 1/1 - 5 out of 96 successfully perturbed
robust accuracy after APGD-T: 45.50% (total time 26.4 s)
fab-t - 1/1 - 0 out of 91 successfully perturbed
robust accuracy after FAB-T: 45.50% (total time 59.1 s)
square - 1/1 - 0 out of 91 successfully perturbed
robust accuracy after SQUARE: 45.50% (total time 95.3 s)
max Linf perturbation: 0.03137, nan in tensor: 0, max: 1.00000, min: 0.00000
robust accuracy: 45.50%
initial accuracy: 84.50%
apgd-ce - 1/1 - 84 out of 169 successfully perturbed
robust accuracy after APGD-CE: 42.50% (total time 3.9 s)
apgd-t - 1/1 - 7 out of 85 successfully perturbed
robust accuracy after APGD-T: 39.00% (total time 25.3 s)
fab-t - 1/1 - 0 out of 78 successfully perturbed
robust accuracy after FAB-T: 39.00% (total time 55.8 s)
square - 1/1 - 0 out of 78 successfully perturbed
robust accuracy after SQUARE: 39.00% (total time 87.1 s)
max Linf perturbation: 0.03137, nan in tensor: 0, max: 1.00000, min: 0.00000
robust accuracy: 39.00%
initial accuracy: 76.50%
apgd-ce - 1/1 - 63 out of 153 successfully perturbed
robust accuracy after APGD-CE: 45.00% (total time 3.7 s)
apgd-t - 1/1 - 7 out of 90 successfully perturbed
robust accuracy after APGD-T: 41.50% (total time 26.1 s)
fab-t - 1/1 - 0 out of 83 successfully perturbed
robust accuracy after FAB-T: 41.50% (total time 58.7 s)
square - 1/1 - 0 out of 83 successfully perturbed
robust accuracy after SQUARE: 41.50% (total time 94.6 s)
max Linf perturbation: 0.03137, nan in tensor: 0, max: 1.00000, min: 0.00000
robust accuracy: 41.50%
initial accuracy: 79.00%
apgd-ce - 1/1 - 69 out of 158 successfully perturbed
robust accuracy after APGD-CE: 44.50% (total time 3.6 s)
apgd-t - 1/1 - 5 out of 89 successfully perturbed
robust accuracy after APGD-T: 42.00% (total time 25.8 s)
fab-t - 1/1 - 0 out of 84 successfully perturbed
robust accuracy after FAB-T: 42.00% (total time 57.1 s)
square - 1/1 - 0 out of 84 successfully perturbed
robust accuracy after SQUARE: 42.00% (total time 90.4 s)
max Linf perturbation: 0.03137, nan in tensor: 0, max: 1.00000, min: 0.00000
robust accuracy: 42.00%
initial accuracy: 77.50%
apgd-ce - 1/1 - 59 out of 155 successfully perturbed
robust accuracy after APGD-CE: 48.00% (total time 3.8 s)
apgd-t - 1/1 - 6 out of 96 successfully perturbed
robust accuracy after APGD-T: 45.00% (total time 26.1 s)
fab-t - 1/1 - 0 out of 90 successfully perturbed
robust accuracy after FAB-T: 45.00% (total time 58.8 s)
square - 1/1 - 0 out of 90 successfully perturbed
robust accuracy after SQUARE: 45.00% (total time 95.0 s)
max Linf perturbation: 0.03137, nan in tensor: 0, max: 1.00000, min: 0.00000
robust accuracy: 45.00%
initial accuracy: 79.00%
apgd-ce - 1/1 - 73 out of 158 successfully perturbed
robust accuracy after APGD-CE: 42.50% (total time 3.6 s)
apgd-t - 1/1 - 8 out of 85 successfully perturbed
robust accuracy after APGD-T: 38.50% (total time 24.8 s)
fab-t - 1/1 - 0 out of 77 successfully perturbed
robust accuracy after FAB-T: 38.50% (total time 55.3 s)
square - 1/1 - 0 out of 77 successfully perturbed
robust accuracy after SQUARE: 38.50% (total time 86.4 s)
max Linf perturbation: 0.03137, nan in tensor: 0, max: 1.00000, min: 0.00000
robust accuracy: 38.50%
initial accuracy: 81.50%
apgd-ce - 1/1 - 76 out of 163 successfully perturbed
robust accuracy after APGD-CE: 43.50% (total time 3.8 s)
apgd-t - 1/1 - 4 out of 87 successfully perturbed
robust accuracy after APGD-T: 41.50% (total time 25.7 s)
fab-t - 1/1 - 0 out of 83 successfully perturbed
robust accuracy after FAB-T: 41.50% (total time 58.4 s)
square - 1/1 - 0 out of 83 successfully perturbed
robust accuracy after SQUARE: 41.50% (total time 94.5 s)
max Linf perturbation: 0.03137, nan in tensor: 0, max: 1.00000, min: 0.00000
robust accuracy: 41.50%
initial accuracy: 83.00%
apgd-ce - 1/1 - 75 out of 166 successfully perturbed
robust accuracy after APGD-CE: 45.50% (total time 3.8 s)
apgd-t - 1/1 - 8 out of 91 successfully perturbed
robust accuracy after APGD-T: 41.50% (total time 26.0 s)
fab-t - 1/1 - 0 out of 83 successfully perturbed
robust accuracy after FAB-T: 41.50% (total time 58.5 s)
square - 1/1 - 0 out of 83 successfully perturbed
robust accuracy after SQUARE: 41.50% (total time 94.4 s)
max Linf perturbation: 0.03137, nan in tensor: 0, max: 1.00000, min: 0.00000
robust accuracy: 41.50%
initial accuracy: 82.50%
apgd-ce - 1/1 - 71 out of 165 successfully perturbed
robust accuracy after APGD-CE: 47.00% (total time 3.8 s)
apgd-t - 1/1 - 3 out of 94 successfully perturbed
robust accuracy after APGD-T: 45.50% (total time 26.3 s)
fab-t - 1/1 - 0 out of 91 successfully perturbed
robust accuracy after FAB-T: 45.50% (total time 58.8 s)
square - 1/1 - 0 out of 91 successfully perturbed
robust accuracy after SQUARE: 45.50% (total time 95.1 s)
max Linf perturbation: 0.03137, nan in tensor: 0, max: 1.00000, min: 0.00000
robust accuracy: 45.50%
initial accuracy: 83.50%
apgd-ce - 1/1 - 79 out of 167 successfully perturbed
robust accuracy after APGD-CE: 44.00% (total time 3.9 s)
apgd-t - 1/1 - 8 out of 88 successfully perturbed
robust accuracy after APGD-T: 40.00% (total time 25.6 s)
fab-t - 1/1 - 0 out of 80 successfully perturbed
robust accuracy after FAB-T: 40.00% (total time 56.1 s)
square - 1/1 - 0 out of 80 successfully perturbed
robust accuracy after SQUARE: 40.00% (total time 87.6 s)
max Linf perturbation: 0.03137, nan in tensor: 0, max: 1.00000, min: 0.00000
robust accuracy: 40.00%
initial accuracy: 83.50%
apgd-ce - 1/1 - 75 out of 167 successfully perturbed
robust accuracy after APGD-CE: 46.00% (total time 3.8 s)
apgd-t - 1/1 - 5 out of 92 successfully perturbed
robust accuracy after APGD-T: 43.50% (total time 25.8 s)
fab-t - 1/1 - 0 out of 87 successfully perturbed
robust accuracy after FAB-T: 43.50% (total time 58.2 s)
square - 1/1 - 0 out of 87 successfully perturbed
robust accuracy after SQUARE: 43.50% (total time 93.8 s)
max Linf perturbation: 0.03137, nan in tensor: 0, max: 1.00000, min: 0.00000
robust accuracy: 43.50%
initial accuracy: 81.00%
apgd-ce - 1/1 - 78 out of 162 successfully perturbed
robust accuracy after APGD-CE: 42.00% (total time 3.8 s)
apgd-t - 1/1 - 1 out of 84 successfully perturbed
robust accuracy after APGD-T: 41.50% (total time 25.6 s)
fab-t - 1/1 - 0 out of 83 successfully perturbed
robust accuracy after FAB-T: 41.50% (total time 58.1 s)
square - 1/1 - 0 out of 83 successfully perturbed
robust accuracy after SQUARE: 41.50% (total time 94.0 s)
max Linf perturbation: 0.03137, nan in tensor: 0, max: 1.00000, min: 0.00000
robust accuracy: 41.50%
initial accuracy: 81.50%
apgd-ce - 1/1 - 94 out of 163 successfully perturbed
robust accuracy after APGD-CE: 34.50% (total time 3.8 s)
apgd-t - 1/1 - 5 out of 69 successfully perturbed
robust accuracy after APGD-T: 32.00% (total time 21.9 s)
fab-t - 1/1 - 0 out of 64 successfully perturbed
robust accuracy after FAB-T: 32.00% (total time 48.2 s)
square - 1/1 - 0 out of 64 successfully perturbed
robust accuracy after SQUARE: 32.00% (total time 74.3 s)
max Linf perturbation: 0.03137, nan in tensor: 0, max: 1.00000, min: 0.00000
robust accuracy: 32.00%
initial accuracy: 83.50%
apgd-ce - 1/1 - 83 out of 167 successfully perturbed
robust accuracy after APGD-CE: 42.00% (total time 3.9 s)
apgd-t - 1/1 - 5 out of 84 successfully perturbed
robust accuracy after APGD-T: 39.50% (total time 25.1 s)
fab-t - 1/1 - 0 out of 79 successfully perturbed
robust accuracy after FAB-T: 39.50% (total time 55.6 s)
square - 1/1 - 0 out of 79 successfully perturbed
robust accuracy after SQUARE: 39.50% (total time 86.9 s)
max Linf perturbation: 0.03137, nan in tensor: 0, max: 1.00000, min: 0.00000
robust accuracy: 39.50%
initial accuracy: 81.50%
apgd-ce - 1/1 - 76 out of 163 successfully perturbed
robust accuracy after APGD-CE: 43.50% (total time 3.8 s)
apgd-t - 1/1 - 10 out of 87 successfully perturbed
robust accuracy after APGD-T: 38.50% (total time 25.1 s)
fab-t - 1/1 - 0 out of 77 successfully perturbed
robust accuracy after FAB-T: 38.50% (total time 55.6 s)
square - 1/1 - 0 out of 77 successfully perturbed
robust accuracy after SQUARE: 38.50% (total time 86.9 s)
max Linf perturbation: 0.03137, nan in tensor: 0, max: 1.00000, min: 0.00000
robust accuracy: 38.50%
initial accuracy: 82.50%
apgd-ce - 1/1 - 73 out of 165 successfully perturbed
robust accuracy after APGD-CE: 46.00% (total time 3.8 s)
apgd-t - 1/1 - 8 out of 92 successfully perturbed
robust accuracy after APGD-T: 42.00% (total time 25.9 s)
fab-t - 1/1 - 0 out of 84 successfully perturbed
robust accuracy after FAB-T: 42.00% (total time 57.1 s)
square - 1/1 - 0 out of 84 successfully perturbed
robust accuracy after SQUARE: 42.00% (total time 90.4 s)
max Linf perturbation: 0.03137, nan in tensor: 0, max: 1.00000, min: 0.00000
robust accuracy: 42.00%
initial accuracy: 76.00%
apgd-ce - 1/1 - 71 out of 152 successfully perturbed
robust accuracy after APGD-CE: 40.50% (total time 3.7 s)
apgd-t - 1/1 - 6 out of 81 successfully perturbed
robust accuracy after APGD-T: 37.50% (total time 24.7 s)
fab-t - 1/1 - 0 out of 75 successfully perturbed
robust accuracy after FAB-T: 37.50% (total time 54.7 s)
square - 1/1 - 0 out of 75 successfully perturbed
robust accuracy after SQUARE: 37.50% (total time 85.6 s)
max Linf perturbation: 0.03137, nan in tensor: 0, max: 1.00000, min: 0.00000
robust accuracy: 37.50%
initial accuracy: 75.50%
apgd-ce - 1/1 - 67 out of 151 successfully perturbed
robust accuracy after APGD-CE: 42.00% (total time 3.7 s)
apgd-t - 1/1 - 7 out of 84 successfully perturbed
robust accuracy after APGD-T: 38.50% (total time 24.9 s)
fab-t - 1/1 - 0 out of 77 successfully perturbed
robust accuracy after FAB-T: 38.50% (total time 55.4 s)
square - 1/1 - 0 out of 77 successfully perturbed
robust accuracy after SQUARE: 38.50% (total time 86.5 s)
max Linf perturbation: 0.03137, nan in tensor: 0, max: 1.00000, min: 0.00000
robust accuracy: 38.50%
initial accuracy: 82.50%
apgd-ce - 1/1 - 66 out of 165 successfully perturbed
robust accuracy after APGD-CE: 49.50% (total time 3.8 s)
apgd-t - 1/1 - 5 out of 99 successfully perturbed
robust accuracy after APGD-T: 47.00% (total time 26.7 s)
fab-t - 1/1 - 0 out of 94 successfully perturbed
robust accuracy after FAB-T: 47.00% (total time 59.8 s)
square - 1/1 - 0 out of 94 successfully perturbed
robust accuracy after SQUARE: 47.00% (total time 96.3 s)
max Linf perturbation: 0.03137, nan in tensor: 0, max: 1.00000, min: 0.00000
robust accuracy: 47.00%
initial accuracy: 84.50%
apgd-ce - 1/1 - 89 out of 169 successfully perturbed
robust accuracy after APGD-CE: 40.00% (total time 3.9 s)
apgd-t - 1/1 - 6 out of 80 successfully perturbed
robust accuracy after APGD-T: 37.00% (total time 24.7 s)
fab-t - 1/1 - 0 out of 74 successfully perturbed
robust accuracy after FAB-T: 37.00% (total time 54.6 s)
square - 1/1 - 0 out of 74 successfully perturbed
robust accuracy after SQUARE: 37.00% (total time 85.4 s)
max Linf perturbation: 0.03137, nan in tensor: 0, max: 1.00000, min: 0.00000
robust accuracy: 37.00%
initial accuracy: 79.00%
apgd-ce - 1/1 - 70 out of 158 successfully perturbed
robust accuracy after APGD-CE: 44.00% (total time 3.6 s)
apgd-t - 1/1 - 9 out of 88 successfully perturbed
robust accuracy after APGD-T: 39.50% (total time 25.0 s)
fab-t - 1/1 - 0 out of 79 successfully perturbed
robust accuracy after FAB-T: 39.50% (total time 55.3 s)
square - 1/1 - 0 out of 79 successfully perturbed
robust accuracy after SQUARE: 39.50% (total time 86.6 s)
max Linf perturbation: 0.03137, nan in tensor: 0, max: 1.00000, min: 0.00000
robust accuracy: 39.50%
initial accuracy: 78.50%
apgd-ce - 1/1 - 78 out of 157 successfully perturbed
robust accuracy after APGD-CE: 39.50% (total time 3.8 s)
apgd-t - 1/1 - 11 out of 79 successfully perturbed
robust accuracy after APGD-T: 34.00% (total time 24.2 s)
fab-t - 1/1 - 0 out of 68 successfully perturbed
robust accuracy after FAB-T: 34.00% (total time 53.3 s)
square - 1/1 - 0 out of 68 successfully perturbed
robust accuracy after SQUARE: 34.00% (total time 83.6 s)
max Linf perturbation: 0.03137, nan in tensor: 0, max: 1.00000, min: 0.00000
robust accuracy: 34.00%
initial accuracy: 78.50%
apgd-ce - 1/1 - 66 out of 157 successfully perturbed
robust accuracy after APGD-CE: 45.50% (total time 3.8 s)
apgd-t - 1/1 - 3 out of 91 successfully perturbed
robust accuracy after APGD-T: 44.00% (total time 25.7 s)
fab-t - 1/1 - 0 out of 88 successfully perturbed
robust accuracy after FAB-T: 44.00% (total time 57.0 s)
square - 1/1 - 0 out of 88 successfully perturbed
robust accuracy after SQUARE: 44.00% (total time 90.0 s)
max Linf perturbation: 0.03137, nan in tensor: 0, max: 1.00000, min: 0.00000
robust accuracy: 44.00%
initial accuracy: 82.50%
apgd-ce - 1/1 - 81 out of 165 successfully perturbed
robust accuracy after APGD-CE: 42.00% (total time 3.8 s)
apgd-t - 1/1 - 8 out of 84 successfully perturbed
robust accuracy after APGD-T: 38.00% (total time 24.9 s)
fab-t - 1/1 - 0 out of 76 successfully perturbed
robust accuracy after FAB-T: 38.00% (total time 55.0 s)
square - 1/1 - 0 out of 76 successfully perturbed
robust accuracy after SQUARE: 38.00% (total time 86.1 s)
max Linf perturbation: 0.03137, nan in tensor: 0, max: 1.00000, min: 0.00000
robust accuracy: 38.00%
initial accuracy: 80.00%
apgd-ce - 1/1 - 72 out of 160 successfully perturbed
robust accuracy after APGD-CE: 44.00% (total time 3.6 s)
apgd-t - 1/1 - 5 out of 88 successfully perturbed
robust accuracy after APGD-T: 41.50% (total time 25.9 s)
fab-t - 1/1 - 0 out of 83 successfully perturbed
robust accuracy after FAB-T: 41.50% (total time 58.1 s)
square - 1/1 - 0 out of 83 successfully perturbed
robust accuracy after SQUARE: 41.50% (total time 94.2 s)
max Linf perturbation: 0.03137, nan in tensor: 0, max: 1.00000, min: 0.00000
robust accuracy: 41.50%
initial accuracy: 79.00%
apgd-ce - 1/1 - 64 out of 158 successfully perturbed
robust accuracy after APGD-CE: 47.00% (total time 3.6 s)
apgd-t - 1/1 - 5 out of 94 successfully perturbed
robust accuracy after APGD-T: 44.50% (total time 26.1 s)
fab-t - 1/1 - 0 out of 89 successfully perturbed
robust accuracy after FAB-T: 44.50% (total time 58.6 s)
square - 1/1 - 0 out of 89 successfully perturbed
robust accuracy after SQUARE: 44.50% (total time 94.8 s)
max Linf perturbation: 0.03137, nan in tensor: 0, max: 1.00000, min: 0.00000
robust accuracy: 44.50%
initial accuracy: 79.00%
apgd-ce - 1/1 - 71 out of 158 successfully perturbed
robust accuracy after APGD-CE: 43.50% (total time 3.6 s)
apgd-t - 1/1 - 6 out of 87 successfully perturbed
robust accuracy after APGD-T: 40.50% (total time 25.5 s)
fab-t - 1/1 - 0 out of 81 successfully perturbed
robust accuracy after FAB-T: 40.50% (total time 57.3 s)
square - 1/1 - 0 out of 81 successfully perturbed
robust accuracy after SQUARE: 40.50% (total time 90.1 s)
max Linf perturbation: 0.03137, nan in tensor: 0, max: 1.00000, min: 0.00000
robust accuracy: 40.50%
initial accuracy: 80.50%
apgd-ce - 1/1 - 72 out of 161 successfully perturbed
robust accuracy after APGD-CE: 44.50% (total time 3.7 s)
apgd-t - 1/1 - 14 out of 89 successfully perturbed
robust accuracy after APGD-T: 37.50% (total time 24.6 s)
fab-t - 1/1 - 0 out of 75 successfully perturbed
robust accuracy after FAB-T: 37.50% (total time 54.4 s)
square - 1/1 - 0 out of 75 successfully perturbed
robust accuracy after SQUARE: 37.50% (total time 85.3 s)
max Linf perturbation: 0.03137, nan in tensor: 0, max: 1.00000, min: 0.00000
robust accuracy: 37.50%
initial accuracy: 82.00%
apgd-ce - 1/1 - 82 out of 164 successfully perturbed
robust accuracy after APGD-CE: 41.00% (total time 3.8 s)
apgd-t - 1/1 - 9 out of 82 successfully perturbed
robust accuracy after APGD-T: 36.50% (total time 24.6 s)
fab-t - 1/1 - 0 out of 73 successfully perturbed
robust accuracy after FAB-T: 36.50% (total time 54.2 s)
square - 1/1 - 0 out of 73 successfully perturbed
robust accuracy after SQUARE: 36.50% (total time 84.9 s)
max Linf perturbation: 0.03137, nan in tensor: 0, max: 1.00000, min: 0.00000
robust accuracy: 36.50%
initial accuracy: 82.00%
apgd-ce - 1/1 - 74 out of 164 successfully perturbed
robust accuracy after APGD-CE: 45.00% (total time 3.8 s)
apgd-t - 1/1 - 8 out of 90 successfully perturbed
robust accuracy after APGD-T: 41.00% (total time 25.9 s)
fab-t - 1/1 - 0 out of 82 successfully perturbed
robust accuracy after FAB-T: 41.00% (total time 57.5 s)
square - 1/1 - 0 out of 82 successfully perturbed
robust accuracy after SQUARE: 41.00% (total time 90.4 s)
max Linf perturbation: 0.03137, nan in tensor: 0, max: 1.00000, min: 0.00000
robust accuracy: 41.00%
initial accuracy: 84.00%
apgd-ce - 1/1 - 81 out of 168 successfully perturbed
robust accuracy after APGD-CE: 43.50% (total time 3.8 s)
apgd-t - 1/1 - 11 out of 87 successfully perturbed
robust accuracy after APGD-T: 38.00% (total time 25.3 s)
fab-t - 1/1 - 0 out of 76 successfully perturbed
robust accuracy after FAB-T: 38.00% (total time 56.0 s)
square - 1/1 - 0 out of 76 successfully perturbed
robust accuracy after SQUARE: 38.00% (total time 86.9 s)
max Linf perturbation: 0.03137, nan in tensor: 0, max: 1.00000, min: 0.00000
robust accuracy: 38.00%
initial accuracy: 82.50%
apgd-ce - 1/1 - 76 out of 165 successfully perturbed
robust accuracy after APGD-CE: 44.50% (total time 3.8 s)
apgd-t - 1/1 - 3 out of 89 successfully perturbed
robust accuracy after APGD-T: 43.00% (total time 26.0 s)
fab-t - 1/1 - 0 out of 86 successfully perturbed
robust accuracy after FAB-T: 43.00% (total time 59.5 s)
square - 1/1 - 0 out of 86 successfully perturbed
robust accuracy after SQUARE: 43.00% (total time 95.6 s)
max Linf perturbation: 0.03137, nan in tensor: 0, max: 1.00000, min: 0.00000
robust accuracy: 43.00%
initial accuracy: 85.50%
apgd-ce - 1/1 - 80 out of 171 successfully perturbed
robust accuracy after APGD-CE: 45.50% (total time 3.9 s)
apgd-t - 1/1 - 9 out of 91 successfully perturbed
robust accuracy after APGD-T: 41.00% (total time 25.8 s)
fab-t - 1/1 - 0 out of 82 successfully perturbed
robust accuracy after FAB-T: 41.00% (total time 57.8 s)
square - 1/1 - 0 out of 82 successfully perturbed
robust accuracy after SQUARE: 41.00% (total time 90.8 s)
max Linf perturbation: 0.03137, nan in tensor: 0, max: 1.00000, min: 0.00000
robust accuracy: 41.00%
initial accuracy: 82.50%
apgd-ce - 1/1 - 76 out of 165 successfully perturbed
robust accuracy after APGD-CE: 44.50% (total time 3.8 s)
apgd-t - 1/1 - 3 out of 89 successfully perturbed
robust accuracy after APGD-T: 43.00% (total time 26.2 s)
fab-t - 1/1 - 0 out of 86 successfully perturbed
robust accuracy after FAB-T: 43.00% (total time 59.3 s)
square - 1/1 - 0 out of 86 successfully perturbed
robust accuracy after SQUARE: 43.00% (total time 95.5 s)
max Linf perturbation: 0.03137, nan in tensor: 0, max: 1.00000, min: 0.00000
robust accuracy: 43.00%
initial accuracy: 81.50%
apgd-ce - 1/1 - 72 out of 163 successfully perturbed
robust accuracy after APGD-CE: 45.50% (total time 3.8 s)
apgd-t - 1/1 - 6 out of 91 successfully perturbed
robust accuracy after APGD-T: 42.50% (total time 26.1 s)
fab-t - 1/1 - 0 out of 85 successfully perturbed
robust accuracy after FAB-T: 42.50% (total time 58.9 s)
square - 1/1 - 0 out of 85 successfully perturbed
robust accuracy after SQUARE: 42.50% (total time 95.1 s)
max Linf perturbation: 0.03137, nan in tensor: 0, max: 1.00000, min: 0.00000
robust accuracy: 42.50%
initial accuracy: 80.00%
apgd-ce - 1/1 - 77 out of 160 successfully perturbed
robust accuracy after APGD-CE: 41.50% (total time 3.6 s)
apgd-t - 1/1 - 7 out of 83 successfully perturbed
robust accuracy after APGD-T: 38.00% (total time 24.6 s)
fab-t - 1/1 - 0 out of 76 successfully perturbed
robust accuracy after FAB-T: 38.00% (total time 54.5 s)
square - 1/1 - 0 out of 76 successfully perturbed
robust accuracy after SQUARE: 38.00% (total time 85.4 s)
max Linf perturbation: 0.03137, nan in tensor: 0, max: 1.00000, min: 0.00000
robust accuracy: 38.00%
initial accuracy: 79.50%
apgd-ce - 1/1 - 62 out of 159 successfully perturbed
robust accuracy after APGD-CE: 48.50% (total time 3.6 s)
apgd-t - 1/1 - 5 out of 97 successfully perturbed
robust accuracy after APGD-T: 46.00% (total time 26.1 s)
fab-t - 1/1 - 0 out of 92 successfully perturbed
robust accuracy after FAB-T: 46.00% (total time 57.8 s)
square - 1/1 - 0 out of 92 successfully perturbed
robust accuracy after SQUARE: 46.00% (total time 91.0 s)
max Linf perturbation: 0.03137, nan in tensor: 0, max: 1.00000, min: 0.00000
robust accuracy: 46.00%
