initial accuracy: 87.00%
apgd-ce - 1/1 - 93 out of 174 successfully perturbed
robust accuracy after APGD-CE: 40.50% (total time 10.8 s)
apgd-t - 1/1 - 5 out of 81 successfully perturbed
robust accuracy after APGD-T: 38.00% (total time 65.2 s)
fab-t - 1/1 - 0 out of 76 successfully perturbed
robust accuracy after FAB-T: 38.00% (total time 140.2 s)
square - 1/1 - 0 out of 76 successfully perturbed
robust accuracy after SQUARE: 38.00% (total time 224.3 s)
max Linf perturbation: 0.03137, nan in tensor: 0, max: 1.00000, min: 0.00000
robust accuracy: 38.00%
initial accuracy: 86.00%
apgd-ce - 1/1 - 85 out of 172 successfully perturbed
robust accuracy after APGD-CE: 43.50% (total time 10.5 s)
apgd-t - 1/1 - 7 out of 87 successfully perturbed
robust accuracy after APGD-T: 40.00% (total time 68.1 s)
fab-t - 1/1 - 0 out of 80 successfully perturbed
robust accuracy after FAB-T: 40.00% (total time 143.4 s)
square - 1/1 - 0 out of 80 successfully perturbed
robust accuracy after SQUARE: 40.00% (total time 225.5 s)
max Linf perturbation: 0.03137, nan in tensor: 0, max: 1.00000, min: 0.00000
robust accuracy: 40.00%
initial accuracy: 86.00%
apgd-ce - 1/1 - 80 out of 172 successfully perturbed
robust accuracy after APGD-CE: 46.00% (total time 10.3 s)
apgd-t - 1/1 - 2 out of 92 successfully perturbed
robust accuracy after APGD-T: 45.00% (total time 73.0 s)
fab-t - 1/1 - 0 out of 90 successfully perturbed
robust accuracy after FAB-T: 45.00% (total time 156.1 s)
square - 1/1 - 0 out of 90 successfully perturbed
robust accuracy after SQUARE: 45.00% (total time 239.8 s)
max Linf perturbation: 0.03137, nan in tensor: 0, max: 1.00000, min: 0.00000
robust accuracy: 45.00%
initial accuracy: 83.00%
apgd-ce - 1/1 - 86 out of 166 successfully perturbed
robust accuracy after APGD-CE: 40.00% (total time 10.1 s)
apgd-t - 1/1 - 5 out of 80 successfully perturbed
robust accuracy after APGD-T: 37.50% (total time 64.5 s)
fab-t - 1/1 - 0 out of 75 successfully perturbed
robust accuracy after FAB-T: 37.50% (total time 139.3 s)
square - 1/1 - 0 out of 75 successfully perturbed
robust accuracy after SQUARE: 37.50% (total time 217.6 s)
max Linf perturbation: 0.03137, nan in tensor: 0, max: 1.00000, min: 0.00000
robust accuracy: 37.50%
initial accuracy: 83.50%
apgd-ce - 1/1 - 67 out of 167 successfully perturbed
robust accuracy after APGD-CE: 50.00% (total time 10.0 s)
apgd-t - 1/1 - 11 out of 100 successfully perturbed
robust accuracy after APGD-T: 44.50% (total time 74.0 s)
fab-t - 1/1 - 0 out of 89 successfully perturbed
robust accuracy after FAB-T: 44.50% (total time 156.3 s)
square - 1/1 - 0 out of 89 successfully perturbed
robust accuracy after SQUARE: 44.50% (total time 237.7 s)
max Linf perturbation: 0.03137, nan in tensor: 0, max: 1.00000, min: 0.00000
robust accuracy: 44.50%
initial accuracy: 82.50%
apgd-ce - 1/1 - 76 out of 165 successfully perturbed
robust accuracy after APGD-CE: 44.50% (total time 9.9 s)
apgd-t - 1/1 - 3 out of 89 successfully perturbed
robust accuracy after APGD-T: 43.00% (total time 72.2 s)
fab-t - 1/1 - 0 out of 86 successfully perturbed
robust accuracy after FAB-T: 43.00% (total time 154.6 s)
square - 1/1 - 0 out of 86 successfully perturbed
robust accuracy after SQUARE: 43.00% (total time 238.9 s)
max Linf perturbation: 0.03137, nan in tensor: 0, max: 1.00000, min: 0.00000
robust accuracy: 43.00%
initial accuracy: 80.00%
apgd-ce - 1/1 - 74 out of 160 successfully perturbed
robust accuracy after APGD-CE: 43.00% (total time 9.6 s)
apgd-t - 1/1 - 0 out of 86 successfully perturbed
robust accuracy after APGD-T: 43.00% (total time 70.4 s)
fab-t - 1/1 - 0 out of 86 successfully perturbed
robust accuracy after FAB-T: 43.00% (total time 154.0 s)
square - 1/1 - 0 out of 86 successfully perturbed
robust accuracy after SQUARE: 43.00% (total time 234.7 s)
max Linf perturbation: 0.03137, nan in tensor: 0, max: 1.00000, min: 0.00000
robust accuracy: 43.00%
initial accuracy: 83.50%
apgd-ce - 1/1 - 78 out of 167 successfully perturbed
robust accuracy after APGD-CE: 44.50% (total time 10.0 s)
apgd-t - 1/1 - 8 out of 89 successfully perturbed
robust accuracy after APGD-T: 40.50% (total time 69.1 s)
fab-t - 1/1 - 0 out of 81 successfully perturbed
robust accuracy after FAB-T: 40.50% (total time 147.0 s)
square - 1/1 - 0 out of 81 successfully perturbed
robust accuracy after SQUARE: 40.50% (total time 229.9 s)
max Linf perturbation: 0.03137, nan in tensor: 0, max: 1.00000, min: 0.00000
robust accuracy: 40.50%
initial accuracy: 82.00%
apgd-ce - 1/1 - 70 out of 164 successfully perturbed
robust accuracy after APGD-CE: 47.00% (total time 10.0 s)
apgd-t - 1/1 - 8 out of 94 successfully perturbed
robust accuracy after APGD-T: 43.00% (total time 73.0 s)
fab-t - 1/1 - 0 out of 86 successfully perturbed
robust accuracy after FAB-T: 43.00% (total time 154.8 s)
square - 1/1 - 0 out of 86 successfully perturbed
robust accuracy after SQUARE: 43.00% (total time 234.9 s)
max Linf perturbation: 0.03137, nan in tensor: 0, max: 1.00000, min: 0.00000
robust accuracy: 43.00%
initial accuracy: 83.00%
apgd-ce - 1/1 - 79 out of 166 successfully perturbed
robust accuracy after APGD-CE: 43.50% (total time 10.0 s)
apgd-t - 1/1 - 6 out of 87 successfully perturbed
robust accuracy after APGD-T: 40.50% (total time 70.7 s)
fab-t - 1/1 - 0 out of 81 successfully perturbed
robust accuracy after FAB-T: 40.50% (total time 148.1 s)
square - 1/1 - 0 out of 81 successfully perturbed
robust accuracy after SQUARE: 40.50% (total time 226.2 s)
max Linf perturbation: 0.03137, nan in tensor: 0, max: 1.00000, min: 0.00000
robust accuracy: 40.50%
initial accuracy: 81.50%
apgd-ce - 1/1 - 79 out of 163 successfully perturbed
robust accuracy after APGD-CE: 42.00% (total time 9.7 s)
apgd-t - 1/1 - 2 out of 84 successfully perturbed
robust accuracy after APGD-T: 41.00% (total time 70.7 s)
fab-t - 1/1 - 0 out of 82 successfully perturbed
robust accuracy after FAB-T: 41.00% (total time 150.6 s)
square - 1/1 - 0 out of 82 successfully perturbed
robust accuracy after SQUARE: 41.00% (total time 230.0 s)
max Linf perturbation: 0.03137, nan in tensor: 0, max: 1.00000, min: 0.00000
robust accuracy: 41.00%
initial accuracy: 82.50%
apgd-ce - 1/1 - 78 out of 165 successfully perturbed
robust accuracy after APGD-CE: 43.50% (total time 9.8 s)
apgd-t - 1/1 - 6 out of 87 successfully perturbed
robust accuracy after APGD-T: 40.50% (total time 72.1 s)
fab-t - 1/1 - 0 out of 81 successfully perturbed
robust accuracy after FAB-T: 40.50% (total time 148.4 s)
square - 1/1 - 0 out of 81 successfully perturbed
robust accuracy after SQUARE: 40.50% (total time 233.3 s)
max Linf perturbation: 0.03137, nan in tensor: 0, max: 1.00000, min: 0.00000
robust accuracy: 40.50%
initial accuracy: 77.50%
apgd-ce - 1/1 - 85 out of 155 successfully perturbed
robust accuracy after APGD-CE: 35.00% (total time 9.3 s)
apgd-t - 1/1 - 3 out of 70 successfully perturbed
robust accuracy after APGD-T: 33.50% (total time 59.8 s)
fab-t - 1/1 - 0 out of 67 successfully perturbed
robust accuracy after FAB-T: 33.50% (total time 131.5 s)
square - 1/1 - 0 out of 67 successfully perturbed
robust accuracy after SQUARE: 33.50% (total time 209.2 s)
max Linf perturbation: 0.03137, nan in tensor: 0, max: 1.00000, min: 0.00000
robust accuracy: 33.50%
initial accuracy: 88.00%
apgd-ce - 1/1 - 81 out of 176 successfully perturbed
robust accuracy after APGD-CE: 47.50% (total time 10.4 s)
apgd-t - 1/1 - 3 out of 95 successfully perturbed
robust accuracy after APGD-T: 46.00% (total time 73.3 s)
fab-t - 1/1 - 1 out of 92 successfully perturbed
robust accuracy after FAB-T: 45.50% (total time 156.0 s)
square - 1/1 - 0 out of 91 successfully perturbed
robust accuracy after SQUARE: 45.50% (total time 240.0 s)
max Linf perturbation: 0.03137, nan in tensor: 0, max: 1.00000, min: 0.00000
robust accuracy: 45.50%
initial accuracy: 87.00%
apgd-ce - 1/1 - 92 out of 174 successfully perturbed
robust accuracy after APGD-CE: 41.00% (total time 10.4 s)
apgd-t - 1/1 - 4 out of 82 successfully perturbed
robust accuracy after APGD-T: 39.00% (total time 64.8 s)
fab-t - 1/1 - 0 out of 78 successfully perturbed
robust accuracy after FAB-T: 39.00% (total time 140.1 s)
square - 1/1 - 0 out of 78 successfully perturbed
robust accuracy after SQUARE: 39.00% (total time 219.3 s)
max Linf perturbation: 0.03137, nan in tensor: 0, max: 1.00000, min: 0.00000
robust accuracy: 39.00%
initial accuracy: 82.50%
apgd-ce - 1/1 - 73 out of 165 successfully perturbed
robust accuracy after APGD-CE: 46.00% (total time 10.0 s)
apgd-t - 1/1 - 5 out of 92 successfully perturbed
robust accuracy after APGD-T: 43.50% (total time 72.5 s)
fab-t - 1/1 - 0 out of 87 successfully perturbed
robust accuracy after FAB-T: 43.50% (total time 153.1 s)
square - 1/1 - 0 out of 87 successfully perturbed
robust accuracy after SQUARE: 43.50% (total time 234.7 s)
max Linf perturbation: 0.03137, nan in tensor: 0, max: 1.00000, min: 0.00000
robust accuracy: 43.50%
initial accuracy: 81.50%
apgd-ce - 1/1 - 73 out of 163 successfully perturbed
robust accuracy after APGD-CE: 45.00% (total time 9.8 s)
apgd-t - 1/1 - 6 out of 90 successfully perturbed
robust accuracy after APGD-T: 42.00% (total time 70.9 s)
fab-t - 1/1 - 0 out of 84 successfully perturbed
robust accuracy after FAB-T: 42.00% (total time 151.7 s)
square - 1/1 - 0 out of 84 successfully perturbed
robust accuracy after SQUARE: 42.00% (total time 231.8 s)
max Linf perturbation: 0.03137, nan in tensor: 0, max: 1.00000, min: 0.00000
robust accuracy: 42.00%
initial accuracy: 78.00%
apgd-ce - 1/1 - 61 out of 156 successfully perturbed
robust accuracy after APGD-CE: 47.50% (total time 9.6 s)
apgd-t - 1/1 - 4 out of 95 successfully perturbed
robust accuracy after APGD-T: 45.50% (total time 72.6 s)
fab-t - 1/1 - 0 out of 91 successfully perturbed
robust accuracy after FAB-T: 45.50% (total time 155.4 s)
square - 1/1 - 0 out of 91 successfully perturbed
robust accuracy after SQUARE: 45.50% (total time 237.6 s)
max Linf perturbation: 0.03137, nan in tensor: 0, max: 1.00000, min: 0.00000
robust accuracy: 45.50%
initial accuracy: 79.00%
apgd-ce - 1/1 - 75 out of 158 successfully perturbed
robust accuracy after APGD-CE: 41.50% (total time 9.5 s)
apgd-t - 1/1 - 7 out of 83 successfully perturbed
robust accuracy after APGD-T: 38.00% (total time 65.3 s)
fab-t - 1/1 - 0 out of 76 successfully perturbed
robust accuracy after FAB-T: 38.00% (total time 142.2 s)
square - 1/1 - 0 out of 76 successfully perturbed
robust accuracy after SQUARE: 38.00% (total time 223.2 s)
max Linf perturbation: 0.03137, nan in tensor: 0, max: 1.00000, min: 0.00000
robust accuracy: 38.00%
initial accuracy: 84.50%
apgd-ce - 1/1 - 77 out of 169 successfully perturbed
robust accuracy after APGD-CE: 46.00% (total time 10.2 s)
apgd-t - 1/1 - 7 out of 92 successfully perturbed
robust accuracy after APGD-T: 42.50% (total time 71.6 s)
fab-t - 1/1 - 0 out of 85 successfully perturbed
robust accuracy after FAB-T: 42.50% (total time 153.1 s)
square - 1/1 - 0 out of 85 successfully perturbed
robust accuracy after SQUARE: 42.50% (total time 237.4 s)
max Linf perturbation: 0.03137, nan in tensor: 0, max: 1.00000, min: 0.00000
robust accuracy: 42.50%
initial accuracy: 84.00%
apgd-ce - 1/1 - 76 out of 168 successfully perturbed
robust accuracy after APGD-CE: 46.00% (total time 10.0 s)
apgd-t - 1/1 - 3 out of 92 successfully perturbed
robust accuracy after APGD-T: 44.50% (total time 74.2 s)
fab-t - 1/1 - 0 out of 89 successfully perturbed
robust accuracy after FAB-T: 44.50% (total time 157.6 s)
square - 1/1 - 0 out of 89 successfully perturbed
robust accuracy after SQUARE: 44.50% (total time 249.6 s)
max Linf perturbation: 0.03137, nan in tensor: 0, max: 1.00000, min: 0.00000
robust accuracy: 44.50%
initial accuracy: 87.00%
apgd-ce - 1/1 - 74 out of 174 successfully perturbed
robust accuracy after APGD-CE: 50.00% (total time 10.5 s)
apgd-t - 1/1 - 9 out of 100 successfully perturbed
robust accuracy after APGD-T: 45.50% (total time 74.9 s)
fab-t - 1/1 - 0 out of 91 successfully perturbed
robust accuracy after FAB-T: 45.50% (total time 159.3 s)
square - 1/1 - 0 out of 91 successfully perturbed
robust accuracy after SQUARE: 45.50% (total time 243.8 s)
max Linf perturbation: 0.03137, nan in tensor: 0, max: 1.00000, min: 0.00000
robust accuracy: 45.50%
initial accuracy: 83.50%
apgd-ce - 1/1 - 80 out of 167 successfully perturbed
robust accuracy after APGD-CE: 43.50% (total time 10.2 s)
apgd-t - 1/1 - 5 out of 87 successfully perturbed
robust accuracy after APGD-T: 41.00% (total time 70.7 s)
fab-t - 1/1 - 0 out of 82 successfully perturbed
robust accuracy after FAB-T: 41.00% (total time 152.4 s)
square - 1/1 - 0 out of 82 successfully perturbed
robust accuracy after SQUARE: 41.00% (total time 231.2 s)
max Linf perturbation: 0.03137, nan in tensor: 0, max: 1.00000, min: 0.00000
robust accuracy: 41.00%
initial accuracy: 81.50%
apgd-ce - 1/1 - 72 out of 163 successfully perturbed
robust accuracy after APGD-CE: 45.50% (total time 9.9 s)
apgd-t - 1/1 - 5 out of 91 successfully perturbed
robust accuracy after APGD-T: 43.00% (total time 72.6 s)
fab-t - 1/1 - 0 out of 86 successfully perturbed
robust accuracy after FAB-T: 43.00% (total time 157.6 s)
square - 1/1 - 0 out of 86 successfully perturbed
robust accuracy after SQUARE: 43.00% (total time 240.0 s)
max Linf perturbation: 0.03137, nan in tensor: 0, max: 1.00000, min: 0.00000
robust accuracy: 43.00%
initial accuracy: 82.50%
apgd-ce - 1/1 - 73 out of 165 successfully perturbed
robust accuracy after APGD-CE: 46.00% (total time 10.0 s)
apgd-t - 1/1 - 5 out of 92 successfully perturbed
robust accuracy after APGD-T: 43.50% (total time 72.7 s)
fab-t - 1/1 - 0 out of 87 successfully perturbed
robust accuracy after FAB-T: 43.50% (total time 154.3 s)
square - 1/1 - 0 out of 87 successfully perturbed
robust accuracy after SQUARE: 43.50% (total time 240.7 s)
max Linf perturbation: 0.03137, nan in tensor: 0, max: 1.00000, min: 0.00000
robust accuracy: 43.50%
initial accuracy: 83.50%
apgd-ce - 1/1 - 83 out of 167 successfully perturbed
robust accuracy after APGD-CE: 42.00% (total time 10.1 s)
apgd-t - 1/1 - 6 out of 84 successfully perturbed
robust accuracy after APGD-T: 39.00% (total time 66.5 s)
fab-t - 1/1 - 0 out of 78 successfully perturbed
robust accuracy after FAB-T: 39.00% (total time 144.5 s)
square - 1/1 - 0 out of 78 successfully perturbed
robust accuracy after SQUARE: 39.00% (total time 233.7 s)
max Linf perturbation: 0.03137, nan in tensor: 0, max: 1.00000, min: 0.00000
robust accuracy: 39.00%
initial accuracy: 81.00%
apgd-ce - 1/1 - 77 out of 162 successfully perturbed
robust accuracy after APGD-CE: 42.50% (total time 10.0 s)
apgd-t - 1/1 - 6 out of 85 successfully perturbed
robust accuracy after APGD-T: 39.50% (total time 67.0 s)
fab-t - 1/1 - 0 out of 79 successfully perturbed
robust accuracy after FAB-T: 39.50% (total time 144.5 s)
square - 1/1 - 0 out of 79 successfully perturbed
robust accuracy after SQUARE: 39.50% (total time 233.0 s)
max Linf perturbation: 0.03137, nan in tensor: 0, max: 1.00000, min: 0.00000
robust accuracy: 39.50%
initial accuracy: 80.00%
apgd-ce - 1/1 - 80 out of 160 successfully perturbed
robust accuracy after APGD-CE: 40.00% (total time 10.0 s)
apgd-t - 1/1 - 7 out of 80 successfully perturbed
robust accuracy after APGD-T: 36.50% (total time 65.9 s)
fab-t - 1/1 - 0 out of 73 successfully perturbed
robust accuracy after FAB-T: 36.50% (total time 142.3 s)
square - 1/1 - 0 out of 73 successfully perturbed
robust accuracy after SQUARE: 36.50% (total time 229.4 s)
max Linf perturbation: 0.03137, nan in tensor: 0, max: 1.00000, min: 0.00000
robust accuracy: 36.50%
initial accuracy: 85.50%
apgd-ce - 1/1 - 77 out of 171 successfully perturbed
robust accuracy after APGD-CE: 47.00% (total time 10.3 s)
apgd-t - 1/1 - 7 out of 94 successfully perturbed
robust accuracy after APGD-T: 43.50% (total time 74.4 s)
fab-t - 1/1 - 0 out of 87 successfully perturbed
robust accuracy after FAB-T: 43.50% (total time 159.4 s)
square - 1/1 - 0 out of 87 successfully perturbed
robust accuracy after SQUARE: 43.50% (total time 247.9 s)
max Linf perturbation: 0.03137, nan in tensor: 0, max: 1.00000, min: 0.00000
robust accuracy: 43.50%
initial accuracy: 79.00%
apgd-ce - 1/1 - 72 out of 158 successfully perturbed
robust accuracy after APGD-CE: 43.00% (total time 9.7 s)
apgd-t - 1/1 - 7 out of 86 successfully perturbed
robust accuracy after APGD-T: 39.50% (total time 67.7 s)
fab-t - 1/1 - 1 out of 79 successfully perturbed
robust accuracy after FAB-T: 39.00% (total time 147.1 s)
square - 1/1 - 0 out of 78 successfully perturbed
robust accuracy after SQUARE: 39.00% (total time 239.2 s)
max Linf perturbation: 0.03137, nan in tensor: 0, max: 1.00000, min: 0.00000
robust accuracy: 39.00%
initial accuracy: 80.50%
apgd-ce - 1/1 - 76 out of 161 successfully perturbed
robust accuracy after APGD-CE: 42.50% (total time 9.8 s)
apgd-t - 1/1 - 6 out of 85 successfully perturbed
robust accuracy after APGD-T: 39.50% (total time 68.5 s)
fab-t - 1/1 - 0 out of 79 successfully perturbed
robust accuracy after FAB-T: 39.50% (total time 146.0 s)
square - 1/1 - 0 out of 79 successfully perturbed
robust accuracy after SQUARE: 39.50% (total time 232.6 s)
max Linf perturbation: 0.03137, nan in tensor: 0, max: 1.00000, min: 0.00000
robust accuracy: 39.50%
initial accuracy: 85.50%
apgd-ce - 1/1 - 74 out of 171 successfully perturbed
robust accuracy after APGD-CE: 48.50% (total time 10.2 s)
apgd-t - 1/1 - 4 out of 97 successfully perturbed
robust accuracy after APGD-T: 46.50% (total time 75.0 s)
fab-t - 1/1 - 0 out of 93 successfully perturbed
robust accuracy after FAB-T: 46.50% (total time 161.0 s)
square - 1/1 - 0 out of 93 successfully perturbed
robust accuracy after SQUARE: 46.50% (total time 247.3 s)
max Linf perturbation: 0.03137, nan in tensor: 0, max: 1.00000, min: 0.00000
robust accuracy: 46.50%
initial accuracy: 86.00%
apgd-ce - 1/1 - 94 out of 172 successfully perturbed
robust accuracy after APGD-CE: 39.00% (total time 10.5 s)
apgd-t - 1/1 - 5 out of 78 successfully perturbed
robust accuracy after APGD-T: 36.50% (total time 65.7 s)
fab-t - 1/1 - 0 out of 73 successfully perturbed
robust accuracy after FAB-T: 36.50% (total time 141.9 s)
square - 1/1 - 0 out of 73 successfully perturbed
robust accuracy after SQUARE: 36.50% (total time 232.6 s)
max Linf perturbation: 0.03137, nan in tensor: 0, max: 1.00000, min: 0.00000
robust accuracy: 36.50%
initial accuracy: 81.50%
apgd-ce - 1/1 - 79 out of 163 successfully perturbed
robust accuracy after APGD-CE: 42.00% (total time 9.8 s)
apgd-t - 1/1 - 4 out of 84 successfully perturbed
robust accuracy after APGD-T: 40.00% (total time 68.3 s)
fab-t - 1/1 - 0 out of 80 successfully perturbed
robust accuracy after FAB-T: 40.00% (total time 147.5 s)
square - 1/1 - 0 out of 80 successfully perturbed
robust accuracy after SQUARE: 40.00% (total time 235.9 s)
max Linf perturbation: 0.03137, nan in tensor: 0, max: 1.00000, min: 0.00000
robust accuracy: 40.00%
initial accuracy: 84.00%
apgd-ce - 1/1 - 89 out of 168 successfully perturbed
robust accuracy after APGD-CE: 39.50% (total time 10.1 s)
apgd-t - 1/1 - 14 out of 79 successfully perturbed
robust accuracy after APGD-T: 32.50% (total time 64.4 s)
fab-t - 1/1 - 0 out of 65 successfully perturbed
robust accuracy after FAB-T: 32.50% (total time 139.3 s)
square - 1/1 - 0 out of 65 successfully perturbed
robust accuracy after SQUARE: 32.50% (total time 228.7 s)
max Linf perturbation: 0.03137, nan in tensor: 0, max: 1.00000, min: 0.00000
robust accuracy: 32.50%
initial accuracy: 81.50%
apgd-ce - 1/1 - 70 out of 163 successfully perturbed
robust accuracy after APGD-CE: 46.50% (total time 9.9 s)
apgd-t - 1/1 - 5 out of 93 successfully perturbed
robust accuracy after APGD-T: 44.00% (total time 74.2 s)
fab-t - 1/1 - 0 out of 88 successfully perturbed
robust accuracy after FAB-T: 44.00% (total time 158.3 s)
square - 1/1 - 0 out of 88 successfully perturbed
robust accuracy after SQUARE: 44.00% (total time 249.7 s)
max Linf perturbation: 0.03137, nan in tensor: 0, max: 1.00000, min: 0.00000
robust accuracy: 44.00%
initial accuracy: 84.00%
apgd-ce - 1/1 - 80 out of 168 successfully perturbed
robust accuracy after APGD-CE: 44.00% (total time 10.0 s)
apgd-t - 1/1 - 5 out of 88 successfully perturbed
robust accuracy after APGD-T: 41.50% (total time 72.9 s)
fab-t - 1/1 - 0 out of 83 successfully perturbed
robust accuracy after FAB-T: 41.50% (total time 154.9 s)
square - 1/1 - 0 out of 83 successfully perturbed
robust accuracy after SQUARE: 41.50% (total time 242.0 s)
max Linf perturbation: 0.03137, nan in tensor: 0, max: 1.00000, min: 0.00000
robust accuracy: 41.50%
initial accuracy: 81.50%
apgd-ce - 1/1 - 72 out of 163 successfully perturbed
robust accuracy after APGD-CE: 45.50% (total time 9.9 s)
apgd-t - 1/1 - 10 out of 91 successfully perturbed
robust accuracy after APGD-T: 40.50% (total time 72.3 s)
fab-t - 1/1 - 0 out of 81 successfully perturbed
robust accuracy after FAB-T: 40.50% (total time 153.3 s)
square - 1/1 - 0 out of 81 successfully perturbed
robust accuracy after SQUARE: 40.50% (total time 244.5 s)
max Linf perturbation: 0.03137, nan in tensor: 0, max: 1.00000, min: 0.00000
robust accuracy: 40.50%
initial accuracy: 80.50%
apgd-ce - 1/1 - 71 out of 161 successfully perturbed
robust accuracy after APGD-CE: 45.00% (total time 9.6 s)
apgd-t - 1/1 - 4 out of 90 successfully perturbed
robust accuracy after APGD-T: 43.00% (total time 73.1 s)
fab-t - 1/1 - 0 out of 86 successfully perturbed
robust accuracy after FAB-T: 43.00% (total time 155.3 s)
square - 1/1 - 0 out of 86 successfully perturbed
robust accuracy after SQUARE: 43.00% (total time 242.3 s)
max Linf perturbation: 0.03137, nan in tensor: 0, max: 1.00000, min: 0.00000
robust accuracy: 43.00%
initial accuracy: 81.00%
apgd-ce - 1/1 - 75 out of 162 successfully perturbed
robust accuracy after APGD-CE: 43.50% (total time 9.7 s)
apgd-t - 1/1 - 3 out of 87 successfully perturbed
robust accuracy after APGD-T: 42.00% (total time 71.0 s)
fab-t - 1/1 - 0 out of 84 successfully perturbed
robust accuracy after FAB-T: 42.00% (total time 154.7 s)
square - 1/1 - 0 out of 84 successfully perturbed
robust accuracy after SQUARE: 42.00% (total time 243.7 s)
max Linf perturbation: 0.03137, nan in tensor: 0, max: 1.00000, min: 0.00000
robust accuracy: 42.00%
initial accuracy: 81.00%
apgd-ce - 1/1 - 77 out of 162 successfully perturbed
robust accuracy after APGD-CE: 42.50% (total time 9.8 s)
apgd-t - 1/1 - 3 out of 85 successfully perturbed
robust accuracy after APGD-T: 41.00% (total time 71.6 s)
fab-t - 1/1 - 0 out of 82 successfully perturbed
robust accuracy after FAB-T: 41.00% (total time 154.4 s)
square - 1/1 - 0 out of 82 successfully perturbed
robust accuracy after SQUARE: 41.00% (total time 245.1 s)
max Linf perturbation: 0.03137, nan in tensor: 0, max: 1.00000, min: 0.00000
robust accuracy: 41.00%
initial accuracy: 81.00%
apgd-ce - 1/1 - 82 out of 162 successfully perturbed
robust accuracy after APGD-CE: 40.00% (total time 9.8 s)
apgd-t - 1/1 - 7 out of 80 successfully perturbed
robust accuracy after APGD-T: 36.50% (total time 65.7 s)
fab-t - 1/1 - 0 out of 73 successfully perturbed
robust accuracy after FAB-T: 36.50% (total time 143.5 s)
square - 1/1 - 0 out of 73 successfully perturbed
robust accuracy after SQUARE: 36.50% (total time 233.0 s)
max Linf perturbation: 0.03137, nan in tensor: 0, max: 1.00000, min: 0.00000
robust accuracy: 36.50%
initial accuracy: 82.50%
apgd-ce - 1/1 - 76 out of 165 successfully perturbed
robust accuracy after APGD-CE: 44.50% (total time 9.9 s)
apgd-t - 1/1 - 8 out of 89 successfully perturbed
robust accuracy after APGD-T: 40.50% (total time 70.7 s)
fab-t - 1/1 - 0 out of 81 successfully perturbed
robust accuracy after FAB-T: 40.50% (total time 153.2 s)
square - 1/1 - 0 out of 81 successfully perturbed
robust accuracy after SQUARE: 40.50% (total time 243.7 s)
max Linf perturbation: 0.03137, nan in tensor: 0, max: 1.00000, min: 0.00000
robust accuracy: 40.50%
initial accuracy: 85.00%
apgd-ce - 1/1 - 94 out of 170 successfully perturbed
robust accuracy after APGD-CE: 38.00% (total time 10.2 s)
apgd-t - 1/1 - 5 out of 76 successfully perturbed
robust accuracy after APGD-T: 35.50% (total time 66.2 s)
fab-t - 1/1 - 0 out of 71 successfully perturbed
robust accuracy after FAB-T: 35.50% (total time 143.2 s)
square - 1/1 - 0 out of 71 successfully perturbed
robust accuracy after SQUARE: 35.50% (total time 236.6 s)
max Linf perturbation: 0.03137, nan in tensor: 0, max: 1.00000, min: 0.00000
robust accuracy: 35.50%
initial accuracy: 82.50%
apgd-ce - 1/1 - 73 out of 165 successfully perturbed
robust accuracy after APGD-CE: 46.00% (total time 9.9 s)
apgd-t - 1/1 - 4 out of 92 successfully perturbed
robust accuracy after APGD-T: 44.00% (total time 74.2 s)
fab-t - 1/1 - 0 out of 88 successfully perturbed
robust accuracy after FAB-T: 44.00% (total time 158.0 s)
square - 1/1 - 0 out of 88 successfully perturbed
robust accuracy after SQUARE: 44.00% (total time 246.2 s)
max Linf perturbation: 0.03137, nan in tensor: 0, max: 1.00000, min: 0.00000
robust accuracy: 44.00%
initial accuracy: 86.00%
apgd-ce - 1/1 - 73 out of 172 successfully perturbed
robust accuracy after APGD-CE: 49.50% (total time 10.2 s)
apgd-t - 1/1 - 10 out of 99 successfully perturbed
robust accuracy after APGD-T: 44.50% (total time 75.9 s)
fab-t - 1/1 - 0 out of 89 successfully perturbed
robust accuracy after FAB-T: 44.50% (total time 160.2 s)
square - 1/1 - 0 out of 89 successfully perturbed
robust accuracy after SQUARE: 44.50% (total time 251.7 s)
max Linf perturbation: 0.03137, nan in tensor: 0, max: 1.00000, min: 0.00000
robust accuracy: 44.50%
initial accuracy: 84.00%
apgd-ce - 1/1 - 79 out of 168 successfully perturbed
robust accuracy after APGD-CE: 44.50% (total time 10.1 s)
apgd-t - 1/1 - 7 out of 89 successfully perturbed
robust accuracy after APGD-T: 41.00% (total time 71.7 s)
fab-t - 1/1 - 0 out of 82 successfully perturbed
robust accuracy after FAB-T: 41.00% (total time 154.5 s)
square - 1/1 - 0 out of 82 successfully perturbed
robust accuracy after SQUARE: 41.00% (total time 244.3 s)
max Linf perturbation: 0.03137, nan in tensor: 0, max: 1.00000, min: 0.00000
robust accuracy: 41.00%
initial accuracy: 83.00%
apgd-ce - 1/1 - 77 out of 166 successfully perturbed
robust accuracy after APGD-CE: 44.50% (total time 10.0 s)
apgd-t - 1/1 - 7 out of 89 successfully perturbed
robust accuracy after APGD-T: 41.00% (total time 72.1 s)
fab-t - 1/1 - 0 out of 82 successfully perturbed
robust accuracy after FAB-T: 41.00% (total time 154.7 s)
square - 1/1 - 0 out of 82 successfully perturbed
robust accuracy after SQUARE: 41.00% (total time 245.0 s)
max Linf perturbation: 0.03137, nan in tensor: 0, max: 1.00000, min: 0.00000
robust accuracy: 41.00%
initial accuracy: 84.50%
apgd-ce - 1/1 - 86 out of 169 successfully perturbed
robust accuracy after APGD-CE: 41.50% (total time 10.2 s)
apgd-t - 1/1 - 2 out of 83 successfully perturbed
robust accuracy after APGD-T: 40.50% (total time 71.0 s)
fab-t - 1/1 - 0 out of 81 successfully perturbed
robust accuracy after FAB-T: 40.50% (total time 151.1 s)
square - 1/1 - 0 out of 81 successfully perturbed
robust accuracy after SQUARE: 40.50% (total time 243.3 s)
max Linf perturbation: 0.03137, nan in tensor: 0, max: 1.00000, min: 0.00000
robust accuracy: 40.50%
initial accuracy: 79.00%
apgd-ce - 1/1 - 69 out of 158 successfully perturbed
robust accuracy after APGD-CE: 44.50% (total time 9.8 s)
apgd-t - 1/1 - 6 out of 89 successfully perturbed
robust accuracy after APGD-T: 41.50% (total time 72.1 s)
fab-t - 1/1 - 0 out of 83 successfully perturbed
robust accuracy after FAB-T: 41.50% (total time 156.2 s)
square - 1/1 - 0 out of 83 successfully perturbed
robust accuracy after SQUARE: 41.50% (total time 245.8 s)
max Linf perturbation: 0.03137, nan in tensor: 0, max: 1.00000, min: 0.00000
robust accuracy: 41.50%
