initial accuracy: 85.00%
apgd-ce - 1/1 - 84 out of 170 successfully perturbed
robust accuracy after APGD-CE: 43.00% (total time 10.1 s)
apgd-t - 1/1 - 7 out of 86 successfully perturbed
robust accuracy after APGD-T: 39.50% (total time 65.8 s)
fab-t - 1/1 - 0 out of 79 successfully perturbed
robust accuracy after FAB-T: 39.50% (total time 140.7 s)
square - 1/1 - 0 out of 79 successfully perturbed
robust accuracy after SQUARE: 39.50% (total time 222.5 s)
max Linf perturbation: 0.03137, nan in tensor: 0, max: 1.00000, min: 0.00000
robust accuracy: 39.50%
initial accuracy: 77.00%
apgd-ce - 1/1 - 64 out of 154 successfully perturbed
robust accuracy after APGD-CE: 45.00% (total time 9.5 s)
apgd-t - 1/1 - 6 out of 90 successfully perturbed
robust accuracy after APGD-T: 42.00% (total time 71.5 s)
fab-t - 1/1 - 0 out of 84 successfully perturbed
robust accuracy after FAB-T: 42.00% (total time 152.3 s)
square - 1/1 - 0 out of 84 successfully perturbed
robust accuracy after SQUARE: 42.00% (total time 237.0 s)
max Linf perturbation: 0.03137, nan in tensor: 0, max: 1.00000, min: 0.00000
robust accuracy: 42.00%
initial accuracy: 81.00%
apgd-ce - 1/1 - 61 out of 162 successfully perturbed
robust accuracy after APGD-CE: 50.50% (total time 9.8 s)
apgd-t - 1/1 - 4 out of 101 successfully perturbed
robust accuracy after APGD-T: 48.50% (total time 77.1 s)
fab-t - 1/1 - 0 out of 97 successfully perturbed
robust accuracy after FAB-T: 48.50% (total time 165.3 s)
square - 1/1 - 0 out of 97 successfully perturbed
robust accuracy after SQUARE: 48.50% (total time 256.1 s)
max Linf perturbation: 0.03137, nan in tensor: 0, max: 1.00000, min: 0.00000
robust accuracy: 48.50%
initial accuracy: 78.50%
apgd-ce - 1/1 - 73 out of 157 successfully perturbed
robust accuracy after APGD-CE: 42.00% (total time 9.6 s)
apgd-t - 1/1 - 12 out of 84 successfully perturbed
robust accuracy after APGD-T: 36.00% (total time 64.9 s)
fab-t - 1/1 - 0 out of 72 successfully perturbed
robust accuracy after FAB-T: 36.00% (total time 139.2 s)
square - 1/1 - 0 out of 72 successfully perturbed
robust accuracy after SQUARE: 36.00% (total time 221.6 s)
max Linf perturbation: 0.03137, nan in tensor: 0, max: 1.00000, min: 0.00000
robust accuracy: 36.00%
initial accuracy: 80.00%
apgd-ce - 1/1 - 62 out of 160 successfully perturbed
robust accuracy after APGD-CE: 49.00% (total time 9.7 s)
apgd-t - 1/1 - 3 out of 98 successfully perturbed
robust accuracy after APGD-T: 47.50% (total time 74.8 s)
fab-t - 1/1 - 0 out of 95 successfully perturbed
robust accuracy after FAB-T: 47.50% (total time 159.6 s)
square - 1/1 - 0 out of 95 successfully perturbed
robust accuracy after SQUARE: 47.50% (total time 251.3 s)
max Linf perturbation: 0.03137, nan in tensor: 0, max: 1.00000, min: 0.00000
robust accuracy: 47.50%
initial accuracy: 78.50%
apgd-ce - 1/1 - 54 out of 157 successfully perturbed
robust accuracy after APGD-CE: 51.50% (total time 9.6 s)
apgd-t - 1/1 - 4 out of 103 successfully perturbed
robust accuracy after APGD-T: 49.50% (total time 77.4 s)
fab-t - 1/1 - 0 out of 99 successfully perturbed
robust accuracy after FAB-T: 49.50% (total time 167.1 s)
square - 1/1 - 0 out of 99 successfully perturbed
robust accuracy after SQUARE: 49.50% (total time 257.6 s)
max Linf perturbation: 0.03137, nan in tensor: 0, max: 1.00000, min: 0.00000
robust accuracy: 49.50%
initial accuracy: 75.00%
apgd-ce - 1/1 - 61 out of 150 successfully perturbed
robust accuracy after APGD-CE: 44.50% (total time 9.3 s)
apgd-t - 1/1 - 6 out of 89 successfully perturbed
robust accuracy after APGD-T: 41.50% (total time 71.7 s)
fab-t - 1/1 - 0 out of 83 successfully perturbed
robust accuracy after FAB-T: 41.50% (total time 151.5 s)
square - 1/1 - 0 out of 83 successfully perturbed
robust accuracy after SQUARE: 41.50% (total time 234.0 s)
max Linf perturbation: 0.03137, nan in tensor: 0, max: 1.00000, min: 0.00000
robust accuracy: 41.50%
initial accuracy: 77.50%
apgd-ce - 1/1 - 56 out of 155 successfully perturbed
robust accuracy after APGD-CE: 49.50% (total time 9.7 s)
apgd-t - 1/1 - 15 out of 99 successfully perturbed
robust accuracy after APGD-T: 42.00% (total time 72.7 s)
fab-t - 1/1 - 0 out of 84 successfully perturbed
robust accuracy after FAB-T: 42.00% (total time 153.8 s)
square - 1/1 - 0 out of 84 successfully perturbed
robust accuracy after SQUARE: 42.00% (total time 235.7 s)
max Linf perturbation: 0.03137, nan in tensor: 0, max: 1.00000, min: 0.00000
robust accuracy: 42.00%
initial accuracy: 77.00%
apgd-ce - 1/1 - 62 out of 154 successfully perturbed
robust accuracy after APGD-CE: 46.00% (total time 9.5 s)
apgd-t - 1/1 - 6 out of 92 successfully perturbed
robust accuracy after APGD-T: 43.00% (total time 72.0 s)
fab-t - 1/1 - 0 out of 86 successfully perturbed
robust accuracy after FAB-T: 43.00% (total time 154.2 s)
square - 1/1 - 0 out of 86 successfully perturbed
robust accuracy after SQUARE: 43.00% (total time 237.0 s)
max Linf perturbation: 0.03137, nan in tensor: 0, max: 1.00000, min: 0.00000
robust accuracy: 43.00%
initial accuracy: 79.00%
apgd-ce - 1/1 - 68 out of 158 successfully perturbed
robust accuracy after APGD-CE: 45.00% (total time 9.5 s)
apgd-t - 1/1 - 4 out of 90 successfully perturbed
robust accuracy after APGD-T: 43.00% (total time 71.0 s)
fab-t - 1/1 - 0 out of 86 successfully perturbed
robust accuracy after FAB-T: 43.00% (total time 152.3 s)
square - 1/1 - 0 out of 86 successfully perturbed
robust accuracy after SQUARE: 43.00% (total time 234.8 s)
max Linf perturbation: 0.03137, nan in tensor: 0, max: 1.00000, min: 0.00000
robust accuracy: 43.00%
initial accuracy: 76.50%
apgd-ce - 1/1 - 68 out of 153 successfully perturbed
robust accuracy after APGD-CE: 42.50% (total time 9.4 s)
apgd-t - 1/1 - 6 out of 85 successfully perturbed
robust accuracy after APGD-T: 39.50% (total time 67.0 s)
fab-t - 1/1 - 0 out of 79 successfully perturbed
robust accuracy after FAB-T: 39.50% (total time 141.9 s)
square - 1/1 - 0 out of 79 successfully perturbed
robust accuracy after SQUARE: 39.50% (total time 221.8 s)
max Linf perturbation: 0.03137, nan in tensor: 0, max: 1.00000, min: 0.00000
robust accuracy: 39.50%
initial accuracy: 81.00%
apgd-ce - 1/1 - 60 out of 162 successfully perturbed
robust accuracy after APGD-CE: 51.00% (total time 9.9 s)
apgd-t - 1/1 - 13 out of 102 successfully perturbed
robust accuracy after APGD-T: 44.50% (total time 75.3 s)
fab-t - 1/1 - 0 out of 89 successfully perturbed
robust accuracy after FAB-T: 44.50% (total time 158.6 s)
square - 1/1 - 0 out of 89 successfully perturbed
robust accuracy after SQUARE: 44.50% (total time 240.4 s)
max Linf perturbation: 0.03137, nan in tensor: 0, max: 1.00000, min: 0.00000
robust accuracy: 44.50%
initial accuracy: 74.50%
apgd-ce - 1/1 - 72 out of 149 successfully perturbed
robust accuracy after APGD-CE: 38.50% (total time 9.3 s)
apgd-t - 1/1 - 7 out of 77 successfully perturbed
robust accuracy after APGD-T: 35.00% (total time 62.9 s)
fab-t - 1/1 - 0 out of 70 successfully perturbed
robust accuracy after FAB-T: 35.00% (total time 134.7 s)
square - 1/1 - 0 out of 70 successfully perturbed
robust accuracy after SQUARE: 35.00% (total time 214.6 s)
max Linf perturbation: 0.03137, nan in tensor: 0, max: 1.00000, min: 0.00000
robust accuracy: 35.00%
initial accuracy: 82.00%
apgd-ce - 1/1 - 70 out of 164 successfully perturbed
robust accuracy after APGD-CE: 47.00% (total time 9.9 s)
apgd-t - 1/1 - 4 out of 94 successfully perturbed
robust accuracy after APGD-T: 45.00% (total time 74.0 s)
fab-t - 1/1 - 0 out of 90 successfully perturbed
robust accuracy after FAB-T: 45.00% (total time 156.6 s)
square - 1/1 - 0 out of 90 successfully perturbed
robust accuracy after SQUARE: 45.00% (total time 238.8 s)
max Linf perturbation: 0.03137, nan in tensor: 0, max: 1.00000, min: 0.00000
robust accuracy: 45.00%
initial accuracy: 79.50%
apgd-ce - 1/1 - 63 out of 159 successfully perturbed
robust accuracy after APGD-CE: 48.00% (total time 9.8 s)
apgd-t - 1/1 - 9 out of 96 successfully perturbed
robust accuracy after APGD-T: 43.50% (total time 73.0 s)
fab-t - 1/1 - 0 out of 87 successfully perturbed
robust accuracy after FAB-T: 43.50% (total time 156.1 s)
square - 1/1 - 0 out of 87 successfully perturbed
robust accuracy after SQUARE: 43.50% (total time 242.8 s)
max Linf perturbation: 0.03137, nan in tensor: 0, max: 1.00000, min: 0.00000
robust accuracy: 43.50%
initial accuracy: 78.00%
apgd-ce - 1/1 - 53 out of 156 successfully perturbed
robust accuracy after APGD-CE: 51.50% (total time 9.5 s)
apgd-t - 1/1 - 2 out of 103 successfully perturbed
robust accuracy after APGD-T: 50.50% (total time 79.6 s)
fab-t - 1/1 - 0 out of 101 successfully perturbed
robust accuracy after FAB-T: 50.50% (total time 166.8 s)
square - 1/1 - 0 out of 101 successfully perturbed
robust accuracy after SQUARE: 50.50% (total time 253.4 s)
max Linf perturbation: 0.03137, nan in tensor: 0, max: 1.00000, min: 0.00000
robust accuracy: 50.50%
initial accuracy: 77.00%
apgd-ce - 1/1 - 57 out of 154 successfully perturbed
robust accuracy after APGD-CE: 48.50% (total time 9.5 s)
apgd-t - 1/1 - 7 out of 97 successfully perturbed
robust accuracy after APGD-T: 45.00% (total time 73.9 s)
fab-t - 1/1 - 0 out of 90 successfully perturbed
robust accuracy after FAB-T: 45.00% (total time 156.9 s)
square - 1/1 - 0 out of 90 successfully perturbed
robust accuracy after SQUARE: 45.00% (total time 238.2 s)
max Linf perturbation: 0.03137, nan in tensor: 0, max: 1.00000, min: 0.00000
robust accuracy: 45.00%
initial accuracy: 76.00%
apgd-ce - 1/1 - 55 out of 152 successfully perturbed
robust accuracy after APGD-CE: 48.50% (total time 9.3 s)
apgd-t - 1/1 - 10 out of 97 successfully perturbed
robust accuracy after APGD-T: 43.50% (total time 71.8 s)
fab-t - 1/1 - 0 out of 87 successfully perturbed
robust accuracy after FAB-T: 43.50% (total time 154.6 s)
square - 1/1 - 0 out of 87 successfully perturbed
robust accuracy after SQUARE: 43.50% (total time 237.1 s)
max Linf perturbation: 0.03137, nan in tensor: 0, max: 1.00000, min: 0.00000
robust accuracy: 43.50%
initial accuracy: 78.00%
apgd-ce - 1/1 - 65 out of 156 successfully perturbed
robust accuracy after APGD-CE: 45.50% (total time 9.5 s)
apgd-t - 1/1 - 7 out of 91 successfully perturbed
robust accuracy after APGD-T: 42.00% (total time 72.4 s)
fab-t - 1/1 - 0 out of 84 successfully perturbed
robust accuracy after FAB-T: 42.00% (total time 154.4 s)
square - 1/1 - 0 out of 84 successfully perturbed
robust accuracy after SQUARE: 42.00% (total time 234.8 s)
max Linf perturbation: 0.03137, nan in tensor: 0, max: 1.00000, min: 0.00000
robust accuracy: 42.00%
initial accuracy: 76.50%
apgd-ce - 1/1 - 60 out of 153 successfully perturbed
robust accuracy after APGD-CE: 46.50% (total time 9.4 s)
apgd-t - 1/1 - 3 out of 93 successfully perturbed
robust accuracy after APGD-T: 45.00% (total time 74.5 s)
fab-t - 1/1 - 0 out of 90 successfully perturbed
robust accuracy after FAB-T: 45.00% (total time 157.8 s)
square - 1/1 - 0 out of 90 successfully perturbed
robust accuracy after SQUARE: 45.00% (total time 242.1 s)
max Linf perturbation: 0.03137, nan in tensor: 0, max: 1.00000, min: 0.00000
robust accuracy: 45.00%
initial accuracy: 79.00%
apgd-ce - 1/1 - 61 out of 158 successfully perturbed
robust accuracy after APGD-CE: 48.50% (total time 9.7 s)
apgd-t - 1/1 - 4 out of 97 successfully perturbed
robust accuracy after APGD-T: 46.50% (total time 73.8 s)
fab-t - 1/1 - 0 out of 93 successfully perturbed
robust accuracy after FAB-T: 46.50% (total time 157.5 s)
square - 1/1 - 0 out of 93 successfully perturbed
robust accuracy after SQUARE: 46.50% (total time 244.0 s)
max Linf perturbation: 0.03137, nan in tensor: 0, max: 1.00000, min: 0.00000
robust accuracy: 46.50%
initial accuracy: 81.50%
apgd-ce - 1/1 - 58 out of 163 successfully perturbed
robust accuracy after APGD-CE: 52.50% (total time 9.8 s)
apgd-t - 1/1 - 3 out of 105 successfully perturbed
robust accuracy after APGD-T: 51.00% (total time 79.7 s)
fab-t - 1/1 - 0 out of 102 successfully perturbed
robust accuracy after FAB-T: 51.00% (total time 171.3 s)
square - 1/1 - 0 out of 102 successfully perturbed
robust accuracy after SQUARE: 51.00% (total time 257.6 s)
max Linf perturbation: 0.03137, nan in tensor: 0, max: 1.00000, min: 0.00000
robust accuracy: 51.00%
initial accuracy: 79.00%
apgd-ce - 1/1 - 60 out of 158 successfully perturbed
robust accuracy after APGD-CE: 49.00% (total time 9.6 s)
apgd-t - 1/1 - 7 out of 98 successfully perturbed
robust accuracy after APGD-T: 45.50% (total time 74.3 s)
fab-t - 1/1 - 0 out of 91 successfully perturbed
robust accuracy after FAB-T: 45.50% (total time 162.7 s)
square - 1/1 - 0 out of 91 successfully perturbed
robust accuracy after SQUARE: 45.50% (total time 245.7 s)
max Linf perturbation: 0.03137, nan in tensor: 0, max: 1.00000, min: 0.00000
robust accuracy: 45.50%
initial accuracy: 78.00%
apgd-ce - 1/1 - 59 out of 156 successfully perturbed
robust accuracy after APGD-CE: 48.50% (total time 9.4 s)
apgd-t - 1/1 - 5 out of 97 successfully perturbed
robust accuracy after APGD-T: 46.00% (total time 73.8 s)
fab-t - 1/1 - 0 out of 92 successfully perturbed
robust accuracy after FAB-T: 46.00% (total time 160.1 s)
square - 1/1 - 0 out of 92 successfully perturbed
robust accuracy after SQUARE: 46.00% (total time 243.0 s)
max Linf perturbation: 0.03137, nan in tensor: 0, max: 1.00000, min: 0.00000
robust accuracy: 46.00%
initial accuracy: 79.00%
apgd-ce - 1/1 - 67 out of 158 successfully perturbed
robust accuracy after APGD-CE: 45.50% (total time 9.8 s)
apgd-t - 1/1 - 7 out of 91 successfully perturbed
robust accuracy after APGD-T: 42.00% (total time 72.3 s)
fab-t - 1/1 - 0 out of 84 successfully perturbed
robust accuracy after FAB-T: 42.00% (total time 154.1 s)
square - 1/1 - 0 out of 84 successfully perturbed
robust accuracy after SQUARE: 42.00% (total time 234.1 s)
max Linf perturbation: 0.03137, nan in tensor: 0, max: 1.00000, min: 0.00000
robust accuracy: 42.00%
initial accuracy: 79.00%
apgd-ce - 1/1 - 73 out of 158 successfully perturbed
robust accuracy after APGD-CE: 42.50% (total time 9.7 s)
apgd-t - 1/1 - 8 out of 85 successfully perturbed
robust accuracy after APGD-T: 38.50% (total time 66.9 s)
fab-t - 1/1 - 0 out of 77 successfully perturbed
robust accuracy after FAB-T: 38.50% (total time 142.3 s)
square - 1/1 - 0 out of 77 successfully perturbed
robust accuracy after SQUARE: 38.50% (total time 223.6 s)
max Linf perturbation: 0.03137, nan in tensor: 0, max: 1.00000, min: 0.00000
robust accuracy: 38.50%
initial accuracy: 79.50%
apgd-ce - 1/1 - 76 out of 159 successfully perturbed
robust accuracy after APGD-CE: 41.50% (total time 9.6 s)
apgd-t - 1/1 - 10 out of 83 successfully perturbed
robust accuracy after APGD-T: 36.50% (total time 65.1 s)
fab-t - 1/1 - 0 out of 73 successfully perturbed
robust accuracy after FAB-T: 36.50% (total time 142.0 s)
square - 1/1 - 0 out of 73 successfully perturbed
robust accuracy after SQUARE: 36.50% (total time 225.4 s)
max Linf perturbation: 0.03137, nan in tensor: 0, max: 1.00000, min: 0.00000
robust accuracy: 36.50%
initial accuracy: 82.50%
apgd-ce - 1/1 - 78 out of 165 successfully perturbed
robust accuracy after APGD-CE: 43.50% (total time 10.1 s)
apgd-t - 1/1 - 3 out of 87 successfully perturbed
robust accuracy after APGD-T: 42.00% (total time 71.8 s)
fab-t - 1/1 - 0 out of 84 successfully perturbed
robust accuracy after FAB-T: 42.00% (total time 153.7 s)
square - 1/1 - 0 out of 84 successfully perturbed
robust accuracy after SQUARE: 42.00% (total time 232.0 s)
max Linf perturbation: 0.03137, nan in tensor: 0, max: 1.00000, min: 0.00000
robust accuracy: 42.00%
initial accuracy: 83.50%
apgd-ce - 1/1 - 72 out of 167 successfully perturbed
robust accuracy after APGD-CE: 47.50% (total time 10.5 s)
apgd-t - 1/1 - 5 out of 95 successfully perturbed
robust accuracy after APGD-T: 45.00% (total time 74.8 s)
fab-t - 1/1 - 1 out of 90 successfully perturbed
robust accuracy after FAB-T: 44.50% (total time 160.2 s)
square - 1/1 - 0 out of 89 successfully perturbed
robust accuracy after SQUARE: 44.50% (total time 241.3 s)
max Linf perturbation: 0.03137, nan in tensor: 0, max: 1.00000, min: 0.00000
robust accuracy: 44.50%
initial accuracy: 77.00%
apgd-ce - 1/1 - 69 out of 154 successfully perturbed
robust accuracy after APGD-CE: 42.50% (total time 9.5 s)
apgd-t - 1/1 - 5 out of 85 successfully perturbed
robust accuracy after APGD-T: 40.00% (total time 66.7 s)
fab-t - 1/1 - 0 out of 80 successfully perturbed
robust accuracy after FAB-T: 40.00% (total time 143.7 s)
square - 1/1 - 0 out of 80 successfully perturbed
robust accuracy after SQUARE: 40.00% (total time 226.8 s)
max Linf perturbation: 0.03137, nan in tensor: 0, max: 1.00000, min: 0.00000
robust accuracy: 40.00%
initial accuracy: 74.50%
apgd-ce - 1/1 - 59 out of 149 successfully perturbed
robust accuracy after APGD-CE: 45.00% (total time 9.2 s)
apgd-t - 1/1 - 4 out of 90 successfully perturbed
robust accuracy after APGD-T: 43.00% (total time 72.2 s)
fab-t - 1/1 - 0 out of 86 successfully perturbed
robust accuracy after FAB-T: 43.00% (total time 153.8 s)
square - 1/1 - 0 out of 86 successfully perturbed
robust accuracy after SQUARE: 43.00% (total time 236.5 s)
max Linf perturbation: 0.03137, nan in tensor: 0, max: 1.00000, min: 0.00000
robust accuracy: 43.00%
initial accuracy: 82.00%
apgd-ce - 1/1 - 65 out of 164 successfully perturbed
robust accuracy after APGD-CE: 49.50% (total time 10.2 s)
apgd-t - 1/1 - 1 out of 99 successfully perturbed
robust accuracy after APGD-T: 49.00% (total time 78.4 s)
fab-t - 1/1 - 0 out of 98 successfully perturbed
robust accuracy after FAB-T: 49.00% (total time 166.7 s)
square - 1/1 - 0 out of 98 successfully perturbed
robust accuracy after SQUARE: 49.00% (total time 255.9 s)
max Linf perturbation: 0.03137, nan in tensor: 0, max: 1.00000, min: 0.00000
robust accuracy: 49.00%
initial accuracy: 82.50%
apgd-ce - 1/1 - 79 out of 165 successfully perturbed
robust accuracy after APGD-CE: 43.00% (total time 10.2 s)
apgd-t - 1/1 - 6 out of 86 successfully perturbed
robust accuracy after APGD-T: 40.00% (total time 67.1 s)
fab-t - 1/1 - 0 out of 80 successfully perturbed
robust accuracy after FAB-T: 40.00% (total time 142.6 s)
square - 1/1 - 0 out of 80 successfully perturbed
robust accuracy after SQUARE: 40.00% (total time 225.2 s)
max Linf perturbation: 0.03137, nan in tensor: 0, max: 1.00000, min: 0.00000
robust accuracy: 40.00%
initial accuracy: 78.50%
apgd-ce - 1/1 - 72 out of 157 successfully perturbed
robust accuracy after APGD-CE: 42.50% (total time 9.6 s)
apgd-t - 1/1 - 3 out of 85 successfully perturbed
robust accuracy after APGD-T: 41.00% (total time 71.4 s)
fab-t - 1/1 - 0 out of 82 successfully perturbed
robust accuracy after FAB-T: 41.00% (total time 152.1 s)
square - 1/1 - 0 out of 82 successfully perturbed
robust accuracy after SQUARE: 41.00% (total time 233.8 s)
max Linf perturbation: 0.03137, nan in tensor: 0, max: 1.00000, min: 0.00000
robust accuracy: 41.00%
initial accuracy: 75.50%
apgd-ce - 1/1 - 64 out of 151 successfully perturbed
robust accuracy after APGD-CE: 43.50% (total time 9.3 s)
apgd-t - 1/1 - 8 out of 87 successfully perturbed
robust accuracy after APGD-T: 39.50% (total time 66.2 s)
fab-t - 1/1 - 0 out of 79 successfully perturbed
robust accuracy after FAB-T: 39.50% (total time 141.8 s)
square - 1/1 - 0 out of 79 successfully perturbed
robust accuracy after SQUARE: 39.50% (total time 222.3 s)
max Linf perturbation: 0.03137, nan in tensor: 0, max: 1.00000, min: 0.00000
robust accuracy: 39.50%
initial accuracy: 76.50%
apgd-ce - 1/1 - 57 out of 153 successfully perturbed
robust accuracy after APGD-CE: 48.00% (total time 9.4 s)
apgd-t - 1/1 - 3 out of 96 successfully perturbed
robust accuracy after APGD-T: 46.50% (total time 74.9 s)
fab-t - 1/1 - 0 out of 93 successfully perturbed
robust accuracy after FAB-T: 46.50% (total time 159.4 s)
square - 1/1 - 0 out of 93 successfully perturbed
robust accuracy after SQUARE: 46.50% (total time 242.6 s)
max Linf perturbation: 0.03137, nan in tensor: 0, max: 1.00000, min: 0.00000
robust accuracy: 46.50%
initial accuracy: 84.50%
apgd-ce - 1/1 - 82 out of 169 successfully perturbed
robust accuracy after APGD-CE: 43.50% (total time 10.2 s)
apgd-t - 1/1 - 2 out of 87 successfully perturbed
robust accuracy after APGD-T: 42.50% (total time 73.4 s)
fab-t - 1/1 - 0 out of 85 successfully perturbed
robust accuracy after FAB-T: 42.50% (total time 154.7 s)
square - 1/1 - 0 out of 85 successfully perturbed
robust accuracy after SQUARE: 42.50% (total time 236.9 s)
max Linf perturbation: 0.03137, nan in tensor: 0, max: 1.00000, min: 0.00000
robust accuracy: 42.50%
initial accuracy: 76.50%
apgd-ce - 1/1 - 60 out of 153 successfully perturbed
robust accuracy after APGD-CE: 46.50% (total time 9.4 s)
apgd-t - 1/1 - 4 out of 93 successfully perturbed
robust accuracy after APGD-T: 44.50% (total time 72.5 s)
fab-t - 1/1 - 0 out of 89 successfully perturbed
robust accuracy after FAB-T: 44.50% (total time 154.2 s)
square - 1/1 - 0 out of 89 successfully perturbed
robust accuracy after SQUARE: 44.50% (total time 236.7 s)
max Linf perturbation: 0.03137, nan in tensor: 0, max: 1.00000, min: 0.00000
robust accuracy: 44.50%
initial accuracy: 76.50%
apgd-ce - 1/1 - 58 out of 153 successfully perturbed
robust accuracy after APGD-CE: 47.50% (total time 9.6 s)
apgd-t - 1/1 - 5 out of 95 successfully perturbed
robust accuracy after APGD-T: 45.00% (total time 74.3 s)
fab-t - 1/1 - 0 out of 90 successfully perturbed
robust accuracy after FAB-T: 45.00% (total time 158.2 s)
square - 1/1 - 0 out of 90 successfully perturbed
robust accuracy after SQUARE: 45.00% (total time 239.2 s)
max Linf perturbation: 0.03137, nan in tensor: 0, max: 1.00000, min: 0.00000
robust accuracy: 45.00%
initial accuracy: 79.00%
apgd-ce - 1/1 - 66 out of 158 successfully perturbed
robust accuracy after APGD-CE: 46.00% (total time 9.6 s)
apgd-t - 1/1 - 10 out of 92 successfully perturbed
robust accuracy after APGD-T: 41.00% (total time 70.0 s)
fab-t - 1/1 - 0 out of 82 successfully perturbed
robust accuracy after FAB-T: 41.00% (total time 152.2 s)
square - 1/1 - 0 out of 82 successfully perturbed
robust accuracy after SQUARE: 41.00% (total time 233.0 s)
max Linf perturbation: 0.03137, nan in tensor: 0, max: 1.00000, min: 0.00000
robust accuracy: 41.00%
initial accuracy: 77.50%
apgd-ce - 1/1 - 67 out of 155 successfully perturbed
robust accuracy after APGD-CE: 44.00% (total time 9.5 s)
apgd-t - 1/1 - 6 out of 88 successfully perturbed
robust accuracy after APGD-T: 41.00% (total time 70.3 s)
fab-t - 1/1 - 0 out of 82 successfully perturbed
robust accuracy after FAB-T: 41.00% (total time 152.6 s)
square - 1/1 - 0 out of 82 successfully perturbed
robust accuracy after SQUARE: 41.00% (total time 235.2 s)
max Linf perturbation: 0.03137, nan in tensor: 0, max: 1.00000, min: 0.00000
robust accuracy: 41.00%
initial accuracy: 80.00%
apgd-ce - 1/1 - 76 out of 160 successfully perturbed
robust accuracy after APGD-CE: 42.00% (total time 9.6 s)
apgd-t - 1/1 - 5 out of 84 successfully perturbed
robust accuracy after APGD-T: 39.50% (total time 65.5 s)
fab-t - 1/1 - 0 out of 79 successfully perturbed
robust accuracy after FAB-T: 39.50% (total time 140.5 s)
square - 1/1 - 0 out of 79 successfully perturbed
robust accuracy after SQUARE: 39.50% (total time 220.7 s)
max Linf perturbation: 0.03137, nan in tensor: 0, max: 1.00000, min: 0.00000
robust accuracy: 39.50%
initial accuracy: 80.00%
apgd-ce - 1/1 - 64 out of 160 successfully perturbed
robust accuracy after APGD-CE: 48.00% (total time 9.6 s)
apgd-t - 1/1 - 7 out of 96 successfully perturbed
robust accuracy after APGD-T: 44.50% (total time 72.8 s)
fab-t - 1/1 - 0 out of 89 successfully perturbed
robust accuracy after FAB-T: 44.50% (total time 158.2 s)
square - 1/1 - 0 out of 89 successfully perturbed
robust accuracy after SQUARE: 44.50% (total time 241.0 s)
max Linf perturbation: 0.03137, nan in tensor: 0, max: 1.00000, min: 0.00000
robust accuracy: 44.50%
initial accuracy: 77.50%
apgd-ce - 1/1 - 65 out of 155 successfully perturbed
robust accuracy after APGD-CE: 45.00% (total time 9.7 s)
apgd-t - 1/1 - 12 out of 90 successfully perturbed
robust accuracy after APGD-T: 39.00% (total time 65.6 s)
fab-t - 1/1 - 0 out of 78 successfully perturbed
robust accuracy after FAB-T: 39.00% (total time 141.3 s)
square - 1/1 - 0 out of 78 successfully perturbed
robust accuracy after SQUARE: 39.00% (total time 227.2 s)
max Linf perturbation: 0.03137, nan in tensor: 0, max: 1.00000, min: 0.00000
robust accuracy: 39.00%
initial accuracy: 81.00%
apgd-ce - 1/1 - 68 out of 162 successfully perturbed
robust accuracy after APGD-CE: 47.00% (total time 9.9 s)
apgd-t - 1/1 - 7 out of 94 successfully perturbed
robust accuracy after APGD-T: 43.50% (total time 72.6 s)
fab-t - 1/1 - 0 out of 87 successfully perturbed
robust accuracy after FAB-T: 43.50% (total time 156.8 s)
square - 1/1 - 0 out of 87 successfully perturbed
robust accuracy after SQUARE: 43.50% (total time 239.0 s)
max Linf perturbation: 0.03137, nan in tensor: 0, max: 1.00000, min: 0.00000
robust accuracy: 43.50%
initial accuracy: 85.00%
apgd-ce - 1/1 - 66 out of 170 successfully perturbed
robust accuracy after APGD-CE: 52.00% (total time 10.1 s)
apgd-t - 1/1 - 10 out of 104 successfully perturbed
robust accuracy after APGD-T: 47.00% (total time 75.8 s)
fab-t - 1/1 - 0 out of 94 successfully perturbed
robust accuracy after FAB-T: 47.00% (total time 159.9 s)
square - 1/1 - 0 out of 94 successfully perturbed
robust accuracy after SQUARE: 47.00% (total time 244.8 s)
max Linf perturbation: 0.03137, nan in tensor: 0, max: 1.00000, min: 0.00000
robust accuracy: 47.00%
initial accuracy: 82.00%
apgd-ce - 1/1 - 72 out of 164 successfully perturbed
robust accuracy after APGD-CE: 46.00% (total time 10.0 s)
apgd-t - 1/1 - 5 out of 92 successfully perturbed
robust accuracy after APGD-T: 43.50% (total time 72.9 s)
fab-t - 1/1 - 0 out of 87 successfully perturbed
robust accuracy after FAB-T: 43.50% (total time 155.5 s)
square - 1/1 - 0 out of 87 successfully perturbed
robust accuracy after SQUARE: 43.50% (total time 237.7 s)
max Linf perturbation: 0.03137, nan in tensor: 0, max: 1.00000, min: 0.00000
robust accuracy: 43.50%
initial accuracy: 80.00%
apgd-ce - 1/1 - 65 out of 160 successfully perturbed
robust accuracy after APGD-CE: 47.50% (total time 9.7 s)
apgd-t - 1/1 - 4 out of 95 successfully perturbed
robust accuracy after APGD-T: 45.50% (total time 73.3 s)
fab-t - 1/1 - 0 out of 91 successfully perturbed
robust accuracy after FAB-T: 45.50% (total time 155.6 s)
square - 1/1 - 0 out of 91 successfully perturbed
robust accuracy after SQUARE: 45.50% (total time 238.0 s)
max Linf perturbation: 0.03137, nan in tensor: 0, max: 1.00000, min: 0.00000
robust accuracy: 45.50%
initial accuracy: 79.00%
apgd-ce - 1/1 - 71 out of 158 successfully perturbed
robust accuracy after APGD-CE: 43.50% (total time 9.6 s)
apgd-t - 1/1 - 4 out of 87 successfully perturbed
robust accuracy after APGD-T: 41.50% (total time 70.8 s)
fab-t - 1/1 - 1 out of 83 successfully perturbed
robust accuracy after FAB-T: 41.00% (total time 151.9 s)
square - 1/1 - 0 out of 82 successfully perturbed
robust accuracy after SQUARE: 41.00% (total time 234.1 s)
max Linf perturbation: 0.03137, nan in tensor: 0, max: 1.00000, min: 0.00000
robust accuracy: 41.00%
initial accuracy: 78.50%
apgd-ce - 1/1 - 60 out of 157 successfully perturbed
robust accuracy after APGD-CE: 48.50% (total time 9.6 s)
apgd-t - 1/1 - 5 out of 97 successfully perturbed
robust accuracy after APGD-T: 46.00% (total time 73.0 s)
fab-t - 1/1 - 0 out of 92 successfully perturbed
robust accuracy after FAB-T: 46.00% (total time 157.1 s)
square - 1/1 - 0 out of 92 successfully perturbed
robust accuracy after SQUARE: 46.00% (total time 243.5 s)
max Linf perturbation: 0.03137, nan in tensor: 0, max: 1.00000, min: 0.00000
robust accuracy: 46.00%
