initial accuracy: 84.00%
apgd-ce - 1/1 - 79 out of 168 successfully perturbed
robust accuracy after APGD-CE: 44.50% (total time 10.3 s)
apgd-t - 1/1 - 5 out of 89 successfully perturbed
robust accuracy after APGD-T: 42.00% (total time 73.2 s)
fab-t - 1/1 - 0 out of 84 successfully perturbed
robust accuracy after FAB-T: 42.00% (total time 156.1 s)
square - 1/1 - 0 out of 84 successfully perturbed
robust accuracy after SQUARE: 42.00% (total time 249.4 s)
max Linf perturbation: 0.03137, nan in tensor: 0, max: 1.00000, min: 0.00000
robust accuracy: 42.00%
initial accuracy: 82.50%
apgd-ce - 1/1 - 76 out of 165 successfully perturbed
robust accuracy after APGD-CE: 44.50% (total time 10.0 s)
apgd-t - 1/1 - 4 out of 89 successfully perturbed
robust accuracy after APGD-T: 42.50% (total time 74.1 s)
fab-t - 1/1 - 0 out of 85 successfully perturbed
robust accuracy after FAB-T: 42.50% (total time 158.1 s)
square - 1/1 - 0 out of 85 successfully perturbed
robust accuracy after SQUARE: 42.50% (total time 249.1 s)
max Linf perturbation: 0.03137, nan in tensor: 0, max: 1.00000, min: 0.00000
robust accuracy: 42.50%
initial accuracy: 81.00%
apgd-ce - 1/1 - 61 out of 162 successfully perturbed
robust accuracy after APGD-CE: 50.50% (total time 9.9 s)
apgd-t - 1/1 - 3 out of 101 successfully perturbed
robust accuracy after APGD-T: 49.00% (total time 79.1 s)
fab-t - 1/1 - 0 out of 98 successfully perturbed
robust accuracy after FAB-T: 49.00% (total time 169.2 s)
square - 1/1 - 0 out of 98 successfully perturbed
robust accuracy after SQUARE: 49.00% (total time 265.9 s)
max Linf perturbation: 0.03137, nan in tensor: 0, max: 1.00000, min: 0.00000
robust accuracy: 49.00%
initial accuracy: 79.50%
apgd-ce - 1/1 - 74 out of 159 successfully perturbed
robust accuracy after APGD-CE: 42.50% (total time 9.8 s)
apgd-t - 1/1 - 8 out of 85 successfully perturbed
robust accuracy after APGD-T: 38.50% (total time 67.6 s)
fab-t - 1/1 - 0 out of 77 successfully perturbed
robust accuracy after FAB-T: 38.50% (total time 146.3 s)
square - 1/1 - 0 out of 77 successfully perturbed
robust accuracy after SQUARE: 38.50% (total time 239.9 s)
max Linf perturbation: 0.03137, nan in tensor: 0, max: 1.00000, min: 0.00000
robust accuracy: 38.50%
initial accuracy: 82.50%
apgd-ce - 1/1 - 62 out of 165 successfully perturbed
robust accuracy after APGD-CE: 51.50% (total time 10.0 s)
apgd-t - 1/1 - 12 out of 103 successfully perturbed
robust accuracy after APGD-T: 45.50% (total time 76.3 s)
fab-t - 1/1 - 0 out of 91 successfully perturbed
robust accuracy after FAB-T: 45.50% (total time 162.8 s)
square - 1/1 - 0 out of 91 successfully perturbed
robust accuracy after SQUARE: 45.50% (total time 251.7 s)
max Linf perturbation: 0.03137, nan in tensor: 0, max: 1.00000, min: 0.00000
robust accuracy: 45.50%
initial accuracy: 80.50%
apgd-ce - 1/1 - 61 out of 161 successfully perturbed
robust accuracy after APGD-CE: 50.00% (total time 9.9 s)
apgd-t - 1/1 - 1 out of 100 successfully perturbed
robust accuracy after APGD-T: 49.50% (total time 79.1 s)
fab-t - 1/1 - 0 out of 99 successfully perturbed
robust accuracy after FAB-T: 49.50% (total time 168.6 s)
square - 1/1 - 0 out of 99 successfully perturbed
robust accuracy after SQUARE: 49.50% (total time 265.1 s)
max Linf perturbation: 0.03137, nan in tensor: 0, max: 1.00000, min: 0.00000
robust accuracy: 49.50%
initial accuracy: 75.00%
apgd-ce - 1/1 - 65 out of 150 successfully perturbed
robust accuracy after APGD-CE: 42.50% (total time 9.4 s)
apgd-t - 1/1 - 1 out of 85 successfully perturbed
robust accuracy after APGD-T: 42.00% (total time 72.7 s)
fab-t - 1/1 - 0 out of 84 successfully perturbed
robust accuracy after FAB-T: 42.00% (total time 156.1 s)
square - 1/1 - 0 out of 84 successfully perturbed
robust accuracy after SQUARE: 42.00% (total time 250.3 s)
max Linf perturbation: 0.03137, nan in tensor: 0, max: 1.00000, min: 0.00000
robust accuracy: 42.00%
initial accuracy: 83.00%
apgd-ce - 1/1 - 68 out of 166 successfully perturbed
robust accuracy after APGD-CE: 49.00% (total time 10.0 s)
apgd-t - 1/1 - 9 out of 98 successfully perturbed
robust accuracy after APGD-T: 44.50% (total time 75.3 s)
fab-t - 1/1 - 0 out of 89 successfully perturbed
robust accuracy after FAB-T: 44.50% (total time 160.4 s)
square - 1/1 - 0 out of 89 successfully perturbed
robust accuracy after SQUARE: 44.50% (total time 253.3 s)
max Linf perturbation: 0.03137, nan in tensor: 0, max: 1.00000, min: 0.00000
robust accuracy: 44.50%
initial accuracy: 77.50%
apgd-ce - 1/1 - 61 out of 155 successfully perturbed
robust accuracy after APGD-CE: 47.00% (total time 9.6 s)
apgd-t - 1/1 - 4 out of 94 successfully perturbed
robust accuracy after APGD-T: 45.00% (total time 74.9 s)
fab-t - 1/1 - 0 out of 90 successfully perturbed
robust accuracy after FAB-T: 45.00% (total time 161.3 s)
square - 1/1 - 0 out of 90 successfully perturbed
robust accuracy after SQUARE: 45.00% (total time 255.6 s)
max Linf perturbation: 0.03137, nan in tensor: 0, max: 1.00000, min: 0.00000
robust accuracy: 45.00%
initial accuracy: 79.00%
apgd-ce - 1/1 - 67 out of 158 successfully perturbed
robust accuracy after APGD-CE: 45.50% (total time 9.7 s)
apgd-t - 1/1 - 4 out of 91 successfully perturbed
robust accuracy after APGD-T: 43.50% (total time 73.1 s)
fab-t - 1/1 - 0 out of 87 successfully perturbed
robust accuracy after FAB-T: 43.50% (total time 156.5 s)
square - 1/1 - 0 out of 87 successfully perturbed
robust accuracy after SQUARE: 43.50% (total time 250.5 s)
max Linf perturbation: 0.03137, nan in tensor: 0, max: 1.00000, min: 0.00000
robust accuracy: 43.50%
initial accuracy: 80.00%
apgd-ce - 1/1 - 74 out of 160 successfully perturbed
robust accuracy after APGD-CE: 43.00% (total time 9.8 s)
apgd-t - 1/1 - 4 out of 86 successfully perturbed
robust accuracy after APGD-T: 41.00% (total time 72.8 s)
fab-t - 1/1 - 0 out of 82 successfully perturbed
robust accuracy after FAB-T: 41.00% (total time 156.1 s)
square - 1/1 - 0 out of 82 successfully perturbed
robust accuracy after SQUARE: 41.00% (total time 247.3 s)
max Linf perturbation: 0.03137, nan in tensor: 0, max: 1.00000, min: 0.00000
robust accuracy: 41.00%
initial accuracy: 80.50%
apgd-ce - 1/1 - 65 out of 161 successfully perturbed
robust accuracy after APGD-CE: 48.00% (total time 9.9 s)
apgd-t - 1/1 - 9 out of 96 successfully perturbed
robust accuracy after APGD-T: 43.50% (total time 74.4 s)
fab-t - 1/1 - 0 out of 87 successfully perturbed
robust accuracy after FAB-T: 43.50% (total time 159.1 s)
square - 1/1 - 0 out of 87 successfully perturbed
robust accuracy after SQUARE: 43.50% (total time 246.7 s)
max Linf perturbation: 0.03137, nan in tensor: 0, max: 1.00000, min: 0.00000
robust accuracy: 43.50%
initial accuracy: 77.00%
apgd-ce - 1/1 - 76 out of 154 successfully perturbed
robust accuracy after APGD-CE: 39.00% (total time 9.4 s)
apgd-t - 1/1 - 4 out of 78 successfully perturbed
robust accuracy after APGD-T: 37.00% (total time 64.6 s)
fab-t - 1/1 - 0 out of 74 successfully perturbed
robust accuracy after FAB-T: 37.00% (total time 144.3 s)
square - 1/1 - 0 out of 74 successfully perturbed
robust accuracy after SQUARE: 37.00% (total time 232.3 s)
max Linf perturbation: 0.03137, nan in tensor: 0, max: 1.00000, min: 0.00000
robust accuracy: 37.00%
initial accuracy: 86.00%
apgd-ce - 1/1 - 74 out of 172 successfully perturbed
robust accuracy after APGD-CE: 49.00% (total time 10.2 s)
apgd-t - 1/1 - 6 out of 98 successfully perturbed
robust accuracy after APGD-T: 46.00% (total time 76.2 s)
fab-t - 1/1 - 0 out of 92 successfully perturbed
robust accuracy after FAB-T: 46.00% (total time 161.8 s)
square - 1/1 - 0 out of 92 successfully perturbed
robust accuracy after SQUARE: 46.00% (total time 254.5 s)
max Linf perturbation: 0.03137, nan in tensor: 0, max: 1.00000, min: 0.00000
robust accuracy: 46.00%
initial accuracy: 84.00%
apgd-ce - 1/1 - 79 out of 168 successfully perturbed
robust accuracy after APGD-CE: 44.50% (total time 10.1 s)
apgd-t - 1/1 - 5 out of 89 successfully perturbed
robust accuracy after APGD-T: 42.00% (total time 72.5 s)
fab-t - 1/1 - 0 out of 84 successfully perturbed
robust accuracy after FAB-T: 42.00% (total time 155.7 s)
square - 1/1 - 0 out of 84 successfully perturbed
robust accuracy after SQUARE: 42.00% (total time 246.6 s)
max Linf perturbation: 0.03137, nan in tensor: 0, max: 1.00000, min: 0.00000
robust accuracy: 42.00%
initial accuracy: 80.00%
apgd-ce - 1/1 - 68 out of 160 successfully perturbed
robust accuracy after APGD-CE: 46.00% (total time 9.7 s)
apgd-t - 1/1 - 3 out of 92 successfully perturbed
robust accuracy after APGD-T: 44.50% (total time 74.2 s)
fab-t - 1/1 - 0 out of 89 successfully perturbed
robust accuracy after FAB-T: 44.50% (total time 159.5 s)
square - 1/1 - 0 out of 89 successfully perturbed
robust accuracy after SQUARE: 44.50% (total time 256.9 s)
max Linf perturbation: 0.03137, nan in tensor: 0, max: 1.00000, min: 0.00000
robust accuracy: 44.50%
initial accuracy: 77.50%
apgd-ce - 1/1 - 63 out of 155 successfully perturbed
robust accuracy after APGD-CE: 46.00% (total time 9.6 s)
apgd-t - 1/1 - 4 out of 92 successfully perturbed
robust accuracy after APGD-T: 44.00% (total time 73.3 s)
fab-t - 1/1 - 0 out of 88 successfully perturbed
robust accuracy after FAB-T: 44.00% (total time 157.8 s)
square - 1/1 - 0 out of 88 successfully perturbed
robust accuracy after SQUARE: 44.00% (total time 251.6 s)
max Linf perturbation: 0.03137, nan in tensor: 0, max: 1.00000, min: 0.00000
robust accuracy: 44.00%
initial accuracy: 77.00%
apgd-ce - 1/1 - 51 out of 154 successfully perturbed
robust accuracy after APGD-CE: 51.50% (total time 9.5 s)
apgd-t - 1/1 - 8 out of 103 successfully perturbed
robust accuracy after APGD-T: 47.50% (total time 76.9 s)
fab-t - 1/1 - 0 out of 95 successfully perturbed
robust accuracy after FAB-T: 47.50% (total time 165.1 s)
square - 1/1 - 0 out of 95 successfully perturbed
robust accuracy after SQUARE: 47.50% (total time 262.3 s)
max Linf perturbation: 0.03137, nan in tensor: 0, max: 1.00000, min: 0.00000
robust accuracy: 47.50%
initial accuracy: 79.50%
apgd-ce - 1/1 - 66 out of 159 successfully perturbed
robust accuracy after APGD-CE: 46.50% (total time 9.9 s)
apgd-t - 1/1 - 7 out of 93 successfully perturbed
robust accuracy after APGD-T: 43.00% (total time 72.5 s)
fab-t - 1/1 - 0 out of 86 successfully perturbed
robust accuracy after FAB-T: 43.00% (total time 156.7 s)
square - 1/1 - 0 out of 86 successfully perturbed
robust accuracy after SQUARE: 43.00% (total time 244.3 s)
max Linf perturbation: 0.03137, nan in tensor: 0, max: 1.00000, min: 0.00000
robust accuracy: 43.00%
initial accuracy: 79.50%
apgd-ce - 1/1 - 65 out of 159 successfully perturbed
robust accuracy after APGD-CE: 47.00% (total time 9.8 s)
apgd-t - 1/1 - 2 out of 94 successfully perturbed
robust accuracy after APGD-T: 46.00% (total time 75.4 s)
fab-t - 1/1 - 0 out of 92 successfully perturbed
robust accuracy after FAB-T: 46.00% (total time 162.1 s)
square - 1/1 - 0 out of 92 successfully perturbed
robust accuracy after SQUARE: 46.00% (total time 252.5 s)
max Linf perturbation: 0.03137, nan in tensor: 0, max: 1.00000, min: 0.00000
robust accuracy: 46.00%
initial accuracy: 80.50%
apgd-ce - 1/1 - 57 out of 161 successfully perturbed
robust accuracy after APGD-CE: 52.00% (total time 9.9 s)
apgd-t - 1/1 - 4 out of 104 successfully perturbed
robust accuracy after APGD-T: 50.00% (total time 78.4 s)
fab-t - 1/1 - 0 out of 100 successfully perturbed
robust accuracy after FAB-T: 50.00% (total time 167.1 s)
square - 1/1 - 0 out of 100 successfully perturbed
robust accuracy after SQUARE: 50.00% (total time 255.4 s)
max Linf perturbation: 0.03137, nan in tensor: 0, max: 1.00000, min: 0.00000
robust accuracy: 50.00%
initial accuracy: 84.00%
apgd-ce - 1/1 - 69 out of 168 successfully perturbed
robust accuracy after APGD-CE: 49.50% (total time 10.2 s)
apgd-t - 1/1 - 8 out of 99 successfully perturbed
robust accuracy after APGD-T: 45.50% (total time 75.6 s)
fab-t - 1/1 - 0 out of 91 successfully perturbed
robust accuracy after FAB-T: 45.50% (total time 159.8 s)
square - 1/1 - 0 out of 91 successfully perturbed
robust accuracy after SQUARE: 45.50% (total time 248.7 s)
max Linf perturbation: 0.03137, nan in tensor: 0, max: 1.00000, min: 0.00000
robust accuracy: 45.50%
initial accuracy: 80.50%
apgd-ce - 1/1 - 63 out of 161 successfully perturbed
robust accuracy after APGD-CE: 49.00% (total time 10.0 s)
apgd-t - 1/1 - 15 out of 98 successfully perturbed
robust accuracy after APGD-T: 41.50% (total time 73.4 s)
fab-t - 1/1 - 0 out of 83 successfully perturbed
robust accuracy after FAB-T: 41.50% (total time 155.6 s)
square - 1/1 - 0 out of 83 successfully perturbed
robust accuracy after SQUARE: 41.50% (total time 240.7 s)
max Linf perturbation: 0.03137, nan in tensor: 0, max: 1.00000, min: 0.00000
robust accuracy: 41.50%
initial accuracy: 80.00%
apgd-ce - 1/1 - 66 out of 160 successfully perturbed
robust accuracy after APGD-CE: 47.00% (total time 10.0 s)
apgd-t - 1/1 - 2 out of 94 successfully perturbed
robust accuracy after APGD-T: 46.00% (total time 74.2 s)
fab-t - 1/1 - 0 out of 92 successfully perturbed
robust accuracy after FAB-T: 46.00% (total time 159.4 s)
square - 1/1 - 0 out of 92 successfully perturbed
robust accuracy after SQUARE: 46.00% (total time 249.8 s)
max Linf perturbation: 0.03137, nan in tensor: 0, max: 1.00000, min: 0.00000
robust accuracy: 46.00%
initial accuracy: 80.00%
apgd-ce - 1/1 - 65 out of 160 successfully perturbed
robust accuracy after APGD-CE: 47.50% (total time 9.5 s)
apgd-t - 1/1 - 5 out of 95 successfully perturbed
robust accuracy after APGD-T: 45.00% (total time 73.8 s)
fab-t - 1/1 - 0 out of 90 successfully perturbed
robust accuracy after FAB-T: 45.00% (total time 158.2 s)
square - 1/1 - 0 out of 90 successfully perturbed
robust accuracy after SQUARE: 45.00% (total time 244.6 s)
max Linf perturbation: 0.03137, nan in tensor: 0, max: 1.00000, min: 0.00000
robust accuracy: 45.00%
initial accuracy: 81.00%
apgd-ce - 1/1 - 78 out of 162 successfully perturbed
robust accuracy after APGD-CE: 42.00% (total time 10.1 s)
apgd-t - 1/1 - 5 out of 84 successfully perturbed
robust accuracy after APGD-T: 39.50% (total time 66.2 s)
fab-t - 1/1 - 0 out of 79 successfully perturbed
robust accuracy after FAB-T: 39.50% (total time 141.8 s)
square - 1/1 - 0 out of 79 successfully perturbed
robust accuracy after SQUARE: 39.50% (total time 226.7 s)
max Linf perturbation: 0.03137, nan in tensor: 0, max: 1.00000, min: 0.00000
robust accuracy: 39.50%
initial accuracy: 79.50%
apgd-ce - 1/1 - 63 out of 159 successfully perturbed
robust accuracy after APGD-CE: 48.00% (total time 9.5 s)
apgd-t - 1/1 - 12 out of 96 successfully perturbed
robust accuracy after APGD-T: 42.00% (total time 71.7 s)
fab-t - 1/1 - 0 out of 84 successfully perturbed
robust accuracy after FAB-T: 42.00% (total time 151.8 s)
square - 1/1 - 0 out of 84 successfully perturbed
robust accuracy after SQUARE: 42.00% (total time 237.1 s)
max Linf perturbation: 0.03137, nan in tensor: 0, max: 1.00000, min: 0.00000
robust accuracy: 42.00%
initial accuracy: 80.50%
apgd-ce - 1/1 - 74 out of 161 successfully perturbed
robust accuracy after APGD-CE: 43.50% (total time 9.6 s)
apgd-t - 1/1 - 8 out of 87 successfully perturbed
robust accuracy after APGD-T: 39.50% (total time 66.1 s)
fab-t - 1/1 - 0 out of 79 successfully perturbed
robust accuracy after FAB-T: 39.50% (total time 141.4 s)
square - 1/1 - 0 out of 79 successfully perturbed
robust accuracy after SQUARE: 39.50% (total time 224.1 s)
max Linf perturbation: 0.03137, nan in tensor: 0, max: 1.00000, min: 0.00000
robust accuracy: 39.50%
initial accuracy: 81.50%
apgd-ce - 1/1 - 67 out of 163 successfully perturbed
robust accuracy after APGD-CE: 48.00% (total time 9.7 s)
apgd-t - 1/1 - 5 out of 96 successfully perturbed
robust accuracy after APGD-T: 45.50% (total time 74.2 s)
fab-t - 1/1 - 0 out of 91 successfully perturbed
robust accuracy after FAB-T: 45.50% (total time 158.3 s)
square - 1/1 - 0 out of 91 successfully perturbed
robust accuracy after SQUARE: 45.50% (total time 241.3 s)
max Linf perturbation: 0.03137, nan in tensor: 0, max: 1.00000, min: 0.00000
robust accuracy: 45.50%
initial accuracy: 77.50%
apgd-ce - 1/1 - 71 out of 155 successfully perturbed
robust accuracy after APGD-CE: 42.00% (total time 9.4 s)
apgd-t - 1/1 - 7 out of 84 successfully perturbed
robust accuracy after APGD-T: 38.50% (total time 64.7 s)
fab-t - 1/1 - 0 out of 77 successfully perturbed
robust accuracy after FAB-T: 38.50% (total time 138.6 s)
square - 1/1 - 0 out of 77 successfully perturbed
robust accuracy after SQUARE: 38.50% (total time 220.6 s)
max Linf perturbation: 0.03137, nan in tensor: 0, max: 1.00000, min: 0.00000
robust accuracy: 38.50%
initial accuracy: 78.50%
apgd-ce - 1/1 - 69 out of 157 successfully perturbed
robust accuracy after APGD-CE: 44.00% (total time 9.4 s)
apgd-t - 1/1 - 3 out of 88 successfully perturbed
robust accuracy after APGD-T: 42.50% (total time 70.6 s)
fab-t - 1/1 - 0 out of 85 successfully perturbed
robust accuracy after FAB-T: 42.50% (total time 152.3 s)
square - 1/1 - 0 out of 85 successfully perturbed
robust accuracy after SQUARE: 42.50% (total time 244.1 s)
max Linf perturbation: 0.03137, nan in tensor: 0, max: 1.00000, min: 0.00000
robust accuracy: 42.50%
initial accuracy: 83.50%
apgd-ce - 1/1 - 65 out of 167 successfully perturbed
robust accuracy after APGD-CE: 51.00% (total time 10.0 s)
apgd-t - 1/1 - 5 out of 102 successfully perturbed
robust accuracy after APGD-T: 48.50% (total time 77.2 s)
fab-t - 1/1 - 0 out of 97 successfully perturbed
robust accuracy after FAB-T: 48.50% (total time 165.2 s)
square - 1/1 - 0 out of 97 successfully perturbed
robust accuracy after SQUARE: 48.50% (total time 254.6 s)
max Linf perturbation: 0.03137, nan in tensor: 0, max: 1.00000, min: 0.00000
robust accuracy: 48.50%
initial accuracy: 84.00%
apgd-ce - 1/1 - 87 out of 168 successfully perturbed
robust accuracy after APGD-CE: 40.50% (total time 10.7 s)
apgd-t - 1/1 - 2 out of 81 successfully perturbed
robust accuracy after APGD-T: 39.50% (total time 67.4 s)
fab-t - 1/1 - 0 out of 79 successfully perturbed
robust accuracy after FAB-T: 39.50% (total time 144.2 s)
square - 1/1 - 0 out of 79 successfully perturbed
robust accuracy after SQUARE: 39.50% (total time 225.1 s)
max Linf perturbation: 0.03137, nan in tensor: 0, max: 1.00000, min: 0.00000
robust accuracy: 39.50%
initial accuracy: 77.50%
apgd-ce - 1/1 - 67 out of 155 successfully perturbed
robust accuracy after APGD-CE: 44.00% (total time 9.4 s)
apgd-t - 1/1 - 1 out of 88 successfully perturbed
robust accuracy after APGD-T: 43.50% (total time 72.3 s)
fab-t - 1/1 - 0 out of 87 successfully perturbed
robust accuracy after FAB-T: 43.50% (total time 153.3 s)
square - 1/1 - 0 out of 87 successfully perturbed
robust accuracy after SQUARE: 43.50% (total time 237.5 s)
max Linf perturbation: 0.03137, nan in tensor: 0, max: 1.00000, min: 0.00000
robust accuracy: 43.50%
initial accuracy: 80.00%
apgd-ce - 1/1 - 80 out of 160 successfully perturbed
robust accuracy after APGD-CE: 40.00% (total time 9.6 s)
apgd-t - 1/1 - 4 out of 80 successfully perturbed
robust accuracy after APGD-T: 38.00% (total time 65.0 s)
fab-t - 1/1 - 0 out of 76 successfully perturbed
robust accuracy after FAB-T: 38.00% (total time 139.9 s)
square - 1/1 - 0 out of 76 successfully perturbed
robust accuracy after SQUARE: 38.00% (total time 222.8 s)
max Linf perturbation: 0.03137, nan in tensor: 0, max: 1.00000, min: 0.00000
robust accuracy: 38.00%
initial accuracy: 78.50%
apgd-ce - 1/1 - 63 out of 157 successfully perturbed
robust accuracy after APGD-CE: 47.00% (total time 9.9 s)
apgd-t - 1/1 - 2 out of 94 successfully perturbed
robust accuracy after APGD-T: 46.00% (total time 74.8 s)
fab-t - 1/1 - 0 out of 92 successfully perturbed
robust accuracy after FAB-T: 46.00% (total time 159.8 s)
square - 1/1 - 0 out of 92 successfully perturbed
robust accuracy after SQUARE: 46.00% (total time 244.2 s)
max Linf perturbation: 0.03137, nan in tensor: 0, max: 1.00000, min: 0.00000
robust accuracy: 46.00%
initial accuracy: 83.00%
apgd-ce - 1/1 - 76 out of 166 successfully perturbed
robust accuracy after APGD-CE: 45.00% (total time 10.1 s)
apgd-t - 1/1 - 10 out of 90 successfully perturbed
robust accuracy after APGD-T: 40.00% (total time 70.0 s)
fab-t - 1/1 - 0 out of 80 successfully perturbed
robust accuracy after FAB-T: 40.00% (total time 145.0 s)
square - 1/1 - 0 out of 80 successfully perturbed
robust accuracy after SQUARE: 40.00% (total time 230.9 s)
max Linf perturbation: 0.03137, nan in tensor: 0, max: 1.00000, min: 0.00000
robust accuracy: 40.00%
initial accuracy: 79.50%
apgd-ce - 1/1 - 61 out of 159 successfully perturbed
robust accuracy after APGD-CE: 49.00% (total time 9.5 s)
apgd-t - 1/1 - 8 out of 98 successfully perturbed
robust accuracy after APGD-T: 45.00% (total time 74.4 s)
fab-t - 1/1 - 0 out of 90 successfully perturbed
robust accuracy after FAB-T: 45.00% (total time 157.0 s)
square - 1/1 - 0 out of 90 successfully perturbed
robust accuracy after SQUARE: 45.00% (total time 238.6 s)
max Linf perturbation: 0.03137, nan in tensor: 0, max: 1.00000, min: 0.00000
robust accuracy: 45.00%
initial accuracy: 79.00%
apgd-ce - 1/1 - 59 out of 158 successfully perturbed
robust accuracy after APGD-CE: 49.50% (total time 9.4 s)
apgd-t - 1/1 - 8 out of 99 successfully perturbed
robust accuracy after APGD-T: 45.50% (total time 73.4 s)
fab-t - 1/1 - 0 out of 91 successfully perturbed
robust accuracy after FAB-T: 45.50% (total time 158.5 s)
square - 1/1 - 0 out of 91 successfully perturbed
robust accuracy after SQUARE: 45.50% (total time 243.1 s)
max Linf perturbation: 0.03137, nan in tensor: 0, max: 1.00000, min: 0.00000
robust accuracy: 45.50%
initial accuracy: 80.50%
apgd-ce - 1/1 - 70 out of 161 successfully perturbed
robust accuracy after APGD-CE: 45.50% (total time 9.7 s)
apgd-t - 1/1 - 7 out of 91 successfully perturbed
robust accuracy after APGD-T: 42.00% (total time 69.9 s)
fab-t - 1/1 - 0 out of 84 successfully perturbed
robust accuracy after FAB-T: 42.00% (total time 151.0 s)
square - 1/1 - 0 out of 84 successfully perturbed
robust accuracy after SQUARE: 42.00% (total time 234.0 s)
max Linf perturbation: 0.03137, nan in tensor: 0, max: 1.00000, min: 0.00000
robust accuracy: 42.00%
initial accuracy: 82.50%
apgd-ce - 1/1 - 75 out of 165 successfully perturbed
robust accuracy after APGD-CE: 45.00% (total time 9.9 s)
apgd-t - 1/1 - 2 out of 90 successfully perturbed
robust accuracy after APGD-T: 44.00% (total time 73.8 s)
fab-t - 1/1 - 0 out of 88 successfully perturbed
robust accuracy after FAB-T: 44.00% (total time 158.6 s)
square - 1/1 - 0 out of 88 successfully perturbed
robust accuracy after SQUARE: 44.00% (total time 242.1 s)
max Linf perturbation: 0.03137, nan in tensor: 0, max: 1.00000, min: 0.00000
robust accuracy: 44.00%
initial accuracy: 78.50%
apgd-ce - 1/1 - 73 out of 157 successfully perturbed
robust accuracy after APGD-CE: 42.00% (total time 9.4 s)
apgd-t - 1/1 - 4 out of 84 successfully perturbed
robust accuracy after APGD-T: 40.00% (total time 65.6 s)
fab-t - 1/1 - 0 out of 80 successfully perturbed
robust accuracy after FAB-T: 40.00% (total time 140.8 s)
square - 1/1 - 0 out of 80 successfully perturbed
robust accuracy after SQUARE: 40.00% (total time 223.7 s)
max Linf perturbation: 0.03137, nan in tensor: 0, max: 1.00000, min: 0.00000
robust accuracy: 40.00%
initial accuracy: 80.00%
apgd-ce - 1/1 - 57 out of 160 successfully perturbed
robust accuracy after APGD-CE: 51.50% (total time 9.5 s)
apgd-t - 1/1 - 8 out of 103 successfully perturbed
robust accuracy after APGD-T: 47.50% (total time 76.3 s)
fab-t - 1/1 - 0 out of 95 successfully perturbed
robust accuracy after FAB-T: 47.50% (total time 161.4 s)
square - 1/1 - 0 out of 95 successfully perturbed
robust accuracy after SQUARE: 47.50% (total time 250.2 s)
max Linf perturbation: 0.03137, nan in tensor: 0, max: 1.00000, min: 0.00000
robust accuracy: 47.50%
initial accuracy: 79.50%
apgd-ce - 1/1 - 79 out of 159 successfully perturbed
robust accuracy after APGD-CE: 40.00% (total time 9.5 s)
apgd-t - 1/1 - 3 out of 80 successfully perturbed
robust accuracy after APGD-T: 38.50% (total time 64.9 s)
fab-t - 1/1 - 0 out of 77 successfully perturbed
robust accuracy after FAB-T: 38.50% (total time 140.9 s)
square - 1/1 - 0 out of 77 successfully perturbed
robust accuracy after SQUARE: 38.50% (total time 227.6 s)
max Linf perturbation: 0.03137, nan in tensor: 0, max: 1.00000, min: 0.00000
robust accuracy: 38.50%
initial accuracy: 85.50%
apgd-ce - 1/1 - 74 out of 171 successfully perturbed
robust accuracy after APGD-CE: 48.50% (total time 10.1 s)
apgd-t - 1/1 - 6 out of 97 successfully perturbed
robust accuracy after APGD-T: 45.50% (total time 74.9 s)
fab-t - 1/1 - 0 out of 91 successfully perturbed
robust accuracy after FAB-T: 45.50% (total time 158.2 s)
square - 1/1 - 0 out of 91 successfully perturbed
robust accuracy after SQUARE: 45.50% (total time 241.0 s)
max Linf perturbation: 0.03137, nan in tensor: 0, max: 1.00000, min: 0.00000
robust accuracy: 45.50%
initial accuracy: 85.00%
apgd-ce - 1/1 - 73 out of 170 successfully perturbed
robust accuracy after APGD-CE: 48.50% (total time 10.2 s)
apgd-t - 1/1 - 5 out of 97 successfully perturbed
robust accuracy after APGD-T: 46.00% (total time 74.1 s)
fab-t - 1/1 - 0 out of 92 successfully perturbed
robust accuracy after FAB-T: 46.00% (total time 160.1 s)
square - 1/1 - 0 out of 92 successfully perturbed
robust accuracy after SQUARE: 46.00% (total time 243.4 s)
max Linf perturbation: 0.03137, nan in tensor: 0, max: 1.00000, min: 0.00000
robust accuracy: 46.00%
initial accuracy: 83.00%
apgd-ce - 1/1 - 68 out of 166 successfully perturbed
robust accuracy after APGD-CE: 49.00% (total time 10.1 s)
apgd-t - 1/1 - 5 out of 98 successfully perturbed
robust accuracy after APGD-T: 46.50% (total time 74.1 s)
fab-t - 1/1 - 0 out of 93 successfully perturbed
robust accuracy after FAB-T: 46.50% (total time 158.0 s)
square - 1/1 - 0 out of 93 successfully perturbed
robust accuracy after SQUARE: 46.50% (total time 239.9 s)
max Linf perturbation: 0.03137, nan in tensor: 0, max: 1.00000, min: 0.00000
robust accuracy: 46.50%
initial accuracy: 82.00%
apgd-ce - 1/1 - 71 out of 164 successfully perturbed
robust accuracy after APGD-CE: 46.50% (total time 9.8 s)
apgd-t - 1/1 - 9 out of 93 successfully perturbed
robust accuracy after APGD-T: 42.00% (total time 69.2 s)
fab-t - 1/1 - 0 out of 84 successfully perturbed
robust accuracy after FAB-T: 42.00% (total time 149.3 s)
square - 1/1 - 0 out of 84 successfully perturbed
robust accuracy after SQUARE: 42.00% (total time 232.1 s)
max Linf perturbation: 0.03137, nan in tensor: 0, max: 1.00000, min: 0.00000
robust accuracy: 42.00%
initial accuracy: 82.00%
apgd-ce - 1/1 - 73 out of 164 successfully perturbed
robust accuracy after APGD-CE: 45.50% (total time 9.8 s)
apgd-t - 1/1 - 8 out of 91 successfully perturbed
robust accuracy after APGD-T: 41.50% (total time 69.9 s)
fab-t - 1/1 - 0 out of 83 successfully perturbed
robust accuracy after FAB-T: 41.50% (total time 150.8 s)
square - 1/1 - 0 out of 83 successfully perturbed
robust accuracy after SQUARE: 41.50% (total time 234.1 s)
max Linf perturbation: 0.03137, nan in tensor: 0, max: 1.00000, min: 0.00000
robust accuracy: 41.50%
initial accuracy: 81.50%
apgd-ce - 1/1 - 64 out of 163 successfully perturbed
robust accuracy after APGD-CE: 49.50% (total time 9.7 s)
apgd-t - 1/1 - 13 out of 99 successfully perturbed
robust accuracy after APGD-T: 43.00% (total time 74.6 s)
fab-t - 1/1 - 0 out of 86 successfully perturbed
robust accuracy after FAB-T: 43.00% (total time 156.9 s)
square - 1/1 - 0 out of 86 successfully perturbed
robust accuracy after SQUARE: 43.00% (total time 241.2 s)
max Linf perturbation: 0.03137, nan in tensor: 0, max: 1.00000, min: 0.00000
robust accuracy: 43.00%
