initial accuracy: 76.00%
apgd-ce - 1/1 - 62 out of 152 successfully perturbed
robust accuracy after APGD-CE: 45.00% (total time 9.8 s)
apgd-t - 1/1 - 7 out of 90 successfully perturbed
robust accuracy after APGD-T: 41.50% (total time 73.0 s)
fab-t - 1/1 - 0 out of 83 successfully perturbed
robust accuracy after FAB-T: 41.50% (total time 155.3 s)
square - 1/1 - 0 out of 83 successfully perturbed
robust accuracy after SQUARE: 41.50% (total time 242.3 s)
max Linf perturbation: 0.03137, nan in tensor: 0, max: 1.00000, min: 0.00000
robust accuracy: 41.50%
initial accuracy: 71.50%
apgd-ce - 1/1 - 58 out of 143 successfully perturbed
robust accuracy after APGD-CE: 42.50% (total time 9.8 s)
apgd-t - 1/1 - 4 out of 85 successfully perturbed
robust accuracy after APGD-T: 40.50% (total time 71.2 s)
fab-t - 1/1 - 0 out of 81 successfully perturbed
robust accuracy after FAB-T: 40.50% (total time 152.6 s)
square - 1/1 - 0 out of 81 successfully perturbed
robust accuracy after SQUARE: 40.50% (total time 242.4 s)
max Linf perturbation: 0.03137, nan in tensor: 0, max: 1.00000, min: 0.00000
robust accuracy: 40.50%
initial accuracy: 75.50%
apgd-ce - 1/1 - 56 out of 151 successfully perturbed
robust accuracy after APGD-CE: 47.50% (total time 10.1 s)
apgd-t - 1/1 - 3 out of 95 successfully perturbed
robust accuracy after APGD-T: 46.00% (total time 77.8 s)
fab-t - 1/1 - 0 out of 92 successfully perturbed
robust accuracy after FAB-T: 46.00% (total time 164.9 s)
square - 1/1 - 0 out of 92 successfully perturbed
robust accuracy after SQUARE: 46.00% (total time 256.4 s)
max Linf perturbation: 0.03137, nan in tensor: 0, max: 1.00000, min: 0.00000
robust accuracy: 46.00%
initial accuracy: 71.50%
apgd-ce - 1/1 - 67 out of 143 successfully perturbed
robust accuracy after APGD-CE: 38.00% (total time 9.6 s)
apgd-t - 1/1 - 3 out of 76 successfully perturbed
robust accuracy after APGD-T: 36.50% (total time 66.3 s)
fab-t - 1/1 - 0 out of 73 successfully perturbed
robust accuracy after FAB-T: 36.50% (total time 143.9 s)
square - 1/1 - 0 out of 73 successfully perturbed
robust accuracy after SQUARE: 36.50% (total time 234.1 s)
max Linf perturbation: 0.03137, nan in tensor: 0, max: 1.00000, min: 0.00000
robust accuracy: 36.50%
initial accuracy: 77.00%
apgd-ce - 1/1 - 57 out of 154 successfully perturbed
robust accuracy after APGD-CE: 48.50% (total time 10.2 s)
apgd-t - 1/1 - 3 out of 97 successfully perturbed
robust accuracy after APGD-T: 47.00% (total time 78.4 s)
fab-t - 1/1 - 0 out of 94 successfully perturbed
robust accuracy after FAB-T: 47.00% (total time 167.4 s)
square - 1/1 - 0 out of 94 successfully perturbed
robust accuracy after SQUARE: 47.00% (total time 262.7 s)
max Linf perturbation: 0.03137, nan in tensor: 0, max: 1.00000, min: 0.00000
robust accuracy: 47.00%
initial accuracy: 74.00%
apgd-ce - 1/1 - 58 out of 148 successfully perturbed
robust accuracy after APGD-CE: 45.00% (total time 9.9 s)
apgd-t - 1/1 - 11 out of 90 successfully perturbed
robust accuracy after APGD-T: 39.50% (total time 71.0 s)
fab-t - 1/1 - 0 out of 79 successfully perturbed
robust accuracy after FAB-T: 39.50% (total time 150.0 s)
square - 1/1 - 0 out of 79 successfully perturbed
robust accuracy after SQUARE: 39.50% (total time 238.9 s)
max Linf perturbation: 0.03137, nan in tensor: 0, max: 1.00000, min: 0.00000
robust accuracy: 39.50%
initial accuracy: 67.50%
apgd-ce - 1/1 - 50 out of 135 successfully perturbed
robust accuracy after APGD-CE: 42.50% (total time 9.2 s)
apgd-t - 1/1 - 7 out of 85 successfully perturbed
robust accuracy after APGD-T: 39.00% (total time 67.9 s)
fab-t - 1/1 - 0 out of 78 successfully perturbed
robust accuracy after FAB-T: 39.00% (total time 146.9 s)
square - 1/1 - 0 out of 78 successfully perturbed
robust accuracy after SQUARE: 39.00% (total time 234.2 s)
max Linf perturbation: 0.03137, nan in tensor: 0, max: 1.00000, min: 0.00000
robust accuracy: 39.00%
initial accuracy: 73.50%
apgd-ce - 1/1 - 61 out of 147 successfully perturbed
robust accuracy after APGD-CE: 43.00% (total time 9.8 s)
apgd-t - 1/1 - 7 out of 86 successfully perturbed
robust accuracy after APGD-T: 39.50% (total time 67.7 s)
fab-t - 1/1 - 0 out of 79 successfully perturbed
robust accuracy after FAB-T: 39.50% (total time 146.5 s)
square - 1/1 - 0 out of 79 successfully perturbed
robust accuracy after SQUARE: 39.50% (total time 233.5 s)
max Linf perturbation: 0.03137, nan in tensor: 0, max: 1.00000, min: 0.00000
robust accuracy: 39.50%
initial accuracy: 72.50%
apgd-ce - 1/1 - 55 out of 145 successfully perturbed
robust accuracy after APGD-CE: 45.00% (total time 9.7 s)
apgd-t - 1/1 - 4 out of 90 successfully perturbed
robust accuracy after APGD-T: 43.00% (total time 75.7 s)
fab-t - 1/1 - 0 out of 86 successfully perturbed
robust accuracy after FAB-T: 43.00% (total time 161.7 s)
square - 1/1 - 0 out of 86 successfully perturbed
robust accuracy after SQUARE: 43.00% (total time 250.5 s)
max Linf perturbation: 0.03137, nan in tensor: 0, max: 1.00000, min: 0.00000
robust accuracy: 43.00%
initial accuracy: 70.00%
apgd-ce - 1/1 - 54 out of 140 successfully perturbed
robust accuracy after APGD-CE: 43.00% (total time 9.5 s)
apgd-t - 1/1 - 2 out of 86 successfully perturbed
robust accuracy after APGD-T: 42.00% (total time 73.5 s)
fab-t - 1/1 - 0 out of 84 successfully perturbed
robust accuracy after FAB-T: 42.00% (total time 159.3 s)
square - 1/1 - 0 out of 84 successfully perturbed
robust accuracy after SQUARE: 42.00% (total time 244.8 s)
max Linf perturbation: 0.03137, nan in tensor: 0, max: 1.00000, min: 0.00000
robust accuracy: 42.00%
initial accuracy: 73.00%
apgd-ce - 1/1 - 68 out of 146 successfully perturbed
robust accuracy after APGD-CE: 39.00% (total time 9.9 s)
apgd-t - 1/1 - 7 out of 78 successfully perturbed
robust accuracy after APGD-T: 35.50% (total time 66.4 s)
fab-t - 1/1 - 0 out of 71 successfully perturbed
robust accuracy after FAB-T: 35.50% (total time 140.9 s)
square - 1/1 - 0 out of 71 successfully perturbed
robust accuracy after SQUARE: 35.50% (total time 229.7 s)
max Linf perturbation: 0.03137, nan in tensor: 0, max: 1.00000, min: 0.00000
robust accuracy: 35.50%
initial accuracy: 73.50%
apgd-ce - 1/1 - 54 out of 147 successfully perturbed
robust accuracy after APGD-CE: 46.50% (total time 9.8 s)
apgd-t - 1/1 - 7 out of 93 successfully perturbed
robust accuracy after APGD-T: 43.00% (total time 75.3 s)
fab-t - 1/1 - 0 out of 86 successfully perturbed
robust accuracy after FAB-T: 43.00% (total time 160.2 s)
square - 1/1 - 0 out of 86 successfully perturbed
robust accuracy after SQUARE: 43.00% (total time 250.2 s)
max Linf perturbation: 0.03137, nan in tensor: 0, max: 1.00000, min: 0.00000
robust accuracy: 43.00%
initial accuracy: 71.00%
apgd-ce - 1/1 - 70 out of 142 successfully perturbed
robust accuracy after APGD-CE: 36.00% (total time 9.6 s)
apgd-t - 1/1 - 6 out of 72 successfully perturbed
robust accuracy after APGD-T: 33.00% (total time 63.8 s)
fab-t - 1/1 - 0 out of 66 successfully perturbed
robust accuracy after FAB-T: 33.00% (total time 137.1 s)
square - 1/1 - 0 out of 66 successfully perturbed
robust accuracy after SQUARE: 33.00% (total time 217.9 s)
max Linf perturbation: 0.03137, nan in tensor: 0, max: 1.00000, min: 0.00000
robust accuracy: 33.00%
initial accuracy: 75.00%
apgd-ce - 1/1 - 61 out of 150 successfully perturbed
robust accuracy after APGD-CE: 44.50% (total time 10.0 s)
apgd-t - 1/1 - 4 out of 89 successfully perturbed
robust accuracy after APGD-T: 42.50% (total time 75.4 s)
fab-t - 1/1 - 0 out of 85 successfully perturbed
robust accuracy after FAB-T: 42.50% (total time 161.0 s)
square - 1/1 - 0 out of 85 successfully perturbed
robust accuracy after SQUARE: 42.50% (total time 245.2 s)
max Linf perturbation: 0.03137, nan in tensor: 0, max: 1.00000, min: 0.00000
robust accuracy: 42.50%
initial accuracy: 77.00%
apgd-ce - 1/1 - 64 out of 154 successfully perturbed
robust accuracy after APGD-CE: 45.00% (total time 10.1 s)
apgd-t - 1/1 - 10 out of 90 successfully perturbed
robust accuracy after APGD-T: 40.00% (total time 69.1 s)
fab-t - 1/1 - 0 out of 80 successfully perturbed
robust accuracy after FAB-T: 40.00% (total time 146.7 s)
square - 1/1 - 0 out of 80 successfully perturbed
robust accuracy after SQUARE: 40.00% (total time 231.8 s)
max Linf perturbation: 0.03137, nan in tensor: 0, max: 1.00000, min: 0.00000
robust accuracy: 40.00%
initial accuracy: 71.00%
apgd-ce - 1/1 - 51 out of 142 successfully perturbed
robust accuracy after APGD-CE: 45.50% (total time 9.6 s)
apgd-t - 1/1 - 8 out of 91 successfully perturbed
robust accuracy after APGD-T: 41.50% (total time 74.6 s)
fab-t - 1/1 - 0 out of 83 successfully perturbed
robust accuracy after FAB-T: 41.50% (total time 155.6 s)
square - 1/1 - 0 out of 83 successfully perturbed
robust accuracy after SQUARE: 41.50% (total time 236.6 s)
max Linf perturbation: 0.03137, nan in tensor: 0, max: 1.00000, min: 0.00000
robust accuracy: 41.50%
initial accuracy: 71.50%
apgd-ce - 1/1 - 66 out of 143 successfully perturbed
robust accuracy after APGD-CE: 38.50% (total time 9.6 s)
apgd-t - 1/1 - 3 out of 77 successfully perturbed
robust accuracy after APGD-T: 37.00% (total time 65.2 s)
fab-t - 1/1 - 0 out of 74 successfully perturbed
robust accuracy after FAB-T: 37.00% (total time 140.3 s)
square - 1/1 - 0 out of 74 successfully perturbed
robust accuracy after SQUARE: 37.00% (total time 222.4 s)
max Linf perturbation: 0.03137, nan in tensor: 0, max: 1.00000, min: 0.00000
robust accuracy: 37.00%
initial accuracy: 70.50%
apgd-ce - 1/1 - 50 out of 141 successfully perturbed
robust accuracy after APGD-CE: 45.50% (total time 9.6 s)
apgd-t - 1/1 - 6 out of 91 successfully perturbed
robust accuracy after APGD-T: 42.50% (total time 72.8 s)
fab-t - 1/1 - 0 out of 85 successfully perturbed
robust accuracy after FAB-T: 42.50% (total time 157.8 s)
square - 1/1 - 0 out of 85 successfully perturbed
robust accuracy after SQUARE: 42.50% (total time 240.8 s)
max Linf perturbation: 0.03137, nan in tensor: 0, max: 1.00000, min: 0.00000
robust accuracy: 42.50%
initial accuracy: 72.50%
apgd-ce - 1/1 - 63 out of 145 successfully perturbed
robust accuracy after APGD-CE: 41.00% (total time 9.8 s)
apgd-t - 1/1 - 6 out of 82 successfully perturbed
robust accuracy after APGD-T: 38.00% (total time 68.9 s)
fab-t - 1/1 - 0 out of 76 successfully perturbed
robust accuracy after FAB-T: 38.00% (total time 145.8 s)
square - 1/1 - 0 out of 76 successfully perturbed
robust accuracy after SQUARE: 38.00% (total time 225.7 s)
max Linf perturbation: 0.03137, nan in tensor: 0, max: 1.00000, min: 0.00000
robust accuracy: 38.00%
initial accuracy: 74.50%
apgd-ce - 1/1 - 55 out of 149 successfully perturbed
robust accuracy after APGD-CE: 47.00% (total time 9.9 s)
apgd-t - 1/1 - 7 out of 94 successfully perturbed
robust accuracy after APGD-T: 43.50% (total time 75.7 s)
fab-t - 1/1 - 0 out of 87 successfully perturbed
robust accuracy after FAB-T: 43.50% (total time 160.2 s)
square - 1/1 - 0 out of 87 successfully perturbed
robust accuracy after SQUARE: 43.50% (total time 243.1 s)
max Linf perturbation: 0.03137, nan in tensor: 0, max: 1.00000, min: 0.00000
robust accuracy: 43.50%
initial accuracy: 73.50%
apgd-ce - 1/1 - 55 out of 147 successfully perturbed
robust accuracy after APGD-CE: 46.00% (total time 9.8 s)
apgd-t - 1/1 - 5 out of 92 successfully perturbed
robust accuracy after APGD-T: 43.50% (total time 74.7 s)
fab-t - 1/1 - 0 out of 87 successfully perturbed
robust accuracy after FAB-T: 43.50% (total time 158.4 s)
square - 1/1 - 0 out of 87 successfully perturbed
robust accuracy after SQUARE: 43.50% (total time 243.4 s)
max Linf perturbation: 0.03137, nan in tensor: 0, max: 1.00000, min: 0.00000
robust accuracy: 43.50%
initial accuracy: 77.00%
apgd-ce - 1/1 - 51 out of 154 successfully perturbed
robust accuracy after APGD-CE: 51.50% (total time 10.2 s)
apgd-t - 1/1 - 7 out of 103 successfully perturbed
robust accuracy after APGD-T: 48.00% (total time 80.0 s)
fab-t - 1/1 - 0 out of 96 successfully perturbed
robust accuracy after FAB-T: 48.00% (total time 168.0 s)
square - 1/1 - 0 out of 96 successfully perturbed
robust accuracy after SQUARE: 48.00% (total time 263.2 s)
max Linf perturbation: 0.03137, nan in tensor: 0, max: 1.00000, min: 0.00000
robust accuracy: 48.00%
initial accuracy: 73.00%
apgd-ce - 1/1 - 52 out of 146 successfully perturbed
robust accuracy after APGD-CE: 47.00% (total time 10.5 s)
apgd-t - 1/1 - 12 out of 94 successfully perturbed
robust accuracy after APGD-T: 41.00% (total time 75.6 s)
fab-t - 1/1 - 0 out of 82 successfully perturbed
robust accuracy after FAB-T: 41.00% (total time 155.7 s)
square - 1/1 - 0 out of 82 successfully perturbed
robust accuracy after SQUARE: 41.00% (total time 239.1 s)
max Linf perturbation: 0.03137, nan in tensor: 0, max: 1.00000, min: 0.00000
robust accuracy: 41.00%
initial accuracy: 74.00%
apgd-ce - 1/1 - 59 out of 148 successfully perturbed
robust accuracy after APGD-CE: 44.50% (total time 9.8 s)
apgd-t - 1/1 - 6 out of 89 successfully perturbed
robust accuracy after APGD-T: 41.50% (total time 73.6 s)
fab-t - 1/1 - 0 out of 83 successfully perturbed
robust accuracy after FAB-T: 41.50% (total time 158.1 s)
square - 1/1 - 0 out of 83 successfully perturbed
robust accuracy after SQUARE: 41.50% (total time 240.6 s)
max Linf perturbation: 0.03137, nan in tensor: 0, max: 1.00000, min: 0.00000
robust accuracy: 41.50%
initial accuracy: 74.50%
apgd-ce - 1/1 - 57 out of 149 successfully perturbed
robust accuracy after APGD-CE: 46.00% (total time 9.9 s)
apgd-t - 1/1 - 7 out of 92 successfully perturbed
robust accuracy after APGD-T: 42.50% (total time 75.8 s)
fab-t - 1/1 - 0 out of 85 successfully perturbed
robust accuracy after FAB-T: 42.50% (total time 158.9 s)
square - 1/1 - 0 out of 85 successfully perturbed
robust accuracy after SQUARE: 42.50% (total time 240.4 s)
max Linf perturbation: 0.03137, nan in tensor: 0, max: 1.00000, min: 0.00000
robust accuracy: 42.50%
initial accuracy: 73.00%
apgd-ce - 1/1 - 62 out of 146 successfully perturbed
robust accuracy after APGD-CE: 42.00% (total time 9.8 s)
apgd-t - 1/1 - 12 out of 84 successfully perturbed
robust accuracy after APGD-T: 36.00% (total time 65.9 s)
fab-t - 1/1 - 0 out of 72 successfully perturbed
robust accuracy after FAB-T: 36.00% (total time 139.4 s)
square - 1/1 - 0 out of 72 successfully perturbed
robust accuracy after SQUARE: 36.00% (total time 225.4 s)
max Linf perturbation: 0.03137, nan in tensor: 0, max: 1.00000, min: 0.00000
robust accuracy: 36.00%
initial accuracy: 75.00%
apgd-ce - 1/1 - 63 out of 150 successfully perturbed
robust accuracy after APGD-CE: 43.50% (total time 10.0 s)
apgd-t - 1/1 - 8 out of 87 successfully perturbed
robust accuracy after APGD-T: 39.50% (total time 68.7 s)
fab-t - 1/1 - 0 out of 79 successfully perturbed
robust accuracy after FAB-T: 39.50% (total time 144.2 s)
square - 1/1 - 0 out of 79 successfully perturbed
robust accuracy after SQUARE: 39.50% (total time 226.0 s)
max Linf perturbation: 0.03137, nan in tensor: 0, max: 1.00000, min: 0.00000
robust accuracy: 39.50%
initial accuracy: 72.50%
apgd-ce - 1/1 - 57 out of 145 successfully perturbed
robust accuracy after APGD-CE: 44.00% (total time 9.8 s)
apgd-t - 1/1 - 9 out of 88 successfully perturbed
robust accuracy after APGD-T: 39.50% (total time 69.1 s)
fab-t - 1/1 - 0 out of 79 successfully perturbed
robust accuracy after FAB-T: 39.50% (total time 152.3 s)
square - 1/1 - 0 out of 79 successfully perturbed
robust accuracy after SQUARE: 39.50% (total time 237.9 s)
max Linf perturbation: 0.03137, nan in tensor: 0, max: 1.00000, min: 0.00000
robust accuracy: 39.50%
initial accuracy: 74.50%
apgd-ce - 1/1 - 58 out of 149 successfully perturbed
robust accuracy after APGD-CE: 45.50% (total time 10.3 s)
apgd-t - 1/1 - 4 out of 91 successfully perturbed
robust accuracy after APGD-T: 43.50% (total time 76.2 s)
fab-t - 1/1 - 0 out of 87 successfully perturbed
robust accuracy after FAB-T: 43.50% (total time 159.5 s)
square - 1/1 - 0 out of 87 successfully perturbed
robust accuracy after SQUARE: 43.50% (total time 248.3 s)
max Linf perturbation: 0.03137, nan in tensor: 0, max: 1.00000, min: 0.00000
robust accuracy: 43.50%
initial accuracy: 68.50%
apgd-ce - 1/1 - 47 out of 137 successfully perturbed
robust accuracy after APGD-CE: 45.00% (total time 9.6 s)
apgd-t - 1/1 - 8 out of 90 successfully perturbed
robust accuracy after APGD-T: 41.00% (total time 74.2 s)
fab-t - 1/1 - 0 out of 82 successfully perturbed
robust accuracy after FAB-T: 41.00% (total time 157.4 s)
square - 1/1 - 0 out of 82 successfully perturbed
robust accuracy after SQUARE: 41.00% (total time 237.6 s)
max Linf perturbation: 0.03137, nan in tensor: 0, max: 1.00000, min: 0.00000
robust accuracy: 41.00%
initial accuracy: 71.00%
apgd-ce - 1/1 - 57 out of 142 successfully perturbed
robust accuracy after APGD-CE: 42.50% (total time 9.6 s)
apgd-t - 1/1 - 5 out of 85 successfully perturbed
robust accuracy after APGD-T: 40.00% (total time 69.5 s)
fab-t - 1/1 - 0 out of 80 successfully perturbed
robust accuracy after FAB-T: 40.00% (total time 146.5 s)
square - 1/1 - 0 out of 80 successfully perturbed
robust accuracy after SQUARE: 40.00% (total time 228.4 s)
max Linf perturbation: 0.03137, nan in tensor: 0, max: 1.00000, min: 0.00000
robust accuracy: 40.00%
initial accuracy: 76.50%
apgd-ce - 1/1 - 60 out of 153 successfully perturbed
robust accuracy after APGD-CE: 46.50% (total time 10.3 s)
apgd-t - 1/1 - 10 out of 93 successfully perturbed
robust accuracy after APGD-T: 41.50% (total time 73.8 s)
fab-t - 1/1 - 0 out of 83 successfully perturbed
robust accuracy after FAB-T: 41.50% (total time 156.1 s)
square - 1/1 - 0 out of 83 successfully perturbed
robust accuracy after SQUARE: 41.50% (total time 236.8 s)
max Linf perturbation: 0.03137, nan in tensor: 0, max: 1.00000, min: 0.00000
robust accuracy: 41.50%
initial accuracy: 71.50%
apgd-ce - 1/1 - 56 out of 143 successfully perturbed
robust accuracy after APGD-CE: 43.50% (total time 9.7 s)
apgd-t - 1/1 - 6 out of 87 successfully perturbed
robust accuracy after APGD-T: 40.50% (total time 71.2 s)
fab-t - 1/1 - 0 out of 81 successfully perturbed
robust accuracy after FAB-T: 40.50% (total time 152.2 s)
square - 1/1 - 0 out of 81 successfully perturbed
robust accuracy after SQUARE: 40.50% (total time 232.6 s)
max Linf perturbation: 0.03137, nan in tensor: 0, max: 1.00000, min: 0.00000
robust accuracy: 40.50%
initial accuracy: 72.50%
apgd-ce - 1/1 - 57 out of 145 successfully perturbed
robust accuracy after APGD-CE: 44.00% (total time 9.8 s)
apgd-t - 1/1 - 7 out of 88 successfully perturbed
robust accuracy after APGD-T: 40.50% (total time 71.4 s)
fab-t - 1/1 - 0 out of 81 successfully perturbed
robust accuracy after FAB-T: 40.50% (total time 151.0 s)
square - 1/1 - 0 out of 81 successfully perturbed
robust accuracy after SQUARE: 40.50% (total time 237.1 s)
max Linf perturbation: 0.03137, nan in tensor: 0, max: 1.00000, min: 0.00000
robust accuracy: 40.50%
initial accuracy: 74.50%
apgd-ce - 1/1 - 67 out of 149 successfully perturbed
robust accuracy after APGD-CE: 41.00% (total time 9.8 s)
apgd-t - 1/1 - 8 out of 82 successfully perturbed
robust accuracy after APGD-T: 37.00% (total time 67.4 s)
fab-t - 1/1 - 0 out of 74 successfully perturbed
robust accuracy after FAB-T: 37.00% (total time 143.1 s)
square - 1/1 - 0 out of 74 successfully perturbed
robust accuracy after SQUARE: 37.00% (total time 224.9 s)
max Linf perturbation: 0.03137, nan in tensor: 0, max: 1.00000, min: 0.00000
robust accuracy: 37.00%
initial accuracy: 70.50%
apgd-ce - 1/1 - 48 out of 141 successfully perturbed
robust accuracy after APGD-CE: 46.50% (total time 10.3 s)
apgd-t - 1/1 - 3 out of 93 successfully perturbed
robust accuracy after APGD-T: 45.00% (total time 75.3 s)
fab-t - 1/1 - 0 out of 90 successfully perturbed
robust accuracy after FAB-T: 45.00% (total time 161.9 s)
square - 1/1 - 0 out of 90 successfully perturbed
robust accuracy after SQUARE: 45.00% (total time 254.8 s)
max Linf perturbation: 0.03137, nan in tensor: 0, max: 1.00000, min: 0.00000
robust accuracy: 45.00%
initial accuracy: 73.50%
apgd-ce - 1/1 - 65 out of 147 successfully perturbed
robust accuracy after APGD-CE: 41.00% (total time 9.7 s)
apgd-t - 1/1 - 7 out of 82 successfully perturbed
robust accuracy after APGD-T: 37.50% (total time 69.3 s)
fab-t - 1/1 - 0 out of 75 successfully perturbed
robust accuracy after FAB-T: 37.50% (total time 149.8 s)
square - 1/1 - 0 out of 75 successfully perturbed
robust accuracy after SQUARE: 37.50% (total time 230.7 s)
max Linf perturbation: 0.03137, nan in tensor: 0, max: 1.00000, min: 0.00000
robust accuracy: 37.50%
initial accuracy: 71.00%
apgd-ce - 1/1 - 50 out of 142 successfully perturbed
robust accuracy after APGD-CE: 46.00% (total time 9.6 s)
apgd-t - 1/1 - 5 out of 92 successfully perturbed
robust accuracy after APGD-T: 43.50% (total time 74.3 s)
fab-t - 1/1 - 0 out of 87 successfully perturbed
robust accuracy after FAB-T: 43.50% (total time 157.8 s)
square - 1/1 - 0 out of 87 successfully perturbed
robust accuracy after SQUARE: 43.50% (total time 244.9 s)
max Linf perturbation: 0.03137, nan in tensor: 0, max: 1.00000, min: 0.00000
robust accuracy: 43.50%
initial accuracy: 72.00%
apgd-ce - 1/1 - 48 out of 144 successfully perturbed
robust accuracy after APGD-CE: 48.00% (total time 9.8 s)
apgd-t - 1/1 - 4 out of 96 successfully perturbed
robust accuracy after APGD-T: 46.00% (total time 76.7 s)
fab-t - 1/1 - 0 out of 92 successfully perturbed
robust accuracy after FAB-T: 46.00% (total time 160.9 s)
square - 1/1 - 0 out of 92 successfully perturbed
robust accuracy after SQUARE: 46.00% (total time 247.4 s)
max Linf perturbation: 0.03137, nan in tensor: 0, max: 1.00000, min: 0.00000
robust accuracy: 46.00%
initial accuracy: 69.50%
apgd-ce - 1/1 - 51 out of 139 successfully perturbed
robust accuracy after APGD-CE: 44.00% (total time 9.6 s)
apgd-t - 1/1 - 5 out of 88 successfully perturbed
robust accuracy after APGD-T: 41.50% (total time 72.7 s)
fab-t - 1/1 - 0 out of 83 successfully perturbed
robust accuracy after FAB-T: 41.50% (total time 155.6 s)
square - 1/1 - 0 out of 83 successfully perturbed
robust accuracy after SQUARE: 41.50% (total time 236.1 s)
max Linf perturbation: 0.03137, nan in tensor: 0, max: 1.00000, min: 0.00000
robust accuracy: 41.50%
initial accuracy: 73.50%
apgd-ce - 1/1 - 61 out of 147 successfully perturbed
robust accuracy after APGD-CE: 43.00% (total time 9.8 s)
apgd-t - 1/1 - 5 out of 86 successfully perturbed
robust accuracy after APGD-T: 40.50% (total time 72.6 s)
fab-t - 1/1 - 0 out of 81 successfully perturbed
robust accuracy after FAB-T: 40.50% (total time 152.8 s)
square - 1/1 - 0 out of 81 successfully perturbed
robust accuracy after SQUARE: 40.50% (total time 239.4 s)
max Linf perturbation: 0.03137, nan in tensor: 0, max: 1.00000, min: 0.00000
robust accuracy: 40.50%
initial accuracy: 70.00%
apgd-ce - 1/1 - 58 out of 140 successfully perturbed
robust accuracy after APGD-CE: 41.00% (total time 9.5 s)
apgd-t - 1/1 - 4 out of 82 successfully perturbed
robust accuracy after APGD-T: 39.00% (total time 67.8 s)
fab-t - 1/1 - 0 out of 78 successfully perturbed
robust accuracy after FAB-T: 39.00% (total time 145.1 s)
square - 1/1 - 0 out of 78 successfully perturbed
robust accuracy after SQUARE: 39.00% (total time 228.9 s)
max Linf perturbation: 0.03137, nan in tensor: 0, max: 1.00000, min: 0.00000
robust accuracy: 39.00%
initial accuracy: 78.50%
apgd-ce - 1/1 - 68 out of 157 successfully perturbed
robust accuracy after APGD-CE: 44.50% (total time 10.3 s)
apgd-t - 1/1 - 8 out of 89 successfully perturbed
robust accuracy after APGD-T: 40.50% (total time 71.7 s)
fab-t - 1/1 - 0 out of 81 successfully perturbed
robust accuracy after FAB-T: 40.50% (total time 152.5 s)
square - 1/1 - 0 out of 81 successfully perturbed
robust accuracy after SQUARE: 40.50% (total time 233.8 s)
max Linf perturbation: 0.03137, nan in tensor: 0, max: 1.00000, min: 0.00000
robust accuracy: 40.50%
initial accuracy: 69.50%
apgd-ce - 1/1 - 58 out of 139 successfully perturbed
robust accuracy after APGD-CE: 40.50% (total time 9.7 s)
apgd-t - 1/1 - 7 out of 81 successfully perturbed
robust accuracy after APGD-T: 37.00% (total time 66.4 s)
fab-t - 1/1 - 0 out of 74 successfully perturbed
robust accuracy after FAB-T: 37.00% (total time 144.9 s)
square - 1/1 - 0 out of 74 successfully perturbed
robust accuracy after SQUARE: 37.00% (total time 229.8 s)
max Linf perturbation: 0.03137, nan in tensor: 0, max: 1.00000, min: 0.00000
robust accuracy: 37.00%
initial accuracy: 75.00%
apgd-ce - 1/1 - 55 out of 150 successfully perturbed
robust accuracy after APGD-CE: 47.50% (total time 10.4 s)
apgd-t - 1/1 - 4 out of 95 successfully perturbed
robust accuracy after APGD-T: 45.50% (total time 77.9 s)
fab-t - 1/1 - 0 out of 91 successfully perturbed
robust accuracy after FAB-T: 45.50% (total time 163.6 s)
square - 1/1 - 0 out of 91 successfully perturbed
robust accuracy after SQUARE: 45.50% (total time 248.7 s)
max Linf perturbation: 0.03137, nan in tensor: 0, max: 1.00000, min: 0.00000
robust accuracy: 45.50%
initial accuracy: 80.00%
apgd-ce - 1/1 - 66 out of 160 successfully perturbed
robust accuracy after APGD-CE: 47.00% (total time 10.3 s)
apgd-t - 1/1 - 9 out of 94 successfully perturbed
robust accuracy after APGD-T: 42.50% (total time 75.3 s)
fab-t - 1/1 - 0 out of 85 successfully perturbed
robust accuracy after FAB-T: 42.50% (total time 158.4 s)
square - 1/1 - 0 out of 85 successfully perturbed
robust accuracy after SQUARE: 42.50% (total time 239.2 s)
max Linf perturbation: 0.03137, nan in tensor: 0, max: 1.00000, min: 0.00000
robust accuracy: 42.50%
initial accuracy: 75.00%
apgd-ce - 1/1 - 63 out of 150 successfully perturbed
robust accuracy after APGD-CE: 43.50% (total time 10.0 s)
apgd-t - 1/1 - 4 out of 87 successfully perturbed
robust accuracy after APGD-T: 41.50% (total time 74.1 s)
fab-t - 1/1 - 0 out of 83 successfully perturbed
robust accuracy after FAB-T: 41.50% (total time 157.5 s)
square - 1/1 - 0 out of 83 successfully perturbed
robust accuracy after SQUARE: 41.50% (total time 239.0 s)
max Linf perturbation: 0.03137, nan in tensor: 0, max: 1.00000, min: 0.00000
robust accuracy: 41.50%
initial accuracy: 73.50%
apgd-ce - 1/1 - 60 out of 147 successfully perturbed
robust accuracy after APGD-CE: 43.50% (total time 9.9 s)
apgd-t - 1/1 - 5 out of 87 successfully perturbed
robust accuracy after APGD-T: 41.00% (total time 72.7 s)
fab-t - 1/1 - 0 out of 82 successfully perturbed
robust accuracy after FAB-T: 41.00% (total time 155.3 s)
square - 1/1 - 0 out of 82 successfully perturbed
robust accuracy after SQUARE: 41.00% (total time 237.9 s)
max Linf perturbation: 0.03137, nan in tensor: 0, max: 1.00000, min: 0.00000
robust accuracy: 41.00%
initial accuracy: 70.00%
apgd-ce - 1/1 - 58 out of 140 successfully perturbed
robust accuracy after APGD-CE: 41.00% (total time 9.5 s)
apgd-t - 1/1 - 7 out of 82 successfully perturbed
robust accuracy after APGD-T: 37.50% (total time 66.8 s)
fab-t - 1/1 - 0 out of 75 successfully perturbed
robust accuracy after FAB-T: 37.50% (total time 145.5 s)
square - 1/1 - 0 out of 75 successfully perturbed
robust accuracy after SQUARE: 37.50% (total time 230.9 s)
max Linf perturbation: 0.03137, nan in tensor: 0, max: 1.00000, min: 0.00000
robust accuracy: 37.50%
initial accuracy: 71.50%
apgd-ce - 1/1 - 50 out of 143 successfully perturbed
robust accuracy after APGD-CE: 46.50% (total time 9.7 s)
apgd-t - 1/1 - 4 out of 93 successfully perturbed
robust accuracy after APGD-T: 44.50% (total time 75.5 s)
fab-t - 1/1 - 0 out of 89 successfully perturbed
robust accuracy after FAB-T: 44.50% (total time 160.2 s)
square - 1/1 - 0 out of 89 successfully perturbed
robust accuracy after SQUARE: 44.50% (total time 247.9 s)
max Linf perturbation: 0.03137, nan in tensor: 0, max: 1.00000, min: 0.00000
robust accuracy: 44.50%
