initial accuracy: 85.50%
apgd-ce - 1/1 - 90 out of 171 successfully perturbed
robust accuracy after APGD-CE: 40.50% (total time 8.3 s)
apgd-t - 1/1 - 3 out of 81 successfully perturbed
robust accuracy after APGD-T: 39.00% (total time 46.0 s)
fab-t - 1/1 - 0 out of 78 successfully perturbed
robust accuracy after FAB-T: 39.00% (total time 94.8 s)
square - 1/1 - 0 out of 78 successfully perturbed
robust accuracy after SQUARE: 39.00% (total time 140.3 s)
max Linf perturbation: 0.03137, nan in tensor: 0, max: 1.00000, min: 0.00000
robust accuracy: 39.00%
initial accuracy: 84.50%
apgd-ce - 1/1 - 83 out of 169 successfully perturbed
robust accuracy after APGD-CE: 43.00% (total time 8.2 s)
apgd-t - 1/1 - 4 out of 86 successfully perturbed
robust accuracy after APGD-T: 41.00% (total time 48.1 s)
fab-t - 1/1 - 0 out of 82 successfully perturbed
robust accuracy after FAB-T: 41.00% (total time 99.6 s)
square - 1/1 - 0 out of 82 successfully perturbed
robust accuracy after SQUARE: 41.00% (total time 148.5 s)
max Linf perturbation: 0.03137, nan in tensor: 0, max: 1.00000, min: 0.00000
robust accuracy: 41.00%
initial accuracy: 85.50%
apgd-ce - 1/1 - 74 out of 171 successfully perturbed
robust accuracy after APGD-CE: 48.50% (total time 8.3 s)
apgd-t - 1/1 - 3 out of 97 successfully perturbed
robust accuracy after APGD-T: 47.00% (total time 51.8 s)
fab-t - 1/1 - 0 out of 94 successfully perturbed
robust accuracy after FAB-T: 47.00% (total time 107.1 s)
square - 1/1 - 0 out of 94 successfully perturbed
robust accuracy after SQUARE: 47.00% (total time 157.9 s)
max Linf perturbation: 0.03137, nan in tensor: 0, max: 1.00000, min: 0.00000
robust accuracy: 47.00%
initial accuracy: 79.00%
apgd-ce - 1/1 - 71 out of 158 successfully perturbed
robust accuracy after APGD-CE: 43.50% (total time 7.7 s)
apgd-t - 1/1 - 6 out of 87 successfully perturbed
robust accuracy after APGD-T: 40.50% (total time 47.6 s)
fab-t - 1/1 - 0 out of 81 successfully perturbed
robust accuracy after FAB-T: 40.50% (total time 99.1 s)
square - 1/1 - 0 out of 81 successfully perturbed
robust accuracy after SQUARE: 40.50% (total time 147.8 s)
max Linf perturbation: 0.03137, nan in tensor: 0, max: 1.00000, min: 0.00000
robust accuracy: 40.50%
initial accuracy: 85.00%
apgd-ce - 1/1 - 70 out of 170 successfully perturbed
robust accuracy after APGD-CE: 50.00% (total time 8.2 s)
apgd-t - 1/1 - 6 out of 100 successfully perturbed
robust accuracy after APGD-T: 47.00% (total time 51.9 s)
fab-t - 1/1 - 0 out of 94 successfully perturbed
robust accuracy after FAB-T: 47.00% (total time 107.3 s)
square - 1/1 - 0 out of 94 successfully perturbed
robust accuracy after SQUARE: 47.00% (total time 158.0 s)
max Linf perturbation: 0.03137, nan in tensor: 0, max: 1.00000, min: 0.00000
robust accuracy: 47.00%
initial accuracy: 81.00%
apgd-ce - 1/1 - 65 out of 162 successfully perturbed
robust accuracy after APGD-CE: 48.50% (total time 8.0 s)
apgd-t - 1/1 - 4 out of 97 successfully perturbed
robust accuracy after APGD-T: 46.50% (total time 51.5 s)
fab-t - 1/1 - 0 out of 93 successfully perturbed
robust accuracy after FAB-T: 46.50% (total time 106.9 s)
square - 1/1 - 0 out of 93 successfully perturbed
robust accuracy after SQUARE: 46.50% (total time 157.5 s)
max Linf perturbation: 0.03137, nan in tensor: 0, max: 1.00000, min: 0.00000
robust accuracy: 46.50%
initial accuracy: 80.00%
apgd-ce - 1/1 - 68 out of 160 successfully perturbed
robust accuracy after APGD-CE: 46.00% (total time 7.7 s)
apgd-t - 1/1 - 2 out of 92 successfully perturbed
robust accuracy after APGD-T: 45.00% (total time 49.9 s)
fab-t - 1/1 - 0 out of 90 successfully perturbed
robust accuracy after FAB-T: 45.00% (total time 104.2 s)
square - 1/1 - 0 out of 90 successfully perturbed
robust accuracy after SQUARE: 45.00% (total time 154.3 s)
max Linf perturbation: 0.03137, nan in tensor: 0, max: 1.00000, min: 0.00000
robust accuracy: 45.00%
initial accuracy: 84.50%
apgd-ce - 1/1 - 73 out of 169 successfully perturbed
robust accuracy after APGD-CE: 48.00% (total time 8.3 s)
apgd-t - 1/1 - 6 out of 96 successfully perturbed
robust accuracy after APGD-T: 45.00% (total time 50.5 s)
fab-t - 1/1 - 0 out of 90 successfully perturbed
robust accuracy after FAB-T: 45.00% (total time 104.7 s)
square - 1/1 - 0 out of 90 successfully perturbed
robust accuracy after SQUARE: 45.00% (total time 154.8 s)
max Linf perturbation: 0.03137, nan in tensor: 0, max: 1.00000, min: 0.00000
robust accuracy: 45.00%
initial accuracy: 84.00%
apgd-ce - 1/1 - 80 out of 168 successfully perturbed
robust accuracy after APGD-CE: 44.00% (total time 8.2 s)
apgd-t - 1/1 - 3 out of 88 successfully perturbed
robust accuracy after APGD-T: 42.50% (total time 48.8 s)
fab-t - 1/1 - 0 out of 85 successfully perturbed
robust accuracy after FAB-T: 42.50% (total time 101.2 s)
square - 1/1 - 0 out of 85 successfully perturbed
robust accuracy after SQUARE: 42.50% (total time 150.6 s)
max Linf perturbation: 0.03137, nan in tensor: 0, max: 1.00000, min: 0.00000
robust accuracy: 42.50%
initial accuracy: 79.00%
apgd-ce - 1/1 - 65 out of 158 successfully perturbed
robust accuracy after APGD-CE: 46.50% (total time 7.7 s)
apgd-t - 1/1 - 1 out of 93 successfully perturbed
robust accuracy after APGD-T: 46.00% (total time 50.3 s)
fab-t - 1/1 - 0 out of 92 successfully perturbed
robust accuracy after FAB-T: 46.00% (total time 104.9 s)
square - 1/1 - 0 out of 92 successfully perturbed
robust accuracy after SQUARE: 46.00% (total time 155.3 s)
max Linf perturbation: 0.03137, nan in tensor: 0, max: 1.00000, min: 0.00000
robust accuracy: 46.00%
initial accuracy: 80.50%
apgd-ce - 1/1 - 75 out of 161 successfully perturbed
robust accuracy after APGD-CE: 43.00% (total time 8.0 s)
apgd-t - 1/1 - 6 out of 86 successfully perturbed
robust accuracy after APGD-T: 40.00% (total time 46.3 s)
fab-t - 1/1 - 0 out of 80 successfully perturbed
robust accuracy after FAB-T: 40.00% (total time 95.4 s)
square - 1/1 - 0 out of 80 successfully perturbed
robust accuracy after SQUARE: 40.00% (total time 141.3 s)
max Linf perturbation: 0.03137, nan in tensor: 0, max: 1.00000, min: 0.00000
robust accuracy: 40.00%
initial accuracy: 83.50%
apgd-ce - 1/1 - 75 out of 167 successfully perturbed
robust accuracy after APGD-CE: 46.00% (total time 8.2 s)
apgd-t - 1/1 - 6 out of 92 successfully perturbed
robust accuracy after APGD-T: 43.00% (total time 49.2 s)
fab-t - 1/1 - 0 out of 86 successfully perturbed
robust accuracy after FAB-T: 43.00% (total time 102.0 s)
square - 1/1 - 0 out of 86 successfully perturbed
robust accuracy after SQUARE: 43.00% (total time 151.5 s)
max Linf perturbation: 0.03137, nan in tensor: 0, max: 1.00000, min: 0.00000
robust accuracy: 43.00%
initial accuracy: 80.50%
apgd-ce - 1/1 - 91 out of 161 successfully perturbed
robust accuracy after APGD-CE: 35.00% (total time 8.0 s)
apgd-t - 1/1 - 5 out of 70 successfully perturbed
robust accuracy after APGD-T: 32.50% (total time 41.9 s)
fab-t - 1/1 - 0 out of 65 successfully perturbed
robust accuracy after FAB-T: 32.50% (total time 86.3 s)
square - 1/1 - 0 out of 65 successfully perturbed
robust accuracy after SQUARE: 32.50% (total time 128.3 s)
max Linf perturbation: 0.03137, nan in tensor: 0, max: 1.00000, min: 0.00000
robust accuracy: 32.50%
initial accuracy: 87.50%
apgd-ce - 1/1 - 79 out of 175 successfully perturbed
robust accuracy after APGD-CE: 48.00% (total time 8.5 s)
apgd-t - 1/1 - 9 out of 96 successfully perturbed
robust accuracy after APGD-T: 43.50% (total time 49.9 s)
fab-t - 1/1 - 0 out of 87 successfully perturbed
robust accuracy after FAB-T: 43.50% (total time 102.9 s)
square - 1/1 - 0 out of 87 successfully perturbed
robust accuracy after SQUARE: 43.50% (total time 152.6 s)
max Linf perturbation: 0.03137, nan in tensor: 0, max: 1.00000, min: 0.00000
robust accuracy: 43.50%
initial accuracy: 85.00%
apgd-ce - 1/1 - 78 out of 170 successfully perturbed
robust accuracy after APGD-CE: 46.00% (total time 8.3 s)
apgd-t - 1/1 - 5 out of 92 successfully perturbed
robust accuracy after APGD-T: 43.50% (total time 49.6 s)
fab-t - 1/1 - 0 out of 87 successfully perturbed
robust accuracy after FAB-T: 43.50% (total time 103.0 s)
square - 1/1 - 0 out of 87 successfully perturbed
robust accuracy after SQUARE: 43.50% (total time 152.6 s)
max Linf perturbation: 0.03137, nan in tensor: 0, max: 1.00000, min: 0.00000
robust accuracy: 43.50%
initial accuracy: 84.00%
apgd-ce - 1/1 - 70 out of 168 successfully perturbed
robust accuracy after APGD-CE: 49.00% (total time 8.2 s)
apgd-t - 1/1 - 6 out of 98 successfully perturbed
robust accuracy after APGD-T: 46.00% (total time 51.4 s)
fab-t - 1/1 - 0 out of 92 successfully perturbed
robust accuracy after FAB-T: 46.00% (total time 106.4 s)
square - 1/1 - 0 out of 92 successfully perturbed
robust accuracy after SQUARE: 46.00% (total time 156.9 s)
max Linf perturbation: 0.03137, nan in tensor: 0, max: 1.00000, min: 0.00000
robust accuracy: 46.00%
initial accuracy: 82.50%
apgd-ce - 1/1 - 70 out of 165 successfully perturbed
robust accuracy after APGD-CE: 47.50% (total time 8.2 s)
apgd-t - 1/1 - 8 out of 95 successfully perturbed
robust accuracy after APGD-T: 43.50% (total time 49.6 s)
fab-t - 1/1 - 0 out of 87 successfully perturbed
robust accuracy after FAB-T: 43.50% (total time 102.7 s)
square - 1/1 - 0 out of 87 successfully perturbed
robust accuracy after SQUARE: 43.50% (total time 152.4 s)
max Linf perturbation: 0.03137, nan in tensor: 0, max: 1.00000, min: 0.00000
robust accuracy: 43.50%
initial accuracy: 81.50%
apgd-ce - 1/1 - 67 out of 163 successfully perturbed
robust accuracy after APGD-CE: 48.00% (total time 8.1 s)
apgd-t - 1/1 - 4 out of 96 successfully perturbed
robust accuracy after APGD-T: 46.00% (total time 51.0 s)
fab-t - 1/1 - 0 out of 92 successfully perturbed
robust accuracy after FAB-T: 46.00% (total time 105.8 s)
square - 1/1 - 0 out of 92 successfully perturbed
robust accuracy after SQUARE: 46.00% (total time 156.3 s)
max Linf perturbation: 0.03137, nan in tensor: 0, max: 1.00000, min: 0.00000
robust accuracy: 46.00%
initial accuracy: 79.50%
apgd-ce - 1/1 - 71 out of 159 successfully perturbed
robust accuracy after APGD-CE: 44.00% (total time 7.8 s)
apgd-t - 1/1 - 5 out of 88 successfully perturbed
robust accuracy after APGD-T: 41.50% (total time 48.0 s)
fab-t - 1/1 - 0 out of 83 successfully perturbed
robust accuracy after FAB-T: 41.50% (total time 100.1 s)
square - 1/1 - 0 out of 83 successfully perturbed
robust accuracy after SQUARE: 41.50% (total time 149.1 s)
max Linf perturbation: 0.03137, nan in tensor: 0, max: 1.00000, min: 0.00000
robust accuracy: 41.50%
initial accuracy: 83.50%
apgd-ce - 1/1 - 72 out of 167 successfully perturbed
robust accuracy after APGD-CE: 47.50% (total time 8.2 s)
apgd-t - 1/1 - 6 out of 95 successfully perturbed
robust accuracy after APGD-T: 44.50% (total time 50.5 s)
fab-t - 1/1 - 0 out of 89 successfully perturbed
robust accuracy after FAB-T: 44.50% (total time 104.5 s)
square - 1/1 - 0 out of 89 successfully perturbed
robust accuracy after SQUARE: 44.50% (total time 154.4 s)
max Linf perturbation: 0.03137, nan in tensor: 0, max: 1.00000, min: 0.00000
robust accuracy: 44.50%
initial accuracy: 82.50%
apgd-ce - 1/1 - 79 out of 165 successfully perturbed
robust accuracy after APGD-CE: 43.00% (total time 8.1 s)
apgd-t - 1/1 - 4 out of 86 successfully perturbed
robust accuracy after APGD-T: 41.00% (total time 48.2 s)
fab-t - 1/1 - 0 out of 82 successfully perturbed
robust accuracy after FAB-T: 41.00% (total time 99.9 s)
square - 1/1 - 0 out of 82 successfully perturbed
robust accuracy after SQUARE: 41.00% (total time 148.8 s)
max Linf perturbation: 0.03137, nan in tensor: 0, max: 1.00000, min: 0.00000
robust accuracy: 41.00%
initial accuracy: 86.00%
apgd-ce - 1/1 - 71 out of 172 successfully perturbed
robust accuracy after APGD-CE: 50.50% (total time 8.3 s)
apgd-t - 1/1 - 4 out of 101 successfully perturbed
robust accuracy after APGD-T: 48.50% (total time 55.7 s)
fab-t - 1/1 - 0 out of 97 successfully perturbed
robust accuracy after FAB-T: 48.50% (total time 115.8 s)
square - 1/1 - 0 out of 97 successfully perturbed
robust accuracy after SQUARE: 48.50% (total time 170.7 s)
max Linf perturbation: 0.03137, nan in tensor: 0, max: 1.00000, min: 0.00000
robust accuracy: 48.50%
initial accuracy: 84.50%
apgd-ce - 1/1 - 78 out of 169 successfully perturbed
robust accuracy after APGD-CE: 45.50% (total time 8.3 s)
apgd-t - 1/1 - 10 out of 91 successfully perturbed
robust accuracy after APGD-T: 40.50% (total time 48.5 s)
fab-t - 1/1 - 0 out of 81 successfully perturbed
robust accuracy after FAB-T: 40.50% (total time 100.0 s)
square - 1/1 - 0 out of 81 successfully perturbed
robust accuracy after SQUARE: 40.50% (total time 148.7 s)
max Linf perturbation: 0.03137, nan in tensor: 0, max: 1.00000, min: 0.00000
robust accuracy: 40.50%
initial accuracy: 82.50%
apgd-ce - 1/1 - 74 out of 165 successfully perturbed
robust accuracy after APGD-CE: 45.50% (total time 8.1 s)
apgd-t - 1/1 - 5 out of 91 successfully perturbed
robust accuracy after APGD-T: 43.00% (total time 49.4 s)
fab-t - 1/1 - 0 out of 86 successfully perturbed
robust accuracy after FAB-T: 43.00% (total time 102.3 s)
square - 1/1 - 0 out of 86 successfully perturbed
robust accuracy after SQUARE: 43.00% (total time 151.7 s)
max Linf perturbation: 0.03137, nan in tensor: 0, max: 1.00000, min: 0.00000
robust accuracy: 43.00%
initial accuracy: 85.00%
apgd-ce - 1/1 - 82 out of 170 successfully perturbed
robust accuracy after APGD-CE: 44.00% (total time 8.2 s)
apgd-t - 1/1 - 3 out of 88 successfully perturbed
robust accuracy after APGD-T: 42.50% (total time 49.0 s)
fab-t - 1/1 - 0 out of 85 successfully perturbed
robust accuracy after FAB-T: 42.50% (total time 101.6 s)
square - 1/1 - 0 out of 85 successfully perturbed
robust accuracy after SQUARE: 42.50% (total time 151.0 s)
max Linf perturbation: 0.03137, nan in tensor: 0, max: 1.00000, min: 0.00000
robust accuracy: 42.50%
initial accuracy: 83.50%
apgd-ce - 1/1 - 84 out of 167 successfully perturbed
robust accuracy after APGD-CE: 41.50% (total time 8.2 s)
apgd-t - 1/1 - 3 out of 83 successfully perturbed
robust accuracy after APGD-T: 40.00% (total time 47.0 s)
fab-t - 1/1 - 0 out of 80 successfully perturbed
robust accuracy after FAB-T: 40.00% (total time 96.4 s)
square - 1/1 - 0 out of 80 successfully perturbed
robust accuracy after SQUARE: 40.00% (total time 142.3 s)
max Linf perturbation: 0.03137, nan in tensor: 0, max: 1.00000, min: 0.00000
robust accuracy: 40.00%
initial accuracy: 84.50%
apgd-ce - 1/1 - 76 out of 169 successfully perturbed
robust accuracy after APGD-CE: 46.50% (total time 8.3 s)
apgd-t - 1/1 - 9 out of 93 successfully perturbed
robust accuracy after APGD-T: 42.00% (total time 49.0 s)
fab-t - 1/1 - 0 out of 84 successfully perturbed
robust accuracy after FAB-T: 42.00% (total time 101.1 s)
square - 1/1 - 0 out of 84 successfully perturbed
robust accuracy after SQUARE: 42.00% (total time 150.4 s)
max Linf perturbation: 0.03137, nan in tensor: 0, max: 1.00000, min: 0.00000
robust accuracy: 42.00%
initial accuracy: 82.00%
apgd-ce - 1/1 - 75 out of 164 successfully perturbed
robust accuracy after APGD-CE: 44.50% (total time 8.1 s)
apgd-t - 1/1 - 5 out of 89 successfully perturbed
robust accuracy after APGD-T: 42.00% (total time 48.6 s)
fab-t - 1/1 - 0 out of 84 successfully perturbed
robust accuracy after FAB-T: 42.00% (total time 100.9 s)
square - 1/1 - 0 out of 84 successfully perturbed
robust accuracy after SQUARE: 42.00% (total time 150.2 s)
max Linf perturbation: 0.03137, nan in tensor: 0, max: 1.00000, min: 0.00000
robust accuracy: 42.00%
initial accuracy: 89.00%
apgd-ce - 1/1 - 83 out of 178 successfully perturbed
robust accuracy after APGD-CE: 47.50% (total time 8.7 s)
apgd-t - 1/1 - 4 out of 95 successfully perturbed
robust accuracy after APGD-T: 45.50% (total time 51.4 s)
fab-t - 1/1 - 1 out of 91 successfully perturbed
robust accuracy after FAB-T: 45.00% (total time 105.6 s)
square - 1/1 - 0 out of 90 successfully perturbed
robust accuracy after SQUARE: 45.00% (total time 155.9 s)
max Linf perturbation: 0.03137, nan in tensor: 0, max: 1.00000, min: 0.00000
robust accuracy: 45.00%
initial accuracy: 84.00%
apgd-ce - 1/1 - 82 out of 168 successfully perturbed
robust accuracy after APGD-CE: 43.00% (total time 8.2 s)
apgd-t - 1/1 - 5 out of 86 successfully perturbed
robust accuracy after APGD-T: 40.50% (total time 47.9 s)
fab-t - 1/1 - 0 out of 81 successfully perturbed
robust accuracy after FAB-T: 40.50% (total time 99.6 s)
square - 1/1 - 0 out of 81 successfully perturbed
robust accuracy after SQUARE: 40.50% (total time 148.4 s)
max Linf perturbation: 0.03137, nan in tensor: 0, max: 1.00000, min: 0.00000
robust accuracy: 40.50%
initial accuracy: 78.50%
apgd-ce - 1/1 - 69 out of 157 successfully perturbed
robust accuracy after APGD-CE: 44.00% (total time 7.7 s)
apgd-t - 1/1 - 11 out of 88 successfully perturbed
robust accuracy after APGD-T: 38.50% (total time 45.5 s)
fab-t - 1/1 - 0 out of 77 successfully perturbed
robust accuracy after FAB-T: 38.50% (total time 94.4 s)
square - 1/1 - 0 out of 77 successfully perturbed
robust accuracy after SQUARE: 38.50% (total time 139.8 s)
max Linf perturbation: 0.03137, nan in tensor: 0, max: 1.00000, min: 0.00000
robust accuracy: 38.50%
initial accuracy: 86.00%
apgd-ce - 1/1 - 73 out of 172 successfully perturbed
robust accuracy after APGD-CE: 49.50% (total time 8.3 s)
apgd-t - 1/1 - 5 out of 99 successfully perturbed
robust accuracy after APGD-T: 47.00% (total time 52.1 s)
fab-t - 1/1 - 0 out of 94 successfully perturbed
robust accuracy after FAB-T: 47.00% (total time 107.5 s)
square - 1/1 - 0 out of 94 successfully perturbed
robust accuracy after SQUARE: 47.00% (total time 158.4 s)
max Linf perturbation: 0.03137, nan in tensor: 0, max: 1.00000, min: 0.00000
robust accuracy: 47.00%
initial accuracy: 86.50%
apgd-ce - 1/1 - 87 out of 173 successfully perturbed
robust accuracy after APGD-CE: 43.00% (total time 8.4 s)
apgd-t - 1/1 - 3 out of 86 successfully perturbed
robust accuracy after APGD-T: 41.50% (total time 48.7 s)
fab-t - 1/1 - 0 out of 83 successfully perturbed
robust accuracy after FAB-T: 41.50% (total time 100.6 s)
square - 1/1 - 0 out of 83 successfully perturbed
robust accuracy after SQUARE: 41.50% (total time 149.7 s)
max Linf perturbation: 0.03137, nan in tensor: 0, max: 1.00000, min: 0.00000
robust accuracy: 41.50%
initial accuracy: 81.50%
apgd-ce - 1/1 - 74 out of 163 successfully perturbed
robust accuracy after APGD-CE: 44.50% (total time 8.1 s)
apgd-t - 1/1 - 6 out of 89 successfully perturbed
robust accuracy after APGD-T: 41.50% (total time 48.5 s)
fab-t - 1/1 - 0 out of 83 successfully perturbed
robust accuracy after FAB-T: 41.50% (total time 100.6 s)
square - 1/1 - 0 out of 83 successfully perturbed
robust accuracy after SQUARE: 41.50% (total time 149.6 s)
max Linf perturbation: 0.03137, nan in tensor: 0, max: 1.00000, min: 0.00000
robust accuracy: 41.50%
initial accuracy: 83.00%
apgd-ce - 1/1 - 85 out of 166 successfully perturbed
robust accuracy after APGD-CE: 40.50% (total time 8.2 s)
apgd-t - 1/1 - 7 out of 81 successfully perturbed
robust accuracy after APGD-T: 37.00% (total time 45.3 s)
fab-t - 1/1 - 0 out of 74 successfully perturbed
robust accuracy after FAB-T: 37.00% (total time 93.1 s)
square - 1/1 - 0 out of 74 successfully perturbed
robust accuracy after SQUARE: 37.00% (total time 138.0 s)
max Linf perturbation: 0.03137, nan in tensor: 0, max: 1.00000, min: 0.00000
robust accuracy: 37.00%
initial accuracy: 84.50%
apgd-ce - 1/1 - 80 out of 169 successfully perturbed
robust accuracy after APGD-CE: 44.50% (total time 8.3 s)
apgd-t - 1/1 - 4 out of 89 successfully perturbed
robust accuracy after APGD-T: 42.50% (total time 49.1 s)
fab-t - 1/1 - 0 out of 85 successfully perturbed
robust accuracy after FAB-T: 42.50% (total time 101.7 s)
square - 1/1 - 0 out of 85 successfully perturbed
robust accuracy after SQUARE: 42.50% (total time 151.2 s)
max Linf perturbation: 0.03137, nan in tensor: 0, max: 1.00000, min: 0.00000
robust accuracy: 42.50%
initial accuracy: 86.00%
apgd-ce - 1/1 - 83 out of 172 successfully perturbed
robust accuracy after APGD-CE: 44.50% (total time 8.3 s)
apgd-t - 1/1 - 8 out of 89 successfully perturbed
robust accuracy after APGD-T: 40.50% (total time 48.5 s)
fab-t - 1/1 - 0 out of 81 successfully perturbed
robust accuracy after FAB-T: 40.50% (total time 100.0 s)
square - 1/1 - 0 out of 81 successfully perturbed
robust accuracy after SQUARE: 40.50% (total time 148.8 s)
max Linf perturbation: 0.03137, nan in tensor: 0, max: 1.00000, min: 0.00000
robust accuracy: 40.50%
initial accuracy: 79.00%
apgd-ce - 1/1 - 61 out of 158 successfully perturbed
robust accuracy after APGD-CE: 48.50% (total time 7.7 s)
apgd-t - 1/1 - 7 out of 97 successfully perturbed
robust accuracy after APGD-T: 45.00% (total time 50.4 s)
fab-t - 1/1 - 0 out of 90 successfully perturbed
robust accuracy after FAB-T: 45.00% (total time 104.8 s)
square - 1/1 - 0 out of 90 successfully perturbed
robust accuracy after SQUARE: 45.00% (total time 155.1 s)
max Linf perturbation: 0.03137, nan in tensor: 0, max: 1.00000, min: 0.00000
robust accuracy: 45.00%
initial accuracy: 82.50%
apgd-ce - 1/1 - 76 out of 165 successfully perturbed
robust accuracy after APGD-CE: 44.50% (total time 8.1 s)
apgd-t - 1/1 - 6 out of 89 successfully perturbed
robust accuracy after APGD-T: 41.50% (total time 48.4 s)
fab-t - 1/1 - 0 out of 83 successfully perturbed
robust accuracy after FAB-T: 41.50% (total time 100.5 s)
square - 1/1 - 0 out of 83 successfully perturbed
robust accuracy after SQUARE: 41.50% (total time 149.6 s)
max Linf perturbation: 0.03137, nan in tensor: 0, max: 1.00000, min: 0.00000
robust accuracy: 41.50%
initial accuracy: 82.50%
apgd-ce - 1/1 - 78 out of 165 successfully perturbed
robust accuracy after APGD-CE: 43.50% (total time 8.1 s)
apgd-t - 1/1 - 4 out of 87 successfully perturbed
robust accuracy after APGD-T: 41.50% (total time 48.3 s)
fab-t - 1/1 - 0 out of 83 successfully perturbed
robust accuracy after FAB-T: 41.50% (total time 100.3 s)
square - 1/1 - 0 out of 83 successfully perturbed
robust accuracy after SQUARE: 41.50% (total time 149.4 s)
max Linf perturbation: 0.03137, nan in tensor: 0, max: 1.00000, min: 0.00000
robust accuracy: 41.50%
initial accuracy: 83.50%
apgd-ce - 1/1 - 80 out of 167 successfully perturbed
robust accuracy after APGD-CE: 43.50% (total time 8.2 s)
apgd-t - 1/1 - 4 out of 87 successfully perturbed
robust accuracy after APGD-T: 41.50% (total time 48.5 s)
fab-t - 1/1 - 0 out of 83 successfully perturbed
robust accuracy after FAB-T: 41.50% (total time 100.7 s)
square - 1/1 - 0 out of 83 successfully perturbed
robust accuracy after SQUARE: 41.50% (total time 149.8 s)
max Linf perturbation: 0.03137, nan in tensor: 0, max: 1.00000, min: 0.00000
robust accuracy: 41.50%
initial accuracy: 82.50%
apgd-ce - 1/1 - 87 out of 165 successfully perturbed
robust accuracy after APGD-CE: 39.00% (total time 8.1 s)
apgd-t - 1/1 - 3 out of 78 successfully perturbed
robust accuracy after APGD-T: 37.50% (total time 45.1 s)
fab-t - 1/1 - 0 out of 75 successfully perturbed
robust accuracy after FAB-T: 37.50% (total time 93.5 s)
square - 1/1 - 0 out of 75 successfully perturbed
robust accuracy after SQUARE: 37.50% (total time 138.6 s)
max Linf perturbation: 0.03137, nan in tensor: 0, max: 1.00000, min: 0.00000
robust accuracy: 37.50%
initial accuracy: 82.00%
apgd-ce - 1/1 - 72 out of 164 successfully perturbed
robust accuracy after APGD-CE: 46.00% (total time 8.1 s)
apgd-t - 1/1 - 9 out of 92 successfully perturbed
robust accuracy after APGD-T: 41.50% (total time 48.6 s)
fab-t - 1/1 - 0 out of 83 successfully perturbed
robust accuracy after FAB-T: 41.50% (total time 100.8 s)
square - 1/1 - 0 out of 83 successfully perturbed
robust accuracy after SQUARE: 41.50% (total time 150.0 s)
max Linf perturbation: 0.03137, nan in tensor: 0, max: 1.00000, min: 0.00000
robust accuracy: 41.50%
initial accuracy: 86.50%
apgd-ce - 1/1 - 96 out of 173 successfully perturbed
robust accuracy after APGD-CE: 38.50% (total time 8.4 s)
apgd-t - 1/1 - 5 out of 77 successfully perturbed
robust accuracy after APGD-T: 36.00% (total time 44.2 s)
fab-t - 1/1 - 0 out of 72 successfully perturbed
robust accuracy after FAB-T: 36.00% (total time 91.1 s)
square - 1/1 - 0 out of 72 successfully perturbed
robust accuracy after SQUARE: 36.00% (total time 135.6 s)
max Linf perturbation: 0.03137, nan in tensor: 0, max: 1.00000, min: 0.00000
robust accuracy: 36.00%
initial accuracy: 87.00%
apgd-ce - 1/1 - 77 out of 174 successfully perturbed
robust accuracy after APGD-CE: 48.50% (total time 8.5 s)
apgd-t - 1/1 - 6 out of 97 successfully perturbed
robust accuracy after APGD-T: 45.50% (total time 51.6 s)
fab-t - 1/1 - 0 out of 91 successfully perturbed
robust accuracy after FAB-T: 45.50% (total time 106.4 s)
square - 1/1 - 0 out of 91 successfully perturbed
robust accuracy after SQUARE: 45.50% (total time 156.7 s)
max Linf perturbation: 0.03137, nan in tensor: 0, max: 1.00000, min: 0.00000
robust accuracy: 45.50%
initial accuracy: 87.50%
apgd-ce - 1/1 - 74 out of 175 successfully perturbed
robust accuracy after APGD-CE: 50.50% (total time 8.5 s)
apgd-t - 1/1 - 9 out of 101 successfully perturbed
robust accuracy after APGD-T: 46.00% (total time 51.9 s)
fab-t - 1/1 - 0 out of 92 successfully perturbed
robust accuracy after FAB-T: 46.00% (total time 106.8 s)
square - 1/1 - 0 out of 92 successfully perturbed
robust accuracy after SQUARE: 46.00% (total time 157.3 s)
max Linf perturbation: 0.03137, nan in tensor: 0, max: 1.00000, min: 0.00000
robust accuracy: 46.00%
initial accuracy: 82.50%
apgd-ce - 1/1 - 69 out of 165 successfully perturbed
robust accuracy after APGD-CE: 48.00% (total time 8.1 s)
apgd-t - 1/1 - 3 out of 96 successfully perturbed
robust accuracy after APGD-T: 46.50% (total time 51.3 s)
fab-t - 1/1 - 0 out of 93 successfully perturbed
robust accuracy after FAB-T: 46.50% (total time 106.7 s)
square - 1/1 - 0 out of 93 successfully perturbed
robust accuracy after SQUARE: 46.50% (total time 157.3 s)
max Linf perturbation: 0.03137, nan in tensor: 0, max: 1.00000, min: 0.00000
robust accuracy: 46.50%
initial accuracy: 82.00%
apgd-ce - 1/1 - 73 out of 164 successfully perturbed
robust accuracy after APGD-CE: 45.50% (total time 8.1 s)
apgd-t - 1/1 - 6 out of 91 successfully perturbed
robust accuracy after APGD-T: 42.50% (total time 49.0 s)
fab-t - 1/1 - 0 out of 85 successfully perturbed
robust accuracy after FAB-T: 42.50% (total time 101.8 s)
square - 1/1 - 0 out of 85 successfully perturbed
robust accuracy after SQUARE: 42.50% (total time 151.1 s)
max Linf perturbation: 0.03137, nan in tensor: 0, max: 1.00000, min: 0.00000
robust accuracy: 42.50%
initial accuracy: 84.00%
apgd-ce - 1/1 - 82 out of 168 successfully perturbed
robust accuracy after APGD-CE: 43.00% (total time 8.2 s)
apgd-t - 1/1 - 5 out of 86 successfully perturbed
robust accuracy after APGD-T: 40.50% (total time 47.9 s)
fab-t - 1/1 - 0 out of 81 successfully perturbed
robust accuracy after FAB-T: 40.50% (total time 99.4 s)
square - 1/1 - 0 out of 81 successfully perturbed
robust accuracy after SQUARE: 40.50% (total time 148.2 s)
max Linf perturbation: 0.03137, nan in tensor: 0, max: 1.00000, min: 0.00000
robust accuracy: 40.50%
initial accuracy: 84.50%
apgd-ce - 1/1 - 73 out of 169 successfully perturbed
robust accuracy after APGD-CE: 48.00% (total time 8.3 s)
apgd-t - 1/1 - 4 out of 96 successfully perturbed
robust accuracy after APGD-T: 46.00% (total time 51.3 s)
fab-t - 1/1 - 0 out of 92 successfully perturbed
robust accuracy after FAB-T: 46.00% (total time 106.1 s)
square - 1/1 - 0 out of 92 successfully perturbed
robust accuracy after SQUARE: 46.00% (total time 156.5 s)
max Linf perturbation: 0.03137, nan in tensor: 0, max: 1.00000, min: 0.00000
robust accuracy: 46.00%
