initial accuracy: 79.50%
apgd-ce - 1/1 - 69 out of 159 successfully perturbed
robust accuracy after APGD-CE: 45.00% (total time 3.6 s)
apgd-t - 1/1 - 8 out of 90 successfully perturbed
robust accuracy after APGD-T: 41.00% (total time 24.1 s)
fab-t - 1/1 - 0 out of 82 successfully perturbed
robust accuracy after FAB-T: 41.00% (total time 53.2 s)
square - 1/1 - 0 out of 82 successfully perturbed
robust accuracy after SQUARE: 41.00% (total time 86.3 s)
max Linf perturbation: 0.03137, nan in tensor: 0, max: 1.00000, min: 0.00000
robust accuracy: 41.00%
initial accuracy: 71.00%
apgd-ce - 1/1 - 60 out of 142 successfully perturbed
robust accuracy after APGD-CE: 41.00% (total time 3.2 s)
apgd-t - 1/1 - 3 out of 82 successfully perturbed
robust accuracy after APGD-T: 39.50% (total time 22.9 s)
fab-t - 1/1 - 0 out of 79 successfully perturbed
robust accuracy after FAB-T: 39.50% (total time 50.8 s)
square - 1/1 - 0 out of 79 successfully perturbed
robust accuracy after SQUARE: 39.50% (total time 82.3 s)
max Linf perturbation: 0.03137, nan in tensor: 0, max: 1.00000, min: 0.00000
robust accuracy: 39.50%
initial accuracy: 73.50%
apgd-ce - 1/1 - 44 out of 147 successfully perturbed
robust accuracy after APGD-CE: 51.50% (total time 3.6 s)
apgd-t - 1/1 - 9 out of 103 successfully perturbed
robust accuracy after APGD-T: 47.00% (total time 25.1 s)
fab-t - 1/1 - 0 out of 94 successfully perturbed
robust accuracy after FAB-T: 47.00% (total time 55.5 s)
square - 1/1 - 0 out of 94 successfully perturbed
robust accuracy after SQUARE: 47.00% (total time 92.1 s)
max Linf perturbation: 0.03137, nan in tensor: 0, max: 1.00000, min: 0.00000
robust accuracy: 47.00%
initial accuracy: 73.00%
apgd-ce - 1/1 - 59 out of 146 successfully perturbed
robust accuracy after APGD-CE: 43.50% (total time 3.6 s)
apgd-t - 1/1 - 12 out of 87 successfully perturbed
robust accuracy after APGD-T: 37.50% (total time 23.0 s)
fab-t - 1/1 - 0 out of 75 successfully perturbed
robust accuracy after FAB-T: 37.50% (total time 50.4 s)
square - 1/1 - 0 out of 75 successfully perturbed
robust accuracy after SQUARE: 37.50% (total time 81.2 s)
max Linf perturbation: 0.03137, nan in tensor: 0, max: 1.00000, min: 0.00000
robust accuracy: 37.50%
initial accuracy: 77.00%
apgd-ce - 1/1 - 54 out of 154 successfully perturbed
robust accuracy after APGD-CE: 50.00% (total time 3.7 s)
apgd-t - 1/1 - 5 out of 100 successfully perturbed
robust accuracy after APGD-T: 47.50% (total time 25.3 s)
fab-t - 1/1 - 0 out of 95 successfully perturbed
robust accuracy after FAB-T: 47.50% (total time 56.5 s)
square - 1/1 - 0 out of 95 successfully perturbed
robust accuracy after SQUARE: 47.50% (total time 93.1 s)
max Linf perturbation: 0.03137, nan in tensor: 0, max: 1.00000, min: 0.00000
robust accuracy: 47.50%
initial accuracy: 76.50%
apgd-ce - 1/1 - 56 out of 153 successfully perturbed
robust accuracy after APGD-CE: 48.50% (total time 3.7 s)
apgd-t - 1/1 - 7 out of 97 successfully perturbed
robust accuracy after APGD-T: 45.00% (total time 24.9 s)
fab-t - 1/1 - 0 out of 90 successfully perturbed
robust accuracy after FAB-T: 45.00% (total time 55.6 s)
square - 1/1 - 0 out of 90 successfully perturbed
robust accuracy after SQUARE: 45.00% (total time 91.9 s)
max Linf perturbation: 0.03137, nan in tensor: 0, max: 1.00000, min: 0.00000
robust accuracy: 45.00%
initial accuracy: 68.50%
apgd-ce - 1/1 - 49 out of 137 successfully perturbed
robust accuracy after APGD-CE: 44.00% (total time 3.2 s)
apgd-t - 1/1 - 6 out of 88 successfully perturbed
robust accuracy after APGD-T: 41.00% (total time 23.8 s)
fab-t - 1/1 - 0 out of 82 successfully perturbed
robust accuracy after FAB-T: 41.00% (total time 52.8 s)
square - 1/1 - 0 out of 82 successfully perturbed
robust accuracy after SQUARE: 41.00% (total time 85.9 s)
max Linf perturbation: 0.03137, nan in tensor: 0, max: 1.00000, min: 0.00000
robust accuracy: 41.00%
initial accuracy: 75.50%
apgd-ce - 1/1 - 65 out of 151 successfully perturbed
robust accuracy after APGD-CE: 43.00% (total time 3.7 s)
apgd-t - 1/1 - 11 out of 86 successfully perturbed
robust accuracy after APGD-T: 37.50% (total time 23.2 s)
fab-t - 1/1 - 0 out of 75 successfully perturbed
robust accuracy after FAB-T: 37.50% (total time 50.5 s)
square - 1/1 - 0 out of 75 successfully perturbed
robust accuracy after SQUARE: 37.50% (total time 81.3 s)
max Linf perturbation: 0.03137, nan in tensor: 0, max: 1.00000, min: 0.00000
robust accuracy: 37.50%
initial accuracy: 73.50%
apgd-ce - 1/1 - 54 out of 147 successfully perturbed
robust accuracy after APGD-CE: 46.50% (total time 3.6 s)
apgd-t - 1/1 - 3 out of 93 successfully perturbed
robust accuracy after APGD-T: 45.00% (total time 24.6 s)
fab-t - 1/1 - 0 out of 90 successfully perturbed
robust accuracy after FAB-T: 45.00% (total time 54.9 s)
square - 1/1 - 0 out of 90 successfully perturbed
robust accuracy after SQUARE: 45.00% (total time 91.0 s)
max Linf perturbation: 0.03137, nan in tensor: 0, max: 1.00000, min: 0.00000
robust accuracy: 45.00%
initial accuracy: 73.50%
apgd-ce - 1/1 - 55 out of 147 successfully perturbed
robust accuracy after APGD-CE: 46.00% (total time 3.6 s)
apgd-t - 1/1 - 3 out of 92 successfully perturbed
robust accuracy after APGD-T: 44.50% (total time 24.6 s)
fab-t - 1/1 - 0 out of 89 successfully perturbed
robust accuracy after FAB-T: 44.50% (total time 54.6 s)
square - 1/1 - 0 out of 89 successfully perturbed
robust accuracy after SQUARE: 44.50% (total time 90.8 s)
max Linf perturbation: 0.03137, nan in tensor: 0, max: 1.00000, min: 0.00000
robust accuracy: 44.50%
initial accuracy: 74.00%
apgd-ce - 1/1 - 65 out of 148 successfully perturbed
robust accuracy after APGD-CE: 41.50% (total time 3.6 s)
apgd-t - 1/1 - 6 out of 83 successfully perturbed
robust accuracy after APGD-T: 38.50% (total time 23.2 s)
fab-t - 1/1 - 0 out of 77 successfully perturbed
robust accuracy after FAB-T: 38.50% (total time 50.7 s)
square - 1/1 - 0 out of 77 successfully perturbed
robust accuracy after SQUARE: 38.50% (total time 81.9 s)
max Linf perturbation: 0.03137, nan in tensor: 0, max: 1.00000, min: 0.00000
robust accuracy: 38.50%
initial accuracy: 76.50%
apgd-ce - 1/1 - 52 out of 153 successfully perturbed
robust accuracy after APGD-CE: 50.50% (total time 3.7 s)
apgd-t - 1/1 - 10 out of 101 successfully perturbed
robust accuracy after APGD-T: 45.50% (total time 25.0 s)
fab-t - 1/1 - 0 out of 91 successfully perturbed
robust accuracy after FAB-T: 45.50% (total time 55.2 s)
square - 1/1 - 0 out of 91 successfully perturbed
robust accuracy after SQUARE: 45.50% (total time 91.4 s)
max Linf perturbation: 0.03137, nan in tensor: 0, max: 1.00000, min: 0.00000
robust accuracy: 45.50%
initial accuracy: 70.50%
apgd-ce - 1/1 - 65 out of 141 successfully perturbed
robust accuracy after APGD-CE: 38.00% (total time 3.2 s)
apgd-t - 1/1 - 6 out of 76 successfully perturbed
robust accuracy after APGD-T: 35.00% (total time 21.9 s)
fab-t - 1/1 - 0 out of 70 successfully perturbed
robust accuracy after FAB-T: 35.00% (total time 48.6 s)
square - 1/1 - 0 out of 70 successfully perturbed
robust accuracy after SQUARE: 35.00% (total time 79.2 s)
max Linf perturbation: 0.03137, nan in tensor: 0, max: 1.00000, min: 0.00000
robust accuracy: 35.00%
initial accuracy: 80.00%
apgd-ce - 1/1 - 59 out of 160 successfully perturbed
robust accuracy after APGD-CE: 50.50% (total time 3.6 s)
apgd-t - 1/1 - 6 out of 101 successfully perturbed
robust accuracy after APGD-T: 47.50% (total time 25.2 s)
fab-t - 1/1 - 0 out of 95 successfully perturbed
robust accuracy after FAB-T: 47.50% (total time 56.4 s)
square - 1/1 - 0 out of 95 successfully perturbed
robust accuracy after SQUARE: 47.50% (total time 93.2 s)
max Linf perturbation: 0.03137, nan in tensor: 0, max: 1.00000, min: 0.00000
robust accuracy: 47.50%
initial accuracy: 76.50%
apgd-ce - 1/1 - 59 out of 153 successfully perturbed
robust accuracy after APGD-CE: 47.00% (total time 3.7 s)
apgd-t - 1/1 - 10 out of 94 successfully perturbed
robust accuracy after APGD-T: 42.00% (total time 24.2 s)
fab-t - 1/1 - 0 out of 84 successfully perturbed
robust accuracy after FAB-T: 42.00% (total time 53.4 s)
square - 1/1 - 0 out of 84 successfully perturbed
robust accuracy after SQUARE: 42.00% (total time 86.6 s)
max Linf perturbation: 0.03137, nan in tensor: 0, max: 1.00000, min: 0.00000
robust accuracy: 42.00%
initial accuracy: 72.00%
apgd-ce - 1/1 - 53 out of 144 successfully perturbed
robust accuracy after APGD-CE: 45.50% (total time 3.2 s)
apgd-t - 1/1 - 3 out of 91 successfully perturbed
robust accuracy after APGD-T: 44.00% (total time 23.4 s)
fab-t - 1/1 - 0 out of 88 successfully perturbed
robust accuracy after FAB-T: 44.00% (total time 52.0 s)
square - 1/1 - 0 out of 88 successfully perturbed
robust accuracy after SQUARE: 44.00% (total time 85.3 s)
max Linf perturbation: 0.03137, nan in tensor: 0, max: 1.00000, min: 0.00000
robust accuracy: 44.00%
initial accuracy: 75.00%
apgd-ce - 1/1 - 55 out of 150 successfully perturbed
robust accuracy after APGD-CE: 47.50% (total time 3.7 s)
apgd-t - 1/1 - 11 out of 95 successfully perturbed
robust accuracy after APGD-T: 42.00% (total time 24.2 s)
fab-t - 1/1 - 0 out of 84 successfully perturbed
robust accuracy after FAB-T: 42.00% (total time 53.2 s)
square - 1/1 - 0 out of 84 successfully perturbed
robust accuracy after SQUARE: 42.00% (total time 86.4 s)
max Linf perturbation: 0.03137, nan in tensor: 0, max: 1.00000, min: 0.00000
robust accuracy: 42.00%
initial accuracy: 71.00%
apgd-ce - 1/1 - 46 out of 142 successfully perturbed
robust accuracy after APGD-CE: 48.00% (total time 3.2 s)
apgd-t - 1/1 - 10 out of 96 successfully perturbed
robust accuracy after APGD-T: 43.00% (total time 24.1 s)
fab-t - 1/1 - 0 out of 86 successfully perturbed
robust accuracy after FAB-T: 43.00% (total time 54.3 s)
square - 1/1 - 0 out of 86 successfully perturbed
robust accuracy after SQUARE: 43.00% (total time 90.7 s)
max Linf perturbation: 0.03137, nan in tensor: 0, max: 1.00000, min: 0.00000
robust accuracy: 43.00%
initial accuracy: 73.00%
apgd-ce - 1/1 - 55 out of 146 successfully perturbed
robust accuracy after APGD-CE: 45.50% (total time 3.6 s)
apgd-t - 1/1 - 8 out of 91 successfully perturbed
robust accuracy after APGD-T: 41.50% (total time 24.5 s)
fab-t - 1/1 - 0 out of 83 successfully perturbed
robust accuracy after FAB-T: 41.50% (total time 54.4 s)
square - 1/1 - 0 out of 83 successfully perturbed
robust accuracy after SQUARE: 41.50% (total time 90.7 s)
max Linf perturbation: 0.03137, nan in tensor: 0, max: 1.00000, min: 0.00000
robust accuracy: 41.50%
initial accuracy: 75.00%
apgd-ce - 1/1 - 58 out of 150 successfully perturbed
robust accuracy after APGD-CE: 46.00% (total time 3.7 s)
apgd-t - 1/1 - 6 out of 92 successfully perturbed
robust accuracy after APGD-T: 43.00% (total time 24.5 s)
fab-t - 1/1 - 0 out of 86 successfully perturbed
robust accuracy after FAB-T: 43.00% (total time 56.1 s)
square - 1/1 - 0 out of 86 successfully perturbed
robust accuracy after SQUARE: 43.00% (total time 92.4 s)
max Linf perturbation: 0.03137, nan in tensor: 0, max: 1.00000, min: 0.00000
robust accuracy: 43.00%
initial accuracy: 73.50%
apgd-ce - 1/1 - 52 out of 147 successfully perturbed
robust accuracy after APGD-CE: 47.50% (total time 3.6 s)
apgd-t - 1/1 - 10 out of 95 successfully perturbed
robust accuracy after APGD-T: 42.50% (total time 24.7 s)
fab-t - 1/1 - 0 out of 85 successfully perturbed
robust accuracy after FAB-T: 42.50% (total time 55.1 s)
square - 1/1 - 0 out of 85 successfully perturbed
robust accuracy after SQUARE: 42.50% (total time 91.4 s)
max Linf perturbation: 0.03137, nan in tensor: 0, max: 1.00000, min: 0.00000
robust accuracy: 42.50%
initial accuracy: 77.50%
apgd-ce - 1/1 - 49 out of 155 successfully perturbed
robust accuracy after APGD-CE: 53.00% (total time 3.7 s)
apgd-t - 1/1 - 7 out of 106 successfully perturbed
robust accuracy after APGD-T: 49.50% (total time 26.4 s)
fab-t - 1/1 - 0 out of 99 successfully perturbed
robust accuracy after FAB-T: 49.50% (total time 58.7 s)
square - 1/1 - 0 out of 99 successfully perturbed
robust accuracy after SQUARE: 49.50% (total time 97.8 s)
max Linf perturbation: 0.03137, nan in tensor: 0, max: 1.00000, min: 0.00000
robust accuracy: 49.50%
initial accuracy: 74.00%
apgd-ce - 1/1 - 54 out of 148 successfully perturbed
robust accuracy after APGD-CE: 47.00% (total time 3.6 s)
apgd-t - 1/1 - 10 out of 94 successfully perturbed
robust accuracy after APGD-T: 42.00% (total time 24.4 s)
fab-t - 1/1 - 0 out of 84 successfully perturbed
robust accuracy after FAB-T: 42.00% (total time 53.8 s)
square - 1/1 - 0 out of 84 successfully perturbed
robust accuracy after SQUARE: 42.00% (total time 87.0 s)
max Linf perturbation: 0.03137, nan in tensor: 0, max: 1.00000, min: 0.00000
robust accuracy: 42.00%
initial accuracy: 77.50%
apgd-ce - 1/1 - 56 out of 155 successfully perturbed
robust accuracy after APGD-CE: 49.50% (total time 3.7 s)
apgd-t - 1/1 - 6 out of 99 successfully perturbed
robust accuracy after APGD-T: 46.50% (total time 25.2 s)
fab-t - 1/1 - 0 out of 93 successfully perturbed
robust accuracy after FAB-T: 46.50% (total time 56.0 s)
square - 1/1 - 0 out of 93 successfully perturbed
robust accuracy after SQUARE: 46.50% (total time 92.6 s)
max Linf perturbation: 0.03137, nan in tensor: 0, max: 1.00000, min: 0.00000
robust accuracy: 46.50%
initial accuracy: 75.00%
apgd-ce - 1/1 - 63 out of 150 successfully perturbed
robust accuracy after APGD-CE: 43.50% (total time 3.7 s)
apgd-t - 1/1 - 4 out of 87 successfully perturbed
robust accuracy after APGD-T: 41.50% (total time 24.5 s)
fab-t - 1/1 - 0 out of 83 successfully perturbed
robust accuracy after FAB-T: 41.50% (total time 54.6 s)
square - 1/1 - 0 out of 83 successfully perturbed
robust accuracy after SQUARE: 41.50% (total time 90.6 s)
max Linf perturbation: 0.03137, nan in tensor: 0, max: 1.00000, min: 0.00000
robust accuracy: 41.50%
initial accuracy: 77.50%
apgd-ce - 1/1 - 76 out of 155 successfully perturbed
robust accuracy after APGD-CE: 39.50% (total time 3.7 s)
apgd-t - 1/1 - 4 out of 79 successfully perturbed
robust accuracy after APGD-T: 37.50% (total time 23.0 s)
fab-t - 1/1 - 0 out of 75 successfully perturbed
robust accuracy after FAB-T: 37.50% (total time 50.5 s)
square - 1/1 - 0 out of 75 successfully perturbed
robust accuracy after SQUARE: 37.50% (total time 81.4 s)
max Linf perturbation: 0.03137, nan in tensor: 0, max: 1.00000, min: 0.00000
robust accuracy: 37.50%
initial accuracy: 77.00%
apgd-ce - 1/1 - 69 out of 154 successfully perturbed
robust accuracy after APGD-CE: 42.50% (total time 3.7 s)
apgd-t - 1/1 - 8 out of 85 successfully perturbed
robust accuracy after APGD-T: 38.50% (total time 23.4 s)
fab-t - 1/1 - 0 out of 77 successfully perturbed
robust accuracy after FAB-T: 38.50% (total time 50.9 s)
square - 1/1 - 0 out of 77 successfully perturbed
robust accuracy after SQUARE: 38.50% (total time 82.2 s)
max Linf perturbation: 0.03137, nan in tensor: 0, max: 1.00000, min: 0.00000
robust accuracy: 38.50%
initial accuracy: 74.50%
apgd-ce - 1/1 - 59 out of 149 successfully perturbed
robust accuracy after APGD-CE: 45.00% (total time 3.6 s)
apgd-t - 1/1 - 8 out of 90 successfully perturbed
robust accuracy after APGD-T: 41.00% (total time 24.3 s)
fab-t - 1/1 - 0 out of 82 successfully perturbed
robust accuracy after FAB-T: 41.00% (total time 53.6 s)
square - 1/1 - 0 out of 82 successfully perturbed
robust accuracy after SQUARE: 41.00% (total time 86.7 s)
max Linf perturbation: 0.03137, nan in tensor: 0, max: 1.00000, min: 0.00000
robust accuracy: 41.00%
initial accuracy: 76.50%
apgd-ce - 1/1 - 61 out of 153 successfully perturbed
robust accuracy after APGD-CE: 46.00% (total time 3.7 s)
apgd-t - 1/1 - 7 out of 92 successfully perturbed
robust accuracy after APGD-T: 42.50% (total time 24.7 s)
fab-t - 1/1 - 0 out of 85 successfully perturbed
robust accuracy after FAB-T: 42.50% (total time 55.4 s)
square - 1/1 - 0 out of 85 successfully perturbed
robust accuracy after SQUARE: 42.50% (total time 91.7 s)
max Linf perturbation: 0.03137, nan in tensor: 0, max: 1.00000, min: 0.00000
robust accuracy: 42.50%
initial accuracy: 72.50%
apgd-ce - 1/1 - 59 out of 145 successfully perturbed
robust accuracy after APGD-CE: 43.00% (total time 3.6 s)
apgd-t - 1/1 - 6 out of 86 successfully perturbed
robust accuracy after APGD-T: 40.00% (total time 23.8 s)
fab-t - 1/1 - 0 out of 80 successfully perturbed
robust accuracy after FAB-T: 40.00% (total time 51.7 s)
square - 1/1 - 0 out of 80 successfully perturbed
robust accuracy after SQUARE: 40.00% (total time 83.2 s)
max Linf perturbation: 0.03137, nan in tensor: 0, max: 1.00000, min: 0.00000
robust accuracy: 40.00%
initial accuracy: 68.50%
apgd-ce - 1/1 - 56 out of 137 successfully perturbed
robust accuracy after APGD-CE: 40.50% (total time 3.2 s)
apgd-t - 1/1 - 4 out of 81 successfully perturbed
robust accuracy after APGD-T: 38.50% (total time 22.7 s)
fab-t - 1/1 - 0 out of 77 successfully perturbed
robust accuracy after FAB-T: 38.50% (total time 50.3 s)
square - 1/1 - 0 out of 77 successfully perturbed
robust accuracy after SQUARE: 38.50% (total time 81.3 s)
max Linf perturbation: 0.03137, nan in tensor: 0, max: 1.00000, min: 0.00000
robust accuracy: 38.50%
initial accuracy: 78.50%
apgd-ce - 1/1 - 60 out of 157 successfully perturbed
robust accuracy after APGD-CE: 48.50% (total time 3.7 s)
apgd-t - 1/1 - 5 out of 97 successfully perturbed
robust accuracy after APGD-T: 46.00% (total time 24.7 s)
fab-t - 1/1 - 0 out of 92 successfully perturbed
robust accuracy after FAB-T: 46.00% (total time 54.0 s)
square - 1/1 - 0 out of 92 successfully perturbed
robust accuracy after SQUARE: 46.00% (total time 88.1 s)
max Linf perturbation: 0.03137, nan in tensor: 0, max: 1.00000, min: 0.00000
robust accuracy: 46.00%
initial accuracy: 76.50%
apgd-ce - 1/1 - 65 out of 153 successfully perturbed
robust accuracy after APGD-CE: 44.00% (total time 3.7 s)
apgd-t - 1/1 - 6 out of 88 successfully perturbed
robust accuracy after APGD-T: 41.00% (total time 24.2 s)
fab-t - 1/1 - 0 out of 82 successfully perturbed
robust accuracy after FAB-T: 41.00% (total time 54.0 s)
square - 1/1 - 0 out of 82 successfully perturbed
robust accuracy after SQUARE: 41.00% (total time 87.1 s)
max Linf perturbation: 0.03137, nan in tensor: 0, max: 1.00000, min: 0.00000
robust accuracy: 41.00%
initial accuracy: 73.50%
apgd-ce - 1/1 - 61 out of 147 successfully perturbed
robust accuracy after APGD-CE: 43.00% (total time 3.6 s)
apgd-t - 1/1 - 2 out of 86 successfully perturbed
robust accuracy after APGD-T: 42.00% (total time 24.3 s)
fab-t - 1/1 - 0 out of 84 successfully perturbed
robust accuracy after FAB-T: 42.00% (total time 53.2 s)
square - 1/1 - 0 out of 84 successfully perturbed
robust accuracy after SQUARE: 42.00% (total time 87.2 s)
max Linf perturbation: 0.03137, nan in tensor: 0, max: 1.00000, min: 0.00000
robust accuracy: 42.00%
initial accuracy: 75.50%
apgd-ce - 1/1 - 70 out of 151 successfully perturbed
robust accuracy after APGD-CE: 40.50% (total time 3.7 s)
apgd-t - 1/1 - 10 out of 81 successfully perturbed
robust accuracy after APGD-T: 35.50% (total time 22.7 s)
fab-t - 1/1 - 0 out of 71 successfully perturbed
robust accuracy after FAB-T: 35.50% (total time 49.4 s)
square - 1/1 - 0 out of 71 successfully perturbed
robust accuracy after SQUARE: 35.50% (total time 79.9 s)
max Linf perturbation: 0.03137, nan in tensor: 0, max: 1.00000, min: 0.00000
robust accuracy: 35.50%
initial accuracy: 74.50%
apgd-ce - 1/1 - 56 out of 149 successfully perturbed
robust accuracy after APGD-CE: 46.50% (total time 3.6 s)
apgd-t - 1/1 - 6 out of 93 successfully perturbed
robust accuracy after APGD-T: 43.50% (total time 24.4 s)
fab-t - 1/1 - 0 out of 87 successfully perturbed
robust accuracy after FAB-T: 43.50% (total time 54.0 s)
square - 1/1 - 0 out of 87 successfully perturbed
robust accuracy after SQUARE: 43.50% (total time 89.8 s)
max Linf perturbation: 0.03137, nan in tensor: 0, max: 1.00000, min: 0.00000
robust accuracy: 43.50%
initial accuracy: 75.50%
apgd-ce - 1/1 - 60 out of 151 successfully perturbed
robust accuracy after APGD-CE: 45.50% (total time 3.7 s)
apgd-t - 1/1 - 9 out of 91 successfully perturbed
robust accuracy after APGD-T: 41.00% (total time 24.3 s)
fab-t - 1/1 - 0 out of 82 successfully perturbed
robust accuracy after FAB-T: 41.00% (total time 53.5 s)
square - 1/1 - 0 out of 82 successfully perturbed
robust accuracy after SQUARE: 41.00% (total time 86.4 s)
max Linf perturbation: 0.03137, nan in tensor: 0, max: 1.00000, min: 0.00000
robust accuracy: 41.00%
initial accuracy: 74.00%
apgd-ce - 1/1 - 54 out of 148 successfully perturbed
robust accuracy after APGD-CE: 47.00% (total time 3.6 s)
apgd-t - 1/1 - 5 out of 94 successfully perturbed
robust accuracy after APGD-T: 44.50% (total time 24.7 s)
fab-t - 1/1 - 0 out of 89 successfully perturbed
robust accuracy after FAB-T: 44.50% (total time 54.6 s)
square - 1/1 - 0 out of 89 successfully perturbed
robust accuracy after SQUARE: 44.50% (total time 90.9 s)
max Linf perturbation: 0.03137, nan in tensor: 0, max: 1.00000, min: 0.00000
robust accuracy: 44.50%
initial accuracy: 76.50%
apgd-ce - 1/1 - 53 out of 153 successfully perturbed
robust accuracy after APGD-CE: 50.00% (total time 3.7 s)
apgd-t - 1/1 - 6 out of 100 successfully perturbed
robust accuracy after APGD-T: 47.00% (total time 25.1 s)
fab-t - 1/1 - 0 out of 94 successfully perturbed
robust accuracy after FAB-T: 47.00% (total time 55.6 s)
square - 1/1 - 0 out of 94 successfully perturbed
robust accuracy after SQUARE: 47.00% (total time 92.1 s)
max Linf perturbation: 0.03137, nan in tensor: 0, max: 1.00000, min: 0.00000
robust accuracy: 47.00%
initial accuracy: 76.50%
apgd-ce - 1/1 - 61 out of 153 successfully perturbed
robust accuracy after APGD-CE: 46.00% (total time 3.7 s)
apgd-t - 1/1 - 8 out of 92 successfully perturbed
robust accuracy after APGD-T: 42.00% (total time 24.2 s)
fab-t - 1/1 - 0 out of 84 successfully perturbed
robust accuracy after FAB-T: 42.00% (total time 53.4 s)
square - 1/1 - 0 out of 84 successfully perturbed
robust accuracy after SQUARE: 42.00% (total time 86.8 s)
max Linf perturbation: 0.03137, nan in tensor: 0, max: 1.00000, min: 0.00000
robust accuracy: 42.00%
initial accuracy: 73.50%
apgd-ce - 1/1 - 62 out of 147 successfully perturbed
robust accuracy after APGD-CE: 42.50% (total time 3.6 s)
apgd-t - 1/1 - 5 out of 85 successfully perturbed
robust accuracy after APGD-T: 40.00% (total time 23.6 s)
fab-t - 1/1 - 0 out of 80 successfully perturbed
robust accuracy after FAB-T: 40.00% (total time 51.4 s)
square - 1/1 - 0 out of 80 successfully perturbed
robust accuracy after SQUARE: 40.00% (total time 82.8 s)
max Linf perturbation: 0.03137, nan in tensor: 0, max: 1.00000, min: 0.00000
robust accuracy: 40.00%
initial accuracy: 72.50%
apgd-ce - 1/1 - 62 out of 145 successfully perturbed
robust accuracy after APGD-CE: 41.50% (total time 3.6 s)
apgd-t - 1/1 - 6 out of 83 successfully perturbed
robust accuracy after APGD-T: 38.50% (total time 23.1 s)
fab-t - 1/1 - 0 out of 77 successfully perturbed
robust accuracy after FAB-T: 38.50% (total time 50.8 s)
square - 1/1 - 0 out of 77 successfully perturbed
robust accuracy after SQUARE: 38.50% (total time 82.2 s)
max Linf perturbation: 0.03137, nan in tensor: 0, max: 1.00000, min: 0.00000
robust accuracy: 38.50%
initial accuracy: 78.00%
apgd-ce - 1/1 - 62 out of 156 successfully perturbed
robust accuracy after APGD-CE: 47.00% (total time 3.7 s)
apgd-t - 1/1 - 11 out of 94 successfully perturbed
robust accuracy after APGD-T: 41.50% (total time 24.5 s)
fab-t - 1/1 - 0 out of 83 successfully perturbed
robust accuracy after FAB-T: 41.50% (total time 54.6 s)
square - 1/1 - 0 out of 83 successfully perturbed
robust accuracy after SQUARE: 41.50% (total time 90.8 s)
max Linf perturbation: 0.03137, nan in tensor: 0, max: 1.00000, min: 0.00000
robust accuracy: 41.50%
initial accuracy: 76.00%
apgd-ce - 1/1 - 70 out of 152 successfully perturbed
robust accuracy after APGD-CE: 41.00% (total time 3.7 s)
apgd-t - 1/1 - 6 out of 82 successfully perturbed
robust accuracy after APGD-T: 38.00% (total time 23.1 s)
fab-t - 1/1 - 0 out of 76 successfully perturbed
robust accuracy after FAB-T: 38.00% (total time 50.7 s)
square - 1/1 - 0 out of 76 successfully perturbed
robust accuracy after SQUARE: 38.00% (total time 81.6 s)
max Linf perturbation: 0.03137, nan in tensor: 0, max: 1.00000, min: 0.00000
robust accuracy: 38.00%
initial accuracy: 78.50%
apgd-ce - 1/1 - 54 out of 157 successfully perturbed
robust accuracy after APGD-CE: 51.50% (total time 3.8 s)
apgd-t - 1/1 - 4 out of 103 successfully perturbed
robust accuracy after APGD-T: 49.50% (total time 26.3 s)
fab-t - 1/1 - 0 out of 99 successfully perturbed
robust accuracy after FAB-T: 49.50% (total time 59.1 s)
square - 1/1 - 0 out of 99 successfully perturbed
robust accuracy after SQUARE: 49.50% (total time 99.1 s)
max Linf perturbation: 0.03137, nan in tensor: 0, max: 1.00000, min: 0.00000
robust accuracy: 49.50%
initial accuracy: 82.50%
apgd-ce - 1/1 - 70 out of 165 successfully perturbed
robust accuracy after APGD-CE: 47.50% (total time 3.8 s)
apgd-t - 1/1 - 7 out of 95 successfully perturbed
robust accuracy after APGD-T: 44.00% (total time 24.3 s)
fab-t - 1/1 - 0 out of 88 successfully perturbed
robust accuracy after FAB-T: 44.00% (total time 53.2 s)
square - 1/1 - 0 out of 88 successfully perturbed
robust accuracy after SQUARE: 44.00% (total time 86.3 s)
max Linf perturbation: 0.03137, nan in tensor: 0, max: 1.00000, min: 0.00000
robust accuracy: 44.00%
initial accuracy: 77.50%
apgd-ce - 1/1 - 67 out of 155 successfully perturbed
robust accuracy after APGD-CE: 44.00% (total time 3.7 s)
apgd-t - 1/1 - 5 out of 88 successfully perturbed
robust accuracy after APGD-T: 41.50% (total time 24.4 s)
fab-t - 1/1 - 0 out of 83 successfully perturbed
robust accuracy after FAB-T: 41.50% (total time 54.6 s)
square - 1/1 - 0 out of 83 successfully perturbed
robust accuracy after SQUARE: 41.50% (total time 90.7 s)
max Linf perturbation: 0.03137, nan in tensor: 0, max: 1.00000, min: 0.00000
robust accuracy: 41.50%
initial accuracy: 74.50%
apgd-ce - 1/1 - 57 out of 149 successfully perturbed
robust accuracy after APGD-CE: 46.00% (total time 3.6 s)
apgd-t - 1/1 - 9 out of 92 successfully perturbed
robust accuracy after APGD-T: 41.50% (total time 24.3 s)
fab-t - 1/1 - 0 out of 83 successfully perturbed
robust accuracy after FAB-T: 41.50% (total time 54.1 s)
square - 1/1 - 0 out of 83 successfully perturbed
robust accuracy after SQUARE: 41.50% (total time 90.0 s)
max Linf perturbation: 0.03137, nan in tensor: 0, max: 1.00000, min: 0.00000
robust accuracy: 41.50%
initial accuracy: 72.00%
apgd-ce - 1/1 - 59 out of 144 successfully perturbed
robust accuracy after APGD-CE: 42.50% (total time 3.2 s)
apgd-t - 1/1 - 6 out of 85 successfully perturbed
robust accuracy after APGD-T: 39.50% (total time 22.9 s)
fab-t - 1/1 - 0 out of 79 successfully perturbed
robust accuracy after FAB-T: 39.50% (total time 50.8 s)
square - 1/1 - 0 out of 79 successfully perturbed
robust accuracy after SQUARE: 39.50% (total time 83.1 s)
max Linf perturbation: 0.03137, nan in tensor: 0, max: 1.00000, min: 0.00000
robust accuracy: 39.50%
initial accuracy: 75.00%
apgd-ce - 1/1 - 58 out of 150 successfully perturbed
robust accuracy after APGD-CE: 46.00% (total time 3.6 s)
apgd-t - 1/1 - 7 out of 92 successfully perturbed
robust accuracy after APGD-T: 42.50% (total time 24.6 s)
fab-t - 1/1 - 0 out of 85 successfully perturbed
robust accuracy after FAB-T: 42.50% (total time 55.0 s)
square - 1/1 - 0 out of 85 successfully perturbed
robust accuracy after SQUARE: 42.50% (total time 91.2 s)
max Linf perturbation: 0.03137, nan in tensor: 0, max: 1.00000, min: 0.00000
robust accuracy: 42.50%
