[2022/04/28 22:43:45] - Namespace(alpha=10.0, batch_size=128, data_dir='/mnt/storage0_8/torch_datasets/cifar-data', delta_init='uniform', epochs=50, epsilon=8, fname='output_vgg16', gamma=1.01, init_tau=8, lr_max=0.01, lr_min=0.0, lr_schedule='multistep', max_iteration=7, model='vgg16', momentum=0.9, normalization='std', out_dir='mpgd_out', save_model=True, seed=0, weight_decay=0.0005, wide_factor=10)
[2022/04/28 22:43:49] - Epoch 	 Seconds 	 LR 	 	 Train Loss 	 Train Acc 	 Val Acc 	 MG 	 PGD Acc
[2022/04/28 22:44:08] - 0 	 12.4 	 	 0.0100 	 1.4661 	 0.4661 	 0.6074	 0.0000 	 0.0121
[2022/04/28 22:44:37] - 1 	 22.4 	 	 0.0100 	 1.8957 	 0.2792 	 0.5117	 1268.7234 	 0.2738
[2022/04/28 22:45:06] - 2 	 22.4 	 	 0.0100 	 1.7274 	 0.3413 	 0.5633	 1316.5275 	 0.2887
[2022/04/28 22:45:45] - 3 	 33.2 	 	 0.0100 	 1.7647 	 0.3338 	 0.5746	 1417.8442 	 0.3285
[2022/04/28 22:46:36] - 4 	 43.9 	 	 0.0100 	 1.7393 	 0.3439 	 0.5602	 1578.8547 	 0.3340
[2022/04/28 22:47:37] - 5 	 54.7 	 	 0.0100 	 1.7082 	 0.3560 	 0.5840	 1745.8877 	 0.3309
[2022/04/28 22:48:49] - 6 	 65.3 	 	 0.0100 	 1.6782 	 0.3670 	 0.6199	 1843.8722 	 0.3668
[2022/04/28 22:50:12] - 7 	 76.1 	 	 0.0100 	 1.6498 	 0.3800 	 0.6129	 1910.7258 	 0.3559
[2022/04/28 22:51:45] - 8 	 86.7 	 	 0.0100 	 1.6255 	 0.3865 	 0.6168	 1975.0475 	 0.3461
[2022/04/28 22:53:19] - 9 	 86.6 	 	 0.0100 	 1.6060 	 0.3912 	 0.6270	 2007.4697 	 0.3691
[2022/04/28 22:54:52] - 10 	 86.8 	 	 0.0100 	 1.5840 	 0.4039 	 0.6629	 2049.1812 	 0.3828
[2022/04/28 22:56:25] - 11 	 86.7 	 	 0.0100 	 1.5637 	 0.4103 	 0.6613	 2082.1296 	 0.3824
[2022/04/28 22:57:59] - 12 	 86.7 	 	 0.0100 	 1.5460 	 0.4162 	 0.6750	 2118.5461 	 0.3770
[2022/04/28 22:59:32] - 13 	 86.8 	 	 0.0100 	 1.5307 	 0.4198 	 0.6695	 2137.1504 	 0.3922
[2022/04/28 23:01:05] - 14 	 86.7 	 	 0.0100 	 1.5178 	 0.4248 	 0.6414	 2160.6470 	 0.4070
[2022/04/28 23:02:39] - 15 	 86.8 	 	 0.0100 	 1.5031 	 0.4302 	 0.6594	 2180.4170 	 0.4047
[2022/04/28 23:04:12] - 16 	 86.8 	 	 0.0100 	 1.4860 	 0.4363 	 0.6867	 2213.6948 	 0.4012
[2022/04/28 23:05:45] - 17 	 86.6 	 	 0.0100 	 1.4734 	 0.4432 	 0.6902	 2231.7410 	 0.4000
[2022/04/28 23:07:19] - 18 	 86.6 	 	 0.0100 	 1.4607 	 0.4449 	 0.6871	 2256.1768 	 0.4012
[2022/04/28 23:08:52] - 19 	 86.6 	 	 0.0100 	 1.4478 	 0.4486 	 0.6988	 2275.1968 	 0.4246
[2022/04/28 23:10:25] - 20 	 86.7 	 	 0.0100 	 1.4372 	 0.4524 	 0.6918	 2288.4792 	 0.4059
[2022/04/28 23:11:58] - 21 	 86.7 	 	 0.0100 	 1.4307 	 0.4549 	 0.7090	 2307.8423 	 0.4156
[2022/04/28 23:13:31] - 22 	 86.7 	 	 0.0100 	 1.4186 	 0.4610 	 0.7090	 2328.1990 	 0.4176
[2022/04/28 23:15:05] - 23 	 86.8 	 	 0.0100 	 1.4073 	 0.4628 	 0.7121	 2341.4634 	 0.4117
[2022/04/28 23:16:38] - 24 	 86.8 	 	 0.0010 	 1.3959 	 0.4646 	 0.7016	 2358.8777 	 0.4305
[2022/04/28 23:18:12] - 25 	 86.8 	 	 0.0010 	 1.2998 	 0.4989 	 0.7383	 2312.0308 	 0.4430
[2022/04/28 23:19:45] - 26 	 86.8 	 	 0.0010 	 1.2722 	 0.5063 	 0.7355	 2392.3752 	 0.4406
[2022/04/28 23:21:18] - 27 	 86.7 	 	 0.0010 	 1.2634 	 0.5102 	 0.7418	 2420.1582 	 0.4441
[2022/04/28 23:22:52] - 28 	 86.7 	 	 0.0010 	 1.2530 	 0.5118 	 0.7402	 2440.3132 	 0.4391
[2022/04/28 23:24:25] - 29 	 86.7 	 	 0.0010 	 1.2474 	 0.5161 	 0.7496	 2457.6709 	 0.4344
[2022/04/28 23:25:58] - 30 	 86.8 	 	 0.0010 	 1.2408 	 0.5174 	 0.7402	 2473.9043 	 0.4402
[2022/04/28 23:27:32] - 31 	 86.8 	 	 0.0010 	 1.2369 	 0.5203 	 0.7414	 2480.4973 	 0.4500
[2022/04/28 23:29:05] - 32 	 86.7 	 	 0.0010 	 1.2267 	 0.5228 	 0.7480	 2477.2529 	 0.4434
[2022/04/28 23:30:38] - 33 	 86.7 	 	 0.0010 	 1.2231 	 0.5230 	 0.7508	 2509.3633 	 0.4422
[2022/04/28 23:32:12] - 34 	 86.8 	 	 0.0010 	 1.2170 	 0.5250 	 0.7492	 2523.3711 	 0.4422
[2022/04/28 23:33:45] - 35 	 86.8 	 	 0.0010 	 1.2127 	 0.5278 	 0.7434	 2529.0811 	 0.4441
[2022/04/28 23:35:18] - 36 	 86.9 	 	 0.0010 	 1.2076 	 0.5266 	 0.7473	 2543.8098 	 0.4352
[2022/04/28 23:36:52] - 37 	 86.8 	 	 0.0010 	 1.2034 	 0.5272 	 0.7582	 2549.7654 	 0.4437
[2022/04/28 23:38:25] - 38 	 86.6 	 	 0.0010 	 1.1986 	 0.5293 	 0.7523	 2552.2927 	 0.4379
[2022/04/28 23:39:58] - 39 	 86.7 	 	 0.0001 	 1.1960 	 0.5308 	 0.7547	 2575.2139 	 0.4449
[2022/04/28 23:41:32] - 40 	 86.7 	 	 0.0001 	 1.1691 	 0.5400 	 0.7594	 2504.0371 	 0.4430
[2022/04/28 23:43:05] - 41 	 86.6 	 	 0.0001 	 1.1657 	 0.5375 	 0.7562	 2536.4897 	 0.4430
[2022/04/28 23:44:38] - 42 	 86.7 	 	 0.0001 	 1.1648 	 0.5394 	 0.7570	 2547.5312 	 0.4500
[2022/04/28 23:46:11] - 43 	 86.8 	 	 0.0001 	 1.1599 	 0.5417 	 0.7609	 2554.5198 	 0.4484
[2022/04/28 23:47:45] - 44 	 86.8 	 	 0.0001 	 1.1597 	 0.5403 	 0.7520	 2565.5283 	 0.4437
[2022/04/28 23:49:18] - 45 	 86.7 	 	 0.0001 	 1.1593 	 0.5405 	 0.7617	 2563.4009 	 0.4434
[2022/04/28 23:50:51] - 46 	 86.8 	 	 0.0001 	 1.1591 	 0.5429 	 0.7574	 2565.4263 	 0.4437
[2022/04/28 23:52:25] - 47 	 86.6 	 	 0.0001 	 1.1581 	 0.5429 	 0.7543	 2574.4795 	 0.4457
[2022/04/28 23:53:58] - 48 	 86.8 	 	 0.0001 	 1.1566 	 0.5397 	 0.7566	 2575.6987 	 0.4445
[2022/04/28 23:55:31] - 49 	 86.8 	 	 0.0001 	 1.1519 	 0.5424 	 0.7598	 2569.0291 	 0.4441
[2022/04/28 23:55:31] - Total train time: 66.2215 minutes
[2022/04/28 23:55:31] - Best checkpoint at 31, 0.45
