[2022/05/02 05:57:19] - Namespace(alpha=10.0, batch_size=128, data_dir='/mnt/storage0_8/torch_datasets/cifar-data', delta_init='uniform', epochs=50, epsilon=8, fname='output_dense', gamma=1.01, init_tau=8, lr_max=0.01, lr_min=0.0, lr_schedule='multistep', max_iteration=7, model='dense', momentum=0.9, normalization='std', out_dir='mpgd_out', save_model=True, seed=0, weight_decay=0.0005, wide_factor=10)
[2022/05/02 05:57:23] - Epoch 	 Seconds 	 LR 	 	 Train Loss 	 Train Acc 	 Val Acc 	 MG 	 PGD Acc
[2022/05/02 05:58:19] - 0 	 39.7 	 	 0.0100 	 1.4507 	 0.4670 	 0.5762	 0.0000 	 0.0055
[2022/05/02 05:59:52] - 1 	 73.2 	 	 0.0100 	 1.9197 	 0.2779 	 0.4723	 1405.9158 	 0.2414
[2022/05/02 06:01:24] - 2 	 72.8 	 	 0.0100 	 1.7711 	 0.3258 	 0.5152	 1277.6555 	 0.2832
[2022/05/02 06:02:57] - 3 	 73.1 	 	 0.0100 	 1.7053 	 0.3531 	 0.5828	 1312.7455 	 0.2871
[2022/05/02 06:04:29] - 4 	 72.9 	 	 0.0100 	 1.6562 	 0.3687 	 0.5875	 1345.7253 	 0.2992
[2022/05/02 06:06:01] - 5 	 72.6 	 	 0.0100 	 1.6133 	 0.3838 	 0.5973	 1371.5044 	 0.3105
[2022/05/02 06:07:33] - 6 	 72.9 	 	 0.0100 	 1.5787 	 0.3952 	 0.6098	 1394.4684 	 0.2867
[2022/05/02 06:09:06] - 7 	 72.9 	 	 0.0100 	 1.5455 	 0.4085 	 0.6379	 1412.3186 	 0.3180
[2022/05/02 06:10:38] - 8 	 73.0 	 	 0.0100 	 1.5173 	 0.4181 	 0.6566	 1426.3700 	 0.3145
[2022/05/02 06:12:46] - 9 	 108.1 	 	 0.0100 	 1.6125 	 0.3852 	 0.6301	 1644.7520 	 0.3484
[2022/05/02 06:15:27] - 10 	 141.8 	 	 0.0100 	 1.6130 	 0.3895 	 0.6469	 1787.2955 	 0.3566
[2022/05/02 06:18:42] - 11 	 176.1 	 	 0.0100 	 1.5993 	 0.3942 	 0.6668	 1913.5243 	 0.3547
[2022/05/02 06:22:32] - 12 	 210.5 	 	 0.0100 	 1.5880 	 0.3981 	 0.6328	 1967.2767 	 0.3828
[2022/05/02 06:26:56] - 13 	 244.9 	 	 0.0100 	 1.5719 	 0.4051 	 0.6543	 2010.2922 	 0.3664
[2022/05/02 06:31:55] - 14 	 279.3 	 	 0.0100 	 1.5573 	 0.4098 	 0.6445	 2041.9064 	 0.3844
[2022/05/02 06:36:53] - 15 	 279.4 	 	 0.0100 	 1.5467 	 0.4183 	 0.6742	 2059.2026 	 0.3754
[2022/05/02 06:41:52] - 16 	 279.4 	 	 0.0100 	 1.5327 	 0.4182 	 0.6441	 2068.4846 	 0.3844
[2022/05/02 06:46:50] - 17 	 278.8 	 	 0.0100 	 1.5239 	 0.4256 	 0.6855	 2082.2573 	 0.3750
[2022/05/02 06:51:48] - 18 	 278.8 	 	 0.0100 	 1.5093 	 0.4283 	 0.6609	 2094.1558 	 0.3848
[2022/05/02 06:56:47] - 19 	 279.1 	 	 0.0100 	 1.4981 	 0.4319 	 0.6832	 2113.5571 	 0.3684
[2022/05/02 07:01:45] - 20 	 279.2 	 	 0.0100 	 1.4920 	 0.4352 	 0.6746	 2109.9407 	 0.3957
[2022/05/02 07:06:43] - 21 	 279.3 	 	 0.0100 	 1.4779 	 0.4385 	 0.6863	 2131.8477 	 0.3918
[2022/05/02 07:11:42] - 22 	 279.2 	 	 0.0100 	 1.4693 	 0.4416 	 0.6926	 2153.7439 	 0.3977
[2022/05/02 07:16:40] - 23 	 279.0 	 	 0.0100 	 1.4588 	 0.4452 	 0.6859	 2158.7280 	 0.4059
[2022/05/02 07:21:39] - 24 	 279.6 	 	 0.0010 	 1.4538 	 0.4473 	 0.6934	 2174.8093 	 0.4055
[2022/05/02 07:26:37] - 25 	 279.1 	 	 0.0010 	 1.3849 	 0.4745 	 0.7199	 2096.7424 	 0.4219
[2022/05/02 07:31:36] - 26 	 279.4 	 	 0.0010 	 1.3659 	 0.4797 	 0.7211	 2152.1809 	 0.4246
[2022/05/02 07:36:34] - 27 	 278.9 	 	 0.0010 	 1.3572 	 0.4813 	 0.7270	 2187.7400 	 0.4219
[2022/05/02 07:41:32] - 28 	 278.9 	 	 0.0010 	 1.3541 	 0.4822 	 0.7270	 2206.4043 	 0.4250
[2022/05/02 07:46:31] - 29 	 279.1 	 	 0.0010 	 1.3507 	 0.4836 	 0.7273	 2219.8591 	 0.4254
[2022/05/02 07:51:29] - 30 	 279.0 	 	 0.0010 	 1.3476 	 0.4850 	 0.7230	 2232.4719 	 0.4297
[2022/05/02 07:56:28] - 31 	 279.6 	 	 0.0010 	 1.3415 	 0.4845 	 0.7289	 2236.3667 	 0.4340
[2022/05/02 08:01:27] - 32 	 279.7 	 	 0.0010 	 1.3409 	 0.4871 	 0.7352	 2247.4143 	 0.4246
[2022/05/02 08:06:26] - 33 	 279.6 	 	 0.0010 	 1.3368 	 0.4894 	 0.7320	 2260.6350 	 0.4199
[2022/05/02 08:11:25] - 34 	 279.9 	 	 0.0010 	 1.3345 	 0.4899 	 0.7305	 2267.8616 	 0.4285
[2022/05/02 08:16:24] - 35 	 279.5 	 	 0.0010 	 1.3313 	 0.4890 	 0.7371	 2265.9890 	 0.4254
[2022/05/02 08:21:23] - 36 	 280.0 	 	 0.0010 	 1.3306 	 0.4896 	 0.7277	 2285.1250 	 0.4211
[2022/05/02 08:26:23] - 37 	 279.6 	 	 0.0010 	 1.3275 	 0.4917 	 0.7297	 2275.1841 	 0.4258
[2022/05/02 08:31:22] - 38 	 279.7 	 	 0.0010 	 1.3245 	 0.4906 	 0.7355	 2290.4558 	 0.4164
[2022/05/02 08:36:21] - 39 	 280.1 	 	 0.0001 	 1.3223 	 0.4917 	 0.7332	 2284.9783 	 0.4219
[2022/05/02 08:41:18] - 40 	 277.5 	 	 0.0001 	 1.3094 	 0.4964 	 0.7352	 2283.8809 	 0.4215
[2022/05/02 08:46:14] - 41 	 277.1 	 	 0.0001 	 1.3094 	 0.4974 	 0.7352	 2277.7334 	 0.4246
[2022/05/02 08:51:11] - 42 	 277.6 	 	 0.0001 	 1.3061 	 0.4983 	 0.7430	 2283.9668 	 0.4324
[2022/05/02 08:56:07] - 43 	 276.3 	 	 0.0001 	 1.3065 	 0.4985 	 0.7414	 2285.0310 	 0.4309
[2022/05/02 09:01:03] - 44 	 277.7 	 	 0.0001 	 1.3068 	 0.4976 	 0.7379	 2291.8142 	 0.4281
[2022/05/02 09:06:00] - 45 	 277.6 	 	 0.0001 	 1.3052 	 0.4995 	 0.7430	 2291.1938 	 0.4152
[2022/05/02 09:10:56] - 46 	 277.0 	 	 0.0001 	 1.3057 	 0.4966 	 0.7371	 2297.6467 	 0.4277
[2022/05/02 09:15:53] - 47 	 277.7 	 	 0.0001 	 1.3050 	 0.4983 	 0.7355	 2291.2966 	 0.4250
[2022/05/02 09:20:50] - 48 	 277.2 	 	 0.0001 	 1.3044 	 0.4987 	 0.7410	 2294.1604 	 0.4234
[2022/05/02 09:25:46] - 49 	 277.0 	 	 0.0001 	 1.3029 	 0.4999 	 0.7398	 2296.2356 	 0.4301
[2022/05/02 09:25:46] - Total train time: 192.3403 minutes
[2022/05/02 09:25:46] - Best checkpoint at 31, 0.433984375
