[2022/09/20 10:42:05] - Namespace(alpha=2.0, batch_size=128, data_dir='/mnt/storage0_8/torch_datasets/cifar-data', delta_init='uniform', epochs=100, epsilon=8, fname='output_wide', gamma=1.01, init_tau=8, lr_max=0.1, lr_min=0.0, lr_schedule='multistep', max_iteration=7, model='wide', momentum=0.9, normalization='std', out_dir='mpgd_out', save_model=True, seed=0, weight_decay=0.0005, wide_factor=10)
[2022/09/20 10:42:09] - Epoch 	 Seconds 	 LR 	 	 Train Loss 	 Train Acc 	 Val Acc 	 MG 	 PGD Acc
[2022/09/20 10:44:46] - 0 	 111.3 	 	 0.1000 	 1.5537 	 0.4268 	 0.5625	 0.0000 	 0.0020
[2022/09/20 10:49:28] - 1 	 220.8 	 	 0.1000 	 1.4233 	 0.4672 	 0.6059	 3216.0330 	 0.1297
[2022/09/20 10:54:10] - 2 	 220.9 	 	 0.1000 	 1.2221 	 0.5467 	 0.6383	 3245.8032 	 0.1594
[2022/09/20 11:00:42] - 3 	 330.1 	 	 0.1000 	 1.3229 	 0.5001 	 0.6625	 2782.5581 	 0.2715
[2022/09/20 11:09:02] - 4 	 439.5 	 	 0.1000 	 1.3928 	 0.4722 	 0.6969	 2423.6780 	 0.3047
[2022/09/20 11:19:12] - 5 	 548.8 	 	 0.1000 	 1.4394 	 0.4525 	 0.6797	 2196.6160 	 0.3488
[2022/09/20 11:29:22] - 6 	 548.6 	 	 0.1000 	 1.4062 	 0.4688 	 0.7008	 2181.1816 	 0.3484
[2022/09/20 11:39:32] - 7 	 548.8 	 	 0.1000 	 1.3774 	 0.4763 	 0.7266	 2170.8218 	 0.3508
[2022/09/20 11:49:42] - 8 	 548.7 	 	 0.1000 	 1.3459 	 0.4901 	 0.7223	 2201.4250 	 0.3777
[2022/09/20 11:59:52] - 9 	 548.7 	 	 0.1000 	 1.3211 	 0.5001 	 0.7242	 2198.8264 	 0.3883
[2022/09/20 12:10:02] - 10 	 548.6 	 	 0.1000 	 1.3056 	 0.5046 	 0.7430	 2216.2097 	 0.3703
[2022/09/20 12:20:11] - 11 	 548.5 	 	 0.1000 	 1.2863 	 0.5122 	 0.7422	 2221.1438 	 0.3789
[2022/09/20 12:30:21] - 12 	 548.5 	 	 0.1000 	 1.2704 	 0.5198 	 0.7523	 2233.9961 	 0.3891
[2022/09/20 12:40:30] - 13 	 548.5 	 	 0.1000 	 1.2555 	 0.5238 	 0.7535	 2246.8318 	 0.3797
[2022/09/20 12:50:40] - 14 	 548.4 	 	 0.1000 	 1.2402 	 0.5286 	 0.7172	 2254.7212 	 0.3809
[2022/09/20 13:00:49] - 15 	 548.5 	 	 0.1000 	 1.2351 	 0.5311 	 0.7750	 2274.0117 	 0.3898
[2022/09/20 13:10:59] - 16 	 548.4 	 	 0.1000 	 1.2159 	 0.5372 	 0.7465	 2269.6985 	 0.4121
[2022/09/20 13:21:08] - 17 	 548.3 	 	 0.1000 	 1.2042 	 0.5431 	 0.7688	 2289.7295 	 0.4027
[2022/09/20 13:31:17] - 18 	 548.3 	 	 0.1000 	 1.1953 	 0.5450 	 0.7637	 2311.6785 	 0.4129
[2022/09/20 13:41:27] - 19 	 548.2 	 	 0.1000 	 1.1857 	 0.5508 	 0.7461	 2312.1924 	 0.4090
[2022/09/20 13:51:36] - 20 	 548.3 	 	 0.1000 	 1.1711 	 0.5529 	 0.7746	 2321.7732 	 0.3910
[2022/09/20 14:01:45] - 21 	 548.4 	 	 0.1000 	 1.1615 	 0.5583 	 0.7781	 2323.7388 	 0.4125
[2022/09/20 14:11:54] - 22 	 548.4 	 	 0.1000 	 1.1517 	 0.5638 	 0.7891	 2332.8040 	 0.4148
[2022/09/20 14:22:04] - 23 	 548.3 	 	 0.1000 	 1.1458 	 0.5630 	 0.7910	 2326.3694 	 0.4074
[2022/09/20 14:32:13] - 24 	 548.3 	 	 0.1000 	 1.1404 	 0.5667 	 0.7816	 2340.2954 	 0.4102
[2022/09/20 14:42:22] - 25 	 548.2 	 	 0.1000 	 1.1333 	 0.5667 	 0.7777	 2333.8699 	 0.4215
[2022/09/20 14:52:31] - 26 	 548.2 	 	 0.1000 	 1.1294 	 0.5677 	 0.7840	 2350.3755 	 0.4266
[2022/09/20 15:02:41] - 27 	 548.3 	 	 0.1000 	 1.1184 	 0.5717 	 0.7746	 2350.9492 	 0.4281
[2022/09/20 15:12:50] - 28 	 548.3 	 	 0.1000 	 1.1096 	 0.5750 	 0.7930	 2350.1697 	 0.4254
[2022/09/20 15:23:00] - 29 	 548.4 	 	 0.1000 	 1.1037 	 0.5780 	 0.8254	 2356.2046 	 0.4086
[2022/09/20 15:33:09] - 30 	 548.4 	 	 0.1000 	 1.0973 	 0.5805 	 0.7867	 2352.1323 	 0.4289
[2022/09/20 15:43:18] - 31 	 548.3 	 	 0.1000 	 1.0975 	 0.5793 	 0.8105	 2369.5806 	 0.4527
[2022/09/20 15:53:28] - 32 	 548.2 	 	 0.1000 	 1.0923 	 0.5807 	 0.8066	 2370.7825 	 0.4168
[2022/09/20 16:03:37] - 33 	 548.1 	 	 0.1000 	 1.0829 	 0.5852 	 0.8148	 2364.8381 	 0.4395
[2022/09/20 16:13:46] - 34 	 548.5 	 	 0.1000 	 1.0841 	 0.5844 	 0.7918	 2368.3320 	 0.4031
[2022/09/20 16:23:55] - 35 	 548.4 	 	 0.1000 	 1.0813 	 0.5876 	 0.8031	 2367.4832 	 0.4355
[2022/09/20 16:34:05] - 36 	 548.4 	 	 0.1000 	 1.0729 	 0.5893 	 0.8023	 2384.4578 	 0.4371
[2022/09/20 16:44:14] - 37 	 548.6 	 	 0.1000 	 1.0698 	 0.5885 	 0.8035	 2379.0513 	 0.4191
[2022/09/20 16:54:24] - 38 	 548.6 	 	 0.1000 	 1.0660 	 0.5883 	 0.8063	 2378.6526 	 0.4246
[2022/09/20 17:04:33] - 39 	 548.5 	 	 0.1000 	 1.0652 	 0.5901 	 0.8156	 2390.3994 	 0.4215
[2022/09/20 17:14:42] - 40 	 548.4 	 	 0.1000 	 1.0548 	 0.5959 	 0.8086	 2376.9321 	 0.4285
[2022/09/20 17:24:52] - 41 	 548.7 	 	 0.1000 	 1.0529 	 0.5944 	 0.8141	 2389.9629 	 0.4367
[2022/09/20 17:35:01] - 42 	 548.6 	 	 0.1000 	 1.0536 	 0.5948 	 0.8160	 2384.5352 	 0.4570
[2022/09/20 17:45:11] - 43 	 548.6 	 	 0.1000 	 1.0523 	 0.5975 	 0.7945	 2379.1826 	 0.4391
[2022/09/20 17:55:21] - 44 	 548.7 	 	 0.1000 	 1.0523 	 0.5964 	 0.8023	 2390.1038 	 0.4234
[2022/09/20 18:05:30] - 45 	 548.5 	 	 0.1000 	 1.0449 	 0.5979 	 0.8109	 2385.5288 	 0.4336
[2022/09/20 18:15:40] - 46 	 548.5 	 	 0.1000 	 1.0449 	 0.5997 	 0.8063	 2398.6118 	 0.4223
[2022/09/20 18:25:49] - 47 	 548.5 	 	 0.1000 	 1.0384 	 0.5991 	 0.8020	 2379.0627 	 0.4328
[2022/09/20 18:35:58] - 48 	 548.1 	 	 0.1000 	 1.0404 	 0.5999 	 0.8203	 2390.9875 	 0.4297
[2022/09/20 18:46:07] - 49 	 548.2 	 	 0.0100 	 1.0314 	 0.6016 	 0.8090	 2397.8860 	 0.4141
[2022/09/20 18:56:16] - 50 	 548.2 	 	 0.0100 	 0.7705 	 0.7018 	 0.8695	 2015.0079 	 0.5113
[2022/09/20 19:06:25] - 51 	 548.3 	 	 0.0100 	 0.6712 	 0.7362 	 0.8836	 1961.0812 	 0.5074
[2022/09/20 19:16:35] - 52 	 548.3 	 	 0.0100 	 0.6267 	 0.7523 	 0.8840	 1917.2285 	 0.5066
[2022/09/20 19:26:44] - 53 	 548.3 	 	 0.0100 	 0.5873 	 0.7666 	 0.8809	 1870.2931 	 0.5129
[2022/09/20 19:36:53] - 54 	 548.2 	 	 0.0100 	 0.5563 	 0.7768 	 0.8812	 1829.2761 	 0.5066
[2022/09/20 19:47:02] - 55 	 548.3 	 	 0.0100 	 0.5265 	 0.7867 	 0.8844	 1800.0962 	 0.5012
[2022/09/20 19:57:11] - 56 	 548.2 	 	 0.0100 	 0.5059 	 0.7925 	 0.8805	 1797.0061 	 0.5039
[2022/09/20 20:07:20] - 57 	 548.2 	 	 0.0100 	 0.4810 	 0.8022 	 0.8863	 1747.0452 	 0.4820
[2022/09/20 20:17:29] - 58 	 548.2 	 	 0.0100 	 0.4601 	 0.8111 	 0.8793	 1717.5991 	 0.4902
[2022/09/20 20:27:38] - 59 	 548.2 	 	 0.0100 	 0.4411 	 0.8164 	 0.8793	 1692.7721 	 0.4879
[2022/09/20 20:37:47] - 60 	 548.2 	 	 0.0100 	 0.4289 	 0.8216 	 0.8816	 1695.9048 	 0.4754
[2022/09/20 20:47:56] - 61 	 548.2 	 	 0.0100 	 0.4172 	 0.8243 	 0.8828	 1691.8655 	 0.4797
[2022/09/20 20:58:05] - 62 	 548.3 	 	 0.0100 	 0.4018 	 0.8325 	 0.8859	 1662.3267 	 0.4789
[2022/09/20 21:08:14] - 63 	 548.1 	 	 0.0100 	 0.3976 	 0.8331 	 0.8770	 1675.0182 	 0.4684
[2022/09/20 21:18:23] - 64 	 548.2 	 	 0.0100 	 0.3893 	 0.8352 	 0.8793	 1682.9371 	 0.4770
[2022/09/20 21:28:32] - 65 	 548.3 	 	 0.0100 	 0.3798 	 0.8403 	 0.8820	 1667.9153 	 0.4742
[2022/09/20 21:38:41] - 66 	 548.3 	 	 0.0100 	 0.3728 	 0.8432 	 0.8762	 1661.4806 	 0.4652
[2022/09/20 21:48:50] - 67 	 548.3 	 	 0.0100 	 0.3655 	 0.8454 	 0.8770	 1668.5833 	 0.4629
[2022/09/20 21:58:59] - 68 	 548.2 	 	 0.0100 	 0.3591 	 0.8479 	 0.8801	 1653.1644 	 0.4770
[2022/09/20 22:09:08] - 69 	 548.2 	 	 0.0100 	 0.3529 	 0.8495 	 0.8734	 1658.8207 	 0.4727
[2022/09/20 22:19:17] - 70 	 548.2 	 	 0.0100 	 0.3445 	 0.8555 	 0.8770	 1648.4080 	 0.4664
[2022/09/20 22:29:26] - 71 	 548.2 	 	 0.0100 	 0.3362 	 0.8581 	 0.8738	 1617.2063 	 0.4590
[2022/09/20 22:39:35] - 72 	 548.2 	 	 0.0100 	 0.3348 	 0.8595 	 0.8707	 1643.7968 	 0.4527
[2022/09/20 22:49:44] - 73 	 548.1 	 	 0.0100 	 0.3265 	 0.8613 	 0.8742	 1638.2063 	 0.4578
[2022/09/20 22:59:53] - 74 	 548.1 	 	 0.0010 	 0.3283 	 0.8603 	 0.8703	 1648.7909 	 0.4473
[2022/09/20 23:10:00] - 75 	 545.9 	 	 0.0010 	 0.1978 	 0.9234 	 0.8891	 1025.5394 	 0.4813
[2022/09/20 23:20:08] - 76 	 547.5 	 	 0.0010 	 0.1460 	 0.9436 	 0.8895	 795.1464 	 0.4738
[2022/09/20 23:30:16] - 77 	 547.7 	 	 0.0010 	 0.1268 	 0.9504 	 0.8805	 710.1343 	 0.4711
[2022/09/20 23:40:25] - 78 	 547.7 	 	 0.0010 	 0.1137 	 0.9556 	 0.8781	 643.8588 	 0.4707
[2022/09/20 23:50:33] - 79 	 547.7 	 	 0.0010 	 0.1036 	 0.9593 	 0.8801	 593.8185 	 0.4789
[2022/09/21 00:00:42] - 80 	 547.7 	 	 0.0010 	 0.0962 	 0.9626 	 0.8805	 564.8277 	 0.4797
[2022/09/21 00:10:50] - 81 	 547.7 	 	 0.0010 	 0.0879 	 0.9666 	 0.8848	 517.2363 	 0.4805
[2022/09/21 00:20:59] - 82 	 547.7 	 	 0.0010 	 0.0823 	 0.9679 	 0.8820	 492.6239 	 0.4758
[2022/09/21 00:31:07] - 83 	 547.7 	 	 0.0010 	 0.0763 	 0.9704 	 0.8816	 461.0419 	 0.4715
[2022/09/21 00:41:15] - 84 	 547.7 	 	 0.0010 	 0.0712 	 0.9730 	 0.8848	 434.4801 	 0.4742
[2022/09/21 00:51:24] - 85 	 547.6 	 	 0.0010 	 0.0689 	 0.9745 	 0.8820	 421.8688 	 0.4742
[2022/09/21 01:01:32] - 86 	 547.6 	 	 0.0010 	 0.0638 	 0.9761 	 0.8793	 401.4109 	 0.4770
[2022/09/21 01:11:41] - 87 	 547.9 	 	 0.0010 	 0.0612 	 0.9770 	 0.8844	 384.8716 	 0.4844
[2022/09/21 01:21:50] - 88 	 548.0 	 	 0.0010 	 0.0570 	 0.9784 	 0.8828	 363.3304 	 0.4723
[2022/09/21 01:31:58] - 89 	 548.0 	 	 0.0010 	 0.0541 	 0.9798 	 0.8758	 343.9395 	 0.4676
[2022/09/21 01:42:07] - 90 	 548.2 	 	 0.0010 	 0.0532 	 0.9805 	 0.8766	 347.6027 	 0.4711
[2022/09/21 01:52:16] - 91 	 548.2 	 	 0.0010 	 0.0505 	 0.9810 	 0.8793	 328.7268 	 0.4719
[2022/09/21 02:02:25] - 92 	 548.1 	 	 0.0010 	 0.0491 	 0.9821 	 0.8797	 318.6771 	 0.4746
[2022/09/21 02:12:34] - 93 	 548.2 	 	 0.0010 	 0.0469 	 0.9833 	 0.8832	 306.3897 	 0.4738
[2022/09/21 02:22:43] - 94 	 548.0 	 	 0.0010 	 0.0452 	 0.9841 	 0.8812	 299.8252 	 0.4762
[2022/09/21 02:32:52] - 95 	 548.0 	 	 0.0010 	 0.0432 	 0.9841 	 0.8812	 286.5407 	 0.4762
[2022/09/21 02:43:00] - 96 	 547.7 	 	 0.0010 	 0.0418 	 0.9848 	 0.8840	 279.7717 	 0.4770
[2022/09/21 02:53:09] - 97 	 548.0 	 	 0.0010 	 0.0414 	 0.9852 	 0.8840	 277.9685 	 0.4738
[2022/09/21 03:03:18] - 98 	 547.9 	 	 0.0010 	 0.0385 	 0.9867 	 0.8812	 258.1452 	 0.4727
[2022/09/21 03:13:27] - 99 	 547.9 	 	 0.0010 	 0.0364 	 0.9874 	 0.8773	 245.4735 	 0.4797
[2022/09/21 03:13:27] - Total train time: 890.0406 minutes
[2022/09/21 03:13:27] - Best checkpoint at 53, 0.512890625
