initial accuracy: 80.50%
apgd-ce - 1/1 - 55 out of 161 successfully perturbed
robust accuracy after APGD-CE: 53.00% (total time 8.0 s)
apgd-t - 1/1 - 15 out of 106 successfully perturbed
robust accuracy after APGD-T: 45.50% (total time 51.5 s)
fab-t - 1/1 - 0 out of 91 successfully perturbed
robust accuracy after FAB-T: 45.50% (total time 106.2 s)
square - 1/1 - 0 out of 91 successfully perturbed
robust accuracy after SQUARE: 45.50% (total time 156.2 s)
max Linf perturbation: 0.03137, nan in tensor: 0, max: 1.00000, min: 0.00000
robust accuracy: 45.50%
initial accuracy: 80.50%
apgd-ce - 1/1 - 56 out of 161 successfully perturbed
robust accuracy after APGD-CE: 52.50% (total time 8.0 s)
apgd-t - 1/1 - 19 out of 105 successfully perturbed
robust accuracy after APGD-T: 43.00% (total time 50.0 s)
fab-t - 1/1 - 0 out of 86 successfully perturbed
robust accuracy after FAB-T: 43.00% (total time 102.9 s)
square - 1/1 - 0 out of 86 successfully perturbed
robust accuracy after SQUARE: 43.00% (total time 152.1 s)
max Linf perturbation: 0.03137, nan in tensor: 0, max: 1.00000, min: 0.00000
robust accuracy: 43.00%
initial accuracy: 77.50%
apgd-ce - 1/1 - 44 out of 155 successfully perturbed
robust accuracy after APGD-CE: 55.50% (total time 7.6 s)
apgd-t - 1/1 - 11 out of 111 successfully perturbed
robust accuracy after APGD-T: 50.00% (total time 55.8 s)
fab-t - 1/1 - 0 out of 100 successfully perturbed
robust accuracy after FAB-T: 50.00% (total time 116.7 s)
square - 1/1 - 0 out of 100 successfully perturbed
robust accuracy after SQUARE: 50.00% (total time 172.0 s)
max Linf perturbation: 0.03137, nan in tensor: 0, max: 1.00000, min: 0.00000
robust accuracy: 50.00%
initial accuracy: 75.50%
apgd-ce - 1/1 - 51 out of 151 successfully perturbed
robust accuracy after APGD-CE: 50.00% (total time 7.5 s)
apgd-t - 1/1 - 15 out of 100 successfully perturbed
robust accuracy after APGD-T: 42.50% (total time 49.2 s)
fab-t - 1/1 - 0 out of 85 successfully perturbed
robust accuracy after FAB-T: 42.50% (total time 102.0 s)
square - 1/1 - 0 out of 85 successfully perturbed
robust accuracy after SQUARE: 42.50% (total time 151.0 s)
max Linf perturbation: 0.03137, nan in tensor: 0, max: 1.00000, min: 0.00000
robust accuracy: 42.50%
initial accuracy: 80.50%
apgd-ce - 1/1 - 33 out of 161 successfully perturbed
robust accuracy after APGD-CE: 64.00% (total time 8.0 s)
apgd-t - 1/1 - 20 out of 128 successfully perturbed
robust accuracy after APGD-T: 54.00% (total time 59.1 s)
fab-t - 1/1 - 0 out of 108 successfully perturbed
robust accuracy after FAB-T: 54.00% (total time 122.9 s)
square - 1/1 - 0 out of 108 successfully perturbed
robust accuracy after SQUARE: 54.00% (total time 180.0 s)
max Linf perturbation: 0.03137, nan in tensor: 0, max: 1.00000, min: 0.00000
robust accuracy: 54.00%
initial accuracy: 80.50%
apgd-ce - 1/1 - 46 out of 161 successfully perturbed
robust accuracy after APGD-CE: 57.50% (total time 8.0 s)
apgd-t - 1/1 - 17 out of 115 successfully perturbed
robust accuracy after APGD-T: 49.00% (total time 56.6 s)
fab-t - 1/1 - 0 out of 98 successfully perturbed
robust accuracy after FAB-T: 49.00% (total time 117.1 s)
square - 1/1 - 0 out of 98 successfully perturbed
robust accuracy after SQUARE: 49.00% (total time 172.1 s)
max Linf perturbation: 0.03137, nan in tensor: 0, max: 1.00000, min: 0.00000
robust accuracy: 49.00%
initial accuracy: 72.00%
apgd-ce - 1/1 - 38 out of 144 successfully perturbed
robust accuracy after APGD-CE: 53.00% (total time 7.1 s)
apgd-t - 1/1 - 12 out of 106 successfully perturbed
robust accuracy after APGD-T: 47.00% (total time 51.1 s)
fab-t - 1/1 - 1 out of 94 successfully perturbed
robust accuracy after FAB-T: 46.50% (total time 106.5 s)
square - 1/1 - 0 out of 93 successfully perturbed
robust accuracy after SQUARE: 46.50% (total time 156.8 s)
max Linf perturbation: 0.03137, nan in tensor: 0, max: 1.00000, min: 0.00000
robust accuracy: 46.50%
initial accuracy: 78.00%
apgd-ce - 1/1 - 37 out of 156 successfully perturbed
robust accuracy after APGD-CE: 59.50% (total time 7.6 s)
apgd-t - 1/1 - 23 out of 119 successfully perturbed
robust accuracy after APGD-T: 48.00% (total time 53.2 s)
fab-t - 1/1 - 0 out of 96 successfully perturbed
robust accuracy after FAB-T: 48.00% (total time 109.0 s)
square - 1/1 - 0 out of 96 successfully perturbed
robust accuracy after SQUARE: 48.00% (total time 159.9 s)
max Linf perturbation: 0.03137, nan in tensor: 0, max: 1.00000, min: 0.00000
robust accuracy: 48.00%
initial accuracy: 74.50%
apgd-ce - 1/1 - 37 out of 149 successfully perturbed
robust accuracy after APGD-CE: 56.00% (total time 7.4 s)
apgd-t - 1/1 - 18 out of 112 successfully perturbed
robust accuracy after APGD-T: 47.00% (total time 52.0 s)
fab-t - 1/1 - 0 out of 94 successfully perturbed
robust accuracy after FAB-T: 47.00% (total time 107.4 s)
square - 1/1 - 0 out of 94 successfully perturbed
robust accuracy after SQUARE: 47.00% (total time 157.9 s)
max Linf perturbation: 0.03137, nan in tensor: 0, max: 1.00000, min: 0.00000
robust accuracy: 47.00%
initial accuracy: 75.50%
apgd-ce - 1/1 - 43 out of 151 successfully perturbed
robust accuracy after APGD-CE: 54.00% (total time 7.5 s)
apgd-t - 1/1 - 11 out of 108 successfully perturbed
robust accuracy after APGD-T: 48.50% (total time 55.1 s)
fab-t - 1/1 - 0 out of 97 successfully perturbed
robust accuracy after FAB-T: 48.50% (total time 115.4 s)
square - 1/1 - 0 out of 97 successfully perturbed
robust accuracy after SQUARE: 48.50% (total time 170.3 s)
max Linf perturbation: 0.03137, nan in tensor: 0, max: 1.00000, min: 0.00000
robust accuracy: 48.50%
initial accuracy: 77.50%
apgd-ce - 1/1 - 51 out of 155 successfully perturbed
robust accuracy after APGD-CE: 52.00% (total time 7.6 s)
apgd-t - 1/1 - 15 out of 104 successfully perturbed
robust accuracy after APGD-T: 44.50% (total time 50.4 s)
fab-t - 1/1 - 0 out of 89 successfully perturbed
robust accuracy after FAB-T: 44.50% (total time 104.5 s)
square - 1/1 - 0 out of 89 successfully perturbed
robust accuracy after SQUARE: 44.50% (total time 154.2 s)
max Linf perturbation: 0.03137, nan in tensor: 0, max: 1.00000, min: 0.00000
robust accuracy: 44.50%
initial accuracy: 78.50%
apgd-ce - 1/1 - 38 out of 157 successfully perturbed
robust accuracy after APGD-CE: 59.50% (total time 7.7 s)
apgd-t - 1/1 - 20 out of 119 successfully perturbed
robust accuracy after APGD-T: 49.50% (total time 56.2 s)
fab-t - 1/1 - 0 out of 99 successfully perturbed
robust accuracy after FAB-T: 49.50% (total time 117.2 s)
square - 1/1 - 0 out of 99 successfully perturbed
robust accuracy after SQUARE: 49.50% (total time 172.3 s)
max Linf perturbation: 0.03137, nan in tensor: 0, max: 1.00000, min: 0.00000
robust accuracy: 49.50%
initial accuracy: 74.50%
apgd-ce - 1/1 - 54 out of 149 successfully perturbed
robust accuracy after APGD-CE: 47.50% (total time 7.4 s)
apgd-t - 1/1 - 18 out of 95 successfully perturbed
robust accuracy after APGD-T: 38.50% (total time 46.3 s)
fab-t - 1/1 - 0 out of 77 successfully perturbed
robust accuracy after FAB-T: 38.50% (total time 95.3 s)
square - 1/1 - 0 out of 77 successfully perturbed
robust accuracy after SQUARE: 38.50% (total time 140.3 s)
max Linf perturbation: 0.03137, nan in tensor: 0, max: 1.00000, min: 0.00000
robust accuracy: 38.50%
initial accuracy: 82.50%
apgd-ce - 1/1 - 47 out of 165 successfully perturbed
robust accuracy after APGD-CE: 59.00% (total time 8.1 s)
apgd-t - 1/1 - 17 out of 118 successfully perturbed
robust accuracy after APGD-T: 50.50% (total time 57.2 s)
fab-t - 1/1 - 0 out of 101 successfully perturbed
robust accuracy after FAB-T: 50.50% (total time 118.6 s)
square - 1/1 - 0 out of 101 successfully perturbed
robust accuracy after SQUARE: 50.50% (total time 174.0 s)
max Linf perturbation: 0.03137, nan in tensor: 0, max: 1.00000, min: 0.00000
robust accuracy: 50.50%
initial accuracy: 83.50%
apgd-ce - 1/1 - 54 out of 167 successfully perturbed
robust accuracy after APGD-CE: 56.50% (total time 8.2 s)
apgd-t - 1/1 - 22 out of 113 successfully perturbed
robust accuracy after APGD-T: 45.50% (total time 52.5 s)
fab-t - 1/1 - 0 out of 91 successfully perturbed
robust accuracy after FAB-T: 45.50% (total time 107.2 s)
square - 1/1 - 0 out of 91 successfully perturbed
robust accuracy after SQUARE: 45.50% (total time 157.3 s)
max Linf perturbation: 0.03137, nan in tensor: 0, max: 1.00000, min: 0.00000
robust accuracy: 45.50%
initial accuracy: 74.00%
apgd-ce - 1/1 - 41 out of 148 successfully perturbed
robust accuracy after APGD-CE: 53.50% (total time 7.3 s)
apgd-t - 1/1 - 8 out of 107 successfully perturbed
robust accuracy after APGD-T: 49.50% (total time 55.4 s)
fab-t - 1/1 - 0 out of 99 successfully perturbed
robust accuracy after FAB-T: 49.50% (total time 116.3 s)
square - 1/1 - 0 out of 99 successfully perturbed
robust accuracy after SQUARE: 49.50% (total time 171.5 s)
max Linf perturbation: 0.03137, nan in tensor: 0, max: 1.00000, min: 0.00000
robust accuracy: 49.50%
initial accuracy: 76.00%
apgd-ce - 1/1 - 42 out of 152 successfully perturbed
robust accuracy after APGD-CE: 55.00% (total time 7.4 s)
apgd-t - 1/1 - 16 out of 110 successfully perturbed
robust accuracy after APGD-T: 47.00% (total time 51.7 s)
fab-t - 1/1 - 0 out of 94 successfully perturbed
robust accuracy after FAB-T: 47.00% (total time 107.3 s)
square - 1/1 - 0 out of 94 successfully perturbed
robust accuracy after SQUARE: 47.00% (total time 157.7 s)
max Linf perturbation: 0.03137, nan in tensor: 0, max: 1.00000, min: 0.00000
robust accuracy: 47.00%
initial accuracy: 74.50%
apgd-ce - 1/1 - 40 out of 149 successfully perturbed
robust accuracy after APGD-CE: 54.50% (total time 7.4 s)
apgd-t - 1/1 - 16 out of 109 successfully perturbed
robust accuracy after APGD-T: 46.50% (total time 51.3 s)
fab-t - 1/1 - 0 out of 93 successfully perturbed
robust accuracy after FAB-T: 46.50% (total time 106.6 s)
square - 1/1 - 0 out of 93 successfully perturbed
robust accuracy after SQUARE: 46.50% (total time 157.0 s)
max Linf perturbation: 0.03137, nan in tensor: 0, max: 1.00000, min: 0.00000
robust accuracy: 46.50%
initial accuracy: 77.50%
apgd-ce - 1/1 - 45 out of 155 successfully perturbed
robust accuracy after APGD-CE: 55.00% (total time 7.6 s)
apgd-t - 1/1 - 15 out of 110 successfully perturbed
robust accuracy after APGD-T: 47.50% (total time 52.9 s)
fab-t - 1/1 - 0 out of 95 successfully perturbed
robust accuracy after FAB-T: 47.50% (total time 108.8 s)
square - 1/1 - 0 out of 95 successfully perturbed
robust accuracy after SQUARE: 47.50% (total time 159.4 s)
max Linf perturbation: 0.03137, nan in tensor: 0, max: 1.00000, min: 0.00000
robust accuracy: 47.50%
initial accuracy: 80.00%
apgd-ce - 1/1 - 60 out of 160 successfully perturbed
robust accuracy after APGD-CE: 50.00% (total time 7.7 s)
apgd-t - 1/1 - 9 out of 100 successfully perturbed
robust accuracy after APGD-T: 45.50% (total time 50.7 s)
fab-t - 1/1 - 0 out of 91 successfully perturbed
robust accuracy after FAB-T: 45.50% (total time 105.6 s)
square - 1/1 - 0 out of 91 successfully perturbed
robust accuracy after SQUARE: 45.50% (total time 155.6 s)
max Linf perturbation: 0.03137, nan in tensor: 0, max: 1.00000, min: 0.00000
robust accuracy: 45.50%
initial accuracy: 77.50%
apgd-ce - 1/1 - 43 out of 155 successfully perturbed
robust accuracy after APGD-CE: 56.00% (total time 7.6 s)
apgd-t - 1/1 - 17 out of 112 successfully perturbed
robust accuracy after APGD-T: 47.50% (total time 52.9 s)
fab-t - 1/1 - 0 out of 95 successfully perturbed
robust accuracy after FAB-T: 47.50% (total time 108.8 s)
square - 1/1 - 0 out of 95 successfully perturbed
robust accuracy after SQUARE: 47.50% (total time 159.4 s)
max Linf perturbation: 0.03137, nan in tensor: 0, max: 1.00000, min: 0.00000
robust accuracy: 47.50%
initial accuracy: 82.00%
apgd-ce - 1/1 - 45 out of 164 successfully perturbed
robust accuracy after APGD-CE: 59.50% (total time 8.1 s)
apgd-t - 1/1 - 21 out of 119 successfully perturbed
robust accuracy after APGD-T: 49.00% (total time 56.5 s)
fab-t - 1/1 - 0 out of 98 successfully perturbed
robust accuracy after FAB-T: 49.00% (total time 117.0 s)
square - 1/1 - 0 out of 98 successfully perturbed
robust accuracy after SQUARE: 49.00% (total time 172.0 s)
max Linf perturbation: 0.03137, nan in tensor: 0, max: 1.00000, min: 0.00000
robust accuracy: 49.00%
initial accuracy: 77.00%
apgd-ce - 1/1 - 39 out of 154 successfully perturbed
robust accuracy after APGD-CE: 57.50% (total time 7.6 s)
apgd-t - 1/1 - 20 out of 115 successfully perturbed
robust accuracy after APGD-T: 47.50% (total time 54.0 s)
fab-t - 1/1 - 0 out of 95 successfully perturbed
robust accuracy after FAB-T: 47.50% (total time 109.9 s)
square - 1/1 - 0 out of 95 successfully perturbed
robust accuracy after SQUARE: 47.50% (total time 160.6 s)
max Linf perturbation: 0.03137, nan in tensor: 0, max: 1.00000, min: 0.00000
robust accuracy: 47.50%
initial accuracy: 76.00%
apgd-ce - 1/1 - 40 out of 152 successfully perturbed
robust accuracy after APGD-CE: 56.00% (total time 7.4 s)
apgd-t - 1/1 - 19 out of 112 successfully perturbed
robust accuracy after APGD-T: 46.50% (total time 51.9 s)
fab-t - 1/1 - 0 out of 93 successfully perturbed
robust accuracy after FAB-T: 46.50% (total time 107.2 s)
square - 1/1 - 0 out of 93 successfully perturbed
robust accuracy after SQUARE: 46.50% (total time 157.6 s)
max Linf perturbation: 0.03137, nan in tensor: 0, max: 1.00000, min: 0.00000
robust accuracy: 46.50%
initial accuracy: 79.00%
apgd-ce - 1/1 - 49 out of 158 successfully perturbed
robust accuracy after APGD-CE: 54.50% (total time 7.7 s)
apgd-t - 1/1 - 20 out of 109 successfully perturbed
robust accuracy after APGD-T: 44.50% (total time 50.6 s)
fab-t - 1/1 - 0 out of 89 successfully perturbed
robust accuracy after FAB-T: 44.50% (total time 104.8 s)
square - 1/1 - 0 out of 89 successfully perturbed
robust accuracy after SQUARE: 44.50% (total time 154.5 s)
max Linf perturbation: 0.03137, nan in tensor: 0, max: 1.00000, min: 0.00000
robust accuracy: 44.50%
initial accuracy: 78.50%
apgd-ce - 1/1 - 52 out of 157 successfully perturbed
robust accuracy after APGD-CE: 52.50% (total time 7.7 s)
apgd-t - 1/1 - 15 out of 105 successfully perturbed
robust accuracy after APGD-T: 45.00% (total time 50.6 s)
fab-t - 1/1 - 0 out of 90 successfully perturbed
robust accuracy after FAB-T: 45.00% (total time 105.1 s)
square - 1/1 - 0 out of 90 successfully perturbed
robust accuracy after SQUARE: 45.00% (total time 155.0 s)
max Linf perturbation: 0.03137, nan in tensor: 0, max: 1.00000, min: 0.00000
robust accuracy: 45.00%
initial accuracy: 80.00%
apgd-ce - 1/1 - 49 out of 160 successfully perturbed
robust accuracy after APGD-CE: 55.50% (total time 7.7 s)
apgd-t - 1/1 - 17 out of 111 successfully perturbed
robust accuracy after APGD-T: 47.00% (total time 52.5 s)
fab-t - 1/1 - 0 out of 94 successfully perturbed
robust accuracy after FAB-T: 47.00% (total time 108.0 s)
square - 1/1 - 0 out of 94 successfully perturbed
robust accuracy after SQUARE: 47.00% (total time 158.5 s)
max Linf perturbation: 0.03137, nan in tensor: 0, max: 1.00000, min: 0.00000
robust accuracy: 47.00%
initial accuracy: 76.50%
apgd-ce - 1/1 - 50 out of 153 successfully perturbed
robust accuracy after APGD-CE: 51.50% (total time 7.5 s)
apgd-t - 1/1 - 8 out of 103 successfully perturbed
robust accuracy after APGD-T: 47.50% (total time 52.1 s)
fab-t - 1/1 - 0 out of 95 successfully perturbed
robust accuracy after FAB-T: 47.50% (total time 108.0 s)
square - 1/1 - 0 out of 95 successfully perturbed
robust accuracy after SQUARE: 47.50% (total time 158.6 s)
max Linf perturbation: 0.03137, nan in tensor: 0, max: 1.00000, min: 0.00000
robust accuracy: 47.50%
initial accuracy: 81.50%
apgd-ce - 1/1 - 42 out of 163 successfully perturbed
robust accuracy after APGD-CE: 60.50% (total time 8.1 s)
apgd-t - 1/1 - 16 out of 121 successfully perturbed
robust accuracy after APGD-T: 52.50% (total time 58.3 s)
fab-t - 1/1 - 0 out of 105 successfully perturbed
robust accuracy after FAB-T: 52.50% (total time 121.4 s)
square - 1/1 - 0 out of 105 successfully perturbed
robust accuracy after SQUARE: 52.50% (total time 178.1 s)
max Linf perturbation: 0.03137, nan in tensor: 0, max: 1.00000, min: 0.00000
robust accuracy: 52.50%
initial accuracy: 74.50%
apgd-ce - 1/1 - 46 out of 149 successfully perturbed
robust accuracy after APGD-CE: 51.50% (total time 7.4 s)
apgd-t - 1/1 - 16 out of 103 successfully perturbed
robust accuracy after APGD-T: 43.50% (total time 49.6 s)
fab-t - 1/1 - 0 out of 87 successfully perturbed
robust accuracy after FAB-T: 43.50% (total time 102.9 s)
square - 1/1 - 0 out of 87 successfully perturbed
robust accuracy after SQUARE: 43.50% (total time 152.3 s)
max Linf perturbation: 0.03137, nan in tensor: 0, max: 1.00000, min: 0.00000
robust accuracy: 43.50%
initial accuracy: 72.50%
apgd-ce - 1/1 - 43 out of 145 successfully perturbed
robust accuracy after APGD-CE: 51.00% (total time 7.3 s)
apgd-t - 1/1 - 11 out of 102 successfully perturbed
robust accuracy after APGD-T: 45.50% (total time 50.5 s)
fab-t - 1/1 - 0 out of 91 successfully perturbed
robust accuracy after FAB-T: 45.50% (total time 105.2 s)
square - 1/1 - 0 out of 91 successfully perturbed
robust accuracy after SQUARE: 45.50% (total time 155.2 s)
max Linf perturbation: 0.03137, nan in tensor: 0, max: 1.00000, min: 0.00000
robust accuracy: 45.50%
initial accuracy: 83.50%
apgd-ce - 1/1 - 41 out of 167 successfully perturbed
robust accuracy after APGD-CE: 63.00% (total time 8.2 s)
apgd-t - 1/1 - 19 out of 126 successfully perturbed
robust accuracy after APGD-T: 53.50% (total time 59.3 s)
fab-t - 1/1 - 0 out of 107 successfully perturbed
robust accuracy after FAB-T: 53.50% (total time 123.1 s)
square - 1/1 - 0 out of 107 successfully perturbed
robust accuracy after SQUARE: 53.50% (total time 180.1 s)
max Linf perturbation: 0.03137, nan in tensor: 0, max: 1.00000, min: 0.00000
robust accuracy: 53.50%
initial accuracy: 81.00%
apgd-ce - 1/1 - 54 out of 162 successfully perturbed
robust accuracy after APGD-CE: 54.00% (total time 8.0 s)
apgd-t - 1/1 - 13 out of 108 successfully perturbed
robust accuracy after APGD-T: 47.50% (total time 52.8 s)
fab-t - 1/1 - 0 out of 95 successfully perturbed
robust accuracy after FAB-T: 47.50% (total time 108.7 s)
square - 1/1 - 0 out of 95 successfully perturbed
robust accuracy after SQUARE: 47.50% (total time 159.4 s)
max Linf perturbation: 0.03137, nan in tensor: 0, max: 1.00000, min: 0.00000
robust accuracy: 47.50%
initial accuracy: 78.50%
apgd-ce - 1/1 - 45 out of 157 successfully perturbed
robust accuracy after APGD-CE: 56.00% (total time 7.7 s)
apgd-t - 1/1 - 13 out of 112 successfully perturbed
robust accuracy after APGD-T: 49.50% (total time 55.9 s)
fab-t - 1/1 - 0 out of 99 successfully perturbed
robust accuracy after FAB-T: 49.50% (total time 116.8 s)
square - 1/1 - 0 out of 99 successfully perturbed
robust accuracy after SQUARE: 49.50% (total time 172.0 s)
max Linf perturbation: 0.03137, nan in tensor: 0, max: 1.00000, min: 0.00000
robust accuracy: 49.50%
initial accuracy: 78.50%
apgd-ce - 1/1 - 56 out of 157 successfully perturbed
robust accuracy after APGD-CE: 50.50% (total time 7.7 s)
apgd-t - 1/1 - 15 out of 101 successfully perturbed
robust accuracy after APGD-T: 43.00% (total time 49.4 s)
fab-t - 1/1 - 0 out of 86 successfully perturbed
robust accuracy after FAB-T: 43.00% (total time 102.6 s)
square - 1/1 - 0 out of 86 successfully perturbed
robust accuracy after SQUARE: 43.00% (total time 151.8 s)
max Linf perturbation: 0.03137, nan in tensor: 0, max: 1.00000, min: 0.00000
robust accuracy: 43.00%
initial accuracy: 77.00%
apgd-ce - 1/1 - 40 out of 154 successfully perturbed
robust accuracy after APGD-CE: 57.00% (total time 7.6 s)
apgd-t - 1/1 - 15 out of 114 successfully perturbed
robust accuracy after APGD-T: 49.50% (total time 56.0 s)
fab-t - 1/1 - 0 out of 99 successfully perturbed
robust accuracy after FAB-T: 49.50% (total time 116.9 s)
square - 1/1 - 0 out of 99 successfully perturbed
robust accuracy after SQUARE: 49.50% (total time 172.1 s)
max Linf perturbation: 0.03137, nan in tensor: 0, max: 1.00000, min: 0.00000
robust accuracy: 49.50%
initial accuracy: 78.50%
apgd-ce - 1/1 - 56 out of 157 successfully perturbed
robust accuracy after APGD-CE: 50.50% (total time 7.7 s)
apgd-t - 1/1 - 13 out of 101 successfully perturbed
robust accuracy after APGD-T: 44.00% (total time 49.6 s)
fab-t - 1/1 - 0 out of 88 successfully perturbed
robust accuracy after FAB-T: 44.00% (total time 103.0 s)
square - 1/1 - 0 out of 88 successfully perturbed
robust accuracy after SQUARE: 44.00% (total time 152.5 s)
max Linf perturbation: 0.03137, nan in tensor: 0, max: 1.00000, min: 0.00000
robust accuracy: 44.00%
initial accuracy: 75.00%
apgd-ce - 1/1 - 41 out of 150 successfully perturbed
robust accuracy after APGD-CE: 54.50% (total time 7.4 s)
apgd-t - 1/1 - 12 out of 109 successfully perturbed
robust accuracy after APGD-T: 48.50% (total time 55.2 s)
fab-t - 1/1 - 0 out of 97 successfully perturbed
robust accuracy after FAB-T: 48.50% (total time 115.5 s)
square - 1/1 - 0 out of 97 successfully perturbed
robust accuracy after SQUARE: 48.50% (total time 170.3 s)
max Linf perturbation: 0.03137, nan in tensor: 0, max: 1.00000, min: 0.00000
robust accuracy: 48.50%
initial accuracy: 75.50%
apgd-ce - 1/1 - 39 out of 151 successfully perturbed
robust accuracy after APGD-CE: 56.00% (total time 7.5 s)
apgd-t - 1/1 - 17 out of 112 successfully perturbed
robust accuracy after APGD-T: 47.50% (total time 53.2 s)
fab-t - 1/1 - 0 out of 95 successfully perturbed
robust accuracy after FAB-T: 47.50% (total time 109.1 s)
square - 1/1 - 0 out of 95 successfully perturbed
robust accuracy after SQUARE: 47.50% (total time 159.9 s)
max Linf perturbation: 0.03137, nan in tensor: 0, max: 1.00000, min: 0.00000
robust accuracy: 47.50%
initial accuracy: 74.00%
apgd-ce - 1/1 - 40 out of 148 successfully perturbed
robust accuracy after APGD-CE: 54.00% (total time 7.3 s)
apgd-t - 1/1 - 6 out of 108 successfully perturbed
robust accuracy after APGD-T: 51.00% (total time 56.2 s)
fab-t - 1/1 - 0 out of 102 successfully perturbed
robust accuracy after FAB-T: 51.00% (total time 118.0 s)
square - 1/1 - 0 out of 102 successfully perturbed
robust accuracy after SQUARE: 51.00% (total time 173.7 s)
max Linf perturbation: 0.03137, nan in tensor: 0, max: 1.00000, min: 0.00000
robust accuracy: 51.00%
initial accuracy: 81.00%
apgd-ce - 1/1 - 58 out of 162 successfully perturbed
robust accuracy after APGD-CE: 52.00% (total time 8.0 s)
apgd-t - 1/1 - 11 out of 104 successfully perturbed
robust accuracy after APGD-T: 46.50% (total time 51.5 s)
fab-t - 1/1 - 0 out of 93 successfully perturbed
robust accuracy after FAB-T: 46.50% (total time 106.8 s)
square - 1/1 - 0 out of 93 successfully perturbed
robust accuracy after SQUARE: 46.50% (total time 157.0 s)
max Linf perturbation: 0.03137, nan in tensor: 0, max: 1.00000, min: 0.00000
robust accuracy: 46.50%
initial accuracy: 73.50%
apgd-ce - 1/1 - 51 out of 147 successfully perturbed
robust accuracy after APGD-CE: 48.00% (total time 7.3 s)
apgd-t - 1/1 - 12 out of 96 successfully perturbed
robust accuracy after APGD-T: 42.00% (total time 48.1 s)
fab-t - 1/1 - 0 out of 84 successfully perturbed
robust accuracy after FAB-T: 42.00% (total time 100.7 s)
square - 1/1 - 0 out of 84 successfully perturbed
robust accuracy after SQUARE: 42.00% (total time 149.4 s)
max Linf perturbation: 0.03137, nan in tensor: 0, max: 1.00000, min: 0.00000
robust accuracy: 42.00%
initial accuracy: 81.50%
apgd-ce - 1/1 - 49 out of 163 successfully perturbed
robust accuracy after APGD-CE: 57.00% (total time 8.0 s)
apgd-t - 1/1 - 17 out of 114 successfully perturbed
robust accuracy after APGD-T: 48.50% (total time 56.0 s)
fab-t - 1/1 - 0 out of 97 successfully perturbed
robust accuracy after FAB-T: 48.50% (total time 116.0 s)
square - 1/1 - 0 out of 97 successfully perturbed
robust accuracy after SQUARE: 48.50% (total time 170.7 s)
max Linf perturbation: 0.03137, nan in tensor: 0, max: 1.00000, min: 0.00000
robust accuracy: 48.50%
initial accuracy: 78.50%
apgd-ce - 1/1 - 54 out of 157 successfully perturbed
robust accuracy after APGD-CE: 51.50% (total time 7.6 s)
apgd-t - 1/1 - 18 out of 103 successfully perturbed
robust accuracy after APGD-T: 42.50% (total time 49.1 s)
fab-t - 1/1 - 0 out of 85 successfully perturbed
robust accuracy after FAB-T: 42.50% (total time 101.9 s)
square - 1/1 - 0 out of 85 successfully perturbed
robust accuracy after SQUARE: 42.50% (total time 150.9 s)
max Linf perturbation: 0.03137, nan in tensor: 0, max: 1.00000, min: 0.00000
robust accuracy: 42.50%
initial accuracy: 81.50%
apgd-ce - 1/1 - 42 out of 163 successfully perturbed
robust accuracy after APGD-CE: 60.50% (total time 8.0 s)
apgd-t - 1/1 - 15 out of 121 successfully perturbed
robust accuracy after APGD-T: 53.00% (total time 58.6 s)
fab-t - 1/1 - 0 out of 106 successfully perturbed
robust accuracy after FAB-T: 53.00% (total time 121.8 s)
square - 1/1 - 0 out of 106 successfully perturbed
robust accuracy after SQUARE: 53.00% (total time 178.5 s)
max Linf perturbation: 0.03137, nan in tensor: 0, max: 1.00000, min: 0.00000
robust accuracy: 53.00%
initial accuracy: 84.50%
apgd-ce - 1/1 - 49 out of 169 successfully perturbed
robust accuracy after APGD-CE: 60.00% (total time 8.2 s)
apgd-t - 1/1 - 18 out of 120 successfully perturbed
robust accuracy after APGD-T: 51.00% (total time 57.3 s)
fab-t - 1/1 - 0 out of 102 successfully perturbed
robust accuracy after FAB-T: 51.00% (total time 118.9 s)
square - 1/1 - 0 out of 102 successfully perturbed
robust accuracy after SQUARE: 51.00% (total time 174.4 s)
max Linf perturbation: 0.03137, nan in tensor: 0, max: 1.00000, min: 0.00000
robust accuracy: 51.00%
initial accuracy: 79.50%
apgd-ce - 1/1 - 52 out of 159 successfully perturbed
robust accuracy after APGD-CE: 53.50% (total time 7.7 s)
apgd-t - 1/1 - 15 out of 107 successfully perturbed
robust accuracy after APGD-T: 46.00% (total time 51.6 s)
fab-t - 1/1 - 0 out of 92 successfully perturbed
robust accuracy after FAB-T: 46.00% (total time 106.1 s)
square - 1/1 - 0 out of 92 successfully perturbed
robust accuracy after SQUARE: 46.00% (total time 156.2 s)
max Linf perturbation: 0.03137, nan in tensor: 0, max: 1.00000, min: 0.00000
robust accuracy: 46.00%
initial accuracy: 78.50%
apgd-ce - 1/1 - 46 out of 157 successfully perturbed
robust accuracy after APGD-CE: 55.50% (total time 7.6 s)
apgd-t - 1/1 - 17 out of 111 successfully perturbed
robust accuracy after APGD-T: 47.00% (total time 51.7 s)
fab-t - 1/1 - 0 out of 94 successfully perturbed
robust accuracy after FAB-T: 47.00% (total time 106.9 s)
square - 1/1 - 0 out of 94 successfully perturbed
robust accuracy after SQUARE: 47.00% (total time 157.3 s)
max Linf perturbation: 0.03137, nan in tensor: 0, max: 1.00000, min: 0.00000
robust accuracy: 47.00%
initial accuracy: 77.00%
apgd-ce - 1/1 - 52 out of 154 successfully perturbed
robust accuracy after APGD-CE: 51.00% (total time 7.5 s)
apgd-t - 1/1 - 13 out of 102 successfully perturbed
robust accuracy after APGD-T: 44.50% (total time 50.2 s)
fab-t - 1/1 - 0 out of 89 successfully perturbed
robust accuracy after FAB-T: 44.50% (total time 104.2 s)
square - 1/1 - 0 out of 89 successfully perturbed
robust accuracy after SQUARE: 44.50% (total time 153.7 s)
max Linf perturbation: 0.03137, nan in tensor: 0, max: 1.00000, min: 0.00000
robust accuracy: 44.50%
initial accuracy: 76.50%
apgd-ce - 1/1 - 38 out of 153 successfully perturbed
robust accuracy after APGD-CE: 57.50% (total time 7.5 s)
apgd-t - 1/1 - 14 out of 115 successfully perturbed
robust accuracy after APGD-T: 50.50% (total time 56.2 s)
fab-t - 1/1 - 0 out of 101 successfully perturbed
robust accuracy after FAB-T: 50.50% (total time 117.4 s)
square - 1/1 - 0 out of 101 successfully perturbed
robust accuracy after SQUARE: 50.50% (total time 172.6 s)
max Linf perturbation: 0.03137, nan in tensor: 0, max: 1.00000, min: 0.00000
robust accuracy: 50.50%
