initial accuracy: 71.00%
apgd-ce - 1/1 - 46 out of 142 successfully perturbed
robust accuracy after APGD-CE: 48.00% (total time 9.1 s)
apgd-t - 1/1 - 17 out of 96 successfully perturbed
robust accuracy after APGD-T: 39.50% (total time 64.9 s)
fab-t - 1/1 - 0 out of 79 successfully perturbed
robust accuracy after FAB-T: 39.50% (total time 137.2 s)
square - 1/1 - 0 out of 79 successfully perturbed
robust accuracy after SQUARE: 39.50% (total time 217.0 s)
max Linf perturbation: 0.03137, nan in tensor: 0, max: 1.00000, min: 0.00000
robust accuracy: 39.50%
initial accuracy: 67.50%
apgd-ce - 1/1 - 50 out of 135 successfully perturbed
robust accuracy after APGD-CE: 42.50% (total time 8.6 s)
apgd-t - 1/1 - 12 out of 85 successfully perturbed
robust accuracy after APGD-T: 36.50% (total time 61.6 s)
fab-t - 1/1 - 0 out of 73 successfully perturbed
robust accuracy after FAB-T: 36.50% (total time 132.4 s)
square - 1/1 - 0 out of 73 successfully perturbed
robust accuracy after SQUARE: 36.50% (total time 211.1 s)
max Linf perturbation: 0.03137, nan in tensor: 0, max: 1.00000, min: 0.00000
robust accuracy: 36.50%
initial accuracy: 71.00%
apgd-ce - 1/1 - 43 out of 142 successfully perturbed
robust accuracy after APGD-CE: 49.50% (total time 9.1 s)
apgd-t - 1/1 - 14 out of 99 successfully perturbed
robust accuracy after APGD-T: 42.50% (total time 70.3 s)
fab-t - 1/1 - 0 out of 85 successfully perturbed
robust accuracy after FAB-T: 42.50% (total time 151.1 s)
square - 1/1 - 0 out of 85 successfully perturbed
robust accuracy after SQUARE: 42.50% (total time 231.1 s)
max Linf perturbation: 0.03137, nan in tensor: 0, max: 1.00000, min: 0.00000
robust accuracy: 42.50%
initial accuracy: 64.50%
apgd-ce - 1/1 - 39 out of 129 successfully perturbed
robust accuracy after APGD-CE: 45.00% (total time 8.3 s)
apgd-t - 1/1 - 14 out of 90 successfully perturbed
robust accuracy after APGD-T: 38.00% (total time 63.4 s)
fab-t - 1/1 - 0 out of 76 successfully perturbed
robust accuracy after FAB-T: 38.00% (total time 135.0 s)
square - 1/1 - 0 out of 76 successfully perturbed
robust accuracy after SQUARE: 38.00% (total time 212.5 s)
max Linf perturbation: 0.03137, nan in tensor: 0, max: 1.00000, min: 0.00000
robust accuracy: 38.00%
initial accuracy: 68.50%
apgd-ce - 1/1 - 27 out of 137 successfully perturbed
robust accuracy after APGD-CE: 55.00% (total time 9.0 s)
apgd-t - 1/1 - 19 out of 110 successfully perturbed
robust accuracy after APGD-T: 45.50% (total time 72.7 s)
fab-t - 1/1 - 0 out of 91 successfully perturbed
robust accuracy after FAB-T: 45.50% (total time 154.0 s)
square - 1/1 - 0 out of 91 successfully perturbed
robust accuracy after SQUARE: 45.50% (total time 234.5 s)
max Linf perturbation: 0.03137, nan in tensor: 0, max: 1.00000, min: 0.00000
robust accuracy: 45.50%
initial accuracy: 69.00%
apgd-ce - 1/1 - 44 out of 138 successfully perturbed
robust accuracy after APGD-CE: 47.00% (total time 9.1 s)
apgd-t - 1/1 - 9 out of 94 successfully perturbed
robust accuracy after APGD-T: 42.50% (total time 69.2 s)
fab-t - 1/1 - 0 out of 85 successfully perturbed
robust accuracy after FAB-T: 42.50% (total time 147.5 s)
square - 1/1 - 0 out of 85 successfully perturbed
robust accuracy after SQUARE: 42.50% (total time 232.2 s)
max Linf perturbation: 0.03137, nan in tensor: 0, max: 1.00000, min: 0.00000
robust accuracy: 42.50%
initial accuracy: 65.00%
apgd-ce - 1/1 - 39 out of 130 successfully perturbed
robust accuracy after APGD-CE: 45.50% (total time 8.4 s)
apgd-t - 1/1 - 12 out of 91 successfully perturbed
robust accuracy after APGD-T: 39.50% (total time 63.3 s)
fab-t - 1/1 - 0 out of 79 successfully perturbed
robust accuracy after FAB-T: 39.50% (total time 135.5 s)
square - 1/1 - 0 out of 79 successfully perturbed
robust accuracy after SQUARE: 39.50% (total time 212.9 s)
max Linf perturbation: 0.03137, nan in tensor: 0, max: 1.00000, min: 0.00000
robust accuracy: 39.50%
initial accuracy: 68.00%
apgd-ce - 1/1 - 39 out of 136 successfully perturbed
robust accuracy after APGD-CE: 48.50% (total time 8.5 s)
apgd-t - 1/1 - 18 out of 97 successfully perturbed
robust accuracy after APGD-T: 39.50% (total time 64.9 s)
fab-t - 1/1 - 0 out of 79 successfully perturbed
robust accuracy after FAB-T: 39.50% (total time 139.8 s)
square - 1/1 - 0 out of 79 successfully perturbed
robust accuracy after SQUARE: 39.50% (total time 217.8 s)
max Linf perturbation: 0.03137, nan in tensor: 0, max: 1.00000, min: 0.00000
robust accuracy: 39.50%
initial accuracy: 68.50%
apgd-ce - 1/1 - 45 out of 137 successfully perturbed
robust accuracy after APGD-CE: 46.00% (total time 8.8 s)
apgd-t - 1/1 - 9 out of 92 successfully perturbed
robust accuracy after APGD-T: 41.50% (total time 71.4 s)
fab-t - 1/1 - 0 out of 83 successfully perturbed
robust accuracy after FAB-T: 41.50% (total time 149.5 s)
square - 1/1 - 0 out of 83 successfully perturbed
robust accuracy after SQUARE: 41.50% (total time 231.3 s)
max Linf perturbation: 0.03137, nan in tensor: 0, max: 1.00000, min: 0.00000
robust accuracy: 41.50%
initial accuracy: 65.50%
apgd-ce - 1/1 - 39 out of 131 successfully perturbed
robust accuracy after APGD-CE: 46.00% (total time 8.4 s)
apgd-t - 1/1 - 8 out of 92 successfully perturbed
robust accuracy after APGD-T: 42.00% (total time 69.5 s)
fab-t - 1/1 - 0 out of 84 successfully perturbed
robust accuracy after FAB-T: 42.00% (total time 149.8 s)
square - 1/1 - 0 out of 84 successfully perturbed
robust accuracy after SQUARE: 42.00% (total time 228.2 s)
max Linf perturbation: 0.03137, nan in tensor: 0, max: 1.00000, min: 0.00000
robust accuracy: 42.00%
initial accuracy: 66.00%
apgd-ce - 1/1 - 43 out of 132 successfully perturbed
robust accuracy after APGD-CE: 44.50% (total time 8.4 s)
apgd-t - 1/1 - 17 out of 89 successfully perturbed
robust accuracy after APGD-T: 36.00% (total time 61.9 s)
fab-t - 1/1 - 0 out of 72 successfully perturbed
robust accuracy after FAB-T: 36.00% (total time 133.6 s)
square - 1/1 - 0 out of 72 successfully perturbed
robust accuracy after SQUARE: 36.00% (total time 212.9 s)
max Linf perturbation: 0.03137, nan in tensor: 0, max: 1.00000, min: 0.00000
robust accuracy: 36.00%
initial accuracy: 70.00%
apgd-ce - 1/1 - 36 out of 140 successfully perturbed
robust accuracy after APGD-CE: 52.00% (total time 9.0 s)
apgd-t - 1/1 - 13 out of 104 successfully perturbed
robust accuracy after APGD-T: 45.50% (total time 73.6 s)
fab-t - 1/1 - 0 out of 91 successfully perturbed
robust accuracy after FAB-T: 45.50% (total time 155.4 s)
square - 1/1 - 0 out of 91 successfully perturbed
robust accuracy after SQUARE: 45.50% (total time 235.8 s)
max Linf perturbation: 0.03137, nan in tensor: 0, max: 1.00000, min: 0.00000
robust accuracy: 45.50%
initial accuracy: 62.00%
apgd-ce - 1/1 - 42 out of 124 successfully perturbed
robust accuracy after APGD-CE: 41.00% (total time 8.2 s)
apgd-t - 1/1 - 15 out of 82 successfully perturbed
robust accuracy after APGD-T: 33.50% (total time 61.4 s)
fab-t - 1/1 - 0 out of 67 successfully perturbed
robust accuracy after FAB-T: 33.50% (total time 128.8 s)
square - 1/1 - 0 out of 67 successfully perturbed
robust accuracy after SQUARE: 33.50% (total time 203.8 s)
max Linf perturbation: 0.03137, nan in tensor: 0, max: 1.00000, min: 0.00000
robust accuracy: 33.50%
initial accuracy: 71.00%
apgd-ce - 1/1 - 49 out of 142 successfully perturbed
robust accuracy after APGD-CE: 46.50% (total time 9.1 s)
apgd-t - 1/1 - 15 out of 93 successfully perturbed
robust accuracy after APGD-T: 39.00% (total time 63.4 s)
fab-t - 1/1 - 0 out of 78 successfully perturbed
robust accuracy after FAB-T: 39.00% (total time 136.7 s)
square - 1/1 - 0 out of 78 successfully perturbed
robust accuracy after SQUARE: 39.00% (total time 217.8 s)
max Linf perturbation: 0.03137, nan in tensor: 0, max: 1.00000, min: 0.00000
robust accuracy: 39.00%
initial accuracy: 69.50%
apgd-ce - 1/1 - 45 out of 139 successfully perturbed
robust accuracy after APGD-CE: 47.00% (total time 9.3 s)
apgd-t - 1/1 - 20 out of 94 successfully perturbed
robust accuracy after APGD-T: 37.00% (total time 63.2 s)
fab-t - 1/1 - 0 out of 74 successfully perturbed
robust accuracy after FAB-T: 37.00% (total time 138.9 s)
square - 1/1 - 0 out of 74 successfully perturbed
robust accuracy after SQUARE: 37.00% (total time 218.1 s)
max Linf perturbation: 0.03137, nan in tensor: 0, max: 1.00000, min: 0.00000
robust accuracy: 37.00%
initial accuracy: 67.00%
apgd-ce - 1/1 - 34 out of 134 successfully perturbed
robust accuracy after APGD-CE: 50.00% (total time 8.5 s)
apgd-t - 1/1 - 14 out of 100 successfully perturbed
robust accuracy after APGD-T: 43.00% (total time 70.8 s)
fab-t - 1/1 - 0 out of 86 successfully perturbed
robust accuracy after FAB-T: 43.00% (total time 149.8 s)
square - 1/1 - 0 out of 86 successfully perturbed
robust accuracy after SQUARE: 43.00% (total time 230.2 s)
max Linf perturbation: 0.03137, nan in tensor: 0, max: 1.00000, min: 0.00000
robust accuracy: 43.00%
initial accuracy: 66.00%
apgd-ce - 1/1 - 40 out of 132 successfully perturbed
robust accuracy after APGD-CE: 46.00% (total time 8.4 s)
apgd-t - 1/1 - 13 out of 92 successfully perturbed
robust accuracy after APGD-T: 39.50% (total time 63.8 s)
fab-t - 1/1 - 0 out of 79 successfully perturbed
robust accuracy after FAB-T: 39.50% (total time 135.6 s)
square - 1/1 - 0 out of 79 successfully perturbed
robust accuracy after SQUARE: 39.50% (total time 218.9 s)
max Linf perturbation: 0.03137, nan in tensor: 0, max: 1.00000, min: 0.00000
robust accuracy: 39.50%
initial accuracy: 66.00%
apgd-ce - 1/1 - 40 out of 132 successfully perturbed
robust accuracy after APGD-CE: 46.00% (total time 8.6 s)
apgd-t - 1/1 - 13 out of 92 successfully perturbed
robust accuracy after APGD-T: 39.50% (total time 64.7 s)
fab-t - 1/1 - 0 out of 79 successfully perturbed
robust accuracy after FAB-T: 39.50% (total time 141.6 s)
square - 1/1 - 0 out of 79 successfully perturbed
robust accuracy after SQUARE: 39.50% (total time 222.3 s)
max Linf perturbation: 0.03137, nan in tensor: 0, max: 1.00000, min: 0.00000
robust accuracy: 39.50%
initial accuracy: 69.00%
apgd-ce - 1/1 - 45 out of 138 successfully perturbed
robust accuracy after APGD-CE: 46.50% (total time 8.9 s)
apgd-t - 1/1 - 15 out of 93 successfully perturbed
robust accuracy after APGD-T: 39.00% (total time 63.5 s)
fab-t - 1/1 - 0 out of 78 successfully perturbed
robust accuracy after FAB-T: 39.00% (total time 137.7 s)
square - 1/1 - 0 out of 78 successfully perturbed
robust accuracy after SQUARE: 39.00% (total time 215.6 s)
max Linf perturbation: 0.03137, nan in tensor: 0, max: 1.00000, min: 0.00000
robust accuracy: 39.00%
initial accuracy: 67.50%
apgd-ce - 1/1 - 42 out of 135 successfully perturbed
robust accuracy after APGD-CE: 46.50% (total time 8.5 s)
apgd-t - 1/1 - 9 out of 93 successfully perturbed
robust accuracy after APGD-T: 42.00% (total time 68.9 s)
fab-t - 1/1 - 0 out of 84 successfully perturbed
robust accuracy after FAB-T: 42.00% (total time 147.8 s)
square - 1/1 - 0 out of 84 successfully perturbed
robust accuracy after SQUARE: 42.00% (total time 227.1 s)
max Linf perturbation: 0.03137, nan in tensor: 0, max: 1.00000, min: 0.00000
robust accuracy: 42.00%
initial accuracy: 72.00%
apgd-ce - 1/1 - 40 out of 144 successfully perturbed
robust accuracy after APGD-CE: 52.00% (total time 9.2 s)
apgd-t - 1/1 - 17 out of 104 successfully perturbed
robust accuracy after APGD-T: 43.50% (total time 71.5 s)
fab-t - 1/1 - 0 out of 87 successfully perturbed
robust accuracy after FAB-T: 43.50% (total time 152.2 s)
square - 1/1 - 0 out of 87 successfully perturbed
robust accuracy after SQUARE: 43.50% (total time 233.8 s)
max Linf perturbation: 0.03137, nan in tensor: 0, max: 1.00000, min: 0.00000
robust accuracy: 43.50%
initial accuracy: 75.00%
apgd-ce - 1/1 - 44 out of 150 successfully perturbed
robust accuracy after APGD-CE: 53.00% (total time 9.5 s)
apgd-t - 1/1 - 14 out of 106 successfully perturbed
robust accuracy after APGD-T: 46.00% (total time 73.7 s)
fab-t - 1/1 - 0 out of 92 successfully perturbed
robust accuracy after FAB-T: 46.00% (total time 155.8 s)
square - 1/1 - 0 out of 92 successfully perturbed
robust accuracy after SQUARE: 46.00% (total time 236.4 s)
max Linf perturbation: 0.03137, nan in tensor: 0, max: 1.00000, min: 0.00000
robust accuracy: 46.00%
initial accuracy: 70.50%
apgd-ce - 1/1 - 38 out of 141 successfully perturbed
robust accuracy after APGD-CE: 51.50% (total time 9.4 s)
apgd-t - 1/1 - 20 out of 103 successfully perturbed
robust accuracy after APGD-T: 41.50% (total time 71.7 s)
fab-t - 1/1 - 0 out of 83 successfully perturbed
robust accuracy after FAB-T: 41.50% (total time 150.7 s)
square - 1/1 - 0 out of 83 successfully perturbed
robust accuracy after SQUARE: 41.50% (total time 227.4 s)
max Linf perturbation: 0.03137, nan in tensor: 0, max: 1.00000, min: 0.00000
robust accuracy: 41.50%
initial accuracy: 62.50%
apgd-ce - 1/1 - 33 out of 125 successfully perturbed
robust accuracy after APGD-CE: 46.00% (total time 8.3 s)
apgd-t - 1/1 - 7 out of 92 successfully perturbed
robust accuracy after APGD-T: 42.50% (total time 68.3 s)
fab-t - 1/1 - 0 out of 85 successfully perturbed
robust accuracy after FAB-T: 42.50% (total time 148.8 s)
square - 1/1 - 0 out of 85 successfully perturbed
robust accuracy after SQUARE: 42.50% (total time 226.3 s)
max Linf perturbation: 0.03137, nan in tensor: 0, max: 1.00000, min: 0.00000
robust accuracy: 42.50%
initial accuracy: 67.00%
apgd-ce - 1/1 - 37 out of 134 successfully perturbed
robust accuracy after APGD-CE: 48.50% (total time 8.5 s)
apgd-t - 1/1 - 11 out of 97 successfully perturbed
robust accuracy after APGD-T: 43.00% (total time 70.5 s)
fab-t - 1/1 - 0 out of 86 successfully perturbed
robust accuracy after FAB-T: 43.00% (total time 150.7 s)
square - 1/1 - 0 out of 86 successfully perturbed
robust accuracy after SQUARE: 43.00% (total time 230.8 s)
max Linf perturbation: 0.03137, nan in tensor: 0, max: 1.00000, min: 0.00000
robust accuracy: 43.00%
initial accuracy: 68.50%
apgd-ce - 1/1 - 49 out of 137 successfully perturbed
robust accuracy after APGD-CE: 44.00% (total time 9.2 s)
apgd-t - 1/1 - 18 out of 88 successfully perturbed
robust accuracy after APGD-T: 35.00% (total time 62.9 s)
fab-t - 1/1 - 0 out of 70 successfully perturbed
robust accuracy after FAB-T: 35.00% (total time 134.3 s)
square - 1/1 - 0 out of 70 successfully perturbed
robust accuracy after SQUARE: 35.00% (total time 209.7 s)
max Linf perturbation: 0.03137, nan in tensor: 0, max: 1.00000, min: 0.00000
robust accuracy: 35.00%
initial accuracy: 71.00%
apgd-ce - 1/1 - 49 out of 142 successfully perturbed
robust accuracy after APGD-CE: 46.50% (total time 9.1 s)
apgd-t - 1/1 - 14 out of 93 successfully perturbed
robust accuracy after APGD-T: 39.50% (total time 63.8 s)
fab-t - 1/1 - 0 out of 79 successfully perturbed
robust accuracy after FAB-T: 39.50% (total time 137.5 s)
square - 1/1 - 0 out of 79 successfully perturbed
robust accuracy after SQUARE: 39.50% (total time 217.0 s)
max Linf perturbation: 0.03137, nan in tensor: 0, max: 1.00000, min: 0.00000
robust accuracy: 39.50%
initial accuracy: 66.00%
apgd-ce - 1/1 - 44 out of 132 successfully perturbed
robust accuracy after APGD-CE: 44.00% (total time 8.4 s)
apgd-t - 1/1 - 10 out of 88 successfully perturbed
robust accuracy after APGD-T: 39.00% (total time 62.6 s)
fab-t - 1/1 - 0 out of 78 successfully perturbed
robust accuracy after FAB-T: 39.00% (total time 137.4 s)
square - 1/1 - 0 out of 78 successfully perturbed
robust accuracy after SQUARE: 39.00% (total time 217.6 s)
max Linf perturbation: 0.03137, nan in tensor: 0, max: 1.00000, min: 0.00000
robust accuracy: 39.00%
initial accuracy: 70.00%
apgd-ce - 1/1 - 41 out of 140 successfully perturbed
robust accuracy after APGD-CE: 49.50% (total time 9.1 s)
apgd-t - 1/1 - 14 out of 99 successfully perturbed
robust accuracy after APGD-T: 42.50% (total time 71.9 s)
fab-t - 1/1 - 0 out of 85 successfully perturbed
robust accuracy after FAB-T: 42.50% (total time 151.6 s)
square - 1/1 - 0 out of 85 successfully perturbed
robust accuracy after SQUARE: 42.50% (total time 231.8 s)
max Linf perturbation: 0.03137, nan in tensor: 0, max: 1.00000, min: 0.00000
robust accuracy: 42.50%
initial accuracy: 65.50%
apgd-ce - 1/1 - 44 out of 131 successfully perturbed
robust accuracy after APGD-CE: 43.50% (total time 8.7 s)
apgd-t - 1/1 - 14 out of 87 successfully perturbed
robust accuracy after APGD-T: 36.50% (total time 64.3 s)
fab-t - 1/1 - 0 out of 73 successfully perturbed
robust accuracy after FAB-T: 36.50% (total time 136.8 s)
square - 1/1 - 0 out of 73 successfully perturbed
robust accuracy after SQUARE: 36.50% (total time 215.6 s)
max Linf perturbation: 0.03137, nan in tensor: 0, max: 1.00000, min: 0.00000
robust accuracy: 36.50%
initial accuracy: 65.50%
apgd-ce - 1/1 - 35 out of 131 successfully perturbed
robust accuracy after APGD-CE: 48.00% (total time 8.4 s)
apgd-t - 1/1 - 16 out of 96 successfully perturbed
robust accuracy after APGD-T: 40.00% (total time 65.4 s)
fab-t - 1/1 - 0 out of 80 successfully perturbed
robust accuracy after FAB-T: 40.00% (total time 139.1 s)
square - 1/1 - 0 out of 80 successfully perturbed
robust accuracy after SQUARE: 40.00% (total time 218.9 s)
max Linf perturbation: 0.03137, nan in tensor: 0, max: 1.00000, min: 0.00000
robust accuracy: 40.00%
initial accuracy: 75.00%
apgd-ce - 1/1 - 52 out of 150 successfully perturbed
robust accuracy after APGD-CE: 49.00% (total time 9.4 s)
apgd-t - 1/1 - 18 out of 98 successfully perturbed
robust accuracy after APGD-T: 40.00% (total time 65.8 s)
fab-t - 1/1 - 0 out of 80 successfully perturbed
robust accuracy after FAB-T: 40.00% (total time 138.8 s)
square - 1/1 - 0 out of 80 successfully perturbed
robust accuracy after SQUARE: 40.00% (total time 216.6 s)
max Linf perturbation: 0.03137, nan in tensor: 0, max: 1.00000, min: 0.00000
robust accuracy: 40.00%
initial accuracy: 70.00%
apgd-ce - 1/1 - 48 out of 140 successfully perturbed
robust accuracy after APGD-CE: 46.00% (total time 9.0 s)
apgd-t - 1/1 - 9 out of 92 successfully perturbed
robust accuracy after APGD-T: 41.50% (total time 70.6 s)
fab-t - 1/1 - 0 out of 83 successfully perturbed
robust accuracy after FAB-T: 41.50% (total time 150.9 s)
square - 1/1 - 0 out of 83 successfully perturbed
robust accuracy after SQUARE: 41.50% (total time 232.1 s)
max Linf perturbation: 0.03137, nan in tensor: 0, max: 1.00000, min: 0.00000
robust accuracy: 41.50%
initial accuracy: 70.50%
apgd-ce - 1/1 - 49 out of 141 successfully perturbed
robust accuracy after APGD-CE: 46.00% (total time 9.2 s)
apgd-t - 1/1 - 9 out of 92 successfully perturbed
robust accuracy after APGD-T: 41.50% (total time 69.8 s)
fab-t - 1/1 - 0 out of 83 successfully perturbed
robust accuracy after FAB-T: 41.50% (total time 147.5 s)
square - 1/1 - 0 out of 83 successfully perturbed
robust accuracy after SQUARE: 41.50% (total time 226.5 s)
max Linf perturbation: 0.03137, nan in tensor: 0, max: 1.00000, min: 0.00000
robust accuracy: 41.50%
initial accuracy: 69.50%
apgd-ce - 1/1 - 47 out of 139 successfully perturbed
robust accuracy after APGD-CE: 46.00% (total time 8.9 s)
apgd-t - 1/1 - 20 out of 92 successfully perturbed
robust accuracy after APGD-T: 36.00% (total time 63.1 s)
fab-t - 1/1 - 0 out of 72 successfully perturbed
robust accuracy after FAB-T: 36.00% (total time 138.6 s)
square - 1/1 - 0 out of 72 successfully perturbed
robust accuracy after SQUARE: 36.00% (total time 218.0 s)
max Linf perturbation: 0.03137, nan in tensor: 0, max: 1.00000, min: 0.00000
robust accuracy: 36.00%
initial accuracy: 69.50%
apgd-ce - 1/1 - 39 out of 139 successfully perturbed
robust accuracy after APGD-CE: 50.00% (total time 9.0 s)
apgd-t - 1/1 - 15 out of 100 successfully perturbed
robust accuracy after APGD-T: 42.50% (total time 70.4 s)
fab-t - 1/1 - 0 out of 85 successfully perturbed
robust accuracy after FAB-T: 42.50% (total time 153.8 s)
square - 1/1 - 0 out of 85 successfully perturbed
robust accuracy after SQUARE: 42.50% (total time 231.7 s)
max Linf perturbation: 0.03137, nan in tensor: 0, max: 1.00000, min: 0.00000
robust accuracy: 42.50%
initial accuracy: 70.00%
apgd-ce - 1/1 - 48 out of 140 successfully perturbed
robust accuracy after APGD-CE: 46.00% (total time 9.0 s)
apgd-t - 1/1 - 13 out of 92 successfully perturbed
robust accuracy after APGD-T: 39.50% (total time 64.9 s)
fab-t - 1/1 - 0 out of 79 successfully perturbed
robust accuracy after FAB-T: 39.50% (total time 139.1 s)
square - 1/1 - 0 out of 79 successfully perturbed
robust accuracy after SQUARE: 39.50% (total time 218.6 s)
max Linf perturbation: 0.03137, nan in tensor: 0, max: 1.00000, min: 0.00000
robust accuracy: 39.50%
initial accuracy: 70.00%
apgd-ce - 1/1 - 44 out of 140 successfully perturbed
robust accuracy after APGD-CE: 48.00% (total time 9.1 s)
apgd-t - 1/1 - 10 out of 96 successfully perturbed
robust accuracy after APGD-T: 43.00% (total time 72.9 s)
fab-t - 1/1 - 0 out of 86 successfully perturbed
robust accuracy after FAB-T: 43.00% (total time 153.0 s)
square - 1/1 - 0 out of 86 successfully perturbed
robust accuracy after SQUARE: 43.00% (total time 232.2 s)
max Linf perturbation: 0.03137, nan in tensor: 0, max: 1.00000, min: 0.00000
robust accuracy: 43.00%
initial accuracy: 68.50%
apgd-ce - 1/1 - 35 out of 137 successfully perturbed
robust accuracy after APGD-CE: 51.00% (total time 9.0 s)
apgd-t - 1/1 - 8 out of 102 successfully perturbed
robust accuracy after APGD-T: 47.00% (total time 73.6 s)
fab-t - 1/1 - 0 out of 94 successfully perturbed
robust accuracy after FAB-T: 47.00% (total time 157.0 s)
square - 1/1 - 0 out of 94 successfully perturbed
robust accuracy after SQUARE: 47.00% (total time 240.6 s)
max Linf perturbation: 0.03137, nan in tensor: 0, max: 1.00000, min: 0.00000
robust accuracy: 47.00%
initial accuracy: 67.00%
apgd-ce - 1/1 - 45 out of 134 successfully perturbed
robust accuracy after APGD-CE: 44.50% (total time 8.5 s)
apgd-t - 1/1 - 12 out of 89 successfully perturbed
robust accuracy after APGD-T: 38.50% (total time 62.6 s)
fab-t - 1/1 - 0 out of 77 successfully perturbed
robust accuracy after FAB-T: 38.50% (total time 137.8 s)
square - 1/1 - 0 out of 77 successfully perturbed
robust accuracy after SQUARE: 38.50% (total time 218.0 s)
max Linf perturbation: 0.03137, nan in tensor: 0, max: 1.00000, min: 0.00000
robust accuracy: 38.50%
initial accuracy: 66.50%
apgd-ce - 1/1 - 46 out of 133 successfully perturbed
robust accuracy after APGD-CE: 43.50% (total time 8.6 s)
apgd-t - 1/1 - 16 out of 87 successfully perturbed
robust accuracy after APGD-T: 35.50% (total time 62.3 s)
fab-t - 1/1 - 0 out of 71 successfully perturbed
robust accuracy after FAB-T: 35.50% (total time 132.6 s)
square - 1/1 - 0 out of 71 successfully perturbed
robust accuracy after SQUARE: 35.50% (total time 211.4 s)
max Linf perturbation: 0.03137, nan in tensor: 0, max: 1.00000, min: 0.00000
robust accuracy: 35.50%
initial accuracy: 61.00%
apgd-ce - 1/1 - 31 out of 122 successfully perturbed
robust accuracy after APGD-CE: 45.50% (total time 8.0 s)
apgd-t - 1/1 - 18 out of 91 successfully perturbed
robust accuracy after APGD-T: 36.50% (total time 62.0 s)
fab-t - 1/1 - 0 out of 73 successfully perturbed
robust accuracy after FAB-T: 36.50% (total time 133.1 s)
square - 1/1 - 0 out of 73 successfully perturbed
robust accuracy after SQUARE: 36.50% (total time 217.1 s)
max Linf perturbation: 0.03137, nan in tensor: 0, max: 1.00000, min: 0.00000
robust accuracy: 36.50%
initial accuracy: 71.50%
apgd-ce - 1/1 - 45 out of 143 successfully perturbed
robust accuracy after APGD-CE: 49.00% (total time 9.1 s)
apgd-t - 1/1 - 16 out of 98 successfully perturbed
robust accuracy after APGD-T: 41.00% (total time 69.0 s)
fab-t - 1/1 - 0 out of 82 successfully perturbed
robust accuracy after FAB-T: 41.00% (total time 146.3 s)
square - 1/1 - 0 out of 82 successfully perturbed
robust accuracy after SQUARE: 41.00% (total time 227.3 s)
max Linf perturbation: 0.03137, nan in tensor: 0, max: 1.00000, min: 0.00000
robust accuracy: 41.00%
initial accuracy: 68.00%
apgd-ce - 1/1 - 45 out of 136 successfully perturbed
robust accuracy after APGD-CE: 45.50% (total time 8.6 s)
apgd-t - 1/1 - 14 out of 91 successfully perturbed
robust accuracy after APGD-T: 38.50% (total time 64.1 s)
fab-t - 1/1 - 0 out of 77 successfully perturbed
robust accuracy after FAB-T: 38.50% (total time 137.0 s)
square - 1/1 - 0 out of 77 successfully perturbed
robust accuracy after SQUARE: 38.50% (total time 215.0 s)
max Linf perturbation: 0.03137, nan in tensor: 0, max: 1.00000, min: 0.00000
robust accuracy: 38.50%
initial accuracy: 72.00%
apgd-ce - 1/1 - 38 out of 144 successfully perturbed
robust accuracy after APGD-CE: 53.00% (total time 9.4 s)
apgd-t - 1/1 - 10 out of 106 successfully perturbed
robust accuracy after APGD-T: 48.00% (total time 73.9 s)
fab-t - 1/1 - 0 out of 96 successfully perturbed
robust accuracy after FAB-T: 48.00% (total time 157.2 s)
square - 1/1 - 0 out of 96 successfully perturbed
robust accuracy after SQUARE: 48.00% (total time 247.1 s)
max Linf perturbation: 0.03137, nan in tensor: 0, max: 1.00000, min: 0.00000
robust accuracy: 48.00%
initial accuracy: 72.00%
apgd-ce - 1/1 - 45 out of 144 successfully perturbed
robust accuracy after APGD-CE: 49.50% (total time 9.5 s)
apgd-t - 1/1 - 26 out of 99 successfully perturbed
robust accuracy after APGD-T: 36.50% (total time 68.3 s)
fab-t - 1/1 - 0 out of 73 successfully perturbed
robust accuracy after FAB-T: 36.50% (total time 143.6 s)
square - 1/1 - 0 out of 73 successfully perturbed
robust accuracy after SQUARE: 36.50% (total time 222.9 s)
max Linf perturbation: 0.03137, nan in tensor: 0, max: 1.00000, min: 0.00000
robust accuracy: 36.50%
initial accuracy: 68.50%
apgd-ce - 1/1 - 44 out of 137 successfully perturbed
robust accuracy after APGD-CE: 46.50% (total time 8.9 s)
apgd-t - 1/1 - 18 out of 93 successfully perturbed
robust accuracy after APGD-T: 37.50% (total time 65.0 s)
fab-t - 1/1 - 0 out of 75 successfully perturbed
robust accuracy after FAB-T: 37.50% (total time 144.1 s)
square - 1/1 - 0 out of 75 successfully perturbed
robust accuracy after SQUARE: 37.50% (total time 226.3 s)
max Linf perturbation: 0.03137, nan in tensor: 0, max: 1.00000, min: 0.00000
robust accuracy: 37.50%
initial accuracy: 68.00%
apgd-ce - 1/1 - 47 out of 136 successfully perturbed
robust accuracy after APGD-CE: 44.50% (total time 8.5 s)
apgd-t - 1/1 - 9 out of 89 successfully perturbed
robust accuracy after APGD-T: 40.00% (total time 66.4 s)
fab-t - 1/1 - 0 out of 80 successfully perturbed
robust accuracy after FAB-T: 40.00% (total time 140.9 s)
square - 1/1 - 0 out of 80 successfully perturbed
robust accuracy after SQUARE: 40.00% (total time 219.5 s)
max Linf perturbation: 0.03137, nan in tensor: 0, max: 1.00000, min: 0.00000
robust accuracy: 40.00%
initial accuracy: 65.00%
apgd-ce - 1/1 - 41 out of 130 successfully perturbed
robust accuracy after APGD-CE: 44.50% (total time 8.4 s)
apgd-t - 1/1 - 8 out of 89 successfully perturbed
robust accuracy after APGD-T: 40.50% (total time 68.9 s)
fab-t - 1/1 - 0 out of 81 successfully perturbed
robust accuracy after FAB-T: 40.50% (total time 143.6 s)
square - 1/1 - 0 out of 81 successfully perturbed
robust accuracy after SQUARE: 40.50% (total time 226.0 s)
max Linf perturbation: 0.03137, nan in tensor: 0, max: 1.00000, min: 0.00000
robust accuracy: 40.50%
initial accuracy: 68.00%
apgd-ce - 1/1 - 44 out of 136 successfully perturbed
robust accuracy after APGD-CE: 46.00% (total time 8.6 s)
apgd-t - 1/1 - 13 out of 92 successfully perturbed
robust accuracy after APGD-T: 39.50% (total time 66.5 s)
fab-t - 1/1 - 0 out of 79 successfully perturbed
robust accuracy after FAB-T: 39.50% (total time 140.1 s)
square - 1/1 - 0 out of 79 successfully perturbed
robust accuracy after SQUARE: 39.50% (total time 219.8 s)
max Linf perturbation: 0.03137, nan in tensor: 0, max: 1.00000, min: 0.00000
robust accuracy: 39.50%
