[2022/09/19 23:51:42] - Namespace(batch_size=128, beta=6.0, data_dir='/mnt/storage0_8/torch_datasets/cifar-data', epochs=100, epsilon=8.0, fname='output_wide', gamma=1.01, lr=0.1, model='wide', momentum=0.9, normalization='std', num_steps=10, out_dir='mmart_out', save_model=True, seed=0, step_size=2.0, weight_decay=0.0005, wide_factor=10)
[2022/09/19 23:51:42] - Epoch 	 Seconds 	 LR 	 	 Train Loss 	 Val Acc	 MG 	 PGD Acc
[2022/09/19 23:57:05] - 0 	 250.0 	 	 0.1000 	 2.0966 	 0.3871 	 0.0000	 0.0813
[2022/09/20 00:04:56] - 1 	 397.8 	 	 0.1000 	 1.9866 	 0.4625 	 2.9352	 0.1715
[2022/09/20 00:12:48] - 2 	 397.8 	 	 0.1000 	 2.0396 	 0.5375 	 4.9682	 0.2062
[2022/09/20 00:22:53] - 3 	 530.8 	 	 0.1000 	 2.0261 	 0.5289 	 3.0699	 0.2930
[2022/09/20 00:35:07] - 4 	 660.5 	 	 0.1000 	 1.9638 	 0.5660 	 2.5545	 0.3336
[2022/09/20 00:49:33] - 5 	 792.5 	 	 0.1000 	 2.0318 	 0.5590 	 1.6319	 0.3617
[2022/09/20 01:03:54] - 6 	 787.2 	 	 0.1000 	 2.1208 	 0.5777 	 1.9747	 0.3422
[2022/09/20 01:19:49] - 7 	 870.5 	 	 0.1000 	 2.0702 	 0.6051 	 1.8411	 0.3652
[2022/09/20 01:36:38] - 8 	 923.9 	 	 0.1000 	 2.0430 	 0.6051 	 1.9108	 0.3848
[2022/09/20 01:53:28] - 9 	 923.3 	 	 0.1000 	 2.0003 	 0.6172 	 2.4119	 0.3875
[2022/09/20 02:09:06] - 10 	 853.7 	 	 0.1000 	 2.1252 	 0.6465 	 2.2685	 0.4074
[2022/09/20 02:25:44] - 11 	 913.5 	 	 0.1000 	 2.1333 	 0.6367 	 2.3559	 0.3984
[2022/09/20 02:41:43] - 12 	 874.2 	 	 0.1000 	 1.9154 	 0.6488 	 2.1598	 0.3895
[2022/09/20 02:58:22] - 13 	 915.8 	 	 0.1000 	 1.9924 	 0.6305 	 2.1880	 0.3961
[2022/09/20 03:14:30] - 14 	 884.4 	 	 0.1000 	 1.9418 	 0.6328 	 2.2230	 0.3949
[2022/09/20 03:31:02] - 15 	 907.8 	 	 0.1000 	 1.8615 	 0.6383 	 2.0985	 0.4066
[2022/09/20 03:45:24] - 16 	 790.9 	 	 0.1000 	 2.0350 	 0.6250 	 2.5029	 0.4152
[2022/09/20 03:59:32] - 17 	 775.5 	 	 0.1000 	 1.9248 	 0.6840 	 2.4422	 0.4238
[2022/09/20 04:13:37] - 18 	 772.8 	 	 0.1000 	 1.8162 	 0.6375 	 2.0944	 0.4117
[2022/09/20 04:27:44] - 19 	 772.8 	 	 0.1000 	 1.9285 	 0.6672 	 2.4729	 0.4211
[2022/09/20 04:43:50] - 20 	 885.8 	 	 0.1000 	 1.7783 	 0.6613 	 2.2427	 0.4180
[2022/09/20 04:59:47] - 21 	 873.1 	 	 0.1000 	 1.7633 	 0.6730 	 2.2839	 0.4113
[2022/09/20 05:16:14] - 22 	 905.3 	 	 0.1000 	 1.7457 	 0.6879 	 2.0984	 0.4258
[2022/09/20 05:32:39] - 23 	 902.2 	 	 0.1000 	 1.8318 	 0.6730 	 2.2030	 0.4449
[2022/09/20 05:48:13] - 24 	 852.9 	 	 0.1000 	 1.8352 	 0.6887 	 2.1178	 0.4316
[2022/09/20 06:04:27] - 25 	 891.9 	 	 0.1000 	 1.6830 	 0.6691 	 1.9305	 0.4531
[2022/09/20 06:20:40] - 26 	 890.6 	 	 0.1000 	 1.9508 	 0.6793 	 2.7571	 0.4258
[2022/09/20 06:38:29] - 27 	 988.6 	 	 0.1000 	 1.8375 	 0.6586 	 2.3832	 0.4461
[2022/09/20 06:57:06] - 28 	 1035.1 	 	 0.1000 	 1.7322 	 0.6789 	 2.4101	 0.4285
[2022/09/20 07:15:22] - 29 	 1025.2 	 	 0.1000 	 2.1782 	 0.7012 	 3.3203	 0.4281
[2022/09/20 07:33:32] - 30 	 1020.3 	 	 0.1000 	 1.6297 	 0.6914 	 2.0399	 0.4484
[2022/09/20 07:51:26] - 31 	 1003.2 	 	 0.1000 	 1.8106 	 0.6676 	 2.3882	 0.4531
[2022/09/20 08:12:16] - 32 	 1168.9 	 	 0.1000 	 1.9208 	 0.6621 	 2.5221	 0.4340
[2022/09/20 08:33:29] - 33 	 1191.6 	 	 0.1000 	 1.9461 	 0.6910 	 2.6560	 0.4512
[2022/09/20 08:53:25] - 34 	 1125.1 	 	 0.1000 	 1.9782 	 0.6953 	 3.0520	 0.4371
[2022/09/20 09:11:33] - 35 	 1017.3 	 	 0.1000 	 1.9176 	 0.7098 	 2.9473	 0.4605
[2022/09/20 09:32:17] - 36 	 1162.6 	 	 0.1000 	 2.0330 	 0.6910 	 3.0257	 0.4613
[2022/09/20 09:53:26] - 37 	 1185.4 	 	 0.1000 	 2.1403 	 0.7074 	 3.3540	 0.4645
[2022/09/20 10:16:59] - 38 	 1339.5 	 	 0.1000 	 1.8158 	 0.7109 	 2.7707	 0.4562
[2022/09/20 10:37:34] - 39 	 1164.3 	 	 0.1000 	 1.8205 	 0.7125 	 2.4781	 0.4430
[2022/09/20 10:58:13] - 40 	 1167.0 	 	 0.1000 	 1.9938 	 0.6930 	 3.3090	 0.4391
[2022/09/20 11:18:59] - 41 	 1173.1 	 	 0.1000 	 1.8136 	 0.7199 	 2.7771	 0.4461
[2022/09/20 11:39:50] - 42 	 1178.7 	 	 0.1000 	 1.9158 	 0.7109 	 2.7256	 0.4605
[2022/09/20 12:00:47] - 43 	 1184.2 	 	 0.1000 	 1.7474 	 0.6711 	 2.1309	 0.4520
[2022/09/20 12:21:44] - 44 	 1184.1 	 	 0.1000 	 1.9378 	 0.7063 	 3.1475	 0.4523
[2022/09/20 12:42:44] - 45 	 1187.2 	 	 0.1000 	 1.7748 	 0.6961 	 2.9465	 0.4602
[2022/09/20 13:03:49] - 46 	 1190.6 	 	 0.1000 	 1.7716 	 0.7027 	 2.6225	 0.4582
[2022/09/20 13:25:00] - 47 	 1197.3 	 	 0.1000 	 1.6822 	 0.7004 	 2.3676	 0.4520
[2022/09/20 13:46:16] - 48 	 1201.7 	 	 0.1000 	 1.9054 	 0.7070 	 2.8965	 0.4344
[2022/09/20 14:07:33] - 49 	 1202.7 	 	 0.1000 	 1.7408 	 0.7203 	 2.7718	 0.4562
[2022/09/20 14:28:54] - 50 	 1206.9 	 	 0.0100 	 1.3161 	 0.7777 	 1.9410	 0.5207
[2022/09/20 14:50:18] - 51 	 1209.0 	 	 0.0100 	 1.3443 	 0.7949 	 2.2384	 0.5234
[2022/09/20 15:11:45] - 52 	 1211.9 	 	 0.0100 	 1.3356 	 0.7867 	 1.8736	 0.5246
[2022/09/20 15:33:16] - 53 	 1216.0 	 	 0.0100 	 1.5245 	 0.8070 	 3.3398	 0.5234
[2022/09/20 15:54:40] - 54 	 1209.7 	 	 0.0100 	 1.4468 	 0.8070 	 2.6662	 0.5281
[2022/09/20 16:19:10] - 55 	 1382.8 	 	 0.0100 	 1.2286 	 0.7926 	 1.8735	 0.5219
[2022/09/20 16:41:55] - 56 	 1279.0 	 	 0.0100 	 1.2024 	 0.8063 	 2.0813	 0.5293
[2022/09/20 17:06:31] - 57 	 1399.2 	 	 0.0100 	 1.2555 	 0.8020 	 2.2402	 0.5262
[2022/09/20 17:30:16] - 58 	 1338.0 	 	 0.0100 	 1.5318 	 0.7883 	 3.2915	 0.5180
[2022/09/20 17:55:09] - 59 	 1406.1 	 	 0.0100 	 1.4355 	 0.7949 	 2.9880	 0.5184
[2022/09/20 18:20:35] - 60 	 1437.6 	 	 0.0100 	 1.2291 	 0.7945 	 2.0513	 0.5172
[2022/09/20 18:43:35] - 61 	 1304.6 	 	 0.0100 	 1.3292 	 0.8105 	 2.8544	 0.5215
[2022/09/20 19:05:16] - 62 	 1225.8 	 	 0.0100 	 1.2721 	 0.7988 	 2.5082	 0.5238
[2022/09/20 19:26:57] - 63 	 1224.8 	 	 0.0100 	 1.3232 	 0.7953 	 2.5052	 0.5125
[2022/09/20 19:48:38] - 64 	 1225.8 	 	 0.0100 	 1.3139 	 0.8184 	 3.1998	 0.5070
[2022/09/20 20:10:23] - 65 	 1229.9 	 	 0.0100 	 1.2618 	 0.8047 	 2.1312	 0.5074
[2022/09/20 20:32:04] - 66 	 1225.1 	 	 0.0100 	 1.5095 	 0.8246 	 3.5760	 0.5137
[2022/09/20 20:55:59] - 67 	 1359.7 	 	 0.0100 	 1.4642 	 0.7996 	 3.4279	 0.5133
[2022/09/20 21:19:53] - 68 	 1358.9 	 	 0.0100 	 1.3334 	 0.8098 	 3.3337	 0.5086
[2022/09/20 21:43:46] - 69 	 1357.5 	 	 0.0100 	 1.4208 	 0.8035 	 3.4443	 0.5078
[2022/09/20 22:07:36] - 70 	 1355.2 	 	 0.0100 	 1.3406 	 0.8063 	 2.6453	 0.5094
[2022/09/20 22:31:29] - 71 	 1357.2 	 	 0.0100 	 1.3368 	 0.8160 	 3.6042	 0.5023
[2022/09/20 22:55:17] - 72 	 1353.5 	 	 0.0100 	 1.2693 	 0.8102 	 2.7629	 0.5234
[2022/09/20 23:17:31] - 73 	 1261.3 	 	 0.0100 	 1.1754 	 0.8172 	 2.0046	 0.5113
[2022/09/20 23:40:44] - 74 	 1319.4 	 	 0.0100 	 1.2249 	 0.8141 	 2.8525	 0.5023
[2022/09/21 00:03:56] - 75 	 1318.8 	 	 0.0100 	 1.4158 	 0.8039 	 3.5504	 0.5141
[2022/09/21 00:27:05] - 76 	 1316.2 	 	 0.0100 	 1.0862 	 0.8125 	 1.9902	 0.4980
[2022/09/21 00:50:12] - 77 	 1313.7 	 	 0.0100 	 1.2848 	 0.8160 	 2.8306	 0.4867
[2022/09/21 01:14:39] - 78 	 1387.9 	 	 0.0100 	 1.2410 	 0.7930 	 2.2477	 0.5004
[2022/09/21 01:41:59] - 79 	 1554.1 	 	 0.0100 	 1.0395 	 0.8020 	 2.0262	 0.5027
[2022/09/21 02:09:11] - 80 	 1548.3 	 	 0.0010 	 0.8656 	 0.8289 	 1.6819	 0.5328
[2022/09/21 02:35:57] - 81 	 1532.4 	 	 0.0010 	 0.8397 	 0.8309 	 1.7272	 0.5270
[2022/09/21 03:02:34] - 82 	 1511.7 	 	 0.0010 	 1.0421 	 0.8430 	 2.5642	 0.5230
[2022/09/21 03:26:42] - 83 	 1388.0 	 	 0.0010 	 0.7588 	 0.8410 	 1.2804	 0.5328
[2022/09/21 03:45:33] - 84 	 1071.6 	 	 0.0010 	 0.7543 	 0.8410 	 1.7026	 0.5277
[2022/09/21 04:06:14] - 85 	 1173.4 	 	 0.0010 	 0.9712 	 0.8395 	 2.7548	 0.5117
[2022/09/21 04:26:50] - 86 	 1172.2 	 	 0.0010 	 1.0372 	 0.8457 	 3.2036	 0.5086
[2022/09/21 04:48:07] - 87 	 1209.4 	 	 0.0010 	 0.7550 	 0.8430 	 1.8629	 0.5105
[2022/09/21 05:09:00] - 88 	 1194.0 	 	 0.0010 	 0.9354 	 0.8438 	 2.6154	 0.5121
[2022/09/21 05:29:22] - 89 	 1156.1 	 	 0.0010 	 0.8103 	 0.8410 	 2.1386	 0.5027
[2022/09/21 05:50:08] - 90 	 1186.4 	 	 0.0010 	 0.9592 	 0.8473 	 3.1632	 0.5051
[2022/09/21 06:10:52] - 91 	 1179.2 	 	 0.0010 	 0.5421 	 0.8410 	 0.9332	 0.5090
[2022/09/21 06:30:01] - 92 	 1089.7 	 	 0.0010 	 0.5769 	 0.8375 	 1.0598	 0.5145
[2022/09/21 06:48:34] - 93 	 1054.2 	 	 0.0010 	 0.6225 	 0.8391 	 1.3042	 0.5125
[2022/09/21 07:06:55] - 94 	 1042.9 	 	 0.0010 	 0.6722 	 0.8441 	 1.8560	 0.5109
[2022/09/21 07:25:11] - 95 	 1037.6 	 	 0.0010 	 0.7207 	 0.8402 	 2.5984	 0.5016
[2022/09/21 07:43:25] - 96 	 1035.7 	 	 0.0010 	 0.5201 	 0.8434 	 0.8653	 0.4996
[2022/09/21 08:01:40] - 97 	 1036.4 	 	 0.0010 	 0.5624 	 0.8410 	 1.1388	 0.5070
[2022/09/21 08:19:56] - 98 	 1037.6 	 	 0.0010 	 0.5559 	 0.8395 	 1.1700	 0.5016
[2022/09/21 08:38:09] - 99 	 1035.2 	 	 0.0010 	 0.5444 	 0.8461 	 1.2624	 0.5051
[2022/09/21 08:38:09] - Total train time: 1842.1445 minutes
[2022/09/21 08:38:09] - Best checkpoint at 80, 0.5328125
