[2021/03/21 11:18:27] - Namespace(batch_size=128, beta=6.0, data_dir='/mnt/storage0_8/torch_datasets/cifar-data', epochs=50, epsilon=8.0, fname='output_pre', gamma=1.01, lr=0.05, model='pre', momentum=0.9, num_steps=10, out_dir='mmart_out', save_model=True, seed=0, step_size=2.0, weight_decay=0.0005, wide_factor=10)
[2021/03/21 11:18:27] - Epoch 	 Seconds 	 LR 	 	 Train Loss 	 Val Acc	 MG 	 PGD Acc
[2021/03/21 11:19:06] - 0 	 30.4 	 	 0.0500 	 1.5198 	 0.5797 	 0.0000	 0.0090
[2021/03/21 11:19:59] - 1 	 44.6 	 	 0.0500 	 1.7682 	 0.5742 	 5.5334	 0.2121
[2021/03/21 11:20:53] - 2 	 44.7 	 	 0.0500 	 1.6164 	 0.6566 	 5.7659	 0.2117
[2021/03/21 11:22:01] - 3 	 59.4 	 	 0.0500 	 1.9192 	 0.6594 	 4.4659	 0.2965
[2021/03/21 11:23:24] - 4 	 74.1 	 	 0.0500 	 1.8849 	 0.6340 	 2.6872	 0.3496
[2021/03/21 11:25:01] - 5 	 88.6 	 	 0.0500 	 1.9763 	 0.6293 	 2.0615	 0.3723
[2021/03/21 11:26:39] - 6 	 88.7 	 	 0.0500 	 1.9534 	 0.6195 	 1.8270	 0.3895
[2021/03/21 11:28:16] - 7 	 88.7 	 	 0.0500 	 1.9756 	 0.6512 	 2.1390	 0.3586
[2021/03/21 11:29:53] - 8 	 88.6 	 	 0.0500 	 2.0901 	 0.6344 	 2.4326	 0.3895
[2021/03/21 11:31:31] - 9 	 88.8 	 	 0.0500 	 2.0580 	 0.6410 	 2.4498	 0.3879
[2021/03/21 11:33:08] - 10 	 88.7 	 	 0.0500 	 2.0245 	 0.6277 	 2.3789	 0.4004
[2021/03/21 11:34:46] - 11 	 88.7 	 	 0.0500 	 1.9600 	 0.6340 	 2.4559	 0.4035
[2021/03/21 11:36:23] - 12 	 88.7 	 	 0.0500 	 1.9264 	 0.6680 	 2.3319	 0.3953
[2021/03/21 11:38:01] - 13 	 88.7 	 	 0.0500 	 1.8837 	 0.6406 	 2.1391	 0.4047
[2021/03/21 11:39:38] - 14 	 88.8 	 	 0.0500 	 1.7957 	 0.6527 	 2.0192	 0.4031
[2021/03/21 11:41:16] - 15 	 88.7 	 	 0.0500 	 1.9600 	 0.6711 	 2.5819	 0.4148
[2021/03/21 11:42:53] - 16 	 88.6 	 	 0.0500 	 1.8954 	 0.6559 	 2.0806	 0.4242
[2021/03/21 11:44:31] - 17 	 88.7 	 	 0.0500 	 1.9349 	 0.6805 	 2.5327	 0.4047
[2021/03/21 11:46:08] - 18 	 88.7 	 	 0.0500 	 1.8198 	 0.6773 	 2.0965	 0.4215
[2021/03/21 11:47:45] - 19 	 88.7 	 	 0.0500 	 1.8233 	 0.6711 	 1.8470	 0.4039
[2021/03/21 11:49:23] - 20 	 88.6 	 	 0.0500 	 2.0538 	 0.6703 	 2.8757	 0.4273
[2021/03/21 11:51:15] - 21 	 103.2 	 	 0.0500 	 2.0280 	 0.6723 	 2.9871	 0.4270
[2021/03/21 11:53:21] - 22 	 117.8 	 	 0.0500 	 1.9745 	 0.6656 	 2.5355	 0.4277
[2021/03/21 11:55:28] - 23 	 117.9 	 	 0.0500 	 1.8368 	 0.6719 	 2.4535	 0.4254
[2021/03/21 11:57:34] - 24 	 117.8 	 	 0.0500 	 1.8484 	 0.6664 	 2.5047	 0.4426
[2021/03/21 11:59:41] - 25 	 117.8 	 	 0.0050 	 1.5791 	 0.7164 	 2.3877	 0.4793
[2021/03/21 12:01:48] - 26 	 117.9 	 	 0.0050 	 1.5439 	 0.7281 	 1.8980	 0.4801
[2021/03/21 12:03:55] - 27 	 118.1 	 	 0.0050 	 1.6214 	 0.7441 	 2.5170	 0.4805
[2021/03/21 12:06:02] - 28 	 118.0 	 	 0.0050 	 1.5175 	 0.7328 	 2.3101	 0.4887
[2021/03/21 12:08:08] - 29 	 118.1 	 	 0.0050 	 1.5201 	 0.7477 	 2.2644	 0.4832
[2021/03/21 12:10:15] - 30 	 117.9 	 	 0.0050 	 1.5087 	 0.7367 	 2.1324	 0.4898
[2021/03/21 12:12:22] - 31 	 117.9 	 	 0.0050 	 1.5959 	 0.7551 	 2.5589	 0.4824
[2021/03/21 12:14:29] - 32 	 118.1 	 	 0.0050 	 1.7169 	 0.7492 	 2.6892	 0.4789
[2021/03/21 12:16:35] - 33 	 118.1 	 	 0.0050 	 1.7640 	 0.7438 	 2.7231	 0.4832
[2021/03/21 12:18:42] - 34 	 118.1 	 	 0.0050 	 1.4549 	 0.7504 	 2.2078	 0.4816
[2021/03/21 12:20:49] - 35 	 117.9 	 	 0.0050 	 1.4991 	 0.7355 	 2.3037	 0.4879
[2021/03/21 12:22:56] - 36 	 118.1 	 	 0.0050 	 1.5296 	 0.7449 	 2.4534	 0.4762
[2021/03/21 12:25:03] - 37 	 118.1 	 	 0.0050 	 1.8684 	 0.7668 	 3.9038	 0.4758
[2021/03/21 12:27:24] - 38 	 132.6 	 	 0.0050 	 1.6702 	 0.7652 	 2.7691	 0.4793
[2021/03/21 12:29:45] - 39 	 132.5 	 	 0.0050 	 1.6188 	 0.7672 	 3.0053	 0.4805
[2021/03/21 12:32:06] - 40 	 132.5 	 	 0.0005 	 1.3997 	 0.7574 	 2.2067	 0.4973
[2021/03/21 12:34:27] - 41 	 132.5 	 	 0.0005 	 1.4053 	 0.7695 	 2.3685	 0.4961
[2021/03/21 12:36:49] - 42 	 132.6 	 	 0.0005 	 1.3329 	 0.7742 	 1.8439	 0.5012
[2021/03/21 12:39:10] - 43 	 132.5 	 	 0.0005 	 1.5086 	 0.7730 	 2.6936	 0.4910
[2021/03/21 12:41:31] - 44 	 132.5 	 	 0.0005 	 1.3695 	 0.7758 	 2.5870	 0.4859
[2021/03/21 12:43:53] - 45 	 132.7 	 	 0.0005 	 1.6559 	 0.7719 	 3.5541	 0.4938
[2021/03/21 12:46:14] - 46 	 132.7 	 	 0.0005 	 1.4031 	 0.7680 	 2.1742	 0.4914
[2021/03/21 12:48:36] - 47 	 132.5 	 	 0.0005 	 1.5472 	 0.7676 	 3.1320	 0.4906
[2021/03/21 12:50:57] - 48 	 132.5 	 	 0.0005 	 1.4456 	 0.7746 	 2.9224	 0.4926
[2021/03/21 12:53:18] - 49 	 132.5 	 	 0.0005 	 1.4729 	 0.7637 	 2.6250	 0.4949
[2021/03/21 12:53:18] - Total train time: 87.5589 minutes
[2021/03/21 12:53:18] - Best checkpoint at 42, 0.501171875
[2022/09/22 15:39:50] - Namespace(alpha=2.0, batch_size=128, beta=6.0, data_dir='/mnt/storage0_8/torch_datasets/cifar-data', epochs=50, epsilon=8.0, fname='output_pre', gamma=1.01, lr_max=0.05, model='pre', momentum=0.9, normalization='std', num_steps=10, out_dir='mmart_out', save_model=True, seed=0, weight_decay=0.0005, wide_factor=10)
[2022/09/22 15:39:50] - Epoch 	 Seconds 	 LR 	 BP	 Train Loss 	 Train Acc 	 Val Acc 	 MG 	 PGD Acc
[2022/09/22 15:40:28] - 0	31.1	0.0500	0	1.8822	0.4373	0.5906	25.3329	0.0043
[2022/09/22 15:41:22] - 1	45.3	0.0500	1	1.8626	0.4608	0.6312	11.6441	0.1891
[2022/09/22 15:42:17] - 2	45.5	0.0500	1	1.6829	0.5333	0.6488	10.7152	0.2211
[2022/09/22 15:49:33] - Namespace(alpha=2.0, batch_size=128, beta=6.0, data_dir='/mnt/storage0_8/torch_datasets/cifar-data', epochs=50, epsilon=8.0, fname='output_pre', gamma=1.01, lr_max=0.05, model='pre', momentum=0.9, normalization='std', num_steps=10, out_dir='mmart_out', save_model=True, seed=0, weight_decay=0.0005, wide_factor=10)
[2022/09/22 15:49:34] - Epoch 	 Seconds 	 LR 	 BP	 Train Loss 	 Train Acc 	 Val Acc 	 MG 	 PGD Acc
[2022/09/22 15:50:12] - 0	30.9	0.0500	0	1.8861	0.4334	0.6086	24.3303	0.0105
[2022/09/22 15:51:06] - 1	45.1	0.0500	1	1.8661	0.4624	0.6227	12.3077	0.1855
[2022/09/22 15:52:00] - 2	45.3	0.0500	1	1.6880	0.5317	0.6367	10.8374	0.2152
[2022/09/22 15:53:09] - 3	60.0	0.0500	2	1.8372	0.4849	0.6547	9.2546	0.2902
[2022/09/22 15:54:33] - 4	74.6	0.0500	3	1.9581	0.4408	0.6180	5.1487	0.3520
[2022/09/22 15:56:11] - 5	89.3	0.0500	4	2.0397	0.4061	0.6195	3.8725	0.3363
[2022/09/22 15:58:03] - 6	103.8	0.0500	5	2.0246	0.4111	0.6316	3.7386	0.3887
[2022/09/22 16:00:11] - 7	118.5	0.0500	6	2.0119	0.4168	0.6289	3.9427	0.3941
[2022/09/22 16:02:32] - 8	133.0	0.0500	7	1.9992	0.4244	0.6117	3.1120	0.3691
[2022/09/22 16:05:09] - 9	147.6	0.0500	8	1.9897	0.4300	0.6184	4.7543	0.4105
[2022/09/22 16:08:00] - 10	162.1	0.0500	9	1.9787	0.4355	0.6492	4.3252	0.3992
[2022/09/22 16:11:05] - 11	176.8	0.0500	10	1.9679	0.4423	0.6242	4.8588	0.3949
[2022/09/22 16:14:25] - 12	191.4	0.0500	11	1.9596	0.4459	0.6285	3.9682	0.4109
