initial accuracy: 84.50%
apgd-ce - 1/1 - 79 out of 169 successfully perturbed
robust accuracy after APGD-CE: 45.00% (total time 8.2 s)
apgd-t - 1/1 - 7 out of 90 successfully perturbed
robust accuracy after APGD-T: 41.50% (total time 48.2 s)
fab-t - 1/1 - 0 out of 83 successfully perturbed
robust accuracy after FAB-T: 41.50% (total time 100.0 s)
square - 1/1 - 0 out of 83 successfully perturbed
robust accuracy after SQUARE: 41.50% (total time 148.4 s)
max Linf perturbation: 0.03137, nan in tensor: 0, max: 1.00000, min: 0.00000
robust accuracy: 41.50%
initial accuracy: 82.00%
apgd-ce - 1/1 - 75 out of 164 successfully perturbed
robust accuracy after APGD-CE: 44.50% (total time 8.0 s)
apgd-t - 1/1 - 4 out of 89 successfully perturbed
robust accuracy after APGD-T: 42.50% (total time 48.5 s)
fab-t - 1/1 - 0 out of 85 successfully perturbed
robust accuracy after FAB-T: 42.50% (total time 100.9 s)
square - 1/1 - 0 out of 85 successfully perturbed
robust accuracy after SQUARE: 42.50% (total time 149.8 s)
max Linf perturbation: 0.03137, nan in tensor: 0, max: 1.00000, min: 0.00000
robust accuracy: 42.50%
initial accuracy: 83.50%
apgd-ce - 1/1 - 61 out of 167 successfully perturbed
robust accuracy after APGD-CE: 53.00% (total time 8.1 s)
apgd-t - 1/1 - 5 out of 106 successfully perturbed
robust accuracy after APGD-T: 50.50% (total time 56.0 s)
fab-t - 1/1 - 0 out of 101 successfully perturbed
robust accuracy after FAB-T: 50.50% (total time 117.0 s)
square - 1/1 - 0 out of 101 successfully perturbed
robust accuracy after SQUARE: 50.50% (total time 171.9 s)
max Linf perturbation: 0.03137, nan in tensor: 0, max: 1.00000, min: 0.00000
robust accuracy: 50.50%
initial accuracy: 81.50%
apgd-ce - 1/1 - 72 out of 163 successfully perturbed
robust accuracy after APGD-CE: 45.50% (total time 8.0 s)
apgd-t - 1/1 - 4 out of 91 successfully perturbed
robust accuracy after APGD-T: 43.50% (total time 48.8 s)
fab-t - 1/1 - 0 out of 87 successfully perturbed
robust accuracy after FAB-T: 43.50% (total time 101.8 s)
square - 1/1 - 0 out of 87 successfully perturbed
robust accuracy after SQUARE: 43.50% (total time 151.0 s)
max Linf perturbation: 0.03137, nan in tensor: 0, max: 1.00000, min: 0.00000
robust accuracy: 43.50%
initial accuracy: 83.00%
apgd-ce - 1/1 - 62 out of 166 successfully perturbed
robust accuracy after APGD-CE: 52.00% (total time 8.1 s)
apgd-t - 1/1 - 7 out of 104 successfully perturbed
robust accuracy after APGD-T: 48.50% (total time 55.0 s)
fab-t - 1/1 - 0 out of 97 successfully perturbed
robust accuracy after FAB-T: 48.50% (total time 114.7 s)
square - 1/1 - 0 out of 97 successfully perturbed
robust accuracy after SQUARE: 48.50% (total time 169.1 s)
max Linf perturbation: 0.03137, nan in tensor: 0, max: 1.00000, min: 0.00000
robust accuracy: 48.50%
initial accuracy: 82.50%
apgd-ce - 1/1 - 58 out of 165 successfully perturbed
robust accuracy after APGD-CE: 53.50% (total time 8.1 s)
apgd-t - 1/1 - 12 out of 107 successfully perturbed
robust accuracy after APGD-T: 47.50% (total time 52.4 s)
fab-t - 1/1 - 0 out of 95 successfully perturbed
robust accuracy after FAB-T: 47.50% (total time 107.9 s)
square - 1/1 - 0 out of 95 successfully perturbed
robust accuracy after SQUARE: 47.50% (total time 158.3 s)
max Linf perturbation: 0.03137, nan in tensor: 0, max: 1.00000, min: 0.00000
robust accuracy: 47.50%
initial accuracy: 80.00%
apgd-ce - 1/1 - 65 out of 160 successfully perturbed
robust accuracy after APGD-CE: 47.50% (total time 7.7 s)
apgd-t - 1/1 - 6 out of 95 successfully perturbed
robust accuracy after APGD-T: 44.50% (total time 49.5 s)
fab-t - 1/1 - 0 out of 89 successfully perturbed
robust accuracy after FAB-T: 44.50% (total time 103.3 s)
square - 1/1 - 0 out of 89 successfully perturbed
robust accuracy after SQUARE: 44.50% (total time 152.8 s)
max Linf perturbation: 0.03137, nan in tensor: 0, max: 1.00000, min: 0.00000
robust accuracy: 44.50%
initial accuracy: 83.00%
apgd-ce - 1/1 - 61 out of 166 successfully perturbed
robust accuracy after APGD-CE: 52.50% (total time 8.1 s)
apgd-t - 1/1 - 6 out of 105 successfully perturbed
robust accuracy after APGD-T: 49.50% (total time 55.6 s)
fab-t - 1/1 - 0 out of 99 successfully perturbed
robust accuracy after FAB-T: 49.50% (total time 115.9 s)
square - 1/1 - 0 out of 99 successfully perturbed
robust accuracy after SQUARE: 49.50% (total time 170.6 s)
max Linf perturbation: 0.03137, nan in tensor: 0, max: 1.00000, min: 0.00000
robust accuracy: 49.50%
initial accuracy: 82.00%
apgd-ce - 1/1 - 68 out of 164 successfully perturbed
robust accuracy after APGD-CE: 48.00% (total time 8.0 s)
apgd-t - 1/1 - 6 out of 96 successfully perturbed
robust accuracy after APGD-T: 45.00% (total time 50.0 s)
fab-t - 1/1 - 0 out of 90 successfully perturbed
robust accuracy after FAB-T: 45.00% (total time 104.1 s)
square - 1/1 - 0 out of 90 successfully perturbed
robust accuracy after SQUARE: 45.00% (total time 153.7 s)
max Linf perturbation: 0.03137, nan in tensor: 0, max: 1.00000, min: 0.00000
robust accuracy: 45.00%
initial accuracy: 81.00%
apgd-ce - 1/1 - 68 out of 162 successfully perturbed
robust accuracy after APGD-CE: 47.00% (total time 8.0 s)
apgd-t - 1/1 - 3 out of 94 successfully perturbed
robust accuracy after APGD-T: 45.50% (total time 50.2 s)
fab-t - 1/1 - 0 out of 91 successfully perturbed
robust accuracy after FAB-T: 45.50% (total time 104.6 s)
square - 1/1 - 0 out of 91 successfully perturbed
robust accuracy after SQUARE: 45.50% (total time 154.4 s)
max Linf perturbation: 0.03137, nan in tensor: 0, max: 1.00000, min: 0.00000
robust accuracy: 45.50%
initial accuracy: 81.00%
apgd-ce - 1/1 - 71 out of 162 successfully perturbed
robust accuracy after APGD-CE: 45.50% (total time 7.9 s)
apgd-t - 1/1 - 3 out of 91 successfully perturbed
robust accuracy after APGD-T: 44.00% (total time 49.3 s)
fab-t - 1/1 - 0 out of 88 successfully perturbed
robust accuracy after FAB-T: 44.00% (total time 102.1 s)
square - 1/1 - 0 out of 88 successfully perturbed
robust accuracy after SQUARE: 44.00% (total time 151.5 s)
max Linf perturbation: 0.03137, nan in tensor: 0, max: 1.00000, min: 0.00000
robust accuracy: 44.00%
initial accuracy: 82.00%
apgd-ce - 1/1 - 59 out of 164 successfully perturbed
robust accuracy after APGD-CE: 52.50% (total time 8.0 s)
apgd-t - 1/1 - 9 out of 105 successfully perturbed
robust accuracy after APGD-T: 48.00% (total time 53.1 s)
fab-t - 1/1 - 0 out of 96 successfully perturbed
robust accuracy after FAB-T: 48.00% (total time 108.5 s)
square - 1/1 - 0 out of 96 successfully perturbed
robust accuracy after SQUARE: 48.00% (total time 159.0 s)
max Linf perturbation: 0.03137, nan in tensor: 0, max: 1.00000, min: 0.00000
robust accuracy: 48.00%
initial accuracy: 77.00%
apgd-ce - 1/1 - 78 out of 154 successfully perturbed
robust accuracy after APGD-CE: 38.00% (total time 7.5 s)
apgd-t - 1/1 - 5 out of 76 successfully perturbed
robust accuracy after APGD-T: 35.50% (total time 42.9 s)
fab-t - 1/1 - 0 out of 71 successfully perturbed
robust accuracy after FAB-T: 35.50% (total time 89.6 s)
square - 1/1 - 0 out of 71 successfully perturbed
robust accuracy after SQUARE: 35.50% (total time 133.5 s)
max Linf perturbation: 0.03137, nan in tensor: 0, max: 1.00000, min: 0.00000
robust accuracy: 35.50%
initial accuracy: 86.00%
apgd-ce - 1/1 - 72 out of 172 successfully perturbed
robust accuracy after APGD-CE: 50.00% (total time 8.2 s)
apgd-t - 1/1 - 4 out of 100 successfully perturbed
robust accuracy after APGD-T: 48.00% (total time 52.1 s)
fab-t - 1/1 - 0 out of 96 successfully perturbed
robust accuracy after FAB-T: 48.00% (total time 107.6 s)
square - 1/1 - 0 out of 96 successfully perturbed
robust accuracy after SQUARE: 48.00% (total time 158.1 s)
max Linf perturbation: 0.03137, nan in tensor: 0, max: 1.00000, min: 0.00000
robust accuracy: 48.00%
initial accuracy: 85.00%
apgd-ce - 1/1 - 80 out of 170 successfully perturbed
robust accuracy after APGD-CE: 45.00% (total time 8.2 s)
apgd-t - 1/1 - 6 out of 90 successfully perturbed
robust accuracy after APGD-T: 42.00% (total time 48.3 s)
fab-t - 1/1 - 0 out of 84 successfully perturbed
robust accuracy after FAB-T: 42.00% (total time 100.3 s)
square - 1/1 - 0 out of 84 successfully perturbed
robust accuracy after SQUARE: 42.00% (total time 148.9 s)
max Linf perturbation: 0.03137, nan in tensor: 0, max: 1.00000, min: 0.00000
robust accuracy: 42.00%
initial accuracy: 80.00%
apgd-ce - 1/1 - 60 out of 160 successfully perturbed
robust accuracy after APGD-CE: 50.00% (total time 7.7 s)
apgd-t - 1/1 - 7 out of 100 successfully perturbed
robust accuracy after APGD-T: 46.50% (total time 50.9 s)
fab-t - 1/1 - 0 out of 93 successfully perturbed
robust accuracy after FAB-T: 46.50% (total time 105.9 s)
square - 1/1 - 0 out of 93 successfully perturbed
robust accuracy after SQUARE: 46.50% (total time 156.1 s)
max Linf perturbation: 0.03137, nan in tensor: 0, max: 1.00000, min: 0.00000
robust accuracy: 46.50%
initial accuracy: 79.50%
apgd-ce - 1/1 - 61 out of 159 successfully perturbed
robust accuracy after APGD-CE: 49.00% (total time 7.7 s)
apgd-t - 1/1 - 9 out of 98 successfully perturbed
robust accuracy after APGD-T: 44.50% (total time 50.0 s)
fab-t - 1/1 - 0 out of 89 successfully perturbed
robust accuracy after FAB-T: 44.50% (total time 103.8 s)
square - 1/1 - 0 out of 89 successfully perturbed
robust accuracy after SQUARE: 44.50% (total time 153.3 s)
max Linf perturbation: 0.03137, nan in tensor: 0, max: 1.00000, min: 0.00000
robust accuracy: 44.50%
initial accuracy: 78.00%
apgd-ce - 1/1 - 55 out of 156 successfully perturbed
robust accuracy after APGD-CE: 50.50% (total time 7.5 s)
apgd-t - 1/1 - 6 out of 101 successfully perturbed
robust accuracy after APGD-T: 47.50% (total time 51.5 s)
fab-t - 1/1 - 0 out of 95 successfully perturbed
robust accuracy after FAB-T: 47.50% (total time 107.0 s)
square - 1/1 - 0 out of 95 successfully perturbed
robust accuracy after SQUARE: 47.50% (total time 157.4 s)
max Linf perturbation: 0.03137, nan in tensor: 0, max: 1.00000, min: 0.00000
robust accuracy: 47.50%
initial accuracy: 80.50%
apgd-ce - 1/1 - 66 out of 161 successfully perturbed
robust accuracy after APGD-CE: 47.50% (total time 7.9 s)
apgd-t - 1/1 - 7 out of 95 successfully perturbed
robust accuracy after APGD-T: 44.00% (total time 49.2 s)
fab-t - 1/1 - 0 out of 88 successfully perturbed
robust accuracy after FAB-T: 44.00% (total time 102.1 s)
square - 1/1 - 0 out of 88 successfully perturbed
robust accuracy after SQUARE: 44.00% (total time 151.5 s)
max Linf perturbation: 0.03137, nan in tensor: 0, max: 1.00000, min: 0.00000
robust accuracy: 44.00%
initial accuracy: 81.50%
apgd-ce - 1/1 - 68 out of 163 successfully perturbed
robust accuracy after APGD-CE: 47.50% (total time 8.0 s)
apgd-t - 1/1 - 4 out of 95 successfully perturbed
robust accuracy after APGD-T: 45.50% (total time 50.3 s)
fab-t - 1/1 - 0 out of 91 successfully perturbed
robust accuracy after FAB-T: 45.50% (total time 104.6 s)
square - 1/1 - 0 out of 91 successfully perturbed
robust accuracy after SQUARE: 45.50% (total time 154.5 s)
max Linf perturbation: 0.03137, nan in tensor: 0, max: 1.00000, min: 0.00000
robust accuracy: 45.50%
initial accuracy: 81.50%
apgd-ce - 1/1 - 55 out of 163 successfully perturbed
robust accuracy after APGD-CE: 54.00% (total time 8.0 s)
apgd-t - 1/1 - 10 out of 108 successfully perturbed
robust accuracy after APGD-T: 49.00% (total time 55.5 s)
fab-t - 1/1 - 0 out of 98 successfully perturbed
robust accuracy after FAB-T: 49.00% (total time 115.4 s)
square - 1/1 - 0 out of 98 successfully perturbed
robust accuracy after SQUARE: 49.00% (total time 170.0 s)
max Linf perturbation: 0.03137, nan in tensor: 0, max: 1.00000, min: 0.00000
robust accuracy: 49.00%
initial accuracy: 85.50%
apgd-ce - 1/1 - 65 out of 171 successfully perturbed
robust accuracy after APGD-CE: 53.00% (total time 8.2 s)
apgd-t - 1/1 - 10 out of 106 successfully perturbed
robust accuracy after APGD-T: 48.00% (total time 52.8 s)
fab-t - 1/1 - 0 out of 96 successfully perturbed
robust accuracy after FAB-T: 48.00% (total time 108.2 s)
square - 1/1 - 0 out of 96 successfully perturbed
robust accuracy after SQUARE: 48.00% (total time 158.8 s)
max Linf perturbation: 0.03137, nan in tensor: 0, max: 1.00000, min: 0.00000
robust accuracy: 48.00%
initial accuracy: 81.50%
apgd-ce - 1/1 - 66 out of 163 successfully perturbed
robust accuracy after APGD-CE: 48.50% (total time 8.0 s)
apgd-t - 1/1 - 11 out of 97 successfully perturbed
robust accuracy after APGD-T: 43.00% (total time 49.2 s)
fab-t - 1/1 - 0 out of 86 successfully perturbed
robust accuracy after FAB-T: 43.00% (total time 102.0 s)
square - 1/1 - 0 out of 86 successfully perturbed
robust accuracy after SQUARE: 43.00% (total time 151.0 s)
max Linf perturbation: 0.03137, nan in tensor: 0, max: 1.00000, min: 0.00000
robust accuracy: 43.00%
initial accuracy: 82.50%
apgd-ce - 1/1 - 65 out of 165 successfully perturbed
robust accuracy after APGD-CE: 50.00% (total time 8.1 s)
apgd-t - 1/1 - 7 out of 100 successfully perturbed
robust accuracy after APGD-T: 46.50% (total time 51.2 s)
fab-t - 1/1 - 0 out of 93 successfully perturbed
robust accuracy after FAB-T: 46.50% (total time 106.1 s)
square - 1/1 - 0 out of 93 successfully perturbed
robust accuracy after SQUARE: 46.50% (total time 156.3 s)
max Linf perturbation: 0.03137, nan in tensor: 0, max: 1.00000, min: 0.00000
robust accuracy: 46.50%
initial accuracy: 82.00%
apgd-ce - 1/1 - 78 out of 164 successfully perturbed
robust accuracy after APGD-CE: 43.00% (total time 8.0 s)
apgd-t - 1/1 - 2 out of 86 successfully perturbed
robust accuracy after APGD-T: 42.00% (total time 47.9 s)
fab-t - 1/1 - 0 out of 84 successfully perturbed
robust accuracy after FAB-T: 42.00% (total time 100.0 s)
square - 1/1 - 0 out of 84 successfully perturbed
robust accuracy after SQUARE: 42.00% (total time 148.6 s)
max Linf perturbation: 0.03137, nan in tensor: 0, max: 1.00000, min: 0.00000
robust accuracy: 42.00%
initial accuracy: 81.00%
apgd-ce - 1/1 - 66 out of 162 successfully perturbed
robust accuracy after APGD-CE: 48.00% (total time 7.9 s)
apgd-t - 1/1 - 8 out of 96 successfully perturbed
robust accuracy after APGD-T: 44.00% (total time 49.0 s)
fab-t - 1/1 - 0 out of 88 successfully perturbed
robust accuracy after FAB-T: 44.00% (total time 101.8 s)
square - 1/1 - 0 out of 88 successfully perturbed
robust accuracy after SQUARE: 44.00% (total time 151.2 s)
max Linf perturbation: 0.03137, nan in tensor: 0, max: 1.00000, min: 0.00000
robust accuracy: 44.00%
initial accuracy: 84.00%
apgd-ce - 1/1 - 73 out of 168 successfully perturbed
robust accuracy after APGD-CE: 47.50% (total time 8.1 s)
apgd-t - 1/1 - 8 out of 95 successfully perturbed
robust accuracy after APGD-T: 43.50% (total time 49.2 s)
fab-t - 1/1 - 0 out of 87 successfully perturbed
robust accuracy after FAB-T: 43.50% (total time 101.9 s)
square - 1/1 - 0 out of 87 successfully perturbed
robust accuracy after SQUARE: 43.50% (total time 151.1 s)
max Linf perturbation: 0.03137, nan in tensor: 0, max: 1.00000, min: 0.00000
robust accuracy: 43.50%
initial accuracy: 78.00%
apgd-ce - 1/1 - 62 out of 156 successfully perturbed
robust accuracy after APGD-CE: 47.00% (total time 7.5 s)
apgd-t - 1/1 - 8 out of 94 successfully perturbed
robust accuracy after APGD-T: 43.00% (total time 48.3 s)
fab-t - 1/1 - 0 out of 86 successfully perturbed
robust accuracy after FAB-T: 43.00% (total time 100.8 s)
square - 1/1 - 0 out of 86 successfully perturbed
robust accuracy after SQUARE: 43.00% (total time 149.8 s)
max Linf perturbation: 0.03137, nan in tensor: 0, max: 1.00000, min: 0.00000
robust accuracy: 43.00%
initial accuracy: 83.00%
apgd-ce - 1/1 - 65 out of 166 successfully perturbed
robust accuracy after APGD-CE: 50.50% (total time 8.1 s)
apgd-t - 1/1 - 6 out of 101 successfully perturbed
robust accuracy after APGD-T: 47.50% (total time 51.6 s)
fab-t - 1/1 - 0 out of 95 successfully perturbed
robust accuracy after FAB-T: 47.50% (total time 106.9 s)
square - 1/1 - 0 out of 95 successfully perturbed
robust accuracy after SQUARE: 47.50% (total time 157.3 s)
max Linf perturbation: 0.03137, nan in tensor: 0, max: 1.00000, min: 0.00000
robust accuracy: 47.50%
initial accuracy: 79.50%
apgd-ce - 1/1 - 70 out of 159 successfully perturbed
robust accuracy after APGD-CE: 44.50% (total time 7.7 s)
apgd-t - 1/1 - 8 out of 89 successfully perturbed
robust accuracy after APGD-T: 40.50% (total time 47.2 s)
fab-t - 1/1 - 0 out of 81 successfully perturbed
robust accuracy after FAB-T: 40.50% (total time 98.2 s)
square - 1/1 - 0 out of 81 successfully perturbed
robust accuracy after SQUARE: 40.50% (total time 146.5 s)
max Linf perturbation: 0.03137, nan in tensor: 0, max: 1.00000, min: 0.00000
robust accuracy: 40.50%
initial accuracy: 77.00%
apgd-ce - 1/1 - 63 out of 154 successfully perturbed
robust accuracy after APGD-CE: 45.50% (total time 7.5 s)
apgd-t - 1/1 - 3 out of 91 successfully perturbed
robust accuracy after APGD-T: 44.00% (total time 48.2 s)
fab-t - 1/1 - 0 out of 88 successfully perturbed
robust accuracy after FAB-T: 44.00% (total time 100.7 s)
square - 1/1 - 0 out of 88 successfully perturbed
robust accuracy after SQUARE: 44.00% (total time 150.2 s)
max Linf perturbation: 0.03137, nan in tensor: 0, max: 1.00000, min: 0.00000
robust accuracy: 44.00%
initial accuracy: 84.50%
apgd-ce - 1/1 - 61 out of 169 successfully perturbed
robust accuracy after APGD-CE: 54.00% (total time 8.2 s)
apgd-t - 1/1 - 5 out of 108 successfully perturbed
robust accuracy after APGD-T: 51.50% (total time 56.6 s)
fab-t - 1/1 - 0 out of 103 successfully perturbed
robust accuracy after FAB-T: 51.50% (total time 118.0 s)
square - 1/1 - 0 out of 103 successfully perturbed
robust accuracy after SQUARE: 51.50% (total time 173.7 s)
max Linf perturbation: 0.03137, nan in tensor: 0, max: 1.00000, min: 0.00000
robust accuracy: 51.50%
initial accuracy: 87.50%
apgd-ce - 1/1 - 82 out of 175 successfully perturbed
robust accuracy after APGD-CE: 46.50% (total time 8.4 s)
apgd-t - 1/1 - 8 out of 93 successfully perturbed
robust accuracy after APGD-T: 42.50% (total time 48.8 s)
fab-t - 1/1 - 0 out of 85 successfully perturbed
robust accuracy after FAB-T: 42.50% (total time 100.8 s)
square - 1/1 - 0 out of 85 successfully perturbed
robust accuracy after SQUARE: 42.50% (total time 149.5 s)
max Linf perturbation: 0.03137, nan in tensor: 0, max: 1.00000, min: 0.00000
robust accuracy: 42.50%
initial accuracy: 81.00%
apgd-ce - 1/1 - 62 out of 162 successfully perturbed
robust accuracy after APGD-CE: 50.00% (total time 7.9 s)
apgd-t - 1/1 - 9 out of 100 successfully perturbed
robust accuracy after APGD-T: 45.50% (total time 50.4 s)
fab-t - 1/1 - 0 out of 91 successfully perturbed
robust accuracy after FAB-T: 45.50% (total time 104.4 s)
square - 1/1 - 0 out of 91 successfully perturbed
robust accuracy after SQUARE: 45.50% (total time 154.2 s)
max Linf perturbation: 0.03137, nan in tensor: 0, max: 1.00000, min: 0.00000
robust accuracy: 45.50%
initial accuracy: 78.50%
apgd-ce - 1/1 - 69 out of 157 successfully perturbed
robust accuracy after APGD-CE: 44.00% (total time 7.5 s)
apgd-t - 1/1 - 9 out of 88 successfully perturbed
robust accuracy after APGD-T: 39.50% (total time 45.9 s)
fab-t - 1/1 - 0 out of 79 successfully perturbed
robust accuracy after FAB-T: 39.50% (total time 94.7 s)
square - 1/1 - 0 out of 79 successfully perturbed
robust accuracy after SQUARE: 39.50% (total time 139.9 s)
max Linf perturbation: 0.03137, nan in tensor: 0, max: 1.00000, min: 0.00000
robust accuracy: 39.50%
initial accuracy: 79.50%
apgd-ce - 1/1 - 63 out of 159 successfully perturbed
robust accuracy after APGD-CE: 48.00% (total time 7.6 s)
apgd-t - 1/1 - 3 out of 96 successfully perturbed
robust accuracy after APGD-T: 46.50% (total time 50.1 s)
fab-t - 1/1 - 0 out of 93 successfully perturbed
robust accuracy after FAB-T: 46.50% (total time 104.7 s)
square - 1/1 - 0 out of 93 successfully perturbed
robust accuracy after SQUARE: 46.50% (total time 154.8 s)
max Linf perturbation: 0.03137, nan in tensor: 0, max: 1.00000, min: 0.00000
robust accuracy: 46.50%
initial accuracy: 82.50%
apgd-ce - 1/1 - 78 out of 165 successfully perturbed
robust accuracy after APGD-CE: 43.50% (total time 8.0 s)
apgd-t - 1/1 - 5 out of 87 successfully perturbed
robust accuracy after APGD-T: 41.00% (total time 47.3 s)
fab-t - 1/1 - 0 out of 82 successfully perturbed
robust accuracy after FAB-T: 41.00% (total time 98.3 s)
square - 1/1 - 0 out of 82 successfully perturbed
robust accuracy after SQUARE: 41.00% (total time 146.6 s)
max Linf perturbation: 0.03137, nan in tensor: 0, max: 1.00000, min: 0.00000
robust accuracy: 41.00%
initial accuracy: 77.50%
apgd-ce - 1/1 - 59 out of 155 successfully perturbed
robust accuracy after APGD-CE: 48.00% (total time 7.5 s)
apgd-t - 1/1 - 4 out of 96 successfully perturbed
robust accuracy after APGD-T: 46.00% (total time 49.6 s)
fab-t - 1/1 - 0 out of 92 successfully perturbed
robust accuracy after FAB-T: 46.00% (total time 103.6 s)
square - 1/1 - 0 out of 92 successfully perturbed
robust accuracy after SQUARE: 46.00% (total time 153.6 s)
max Linf perturbation: 0.03137, nan in tensor: 0, max: 1.00000, min: 0.00000
robust accuracy: 46.00%
initial accuracy: 81.00%
apgd-ce - 1/1 - 68 out of 162 successfully perturbed
robust accuracy after APGD-CE: 47.00% (total time 7.9 s)
apgd-t - 1/1 - 4 out of 94 successfully perturbed
robust accuracy after APGD-T: 45.00% (total time 49.7 s)
fab-t - 1/1 - 0 out of 90 successfully perturbed
robust accuracy after FAB-T: 45.00% (total time 103.3 s)
square - 1/1 - 0 out of 90 successfully perturbed
robust accuracy after SQUARE: 45.00% (total time 152.8 s)
max Linf perturbation: 0.03137, nan in tensor: 0, max: 1.00000, min: 0.00000
robust accuracy: 45.00%
initial accuracy: 80.50%
apgd-ce - 1/1 - 64 out of 161 successfully perturbed
robust accuracy after APGD-CE: 48.50% (total time 7.9 s)
apgd-t - 1/1 - 4 out of 97 successfully perturbed
robust accuracy after APGD-T: 46.50% (total time 50.7 s)
fab-t - 1/1 - 0 out of 93 successfully perturbed
robust accuracy after FAB-T: 46.50% (total time 105.0 s)
square - 1/1 - 0 out of 93 successfully perturbed
robust accuracy after SQUARE: 46.50% (total time 155.0 s)
max Linf perturbation: 0.03137, nan in tensor: 0, max: 1.00000, min: 0.00000
robust accuracy: 46.50%
initial accuracy: 80.50%
apgd-ce - 1/1 - 68 out of 161 successfully perturbed
robust accuracy after APGD-CE: 46.50% (total time 7.9 s)
apgd-t - 1/1 - 4 out of 93 successfully perturbed
robust accuracy after APGD-T: 44.50% (total time 49.5 s)
fab-t - 1/1 - 0 out of 89 successfully perturbed
robust accuracy after FAB-T: 44.50% (total time 102.8 s)
square - 1/1 - 0 out of 89 successfully perturbed
robust accuracy after SQUARE: 44.50% (total time 152.3 s)
max Linf perturbation: 0.03137, nan in tensor: 0, max: 1.00000, min: 0.00000
robust accuracy: 44.50%
initial accuracy: 80.50%
apgd-ce - 1/1 - 81 out of 161 successfully perturbed
robust accuracy after APGD-CE: 40.00% (total time 7.9 s)
apgd-t - 1/1 - 4 out of 80 successfully perturbed
robust accuracy after APGD-T: 38.00% (total time 44.4 s)
fab-t - 1/1 - 0 out of 76 successfully perturbed
robust accuracy after FAB-T: 38.00% (total time 92.1 s)
square - 1/1 - 0 out of 76 successfully perturbed
robust accuracy after SQUARE: 38.00% (total time 136.8 s)
max Linf perturbation: 0.03137, nan in tensor: 0, max: 1.00000, min: 0.00000
robust accuracy: 38.00%
initial accuracy: 81.50%
apgd-ce - 1/1 - 73 out of 163 successfully perturbed
robust accuracy after APGD-CE: 45.00% (total time 8.0 s)
apgd-t - 1/1 - 3 out of 90 successfully perturbed
robust accuracy after APGD-T: 43.50% (total time 48.5 s)
fab-t - 1/1 - 0 out of 87 successfully perturbed
robust accuracy after FAB-T: 43.50% (total time 100.9 s)
square - 1/1 - 0 out of 87 successfully perturbed
robust accuracy after SQUARE: 43.50% (total time 150.1 s)
max Linf perturbation: 0.03137, nan in tensor: 0, max: 1.00000, min: 0.00000
robust accuracy: 43.50%
initial accuracy: 82.50%
apgd-ce - 1/1 - 75 out of 165 successfully perturbed
robust accuracy after APGD-CE: 45.00% (total time 8.0 s)
apgd-t - 1/1 - 8 out of 90 successfully perturbed
robust accuracy after APGD-T: 41.00% (total time 47.5 s)
fab-t - 1/1 - 0 out of 82 successfully perturbed
robust accuracy after FAB-T: 41.00% (total time 98.5 s)
square - 1/1 - 0 out of 82 successfully perturbed
robust accuracy after SQUARE: 41.00% (total time 146.8 s)
max Linf perturbation: 0.03137, nan in tensor: 0, max: 1.00000, min: 0.00000
robust accuracy: 41.00%
initial accuracy: 85.00%
apgd-ce - 1/1 - 64 out of 170 successfully perturbed
robust accuracy after APGD-CE: 53.00% (total time 8.1 s)
apgd-t - 1/1 - 7 out of 106 successfully perturbed
robust accuracy after APGD-T: 49.50% (total time 55.5 s)
fab-t - 1/1 - 0 out of 99 successfully perturbed
robust accuracy after FAB-T: 49.50% (total time 115.4 s)
square - 1/1 - 0 out of 99 successfully perturbed
robust accuracy after SQUARE: 49.50% (total time 170.0 s)
max Linf perturbation: 0.03137, nan in tensor: 0, max: 1.00000, min: 0.00000
robust accuracy: 49.50%
initial accuracy: 87.00%
apgd-ce - 1/1 - 69 out of 174 successfully perturbed
robust accuracy after APGD-CE: 52.50% (total time 8.3 s)
apgd-t - 1/1 - 8 out of 105 successfully perturbed
robust accuracy after APGD-T: 48.50% (total time 55.1 s)
fab-t - 1/1 - 0 out of 97 successfully perturbed
robust accuracy after FAB-T: 48.50% (total time 114.3 s)
square - 1/1 - 0 out of 97 successfully perturbed
robust accuracy after SQUARE: 48.50% (total time 168.6 s)
max Linf perturbation: 0.03137, nan in tensor: 0, max: 1.00000, min: 0.00000
robust accuracy: 48.50%
initial accuracy: 81.50%
apgd-ce - 1/1 - 65 out of 163 successfully perturbed
robust accuracy after APGD-CE: 49.00% (total time 8.0 s)
apgd-t - 1/1 - 3 out of 98 successfully perturbed
robust accuracy after APGD-T: 47.50% (total time 51.3 s)
fab-t - 1/1 - 0 out of 95 successfully perturbed
robust accuracy after FAB-T: 47.50% (total time 106.4 s)
square - 1/1 - 0 out of 95 successfully perturbed
robust accuracy after SQUARE: 47.50% (total time 156.7 s)
max Linf perturbation: 0.03137, nan in tensor: 0, max: 1.00000, min: 0.00000
robust accuracy: 47.50%
initial accuracy: 83.50%
apgd-ce - 1/1 - 72 out of 167 successfully perturbed
robust accuracy after APGD-CE: 47.50% (total time 8.1 s)
apgd-t - 1/1 - 7 out of 95 successfully perturbed
robust accuracy after APGD-T: 44.00% (total time 48.7 s)
fab-t - 1/1 - 0 out of 88 successfully perturbed
robust accuracy after FAB-T: 44.00% (total time 101.1 s)
square - 1/1 - 0 out of 88 successfully perturbed
robust accuracy after SQUARE: 44.00% (total time 150.4 s)
max Linf perturbation: 0.03137, nan in tensor: 0, max: 1.00000, min: 0.00000
robust accuracy: 44.00%
initial accuracy: 82.50%
apgd-ce - 1/1 - 71 out of 165 successfully perturbed
robust accuracy after APGD-CE: 47.00% (total time 8.0 s)
apgd-t - 1/1 - 9 out of 94 successfully perturbed
robust accuracy after APGD-T: 42.50% (total time 48.4 s)
fab-t - 1/1 - 0 out of 85 successfully perturbed
robust accuracy after FAB-T: 42.50% (total time 100.4 s)
square - 1/1 - 0 out of 85 successfully perturbed
robust accuracy after SQUARE: 42.50% (total time 149.2 s)
max Linf perturbation: 0.03137, nan in tensor: 0, max: 1.00000, min: 0.00000
robust accuracy: 42.50%
initial accuracy: 82.50%
apgd-ce - 1/1 - 73 out of 165 successfully perturbed
robust accuracy after APGD-CE: 46.00% (total time 8.0 s)
apgd-t - 1/1 - 1 out of 92 successfully perturbed
robust accuracy after APGD-T: 45.50% (total time 49.9 s)
fab-t - 1/1 - 0 out of 91 successfully perturbed
robust accuracy after FAB-T: 45.50% (total time 103.9 s)
square - 1/1 - 0 out of 91 successfully perturbed
robust accuracy after SQUARE: 45.50% (total time 153.8 s)
max Linf perturbation: 0.03137, nan in tensor: 0, max: 1.00000, min: 0.00000
robust accuracy: 45.50%
