initial accuracy: 76.00%
apgd-ce - 1/1 - 68 out of 152 successfully perturbed
robust accuracy after APGD-CE: 42.00% (total time 9.6 s)
apgd-t - 1/1 - 9 out of 84 successfully perturbed
robust accuracy after APGD-T: 37.50% (total time 67.9 s)
fab-t - 1/1 - 0 out of 75 successfully perturbed
robust accuracy after FAB-T: 37.50% (total time 144.2 s)
square - 1/1 - 0 out of 75 successfully perturbed
robust accuracy after SQUARE: 37.50% (total time 221.3 s)
max Linf perturbation: 0.03137, nan in tensor: 0, max: 1.00000, min: 0.00000
robust accuracy: 37.50%
initial accuracy: 72.50%
apgd-ce - 1/1 - 66 out of 145 successfully perturbed
robust accuracy after APGD-CE: 39.50% (total time 9.3 s)
apgd-t - 1/1 - 6 out of 79 successfully perturbed
robust accuracy after APGD-T: 36.50% (total time 66.0 s)
fab-t - 1/1 - 0 out of 73 successfully perturbed
robust accuracy after FAB-T: 36.50% (total time 141.0 s)
square - 1/1 - 0 out of 73 successfully perturbed
robust accuracy after SQUARE: 36.50% (total time 218.7 s)
max Linf perturbation: 0.03137, nan in tensor: 0, max: 1.00000, min: 0.00000
robust accuracy: 36.50%
initial accuracy: 79.00%
apgd-ce - 1/1 - 66 out of 158 successfully perturbed
robust accuracy after APGD-CE: 46.00% (total time 9.9 s)
apgd-t - 1/1 - 2 out of 92 successfully perturbed
robust accuracy after APGD-T: 45.00% (total time 76.0 s)
fab-t - 1/1 - 0 out of 90 successfully perturbed
robust accuracy after FAB-T: 45.00% (total time 159.7 s)
square - 1/1 - 0 out of 90 successfully perturbed
robust accuracy after SQUARE: 45.00% (total time 239.0 s)
max Linf perturbation: 0.03137, nan in tensor: 0, max: 1.00000, min: 0.00000
robust accuracy: 45.00%
initial accuracy: 74.50%
apgd-ce - 1/1 - 67 out of 149 successfully perturbed
robust accuracy after APGD-CE: 41.00% (total time 9.7 s)
apgd-t - 1/1 - 8 out of 82 successfully perturbed
robust accuracy after APGD-T: 37.00% (total time 69.2 s)
fab-t - 1/1 - 0 out of 74 successfully perturbed
robust accuracy after FAB-T: 37.00% (total time 145.9 s)
square - 1/1 - 0 out of 74 successfully perturbed
robust accuracy after SQUARE: 37.00% (total time 223.1 s)
max Linf perturbation: 0.03137, nan in tensor: 0, max: 1.00000, min: 0.00000
robust accuracy: 37.00%
initial accuracy: 75.00%
apgd-ce - 1/1 - 58 out of 150 successfully perturbed
robust accuracy after APGD-CE: 46.00% (total time 9.8 s)
apgd-t - 1/1 - 9 out of 92 successfully perturbed
robust accuracy after APGD-T: 41.50% (total time 74.6 s)
fab-t - 1/1 - 0 out of 83 successfully perturbed
robust accuracy after FAB-T: 41.50% (total time 158.1 s)
square - 1/1 - 0 out of 83 successfully perturbed
robust accuracy after SQUARE: 41.50% (total time 233.9 s)
max Linf perturbation: 0.03137, nan in tensor: 0, max: 1.00000, min: 0.00000
robust accuracy: 41.50%
initial accuracy: 75.00%
apgd-ce - 1/1 - 65 out of 150 successfully perturbed
robust accuracy after APGD-CE: 42.50% (total time 9.7 s)
apgd-t - 1/1 - 4 out of 85 successfully perturbed
robust accuracy after APGD-T: 40.50% (total time 71.8 s)
fab-t - 1/1 - 0 out of 81 successfully perturbed
robust accuracy after FAB-T: 40.50% (total time 152.1 s)
square - 1/1 - 0 out of 81 successfully perturbed
robust accuracy after SQUARE: 40.50% (total time 229.0 s)
max Linf perturbation: 0.03137, nan in tensor: 0, max: 1.00000, min: 0.00000
robust accuracy: 40.50%
initial accuracy: 69.00%
apgd-ce - 1/1 - 53 out of 138 successfully perturbed
robust accuracy after APGD-CE: 42.50% (total time 9.3 s)
apgd-t - 1/1 - 5 out of 85 successfully perturbed
robust accuracy after APGD-T: 40.00% (total time 70.0 s)
fab-t - 1/1 - 0 out of 80 successfully perturbed
robust accuracy after FAB-T: 40.00% (total time 148.4 s)
square - 1/1 - 0 out of 80 successfully perturbed
robust accuracy after SQUARE: 40.00% (total time 223.5 s)
max Linf perturbation: 0.03137, nan in tensor: 0, max: 1.00000, min: 0.00000
robust accuracy: 40.00%
initial accuracy: 74.50%
apgd-ce - 1/1 - 65 out of 149 successfully perturbed
robust accuracy after APGD-CE: 42.00% (total time 9.7 s)
apgd-t - 1/1 - 7 out of 84 successfully perturbed
robust accuracy after APGD-T: 38.50% (total time 70.3 s)
fab-t - 1/1 - 0 out of 77 successfully perturbed
robust accuracy after FAB-T: 38.50% (total time 149.5 s)
square - 1/1 - 0 out of 77 successfully perturbed
robust accuracy after SQUARE: 38.50% (total time 226.2 s)
max Linf perturbation: 0.03137, nan in tensor: 0, max: 1.00000, min: 0.00000
robust accuracy: 38.50%
initial accuracy: 75.00%
apgd-ce - 1/1 - 62 out of 150 successfully perturbed
robust accuracy after APGD-CE: 44.00% (total time 9.6 s)
apgd-t - 1/1 - 9 out of 88 successfully perturbed
robust accuracy after APGD-T: 39.50% (total time 71.6 s)
fab-t - 1/1 - 0 out of 79 successfully perturbed
robust accuracy after FAB-T: 39.50% (total time 149.8 s)
square - 1/1 - 0 out of 79 successfully perturbed
robust accuracy after SQUARE: 39.50% (total time 227.4 s)
max Linf perturbation: 0.03137, nan in tensor: 0, max: 1.00000, min: 0.00000
robust accuracy: 39.50%
initial accuracy: 72.50%
apgd-ce - 1/1 - 64 out of 145 successfully perturbed
robust accuracy after APGD-CE: 40.50% (total time 9.5 s)
apgd-t - 1/1 - 5 out of 81 successfully perturbed
robust accuracy after APGD-T: 38.00% (total time 68.4 s)
fab-t - 1/1 - 0 out of 76 successfully perturbed
robust accuracy after FAB-T: 38.00% (total time 144.3 s)
square - 1/1 - 0 out of 76 successfully perturbed
robust accuracy after SQUARE: 38.00% (total time 224.7 s)
max Linf perturbation: 0.03137, nan in tensor: 0, max: 1.00000, min: 0.00000
robust accuracy: 38.00%
initial accuracy: 76.50%
apgd-ce - 1/1 - 79 out of 153 successfully perturbed
robust accuracy after APGD-CE: 37.00% (total time 9.7 s)
apgd-t - 1/1 - 9 out of 74 successfully perturbed
robust accuracy after APGD-T: 32.50% (total time 63.4 s)
fab-t - 1/1 - 0 out of 65 successfully perturbed
robust accuracy after FAB-T: 32.50% (total time 135.8 s)
square - 1/1 - 0 out of 65 successfully perturbed
robust accuracy after SQUARE: 32.50% (total time 215.7 s)
max Linf perturbation: 0.03137, nan in tensor: 0, max: 1.00000, min: 0.00000
robust accuracy: 32.50%
initial accuracy: 76.00%
apgd-ce - 1/1 - 60 out of 152 successfully perturbed
robust accuracy after APGD-CE: 46.00% (total time 9.6 s)
apgd-t - 1/1 - 10 out of 92 successfully perturbed
robust accuracy after APGD-T: 41.00% (total time 72.0 s)
fab-t - 1/1 - 0 out of 82 successfully perturbed
robust accuracy after FAB-T: 41.00% (total time 153.4 s)
square - 1/1 - 0 out of 82 successfully perturbed
robust accuracy after SQUARE: 41.00% (total time 233.5 s)
max Linf perturbation: 0.03137, nan in tensor: 0, max: 1.00000, min: 0.00000
robust accuracy: 41.00%
initial accuracy: 71.00%
apgd-ce - 1/1 - 65 out of 142 successfully perturbed
robust accuracy after APGD-CE: 38.50% (total time 9.3 s)
apgd-t - 1/1 - 9 out of 77 successfully perturbed
robust accuracy after APGD-T: 34.00% (total time 63.6 s)
fab-t - 1/1 - 0 out of 68 successfully perturbed
robust accuracy after FAB-T: 34.00% (total time 135.6 s)
square - 1/1 - 0 out of 68 successfully perturbed
robust accuracy after SQUARE: 34.00% (total time 212.4 s)
max Linf perturbation: 0.03137, nan in tensor: 0, max: 1.00000, min: 0.00000
robust accuracy: 34.00%
initial accuracy: 79.00%
apgd-ce - 1/1 - 74 out of 158 successfully perturbed
robust accuracy after APGD-CE: 42.00% (total time 9.9 s)
apgd-t - 1/1 - 2 out of 84 successfully perturbed
robust accuracy after APGD-T: 41.00% (total time 71.7 s)
fab-t - 1/1 - 0 out of 82 successfully perturbed
robust accuracy after FAB-T: 41.00% (total time 152.9 s)
square - 1/1 - 0 out of 82 successfully perturbed
robust accuracy after SQUARE: 41.00% (total time 234.4 s)
max Linf perturbation: 0.03137, nan in tensor: 0, max: 1.00000, min: 0.00000
robust accuracy: 41.00%
initial accuracy: 80.00%
apgd-ce - 1/1 - 80 out of 160 successfully perturbed
robust accuracy after APGD-CE: 40.00% (total time 10.1 s)
apgd-t - 1/1 - 5 out of 80 successfully perturbed
robust accuracy after APGD-T: 37.50% (total time 68.3 s)
fab-t - 1/1 - 0 out of 75 successfully perturbed
robust accuracy after FAB-T: 37.50% (total time 146.9 s)
square - 1/1 - 0 out of 75 successfully perturbed
robust accuracy after SQUARE: 37.50% (total time 232.2 s)
max Linf perturbation: 0.03137, nan in tensor: 0, max: 1.00000, min: 0.00000
robust accuracy: 37.50%
initial accuracy: 73.50%
apgd-ce - 1/1 - 58 out of 147 successfully perturbed
robust accuracy after APGD-CE: 44.50% (total time 9.9 s)
apgd-t - 1/1 - 4 out of 89 successfully perturbed
robust accuracy after APGD-T: 42.50% (total time 76.3 s)
fab-t - 1/1 - 0 out of 85 successfully perturbed
robust accuracy after FAB-T: 42.50% (total time 161.6 s)
square - 1/1 - 0 out of 85 successfully perturbed
robust accuracy after SQUARE: 42.50% (total time 243.9 s)
max Linf perturbation: 0.03137, nan in tensor: 0, max: 1.00000, min: 0.00000
robust accuracy: 42.50%
initial accuracy: 73.50%
apgd-ce - 1/1 - 63 out of 147 successfully perturbed
robust accuracy after APGD-CE: 42.00% (total time 9.9 s)
apgd-t - 1/1 - 7 out of 84 successfully perturbed
robust accuracy after APGD-T: 38.50% (total time 69.6 s)
fab-t - 1/1 - 0 out of 77 successfully perturbed
robust accuracy after FAB-T: 38.50% (total time 148.8 s)
square - 1/1 - 0 out of 77 successfully perturbed
robust accuracy after SQUARE: 38.50% (total time 232.8 s)
max Linf perturbation: 0.03137, nan in tensor: 0, max: 1.00000, min: 0.00000
robust accuracy: 38.50%
initial accuracy: 73.50%
apgd-ce - 1/1 - 66 out of 147 successfully perturbed
robust accuracy after APGD-CE: 40.50% (total time 9.9 s)
apgd-t - 1/1 - 5 out of 81 successfully perturbed
robust accuracy after APGD-T: 38.00% (total time 69.2 s)
fab-t - 1/1 - 0 out of 76 successfully perturbed
robust accuracy after FAB-T: 38.00% (total time 148.3 s)
square - 1/1 - 0 out of 76 successfully perturbed
robust accuracy after SQUARE: 38.00% (total time 237.7 s)
max Linf perturbation: 0.03137, nan in tensor: 0, max: 1.00000, min: 0.00000
robust accuracy: 38.00%
initial accuracy: 76.00%
apgd-ce - 1/1 - 73 out of 152 successfully perturbed
robust accuracy after APGD-CE: 39.50% (total time 10.1 s)
apgd-t - 1/1 - 12 out of 79 successfully perturbed
robust accuracy after APGD-T: 33.50% (total time 66.3 s)
fab-t - 1/1 - 0 out of 67 successfully perturbed
robust accuracy after FAB-T: 33.50% (total time 142.7 s)
square - 1/1 - 0 out of 67 successfully perturbed
robust accuracy after SQUARE: 33.50% (total time 230.1 s)
max Linf perturbation: 0.03137, nan in tensor: 0, max: 1.00000, min: 0.00000
robust accuracy: 33.50%
initial accuracy: 77.00%
apgd-ce - 1/1 - 73 out of 154 successfully perturbed
robust accuracy after APGD-CE: 40.50% (total time 10.2 s)
apgd-t - 1/1 - 2 out of 81 successfully perturbed
robust accuracy after APGD-T: 39.50% (total time 70.5 s)
fab-t - 1/1 - 0 out of 79 successfully perturbed
robust accuracy after FAB-T: 39.50% (total time 153.1 s)
square - 1/1 - 0 out of 79 successfully perturbed
robust accuracy after SQUARE: 39.50% (total time 248.1 s)
max Linf perturbation: 0.03137, nan in tensor: 0, max: 1.00000, min: 0.00000
robust accuracy: 39.50%
initial accuracy: 75.00%
apgd-ce - 1/1 - 61 out of 150 successfully perturbed
robust accuracy after APGD-CE: 44.50% (total time 10.1 s)
apgd-t - 1/1 - 7 out of 89 successfully perturbed
robust accuracy after APGD-T: 41.00% (total time 76.3 s)
fab-t - 1/1 - 0 out of 82 successfully perturbed
robust accuracy after FAB-T: 41.00% (total time 164.0 s)
square - 1/1 - 0 out of 82 successfully perturbed
robust accuracy after SQUARE: 41.00% (total time 253.5 s)
max Linf perturbation: 0.03137, nan in tensor: 0, max: 1.00000, min: 0.00000
robust accuracy: 41.00%
initial accuracy: 79.50%
apgd-ce - 1/1 - 62 out of 159 successfully perturbed
robust accuracy after APGD-CE: 48.50% (total time 10.5 s)
apgd-t - 1/1 - 7 out of 97 successfully perturbed
robust accuracy after APGD-T: 45.00% (total time 79.7 s)
fab-t - 1/1 - 0 out of 90 successfully perturbed
robust accuracy after FAB-T: 45.00% (total time 169.8 s)
square - 1/1 - 0 out of 90 successfully perturbed
robust accuracy after SQUARE: 45.00% (total time 261.3 s)
max Linf perturbation: 0.03137, nan in tensor: 0, max: 1.00000, min: 0.00000
robust accuracy: 45.00%
initial accuracy: 76.00%
apgd-ce - 1/1 - 61 out of 152 successfully perturbed
robust accuracy after APGD-CE: 45.50% (total time 10.3 s)
apgd-t - 1/1 - 12 out of 91 successfully perturbed
robust accuracy after APGD-T: 39.50% (total time 72.9 s)
fab-t - 1/1 - 0 out of 79 successfully perturbed
robust accuracy after FAB-T: 39.50% (total time 155.0 s)
square - 1/1 - 0 out of 79 successfully perturbed
robust accuracy after SQUARE: 39.50% (total time 246.6 s)
max Linf perturbation: 0.03137, nan in tensor: 0, max: 1.00000, min: 0.00000
robust accuracy: 39.50%
initial accuracy: 78.00%
apgd-ce - 1/1 - 72 out of 156 successfully perturbed
robust accuracy after APGD-CE: 42.00% (total time 10.3 s)
apgd-t - 1/1 - 3 out of 84 successfully perturbed
robust accuracy after APGD-T: 40.50% (total time 74.4 s)
fab-t - 1/1 - 0 out of 81 successfully perturbed
robust accuracy after FAB-T: 40.50% (total time 158.9 s)
square - 1/1 - 0 out of 81 successfully perturbed
robust accuracy after SQUARE: 40.50% (total time 248.2 s)
max Linf perturbation: 0.03137, nan in tensor: 0, max: 1.00000, min: 0.00000
robust accuracy: 40.50%
initial accuracy: 76.00%
apgd-ce - 1/1 - 61 out of 152 successfully perturbed
robust accuracy after APGD-CE: 45.50% (total time 10.2 s)
apgd-t - 1/1 - 5 out of 91 successfully perturbed
robust accuracy after APGD-T: 43.00% (total time 77.6 s)
fab-t - 1/1 - 0 out of 86 successfully perturbed
robust accuracy after FAB-T: 43.00% (total time 163.8 s)
square - 1/1 - 0 out of 86 successfully perturbed
robust accuracy after SQUARE: 43.00% (total time 244.4 s)
max Linf perturbation: 0.03137, nan in tensor: 0, max: 1.00000, min: 0.00000
robust accuracy: 43.00%
initial accuracy: 77.00%
apgd-ce - 1/1 - 77 out of 154 successfully perturbed
robust accuracy after APGD-CE: 38.50% (total time 10.2 s)
apgd-t - 1/1 - 5 out of 77 successfully perturbed
robust accuracy after APGD-T: 36.00% (total time 68.6 s)
fab-t - 1/1 - 0 out of 72 successfully perturbed
robust accuracy after FAB-T: 36.00% (total time 145.1 s)
square - 1/1 - 0 out of 72 successfully perturbed
robust accuracy after SQUARE: 36.00% (total time 223.3 s)
max Linf perturbation: 0.03137, nan in tensor: 0, max: 1.00000, min: 0.00000
robust accuracy: 36.00%
initial accuracy: 75.50%
apgd-ce - 1/1 - 69 out of 151 successfully perturbed
robust accuracy after APGD-CE: 41.00% (total time 10.1 s)
apgd-t - 1/1 - 7 out of 82 successfully perturbed
robust accuracy after APGD-T: 37.50% (total time 70.0 s)
fab-t - 1/1 - 0 out of 75 successfully perturbed
robust accuracy after FAB-T: 37.50% (total time 147.0 s)
square - 1/1 - 0 out of 75 successfully perturbed
robust accuracy after SQUARE: 37.50% (total time 225.9 s)
max Linf perturbation: 0.03137, nan in tensor: 0, max: 1.00000, min: 0.00000
robust accuracy: 37.50%
initial accuracy: 75.50%
apgd-ce - 1/1 - 68 out of 151 successfully perturbed
robust accuracy after APGD-CE: 41.50% (total time 10.1 s)
apgd-t - 1/1 - 6 out of 83 successfully perturbed
robust accuracy after APGD-T: 38.50% (total time 70.4 s)
fab-t - 1/1 - 0 out of 77 successfully perturbed
robust accuracy after FAB-T: 38.50% (total time 148.2 s)
square - 1/1 - 0 out of 77 successfully perturbed
robust accuracy after SQUARE: 38.50% (total time 226.9 s)
max Linf perturbation: 0.03137, nan in tensor: 0, max: 1.00000, min: 0.00000
robust accuracy: 38.50%
initial accuracy: 75.50%
apgd-ce - 1/1 - 71 out of 151 successfully perturbed
robust accuracy after APGD-CE: 40.00% (total time 10.1 s)
apgd-t - 1/1 - 4 out of 80 successfully perturbed
robust accuracy after APGD-T: 38.00% (total time 69.0 s)
fab-t - 1/1 - 0 out of 76 successfully perturbed
robust accuracy after FAB-T: 38.00% (total time 146.8 s)
square - 1/1 - 0 out of 76 successfully perturbed
robust accuracy after SQUARE: 38.00% (total time 226.2 s)
max Linf perturbation: 0.03137, nan in tensor: 0, max: 1.00000, min: 0.00000
robust accuracy: 38.00%
initial accuracy: 71.50%
apgd-ce - 1/1 - 69 out of 143 successfully perturbed
robust accuracy after APGD-CE: 37.00% (total time 9.8 s)
apgd-t - 1/1 - 5 out of 74 successfully perturbed
robust accuracy after APGD-T: 34.50% (total time 66.2 s)
fab-t - 1/1 - 0 out of 69 successfully perturbed
robust accuracy after FAB-T: 34.50% (total time 140.7 s)
square - 1/1 - 0 out of 69 successfully perturbed
robust accuracy after SQUARE: 34.50% (total time 216.1 s)
max Linf perturbation: 0.03137, nan in tensor: 0, max: 1.00000, min: 0.00000
robust accuracy: 34.50%
initial accuracy: 71.00%
apgd-ce - 1/1 - 60 out of 142 successfully perturbed
robust accuracy after APGD-CE: 41.00% (total time 9.7 s)
apgd-t - 1/1 - 6 out of 82 successfully perturbed
robust accuracy after APGD-T: 38.00% (total time 69.8 s)
fab-t - 1/1 - 0 out of 76 successfully perturbed
robust accuracy after FAB-T: 38.00% (total time 146.7 s)
square - 1/1 - 0 out of 76 successfully perturbed
robust accuracy after SQUARE: 38.00% (total time 224.9 s)
max Linf perturbation: 0.03137, nan in tensor: 0, max: 1.00000, min: 0.00000
robust accuracy: 38.00%
initial accuracy: 77.00%
apgd-ce - 1/1 - 68 out of 154 successfully perturbed
robust accuracy after APGD-CE: 43.00% (total time 10.2 s)
apgd-t - 1/1 - 3 out of 86 successfully perturbed
robust accuracy after APGD-T: 41.50% (total time 75.4 s)
fab-t - 1/1 - 0 out of 83 successfully perturbed
robust accuracy after FAB-T: 41.50% (total time 159.2 s)
square - 1/1 - 0 out of 83 successfully perturbed
robust accuracy after SQUARE: 41.50% (total time 237.9 s)
max Linf perturbation: 0.03137, nan in tensor: 0, max: 1.00000, min: 0.00000
robust accuracy: 41.50%
initial accuracy: 77.00%
apgd-ce - 1/1 - 71 out of 154 successfully perturbed
robust accuracy after APGD-CE: 41.50% (total time 10.2 s)
apgd-t - 1/1 - 7 out of 83 successfully perturbed
robust accuracy after APGD-T: 38.00% (total time 69.2 s)
fab-t - 1/1 - 0 out of 76 successfully perturbed
robust accuracy after FAB-T: 38.00% (total time 147.4 s)
square - 1/1 - 0 out of 76 successfully perturbed
robust accuracy after SQUARE: 38.00% (total time 225.5 s)
max Linf perturbation: 0.03137, nan in tensor: 0, max: 1.00000, min: 0.00000
robust accuracy: 38.00%
initial accuracy: 77.50%
apgd-ce - 1/1 - 72 out of 155 successfully perturbed
robust accuracy after APGD-CE: 41.50% (total time 10.3 s)
apgd-t - 1/1 - 10 out of 83 successfully perturbed
robust accuracy after APGD-T: 36.50% (total time 68.7 s)
fab-t - 1/1 - 0 out of 73 successfully perturbed
robust accuracy after FAB-T: 36.50% (total time 145.8 s)
square - 1/1 - 0 out of 73 successfully perturbed
robust accuracy after SQUARE: 36.50% (total time 223.7 s)
max Linf perturbation: 0.03137, nan in tensor: 0, max: 1.00000, min: 0.00000
robust accuracy: 36.50%
initial accuracy: 77.50%
apgd-ce - 1/1 - 81 out of 155 successfully perturbed
robust accuracy after APGD-CE: 37.00% (total time 10.4 s)
apgd-t - 1/1 - 6 out of 74 successfully perturbed
robust accuracy after APGD-T: 34.00% (total time 66.6 s)
fab-t - 1/1 - 0 out of 68 successfully perturbed
robust accuracy after FAB-T: 34.00% (total time 140.1 s)
square - 1/1 - 0 out of 68 successfully perturbed
robust accuracy after SQUARE: 34.00% (total time 216.3 s)
max Linf perturbation: 0.03137, nan in tensor: 0, max: 1.00000, min: 0.00000
robust accuracy: 34.00%
initial accuracy: 74.00%
apgd-ce - 1/1 - 58 out of 148 successfully perturbed
robust accuracy after APGD-CE: 45.00% (total time 10.0 s)
apgd-t - 1/1 - 6 out of 90 successfully perturbed
robust accuracy after APGD-T: 42.00% (total time 76.4 s)
fab-t - 1/1 - 0 out of 84 successfully perturbed
robust accuracy after FAB-T: 42.00% (total time 160.2 s)
square - 1/1 - 0 out of 84 successfully perturbed
robust accuracy after SQUARE: 42.00% (total time 238.5 s)
max Linf perturbation: 0.03137, nan in tensor: 0, max: 1.00000, min: 0.00000
robust accuracy: 42.00%
initial accuracy: 77.00%
apgd-ce - 1/1 - 73 out of 154 successfully perturbed
robust accuracy after APGD-CE: 40.50% (total time 10.2 s)
apgd-t - 1/1 - 9 out of 81 successfully perturbed
robust accuracy after APGD-T: 36.00% (total time 68.5 s)
fab-t - 1/1 - 0 out of 72 successfully perturbed
robust accuracy after FAB-T: 36.00% (total time 145.3 s)
square - 1/1 - 0 out of 72 successfully perturbed
robust accuracy after SQUARE: 36.00% (total time 224.2 s)
max Linf perturbation: 0.03137, nan in tensor: 0, max: 1.00000, min: 0.00000
robust accuracy: 36.00%
initial accuracy: 74.00%
apgd-ce - 1/1 - 64 out of 148 successfully perturbed
robust accuracy after APGD-CE: 42.00% (total time 9.9 s)
apgd-t - 1/1 - 6 out of 84 successfully perturbed
robust accuracy after APGD-T: 39.00% (total time 70.2 s)
fab-t - 1/1 - 0 out of 78 successfully perturbed
robust accuracy after FAB-T: 39.00% (total time 148.4 s)
square - 1/1 - 0 out of 78 successfully perturbed
robust accuracy after SQUARE: 39.00% (total time 226.2 s)
max Linf perturbation: 0.03137, nan in tensor: 0, max: 1.00000, min: 0.00000
robust accuracy: 39.00%
initial accuracy: 74.50%
apgd-ce - 1/1 - 62 out of 149 successfully perturbed
robust accuracy after APGD-CE: 43.50% (total time 10.0 s)
apgd-t - 1/1 - 2 out of 87 successfully perturbed
robust accuracy after APGD-T: 42.50% (total time 76.0 s)
fab-t - 1/1 - 0 out of 85 successfully perturbed
robust accuracy after FAB-T: 42.50% (total time 160.1 s)
square - 1/1 - 0 out of 85 successfully perturbed
robust accuracy after SQUARE: 42.50% (total time 239.0 s)
max Linf perturbation: 0.03137, nan in tensor: 0, max: 1.00000, min: 0.00000
robust accuracy: 42.50%
initial accuracy: 72.00%
apgd-ce - 1/1 - 60 out of 144 successfully perturbed
robust accuracy after APGD-CE: 42.00% (total time 10.0 s)
apgd-t - 1/1 - 6 out of 84 successfully perturbed
robust accuracy after APGD-T: 39.00% (total time 69.2 s)
fab-t - 1/1 - 0 out of 78 successfully perturbed
robust accuracy after FAB-T: 39.00% (total time 147.3 s)
square - 1/1 - 0 out of 78 successfully perturbed
robust accuracy after SQUARE: 39.00% (total time 224.7 s)
max Linf perturbation: 0.03137, nan in tensor: 0, max: 1.00000, min: 0.00000
robust accuracy: 39.00%
initial accuracy: 78.00%
apgd-ce - 1/1 - 76 out of 156 successfully perturbed
robust accuracy after APGD-CE: 40.00% (total time 10.3 s)
apgd-t - 1/1 - 9 out of 80 successfully perturbed
robust accuracy after APGD-T: 35.50% (total time 67.7 s)
fab-t - 1/1 - 0 out of 71 successfully perturbed
robust accuracy after FAB-T: 35.50% (total time 144.2 s)
square - 1/1 - 0 out of 71 successfully perturbed
robust accuracy after SQUARE: 35.50% (total time 223.4 s)
max Linf perturbation: 0.03137, nan in tensor: 0, max: 1.00000, min: 0.00000
robust accuracy: 35.50%
initial accuracy: 71.00%
apgd-ce - 1/1 - 66 out of 142 successfully perturbed
robust accuracy after APGD-CE: 38.00% (total time 9.7 s)
apgd-t - 1/1 - 6 out of 76 successfully perturbed
robust accuracy after APGD-T: 35.00% (total time 67.0 s)
fab-t - 1/1 - 0 out of 70 successfully perturbed
robust accuracy after FAB-T: 35.00% (total time 142.1 s)
square - 1/1 - 0 out of 70 successfully perturbed
robust accuracy after SQUARE: 35.00% (total time 218.3 s)
max Linf perturbation: 0.03137, nan in tensor: 0, max: 1.00000, min: 0.00000
robust accuracy: 35.00%
initial accuracy: 78.00%
apgd-ce - 1/1 - 76 out of 156 successfully perturbed
robust accuracy after APGD-CE: 40.00% (total time 10.3 s)
apgd-t - 1/1 - 7 out of 80 successfully perturbed
robust accuracy after APGD-T: 36.50% (total time 68.2 s)
fab-t - 1/1 - 0 out of 73 successfully perturbed
robust accuracy after FAB-T: 36.50% (total time 143.5 s)
square - 1/1 - 0 out of 73 successfully perturbed
robust accuracy after SQUARE: 36.50% (total time 222.3 s)
max Linf perturbation: 0.03137, nan in tensor: 0, max: 1.00000, min: 0.00000
robust accuracy: 36.50%
initial accuracy: 74.00%
apgd-ce - 1/1 - 77 out of 148 successfully perturbed
robust accuracy after APGD-CE: 35.50% (total time 10.1 s)
apgd-t - 1/1 - 8 out of 71 successfully perturbed
robust accuracy after APGD-T: 31.50% (total time 65.2 s)
fab-t - 1/1 - 0 out of 63 successfully perturbed
robust accuracy after FAB-T: 31.50% (total time 138.8 s)
square - 1/1 - 0 out of 63 successfully perturbed
robust accuracy after SQUARE: 31.50% (total time 213.5 s)
max Linf perturbation: 0.03137, nan in tensor: 0, max: 1.00000, min: 0.00000
robust accuracy: 31.50%
initial accuracy: 75.00%
apgd-ce - 1/1 - 54 out of 150 successfully perturbed
robust accuracy after APGD-CE: 48.00% (total time 10.1 s)
apgd-t - 1/1 - 5 out of 96 successfully perturbed
robust accuracy after APGD-T: 45.50% (total time 79.2 s)
fab-t - 1/1 - 0 out of 91 successfully perturbed
robust accuracy after FAB-T: 45.50% (total time 166.4 s)
square - 1/1 - 0 out of 91 successfully perturbed
robust accuracy after SQUARE: 45.50% (total time 249.1 s)
max Linf perturbation: 0.03137, nan in tensor: 0, max: 1.00000, min: 0.00000
robust accuracy: 45.50%
initial accuracy: 84.50%
apgd-ce - 1/1 - 87 out of 169 successfully perturbed
robust accuracy after APGD-CE: 41.00% (total time 10.9 s)
apgd-t - 1/1 - 8 out of 82 successfully perturbed
robust accuracy after APGD-T: 37.00% (total time 71.0 s)
fab-t - 1/1 - 0 out of 74 successfully perturbed
robust accuracy after FAB-T: 37.00% (total time 149.8 s)
square - 1/1 - 0 out of 74 successfully perturbed
robust accuracy after SQUARE: 37.00% (total time 228.7 s)
max Linf perturbation: 0.03137, nan in tensor: 0, max: 1.00000, min: 0.00000
robust accuracy: 37.00%
initial accuracy: 78.00%
apgd-ce - 1/1 - 71 out of 156 successfully perturbed
robust accuracy after APGD-CE: 42.50% (total time 10.3 s)
apgd-t - 1/1 - 6 out of 85 successfully perturbed
robust accuracy after APGD-T: 39.50% (total time 70.2 s)
fab-t - 1/1 - 0 out of 79 successfully perturbed
robust accuracy after FAB-T: 39.50% (total time 149.4 s)
square - 1/1 - 0 out of 79 successfully perturbed
robust accuracy after SQUARE: 39.50% (total time 229.0 s)
max Linf perturbation: 0.03137, nan in tensor: 0, max: 1.00000, min: 0.00000
robust accuracy: 39.50%
initial accuracy: 76.00%
apgd-ce - 1/1 - 69 out of 152 successfully perturbed
robust accuracy after APGD-CE: 41.50% (total time 10.1 s)
apgd-t - 1/1 - 3 out of 83 successfully perturbed
robust accuracy after APGD-T: 40.00% (total time 72.2 s)
fab-t - 1/1 - 0 out of 80 successfully perturbed
robust accuracy after FAB-T: 40.00% (total time 151.1 s)
square - 1/1 - 0 out of 80 successfully perturbed
robust accuracy after SQUARE: 40.00% (total time 230.5 s)
max Linf perturbation: 0.03137, nan in tensor: 0, max: 1.00000, min: 0.00000
robust accuracy: 40.00%
initial accuracy: 75.50%
apgd-ce - 1/1 - 73 out of 151 successfully perturbed
robust accuracy after APGD-CE: 39.00% (total time 10.1 s)
apgd-t - 1/1 - 4 out of 78 successfully perturbed
robust accuracy after APGD-T: 37.00% (total time 68.7 s)
fab-t - 1/1 - 0 out of 74 successfully perturbed
robust accuracy after FAB-T: 37.00% (total time 146.4 s)
square - 1/1 - 0 out of 74 successfully perturbed
robust accuracy after SQUARE: 37.00% (total time 225.1 s)
max Linf perturbation: 0.03137, nan in tensor: 0, max: 1.00000, min: 0.00000
robust accuracy: 37.00%
initial accuracy: 71.50%
apgd-ce - 1/1 - 55 out of 143 successfully perturbed
robust accuracy after APGD-CE: 44.00% (total time 9.9 s)
apgd-t - 1/1 - 10 out of 88 successfully perturbed
robust accuracy after APGD-T: 39.00% (total time 72.1 s)
fab-t - 1/1 - 0 out of 78 successfully perturbed
robust accuracy after FAB-T: 39.00% (total time 150.3 s)
square - 1/1 - 0 out of 78 successfully perturbed
robust accuracy after SQUARE: 39.00% (total time 230.0 s)
max Linf perturbation: 0.03137, nan in tensor: 0, max: 1.00000, min: 0.00000
robust accuracy: 39.00%
