initial accuracy: 77.50%
apgd-ce - 1/1 - 67 out of 155 successfully perturbed
robust accuracy after APGD-CE: 44.00% (total time 4.0 s)
apgd-t - 1/1 - 10 out of 88 successfully perturbed
robust accuracy after APGD-T: 39.00% (total time 25.8 s)
fab-t - 1/1 - 0 out of 78 successfully perturbed
robust accuracy after FAB-T: 39.00% (total time 56.5 s)
square - 1/1 - 0 out of 78 successfully perturbed
robust accuracy after SQUARE: 39.00% (total time 90.9 s)
max Linf perturbation: 0.03137, nan in tensor: 0, max: 1.00000, min: 0.00000
robust accuracy: 39.00%
initial accuracy: 74.50%
apgd-ce - 1/1 - 58 out of 149 successfully perturbed
robust accuracy after APGD-CE: 45.50% (total time 3.9 s)
apgd-t - 1/1 - 10 out of 91 successfully perturbed
robust accuracy after APGD-T: 40.50% (total time 27.2 s)
fab-t - 1/1 - 0 out of 81 successfully perturbed
robust accuracy after FAB-T: 40.50% (total time 59.8 s)
square - 1/1 - 0 out of 81 successfully perturbed
robust accuracy after SQUARE: 40.50% (total time 96.3 s)
max Linf perturbation: 0.03137, nan in tensor: 0, max: 1.00000, min: 0.00000
robust accuracy: 40.50%
initial accuracy: 77.50%
apgd-ce - 1/1 - 61 out of 155 successfully perturbed
robust accuracy after APGD-CE: 47.00% (total time 4.0 s)
apgd-t - 1/1 - 3 out of 94 successfully perturbed
robust accuracy after APGD-T: 45.50% (total time 27.8 s)
fab-t - 1/1 - 0 out of 91 successfully perturbed
robust accuracy after FAB-T: 45.50% (total time 62.1 s)
square - 1/1 - 0 out of 91 successfully perturbed
robust accuracy after SQUARE: 45.50% (total time 103.3 s)
max Linf perturbation: 0.03137, nan in tensor: 0, max: 1.00000, min: 0.00000
robust accuracy: 45.50%
initial accuracy: 77.50%
apgd-ce - 1/1 - 71 out of 155 successfully perturbed
robust accuracy after APGD-CE: 42.00% (total time 4.1 s)
apgd-t - 1/1 - 5 out of 84 successfully perturbed
robust accuracy after APGD-T: 39.50% (total time 26.6 s)
fab-t - 1/1 - 0 out of 79 successfully perturbed
robust accuracy after FAB-T: 39.50% (total time 58.0 s)
square - 1/1 - 0 out of 79 successfully perturbed
robust accuracy after SQUARE: 39.50% (total time 92.7 s)
max Linf perturbation: 0.03137, nan in tensor: 0, max: 1.00000, min: 0.00000
robust accuracy: 39.50%
initial accuracy: 79.00%
apgd-ce - 1/1 - 66 out of 158 successfully perturbed
robust accuracy after APGD-CE: 46.00% (total time 3.9 s)
apgd-t - 1/1 - 6 out of 92 successfully perturbed
robust accuracy after APGD-T: 43.00% (total time 27.3 s)
fab-t - 1/1 - 0 out of 86 successfully perturbed
robust accuracy after FAB-T: 43.00% (total time 61.3 s)
square - 1/1 - 0 out of 86 successfully perturbed
robust accuracy after SQUARE: 43.00% (total time 101.6 s)
max Linf perturbation: 0.03137, nan in tensor: 0, max: 1.00000, min: 0.00000
robust accuracy: 43.00%
initial accuracy: 76.00%
apgd-ce - 1/1 - 55 out of 152 successfully perturbed
robust accuracy after APGD-CE: 48.50% (total time 4.0 s)
apgd-t - 1/1 - 11 out of 97 successfully perturbed
robust accuracy after APGD-T: 43.00% (total time 27.4 s)
fab-t - 1/1 - 0 out of 86 successfully perturbed
robust accuracy after FAB-T: 43.00% (total time 62.1 s)
square - 1/1 - 0 out of 86 successfully perturbed
robust accuracy after SQUARE: 43.00% (total time 102.7 s)
max Linf perturbation: 0.03137, nan in tensor: 0, max: 1.00000, min: 0.00000
robust accuracy: 43.00%
initial accuracy: 74.50%
apgd-ce - 1/1 - 67 out of 149 successfully perturbed
robust accuracy after APGD-CE: 41.00% (total time 4.0 s)
apgd-t - 1/1 - 2 out of 82 successfully perturbed
robust accuracy after APGD-T: 40.00% (total time 26.7 s)
fab-t - 1/1 - 0 out of 80 successfully perturbed
robust accuracy after FAB-T: 40.00% (total time 58.9 s)
square - 1/1 - 0 out of 80 successfully perturbed
robust accuracy after SQUARE: 40.00% (total time 95.4 s)
max Linf perturbation: 0.03137, nan in tensor: 0, max: 1.00000, min: 0.00000
robust accuracy: 40.00%
initial accuracy: 78.50%
apgd-ce - 1/1 - 68 out of 157 successfully perturbed
robust accuracy after APGD-CE: 44.50% (total time 4.1 s)
apgd-t - 1/1 - 10 out of 89 successfully perturbed
robust accuracy after APGD-T: 39.50% (total time 27.0 s)
fab-t - 1/1 - 0 out of 79 successfully perturbed
robust accuracy after FAB-T: 39.50% (total time 59.0 s)
square - 1/1 - 0 out of 79 successfully perturbed
robust accuracy after SQUARE: 39.50% (total time 95.3 s)
max Linf perturbation: 0.03137, nan in tensor: 0, max: 1.00000, min: 0.00000
robust accuracy: 39.50%
initial accuracy: 73.50%
apgd-ce - 1/1 - 57 out of 147 successfully perturbed
robust accuracy after APGD-CE: 45.00% (total time 4.0 s)
apgd-t - 1/1 - 8 out of 90 successfully perturbed
robust accuracy after APGD-T: 41.00% (total time 27.5 s)
fab-t - 1/1 - 0 out of 82 successfully perturbed
robust accuracy after FAB-T: 41.00% (total time 61.1 s)
square - 1/1 - 0 out of 82 successfully perturbed
robust accuracy after SQUARE: 41.00% (total time 99.5 s)
max Linf perturbation: 0.03137, nan in tensor: 0, max: 1.00000, min: 0.00000
robust accuracy: 41.00%
initial accuracy: 74.00%
apgd-ce - 1/1 - 58 out of 148 successfully perturbed
robust accuracy after APGD-CE: 45.00% (total time 4.2 s)
apgd-t - 1/1 - 6 out of 90 successfully perturbed
robust accuracy after APGD-T: 42.00% (total time 28.6 s)
fab-t - 1/1 - 0 out of 84 successfully perturbed
robust accuracy after FAB-T: 42.00% (total time 62.8 s)
square - 1/1 - 0 out of 84 successfully perturbed
robust accuracy after SQUARE: 42.00% (total time 102.3 s)
max Linf perturbation: 0.03137, nan in tensor: 0, max: 1.00000, min: 0.00000
robust accuracy: 42.00%
initial accuracy: 75.00%
apgd-ce - 1/1 - 66 out of 150 successfully perturbed
robust accuracy after APGD-CE: 42.00% (total time 4.2 s)
apgd-t - 1/1 - 8 out of 84 successfully perturbed
robust accuracy after APGD-T: 38.00% (total time 27.1 s)
fab-t - 1/1 - 0 out of 76 successfully perturbed
robust accuracy after FAB-T: 38.00% (total time 59.5 s)
square - 1/1 - 0 out of 76 successfully perturbed
robust accuracy after SQUARE: 38.00% (total time 95.6 s)
max Linf perturbation: 0.03137, nan in tensor: 0, max: 1.00000, min: 0.00000
robust accuracy: 38.00%
initial accuracy: 77.00%
apgd-ce - 1/1 - 57 out of 154 successfully perturbed
robust accuracy after APGD-CE: 48.50% (total time 4.1 s)
apgd-t - 1/1 - 8 out of 97 successfully perturbed
robust accuracy after APGD-T: 44.50% (total time 28.8 s)
fab-t - 1/1 - 0 out of 89 successfully perturbed
robust accuracy after FAB-T: 44.50% (total time 64.0 s)
square - 1/1 - 0 out of 89 successfully perturbed
robust accuracy after SQUARE: 44.50% (total time 105.9 s)
max Linf perturbation: 0.03137, nan in tensor: 0, max: 1.00000, min: 0.00000
robust accuracy: 44.50%
initial accuracy: 73.50%
apgd-ce - 1/1 - 72 out of 147 successfully perturbed
robust accuracy after APGD-CE: 37.50% (total time 4.1 s)
apgd-t - 1/1 - 12 out of 75 successfully perturbed
robust accuracy after APGD-T: 31.50% (total time 23.6 s)
fab-t - 1/1 - 0 out of 63 successfully perturbed
robust accuracy after FAB-T: 31.50% (total time 50.6 s)
square - 1/1 - 0 out of 63 successfully perturbed
robust accuracy after SQUARE: 31.50% (total time 81.6 s)
max Linf perturbation: 0.03137, nan in tensor: 0, max: 1.00000, min: 0.00000
robust accuracy: 31.50%
initial accuracy: 80.00%
apgd-ce - 1/1 - 65 out of 160 successfully perturbed
robust accuracy after APGD-CE: 47.50% (total time 4.1 s)
apgd-t - 1/1 - 8 out of 95 successfully perturbed
robust accuracy after APGD-T: 43.50% (total time 28.8 s)
fab-t - 1/1 - 0 out of 87 successfully perturbed
robust accuracy after FAB-T: 43.50% (total time 64.1 s)
square - 1/1 - 0 out of 87 successfully perturbed
robust accuracy after SQUARE: 43.50% (total time 106.1 s)
max Linf perturbation: 0.03137, nan in tensor: 0, max: 1.00000, min: 0.00000
robust accuracy: 43.50%
initial accuracy: 80.50%
apgd-ce - 1/1 - 75 out of 161 successfully perturbed
robust accuracy after APGD-CE: 43.00% (total time 4.2 s)
apgd-t - 1/1 - 7 out of 86 successfully perturbed
robust accuracy after APGD-T: 39.50% (total time 27.6 s)
fab-t - 1/1 - 0 out of 79 successfully perturbed
robust accuracy after FAB-T: 39.50% (total time 60.1 s)
square - 1/1 - 0 out of 79 successfully perturbed
robust accuracy after SQUARE: 39.50% (total time 96.3 s)
max Linf perturbation: 0.03137, nan in tensor: 0, max: 1.00000, min: 0.00000
robust accuracy: 39.50%
initial accuracy: 75.50%
apgd-ce - 1/1 - 58 out of 151 successfully perturbed
robust accuracy after APGD-CE: 46.50% (total time 4.2 s)
apgd-t - 1/1 - 9 out of 93 successfully perturbed
robust accuracy after APGD-T: 42.00% (total time 28.5 s)
fab-t - 1/1 - 0 out of 84 successfully perturbed
robust accuracy after FAB-T: 42.00% (total time 62.3 s)
square - 1/1 - 0 out of 84 successfully perturbed
robust accuracy after SQUARE: 42.00% (total time 101.7 s)
max Linf perturbation: 0.03137, nan in tensor: 0, max: 1.00000, min: 0.00000
robust accuracy: 42.00%
initial accuracy: 77.50%
apgd-ce - 1/1 - 66 out of 155 successfully perturbed
robust accuracy after APGD-CE: 44.50% (total time 4.2 s)
apgd-t - 1/1 - 6 out of 89 successfully perturbed
robust accuracy after APGD-T: 41.50% (total time 29.1 s)
fab-t - 1/1 - 0 out of 83 successfully perturbed
robust accuracy after FAB-T: 41.50% (total time 64.9 s)
square - 1/1 - 0 out of 83 successfully perturbed
robust accuracy after SQUARE: 41.50% (total time 107.4 s)
max Linf perturbation: 0.03137, nan in tensor: 0, max: 1.00000, min: 0.00000
robust accuracy: 41.50%
initial accuracy: 71.50%
apgd-ce - 1/1 - 49 out of 143 successfully perturbed
robust accuracy after APGD-CE: 47.00% (total time 3.7 s)
apgd-t - 1/1 - 8 out of 94 successfully perturbed
robust accuracy after APGD-T: 43.00% (total time 28.3 s)
fab-t - 1/1 - 0 out of 86 successfully perturbed
robust accuracy after FAB-T: 43.00% (total time 63.2 s)
square - 1/1 - 0 out of 86 successfully perturbed
robust accuracy after SQUARE: 43.00% (total time 104.7 s)
max Linf perturbation: 0.03137, nan in tensor: 0, max: 1.00000, min: 0.00000
robust accuracy: 43.00%
initial accuracy: 79.00%
apgd-ce - 1/1 - 72 out of 158 successfully perturbed
robust accuracy after APGD-CE: 43.00% (total time 4.0 s)
apgd-t - 1/1 - 9 out of 86 successfully perturbed
robust accuracy after APGD-T: 38.50% (total time 26.6 s)
fab-t - 1/1 - 0 out of 77 successfully perturbed
robust accuracy after FAB-T: 38.50% (total time 58.8 s)
square - 1/1 - 0 out of 77 successfully perturbed
robust accuracy after SQUARE: 38.50% (total time 95.3 s)
max Linf perturbation: 0.03137, nan in tensor: 0, max: 1.00000, min: 0.00000
robust accuracy: 38.50%
initial accuracy: 77.00%
apgd-ce - 1/1 - 68 out of 154 successfully perturbed
robust accuracy after APGD-CE: 43.00% (total time 4.2 s)
apgd-t - 1/1 - 5 out of 86 successfully perturbed
robust accuracy after APGD-T: 40.50% (total time 28.7 s)
fab-t - 1/1 - 0 out of 81 successfully perturbed
robust accuracy after FAB-T: 40.50% (total time 62.8 s)
square - 1/1 - 0 out of 81 successfully perturbed
robust accuracy after SQUARE: 40.50% (total time 100.9 s)
max Linf perturbation: 0.03137, nan in tensor: 0, max: 1.00000, min: 0.00000
robust accuracy: 40.50%
initial accuracy: 77.50%
apgd-ce - 1/1 - 68 out of 155 successfully perturbed
robust accuracy after APGD-CE: 43.50% (total time 4.2 s)
apgd-t - 1/1 - 6 out of 87 successfully perturbed
robust accuracy after APGD-T: 40.50% (total time 28.1 s)
fab-t - 1/1 - 0 out of 81 successfully perturbed
robust accuracy after FAB-T: 40.50% (total time 61.8 s)
square - 1/1 - 0 out of 81 successfully perturbed
robust accuracy after SQUARE: 40.50% (total time 99.5 s)
max Linf perturbation: 0.03137, nan in tensor: 0, max: 1.00000, min: 0.00000
robust accuracy: 40.50%
initial accuracy: 77.50%
apgd-ce - 1/1 - 54 out of 155 successfully perturbed
robust accuracy after APGD-CE: 50.50% (total time 4.2 s)
apgd-t - 1/1 - 7 out of 101 successfully perturbed
robust accuracy after APGD-T: 47.00% (total time 29.7 s)
fab-t - 1/1 - 0 out of 94 successfully perturbed
robust accuracy after FAB-T: 47.00% (total time 66.0 s)
square - 1/1 - 0 out of 94 successfully perturbed
robust accuracy after SQUARE: 47.00% (total time 109.5 s)
max Linf perturbation: 0.03137, nan in tensor: 0, max: 1.00000, min: 0.00000
robust accuracy: 47.00%
initial accuracy: 77.00%
apgd-ce - 1/1 - 61 out of 154 successfully perturbed
robust accuracy after APGD-CE: 46.50% (total time 4.2 s)
apgd-t - 1/1 - 9 out of 93 successfully perturbed
robust accuracy after APGD-T: 42.00% (total time 28.8 s)
fab-t - 1/1 - 0 out of 84 successfully perturbed
robust accuracy after FAB-T: 42.00% (total time 63.1 s)
square - 1/1 - 0 out of 84 successfully perturbed
robust accuracy after SQUARE: 42.00% (total time 101.3 s)
max Linf perturbation: 0.03137, nan in tensor: 0, max: 1.00000, min: 0.00000
robust accuracy: 42.00%
initial accuracy: 79.00%
apgd-ce - 1/1 - 63 out of 158 successfully perturbed
robust accuracy after APGD-CE: 47.50% (total time 4.0 s)
apgd-t - 1/1 - 8 out of 95 successfully perturbed
robust accuracy after APGD-T: 43.50% (total time 28.4 s)
fab-t - 1/1 - 0 out of 87 successfully perturbed
robust accuracy after FAB-T: 43.50% (total time 63.3 s)
square - 1/1 - 0 out of 87 successfully perturbed
robust accuracy after SQUARE: 43.50% (total time 105.1 s)
max Linf perturbation: 0.03137, nan in tensor: 0, max: 1.00000, min: 0.00000
robust accuracy: 43.50%
initial accuracy: 74.00%
apgd-ce - 1/1 - 58 out of 148 successfully perturbed
robust accuracy after APGD-CE: 45.00% (total time 4.2 s)
apgd-t - 1/1 - 5 out of 90 successfully perturbed
robust accuracy after APGD-T: 42.50% (total time 29.5 s)
fab-t - 1/1 - 0 out of 85 successfully perturbed
robust accuracy after FAB-T: 42.50% (total time 65.3 s)
square - 1/1 - 0 out of 85 successfully perturbed
robust accuracy after SQUARE: 42.50% (total time 108.1 s)
max Linf perturbation: 0.03137, nan in tensor: 0, max: 1.00000, min: 0.00000
robust accuracy: 42.50%
initial accuracy: 78.00%
apgd-ce - 1/1 - 78 out of 156 successfully perturbed
robust accuracy after APGD-CE: 39.00% (total time 4.2 s)
apgd-t - 1/1 - 8 out of 78 successfully perturbed
robust accuracy after APGD-T: 35.00% (total time 26.7 s)
fab-t - 1/1 - 0 out of 70 successfully perturbed
robust accuracy after FAB-T: 35.00% (total time 58.1 s)
square - 1/1 - 0 out of 70 successfully perturbed
robust accuracy after SQUARE: 35.00% (total time 93.1 s)
max Linf perturbation: 0.03137, nan in tensor: 0, max: 1.00000, min: 0.00000
robust accuracy: 35.00%
initial accuracy: 79.00%
apgd-ce - 1/1 - 70 out of 158 successfully perturbed
robust accuracy after APGD-CE: 44.00% (total time 4.0 s)
apgd-t - 1/1 - 6 out of 88 successfully perturbed
robust accuracy after APGD-T: 41.00% (total time 28.0 s)
fab-t - 1/1 - 0 out of 82 successfully perturbed
robust accuracy after FAB-T: 41.00% (total time 62.2 s)
square - 1/1 - 0 out of 82 successfully perturbed
robust accuracy after SQUARE: 41.00% (total time 100.4 s)
max Linf perturbation: 0.03137, nan in tensor: 0, max: 1.00000, min: 0.00000
robust accuracy: 41.00%
initial accuracy: 77.00%
apgd-ce - 1/1 - 67 out of 154 successfully perturbed
robust accuracy after APGD-CE: 43.50% (total time 4.2 s)
apgd-t - 1/1 - 5 out of 87 successfully perturbed
robust accuracy after APGD-T: 41.00% (total time 28.9 s)
fab-t - 1/1 - 0 out of 82 successfully perturbed
robust accuracy after FAB-T: 41.00% (total time 63.4 s)
square - 1/1 - 0 out of 82 successfully perturbed
robust accuracy after SQUARE: 41.00% (total time 101.6 s)
max Linf perturbation: 0.03137, nan in tensor: 0, max: 1.00000, min: 0.00000
robust accuracy: 41.00%
initial accuracy: 79.50%
apgd-ce - 1/1 - 69 out of 159 successfully perturbed
robust accuracy after APGD-CE: 45.00% (total time 4.2 s)
apgd-t - 1/1 - 4 out of 90 successfully perturbed
robust accuracy after APGD-T: 43.00% (total time 28.9 s)
fab-t - 1/1 - 0 out of 86 successfully perturbed
robust accuracy after FAB-T: 43.00% (total time 64.3 s)
square - 1/1 - 0 out of 86 successfully perturbed
robust accuracy after SQUARE: 43.00% (total time 106.2 s)
max Linf perturbation: 0.03137, nan in tensor: 0, max: 1.00000, min: 0.00000
robust accuracy: 43.00%
initial accuracy: 73.00%
apgd-ce - 1/1 - 67 out of 146 successfully perturbed
robust accuracy after APGD-CE: 39.50% (total time 4.1 s)
apgd-t - 1/1 - 10 out of 79 successfully perturbed
robust accuracy after APGD-T: 34.50% (total time 26.1 s)
fab-t - 1/1 - 0 out of 69 successfully perturbed
robust accuracy after FAB-T: 34.50% (total time 57.7 s)
square - 1/1 - 0 out of 69 successfully perturbed
robust accuracy after SQUARE: 34.50% (total time 92.9 s)
max Linf perturbation: 0.03137, nan in tensor: 0, max: 1.00000, min: 0.00000
robust accuracy: 34.50%
initial accuracy: 71.50%
apgd-ce - 1/1 - 64 out of 143 successfully perturbed
robust accuracy after APGD-CE: 39.50% (total time 3.6 s)
apgd-t - 1/1 - 6 out of 79 successfully perturbed
robust accuracy after APGD-T: 36.50% (total time 26.3 s)
fab-t - 1/1 - 0 out of 73 successfully perturbed
robust accuracy after FAB-T: 36.50% (total time 58.7 s)
square - 1/1 - 0 out of 73 successfully perturbed
robust accuracy after SQUARE: 36.50% (total time 95.1 s)
max Linf perturbation: 0.03137, nan in tensor: 0, max: 1.00000, min: 0.00000
robust accuracy: 36.50%
initial accuracy: 83.00%
apgd-ce - 1/1 - 71 out of 166 successfully perturbed
robust accuracy after APGD-CE: 47.50% (total time 4.3 s)
apgd-t - 1/1 - 5 out of 95 successfully perturbed
robust accuracy after APGD-T: 45.00% (total time 29.4 s)
fab-t - 1/1 - 0 out of 90 successfully perturbed
robust accuracy after FAB-T: 45.00% (total time 65.0 s)
square - 1/1 - 0 out of 90 successfully perturbed
robust accuracy after SQUARE: 45.00% (total time 107.3 s)
max Linf perturbation: 0.03137, nan in tensor: 0, max: 1.00000, min: 0.00000
robust accuracy: 45.00%
initial accuracy: 79.00%
apgd-ce - 1/1 - 79 out of 158 successfully perturbed
robust accuracy after APGD-CE: 39.50% (total time 4.1 s)
apgd-t - 1/1 - 5 out of 79 successfully perturbed
robust accuracy after APGD-T: 37.00% (total time 26.9 s)
fab-t - 1/1 - 0 out of 74 successfully perturbed
robust accuracy after FAB-T: 37.00% (total time 58.8 s)
square - 1/1 - 0 out of 74 successfully perturbed
robust accuracy after SQUARE: 37.00% (total time 94.5 s)
max Linf perturbation: 0.03137, nan in tensor: 0, max: 1.00000, min: 0.00000
robust accuracy: 37.00%
initial accuracy: 80.00%
apgd-ce - 1/1 - 69 out of 160 successfully perturbed
robust accuracy after APGD-CE: 45.50% (total time 4.0 s)
apgd-t - 1/1 - 9 out of 91 successfully perturbed
robust accuracy after APGD-T: 41.00% (total time 28.7 s)
fab-t - 1/1 - 0 out of 82 successfully perturbed
robust accuracy after FAB-T: 41.00% (total time 63.4 s)
square - 1/1 - 0 out of 82 successfully perturbed
robust accuracy after SQUARE: 41.00% (total time 102.1 s)
max Linf perturbation: 0.03137, nan in tensor: 0, max: 1.00000, min: 0.00000
robust accuracy: 41.00%
initial accuracy: 76.00%
apgd-ce - 1/1 - 73 out of 152 successfully perturbed
robust accuracy after APGD-CE: 39.50% (total time 4.3 s)
apgd-t - 1/1 - 8 out of 79 successfully perturbed
robust accuracy after APGD-T: 35.50% (total time 26.9 s)
fab-t - 1/1 - 0 out of 71 successfully perturbed
robust accuracy after FAB-T: 35.50% (total time 58.5 s)
square - 1/1 - 0 out of 71 successfully perturbed
robust accuracy after SQUARE: 35.50% (total time 94.0 s)
max Linf perturbation: 0.03137, nan in tensor: 0, max: 1.00000, min: 0.00000
robust accuracy: 35.50%
initial accuracy: 76.00%
apgd-ce - 1/1 - 62 out of 152 successfully perturbed
robust accuracy after APGD-CE: 45.00% (total time 4.2 s)
apgd-t - 1/1 - 7 out of 90 successfully perturbed
robust accuracy after APGD-T: 41.50% (total time 28.8 s)
fab-t - 1/1 - 0 out of 83 successfully perturbed
robust accuracy after FAB-T: 41.50% (total time 64.8 s)
square - 1/1 - 0 out of 83 successfully perturbed
robust accuracy after SQUARE: 41.50% (total time 107.4 s)
max Linf perturbation: 0.03137, nan in tensor: 0, max: 1.00000, min: 0.00000
robust accuracy: 41.50%
initial accuracy: 76.50%
apgd-ce - 1/1 - 75 out of 153 successfully perturbed
robust accuracy after APGD-CE: 39.00% (total time 4.2 s)
apgd-t - 1/1 - 10 out of 78 successfully perturbed
robust accuracy after APGD-T: 34.00% (total time 26.1 s)
fab-t - 1/1 - 0 out of 68 successfully perturbed
robust accuracy after FAB-T: 34.00% (total time 57.3 s)
square - 1/1 - 0 out of 68 successfully perturbed
robust accuracy after SQUARE: 34.00% (total time 92.2 s)
max Linf perturbation: 0.03137, nan in tensor: 0, max: 1.00000, min: 0.00000
robust accuracy: 34.00%
initial accuracy: 74.50%
apgd-ce - 1/1 - 59 out of 149 successfully perturbed
robust accuracy after APGD-CE: 45.00% (total time 4.1 s)
apgd-t - 1/1 - 9 out of 90 successfully perturbed
robust accuracy after APGD-T: 40.50% (total time 28.3 s)
fab-t - 1/1 - 0 out of 81 successfully perturbed
robust accuracy after FAB-T: 40.50% (total time 62.4 s)
square - 1/1 - 0 out of 81 successfully perturbed
robust accuracy after SQUARE: 40.50% (total time 101.4 s)
max Linf perturbation: 0.03137, nan in tensor: 0, max: 1.00000, min: 0.00000
robust accuracy: 40.50%
initial accuracy: 76.00%
apgd-ce - 1/1 - 64 out of 152 successfully perturbed
robust accuracy after APGD-CE: 44.00% (total time 4.2 s)
apgd-t - 1/1 - 4 out of 88 successfully perturbed
robust accuracy after APGD-T: 42.00% (total time 28.9 s)
fab-t - 1/1 - 0 out of 84 successfully perturbed
robust accuracy after FAB-T: 42.00% (total time 63.2 s)
square - 1/1 - 0 out of 84 successfully perturbed
robust accuracy after SQUARE: 42.00% (total time 101.6 s)
max Linf perturbation: 0.03137, nan in tensor: 0, max: 1.00000, min: 0.00000
robust accuracy: 42.00%
initial accuracy: 74.00%
apgd-ce - 1/1 - 64 out of 148 successfully perturbed
robust accuracy after APGD-CE: 42.00% (total time 4.1 s)
apgd-t - 1/1 - 5 out of 84 successfully perturbed
robust accuracy after APGD-T: 39.50% (total time 27.3 s)
fab-t - 1/1 - 0 out of 79 successfully perturbed
robust accuracy after FAB-T: 39.50% (total time 59.7 s)
square - 1/1 - 0 out of 79 successfully perturbed
robust accuracy after SQUARE: 39.50% (total time 97.5 s)
max Linf perturbation: 0.03137, nan in tensor: 0, max: 1.00000, min: 0.00000
robust accuracy: 39.50%
initial accuracy: 76.50%
apgd-ce - 1/1 - 69 out of 153 successfully perturbed
robust accuracy after APGD-CE: 42.00% (total time 4.2 s)
apgd-t - 1/1 - 2 out of 84 successfully perturbed
robust accuracy after APGD-T: 41.00% (total time 28.9 s)
fab-t - 1/1 - 0 out of 82 successfully perturbed
robust accuracy after FAB-T: 41.00% (total time 63.7 s)
square - 1/1 - 0 out of 82 successfully perturbed
robust accuracy after SQUARE: 41.00% (total time 102.4 s)
max Linf perturbation: 0.03137, nan in tensor: 0, max: 1.00000, min: 0.00000
robust accuracy: 41.00%
initial accuracy: 74.00%
apgd-ce - 1/1 - 69 out of 148 successfully perturbed
robust accuracy after APGD-CE: 39.50% (total time 4.1 s)
apgd-t - 1/1 - 6 out of 79 successfully perturbed
robust accuracy after APGD-T: 36.50% (total time 26.5 s)
fab-t - 1/1 - 0 out of 73 successfully perturbed
robust accuracy after FAB-T: 36.50% (total time 58.9 s)
square - 1/1 - 0 out of 73 successfully perturbed
robust accuracy after SQUARE: 36.50% (total time 95.2 s)
max Linf perturbation: 0.03137, nan in tensor: 0, max: 1.00000, min: 0.00000
robust accuracy: 36.50%
initial accuracy: 80.50%
apgd-ce - 1/1 - 69 out of 161 successfully perturbed
robust accuracy after APGD-CE: 46.00% (total time 4.2 s)
apgd-t - 1/1 - 8 out of 92 successfully perturbed
robust accuracy after APGD-T: 42.00% (total time 28.7 s)
fab-t - 1/1 - 0 out of 84 successfully perturbed
robust accuracy after FAB-T: 42.00% (total time 63.0 s)
square - 1/1 - 0 out of 84 successfully perturbed
robust accuracy after SQUARE: 42.00% (total time 101.5 s)
max Linf perturbation: 0.03137, nan in tensor: 0, max: 1.00000, min: 0.00000
robust accuracy: 42.00%
initial accuracy: 76.00%
apgd-ce - 1/1 - 69 out of 152 successfully perturbed
robust accuracy after APGD-CE: 41.50% (total time 4.2 s)
apgd-t - 1/1 - 7 out of 83 successfully perturbed
robust accuracy after APGD-T: 38.00% (total time 27.2 s)
fab-t - 1/1 - 0 out of 76 successfully perturbed
robust accuracy after FAB-T: 38.00% (total time 59.5 s)
square - 1/1 - 0 out of 76 successfully perturbed
robust accuracy after SQUARE: 38.00% (total time 95.8 s)
max Linf perturbation: 0.03137, nan in tensor: 0, max: 1.00000, min: 0.00000
robust accuracy: 38.00%
initial accuracy: 79.00%
apgd-ce - 1/1 - 58 out of 158 successfully perturbed
robust accuracy after APGD-CE: 50.00% (total time 4.0 s)
apgd-t - 1/1 - 9 out of 100 successfully perturbed
robust accuracy after APGD-T: 45.50% (total time 29.0 s)
fab-t - 1/1 - 0 out of 91 successfully perturbed
robust accuracy after FAB-T: 45.50% (total time 64.2 s)
square - 1/1 - 0 out of 91 successfully perturbed
robust accuracy after SQUARE: 45.50% (total time 106.9 s)
max Linf perturbation: 0.03137, nan in tensor: 0, max: 1.00000, min: 0.00000
robust accuracy: 45.50%
initial accuracy: 82.50%
apgd-ce - 1/1 - 78 out of 165 successfully perturbed
robust accuracy after APGD-CE: 43.50% (total time 4.3 s)
apgd-t - 1/1 - 9 out of 87 successfully perturbed
robust accuracy after APGD-T: 39.00% (total time 27.8 s)
fab-t - 1/1 - 0 out of 78 successfully perturbed
robust accuracy after FAB-T: 39.00% (total time 60.6 s)
square - 1/1 - 0 out of 78 successfully perturbed
robust accuracy after SQUARE: 39.00% (total time 97.2 s)
max Linf perturbation: 0.03137, nan in tensor: 0, max: 1.00000, min: 0.00000
robust accuracy: 39.00%
initial accuracy: 79.00%
apgd-ce - 1/1 - 70 out of 158 successfully perturbed
robust accuracy after APGD-CE: 44.00% (total time 4.2 s)
apgd-t - 1/1 - 6 out of 88 successfully perturbed
robust accuracy after APGD-T: 41.00% (total time 28.6 s)
fab-t - 1/1 - 0 out of 82 successfully perturbed
robust accuracy after FAB-T: 41.00% (total time 63.4 s)
square - 1/1 - 0 out of 82 successfully perturbed
robust accuracy after SQUARE: 41.00% (total time 102.4 s)
max Linf perturbation: 0.03137, nan in tensor: 0, max: 1.00000, min: 0.00000
robust accuracy: 41.00%
initial accuracy: 78.00%
apgd-ce - 1/1 - 60 out of 156 successfully perturbed
robust accuracy after APGD-CE: 48.00% (total time 4.3 s)
apgd-t - 1/1 - 12 out of 96 successfully perturbed
robust accuracy after APGD-T: 42.00% (total time 28.8 s)
fab-t - 1/1 - 0 out of 84 successfully perturbed
robust accuracy after FAB-T: 42.00% (total time 63.0 s)
square - 1/1 - 0 out of 84 successfully perturbed
robust accuracy after SQUARE: 42.00% (total time 102.0 s)
max Linf perturbation: 0.03137, nan in tensor: 0, max: 1.00000, min: 0.00000
robust accuracy: 42.00%
initial accuracy: 77.00%
apgd-ce - 1/1 - 76 out of 154 successfully perturbed
robust accuracy after APGD-CE: 39.00% (total time 4.2 s)
apgd-t - 1/1 - 4 out of 78 successfully perturbed
robust accuracy after APGD-T: 37.00% (total time 27.4 s)
fab-t - 1/1 - 0 out of 74 successfully perturbed
robust accuracy after FAB-T: 37.00% (total time 60.0 s)
square - 1/1 - 0 out of 74 successfully perturbed
robust accuracy after SQUARE: 37.00% (total time 96.7 s)
max Linf perturbation: 0.03137, nan in tensor: 0, max: 1.00000, min: 0.00000
robust accuracy: 37.00%
initial accuracy: 73.50%
apgd-ce - 1/1 - 52 out of 147 successfully perturbed
robust accuracy after APGD-CE: 47.50% (total time 4.1 s)
apgd-t - 1/1 - 10 out of 95 successfully perturbed
robust accuracy after APGD-T: 42.50% (total time 29.1 s)
fab-t - 1/1 - 0 out of 85 successfully perturbed
robust accuracy after FAB-T: 42.50% (total time 64.4 s)
square - 1/1 - 0 out of 85 successfully perturbed
robust accuracy after SQUARE: 42.50% (total time 105.7 s)
max Linf perturbation: 0.03137, nan in tensor: 0, max: 1.00000, min: 0.00000
robust accuracy: 42.50%
