initial accuracy: 63.50%
apgd-ce - 1/1 - 38 out of 127 successfully perturbed
robust accuracy after APGD-CE: 44.50% (total time 3.0 s)
apgd-t - 1/1 - 13 out of 89 successfully perturbed
robust accuracy after APGD-T: 38.00% (total time 25.1 s)
fab-t - 1/1 - 0 out of 76 successfully perturbed
robust accuracy after FAB-T: 38.00% (total time 56.3 s)
square - 1/1 - 0 out of 76 successfully perturbed
robust accuracy after SQUARE: 38.00% (total time 91.2 s)
max Linf perturbation: 0.03137, nan in tensor: 0, max: 1.00000, min: 0.00000
robust accuracy: 38.00%
initial accuracy: 58.50%
apgd-ce - 1/1 - 32 out of 117 successfully perturbed
robust accuracy after APGD-CE: 42.50% (total time 2.9 s)
apgd-t - 1/1 - 9 out of 85 successfully perturbed
robust accuracy after APGD-T: 38.00% (total time 24.9 s)
fab-t - 1/1 - 0 out of 76 successfully perturbed
robust accuracy after FAB-T: 38.00% (total time 55.6 s)
square - 1/1 - 0 out of 76 successfully perturbed
robust accuracy after SQUARE: 38.00% (total time 89.9 s)
max Linf perturbation: 0.03137, nan in tensor: 0, max: 1.00000, min: 0.00000
robust accuracy: 38.00%
initial accuracy: 62.50%
apgd-ce - 1/1 - 31 out of 125 successfully perturbed
robust accuracy after APGD-CE: 47.00% (total time 3.0 s)
apgd-t - 1/1 - 12 out of 94 successfully perturbed
robust accuracy after APGD-T: 41.00% (total time 26.0 s)
fab-t - 1/1 - 0 out of 82 successfully perturbed
robust accuracy after FAB-T: 41.00% (total time 58.6 s)
square - 1/1 - 0 out of 82 successfully perturbed
robust accuracy after SQUARE: 41.00% (total time 95.2 s)
max Linf perturbation: 0.03137, nan in tensor: 0, max: 1.00000, min: 0.00000
robust accuracy: 41.00%
initial accuracy: 61.50%
apgd-ce - 1/1 - 38 out of 123 successfully perturbed
robust accuracy after APGD-CE: 42.50% (total time 3.0 s)
apgd-t - 1/1 - 13 out of 85 successfully perturbed
robust accuracy after APGD-T: 36.00% (total time 24.9 s)
fab-t - 1/1 - 0 out of 72 successfully perturbed
robust accuracy after FAB-T: 36.00% (total time 55.2 s)
square - 1/1 - 0 out of 72 successfully perturbed
robust accuracy after SQUARE: 36.00% (total time 89.4 s)
max Linf perturbation: 0.03137, nan in tensor: 0, max: 1.00000, min: 0.00000
robust accuracy: 36.00%
initial accuracy: 63.50%
apgd-ce - 1/1 - 32 out of 127 successfully perturbed
robust accuracy after APGD-CE: 47.50% (total time 3.0 s)
apgd-t - 1/1 - 12 out of 95 successfully perturbed
robust accuracy after APGD-T: 41.50% (total time 26.6 s)
fab-t - 1/1 - 0 out of 83 successfully perturbed
robust accuracy after FAB-T: 41.50% (total time 59.8 s)
square - 1/1 - 0 out of 83 successfully perturbed
robust accuracy after SQUARE: 41.50% (total time 99.6 s)
max Linf perturbation: 0.03137, nan in tensor: 0, max: 1.00000, min: 0.00000
robust accuracy: 41.50%
initial accuracy: 64.50%
apgd-ce - 1/1 - 35 out of 129 successfully perturbed
robust accuracy after APGD-CE: 47.00% (total time 3.3 s)
apgd-t - 1/1 - 20 out of 94 successfully perturbed
robust accuracy after APGD-T: 37.00% (total time 25.0 s)
fab-t - 1/1 - 0 out of 74 successfully perturbed
robust accuracy after FAB-T: 37.00% (total time 55.4 s)
square - 1/1 - 0 out of 74 successfully perturbed
robust accuracy after SQUARE: 37.00% (total time 89.1 s)
max Linf perturbation: 0.03137, nan in tensor: 0, max: 1.00000, min: 0.00000
robust accuracy: 37.00%
initial accuracy: 55.00%
apgd-ce - 1/1 - 35 out of 110 successfully perturbed
robust accuracy after APGD-CE: 37.50% (total time 2.8 s)
apgd-t - 1/1 - 11 out of 75 successfully perturbed
robust accuracy after APGD-T: 32.00% (total time 21.0 s)
fab-t - 1/1 - 0 out of 64 successfully perturbed
robust accuracy after FAB-T: 32.00% (total time 46.8 s)
square - 1/1 - 0 out of 64 successfully perturbed
robust accuracy after SQUARE: 32.00% (total time 75.2 s)
max Linf perturbation: 0.03137, nan in tensor: 0, max: 1.00000, min: 0.00000
robust accuracy: 32.00%
initial accuracy: 62.50%
apgd-ce - 1/1 - 35 out of 125 successfully perturbed
robust accuracy after APGD-CE: 45.00% (total time 3.0 s)
apgd-t - 1/1 - 17 out of 90 successfully perturbed
robust accuracy after APGD-T: 36.50% (total time 24.7 s)
fab-t - 1/1 - 0 out of 73 successfully perturbed
robust accuracy after FAB-T: 36.50% (total time 55.2 s)
square - 1/1 - 0 out of 73 successfully perturbed
robust accuracy after SQUARE: 36.50% (total time 89.4 s)
max Linf perturbation: 0.03137, nan in tensor: 0, max: 1.00000, min: 0.00000
robust accuracy: 36.50%
initial accuracy: 60.50%
apgd-ce - 1/1 - 31 out of 121 successfully perturbed
robust accuracy after APGD-CE: 45.00% (total time 2.9 s)
apgd-t - 1/1 - 12 out of 90 successfully perturbed
robust accuracy after APGD-T: 39.00% (total time 25.2 s)
fab-t - 1/1 - 0 out of 78 successfully perturbed
robust accuracy after FAB-T: 39.00% (total time 56.6 s)
square - 1/1 - 0 out of 78 successfully perturbed
robust accuracy after SQUARE: 39.00% (total time 91.7 s)
max Linf perturbation: 0.03137, nan in tensor: 0, max: 1.00000, min: 0.00000
robust accuracy: 39.00%
initial accuracy: 60.00%
apgd-ce - 1/1 - 27 out of 120 successfully perturbed
robust accuracy after APGD-CE: 46.50% (total time 3.0 s)
apgd-t - 1/1 - 15 out of 93 successfully perturbed
robust accuracy after APGD-T: 39.00% (total time 25.6 s)
fab-t - 1/1 - 0 out of 78 successfully perturbed
robust accuracy after FAB-T: 39.00% (total time 57.0 s)
square - 1/1 - 0 out of 78 successfully perturbed
robust accuracy after SQUARE: 39.00% (total time 91.7 s)
max Linf perturbation: 0.03137, nan in tensor: 0, max: 1.00000, min: 0.00000
robust accuracy: 39.00%
initial accuracy: 61.00%
apgd-ce - 1/1 - 38 out of 122 successfully perturbed
robust accuracy after APGD-CE: 42.00% (total time 2.9 s)
apgd-t - 1/1 - 18 out of 84 successfully perturbed
robust accuracy after APGD-T: 33.00% (total time 22.8 s)
fab-t - 1/1 - 0 out of 66 successfully perturbed
robust accuracy after FAB-T: 33.00% (total time 51.0 s)
square - 1/1 - 0 out of 66 successfully perturbed
robust accuracy after SQUARE: 33.00% (total time 84.4 s)
max Linf perturbation: 0.03137, nan in tensor: 0, max: 1.00000, min: 0.00000
robust accuracy: 33.00%
initial accuracy: 66.50%
apgd-ce - 1/1 - 34 out of 133 successfully perturbed
robust accuracy after APGD-CE: 49.50% (total time 3.4 s)
apgd-t - 1/1 - 23 out of 99 successfully perturbed
robust accuracy after APGD-T: 38.00% (total time 25.5 s)
fab-t - 1/1 - 0 out of 76 successfully perturbed
robust accuracy after FAB-T: 38.00% (total time 56.2 s)
square - 1/1 - 0 out of 76 successfully perturbed
robust accuracy after SQUARE: 38.00% (total time 90.5 s)
max Linf perturbation: 0.03137, nan in tensor: 0, max: 1.00000, min: 0.00000
robust accuracy: 38.00%
initial accuracy: 60.00%
apgd-ce - 1/1 - 44 out of 120 successfully perturbed
robust accuracy after APGD-CE: 38.00% (total time 2.9 s)
apgd-t - 1/1 - 15 out of 76 successfully perturbed
robust accuracy after APGD-T: 30.50% (total time 21.2 s)
fab-t - 1/1 - 0 out of 61 successfully perturbed
robust accuracy after FAB-T: 30.50% (total time 46.5 s)
square - 1/1 - 0 out of 61 successfully perturbed
robust accuracy after SQUARE: 30.50% (total time 75.2 s)
max Linf perturbation: 0.03137, nan in tensor: 0, max: 1.00000, min: 0.00000
robust accuracy: 30.50%
initial accuracy: 63.50%
apgd-ce - 1/1 - 36 out of 127 successfully perturbed
robust accuracy after APGD-CE: 45.50% (total time 3.0 s)
apgd-t - 1/1 - 17 out of 91 successfully perturbed
robust accuracy after APGD-T: 37.00% (total time 25.1 s)
fab-t - 1/1 - 0 out of 74 successfully perturbed
robust accuracy after FAB-T: 37.00% (total time 55.8 s)
square - 1/1 - 0 out of 74 successfully perturbed
robust accuracy after SQUARE: 37.00% (total time 90.4 s)
max Linf perturbation: 0.03137, nan in tensor: 0, max: 1.00000, min: 0.00000
robust accuracy: 37.00%
initial accuracy: 61.00%
apgd-ce - 1/1 - 40 out of 122 successfully perturbed
robust accuracy after APGD-CE: 41.00% (total time 2.9 s)
apgd-t - 1/1 - 15 out of 82 successfully perturbed
robust accuracy after APGD-T: 33.50% (total time 24.1 s)
fab-t - 1/1 - 0 out of 67 successfully perturbed
robust accuracy after FAB-T: 33.50% (total time 54.0 s)
square - 1/1 - 0 out of 67 successfully perturbed
robust accuracy after SQUARE: 33.50% (total time 87.6 s)
max Linf perturbation: 0.03137, nan in tensor: 0, max: 1.00000, min: 0.00000
robust accuracy: 33.50%
initial accuracy: 61.00%
apgd-ce - 1/1 - 32 out of 122 successfully perturbed
robust accuracy after APGD-CE: 45.00% (total time 2.9 s)
apgd-t - 1/1 - 10 out of 90 successfully perturbed
robust accuracy after APGD-T: 40.00% (total time 25.4 s)
fab-t - 1/1 - 0 out of 80 successfully perturbed
robust accuracy after FAB-T: 40.00% (total time 56.3 s)
square - 1/1 - 0 out of 80 successfully perturbed
robust accuracy after SQUARE: 40.00% (total time 91.1 s)
max Linf perturbation: 0.03137, nan in tensor: 0, max: 1.00000, min: 0.00000
robust accuracy: 40.00%
initial accuracy: 61.50%
apgd-ce - 1/1 - 33 out of 123 successfully perturbed
robust accuracy after APGD-CE: 45.00% (total time 2.9 s)
apgd-t - 1/1 - 13 out of 90 successfully perturbed
robust accuracy after APGD-T: 38.50% (total time 24.9 s)
fab-t - 1/1 - 0 out of 77 successfully perturbed
robust accuracy after FAB-T: 38.50% (total time 55.8 s)
square - 1/1 - 0 out of 77 successfully perturbed
robust accuracy after SQUARE: 38.50% (total time 90.1 s)
max Linf perturbation: 0.03137, nan in tensor: 0, max: 1.00000, min: 0.00000
robust accuracy: 38.50%
initial accuracy: 64.00%
apgd-ce - 1/1 - 40 out of 128 successfully perturbed
robust accuracy after APGD-CE: 44.00% (total time 3.0 s)
apgd-t - 1/1 - 16 out of 88 successfully perturbed
robust accuracy after APGD-T: 36.00% (total time 24.4 s)
fab-t - 1/1 - 0 out of 72 successfully perturbed
robust accuracy after FAB-T: 36.00% (total time 54.5 s)
square - 1/1 - 0 out of 72 successfully perturbed
robust accuracy after SQUARE: 36.00% (total time 88.8 s)
max Linf perturbation: 0.03137, nan in tensor: 0, max: 1.00000, min: 0.00000
robust accuracy: 36.00%
initial accuracy: 66.50%
apgd-ce - 1/1 - 42 out of 133 successfully perturbed
robust accuracy after APGD-CE: 45.50% (total time 3.4 s)
apgd-t - 1/1 - 24 out of 91 successfully perturbed
robust accuracy after APGD-T: 33.50% (total time 24.8 s)
fab-t - 1/1 - 0 out of 67 successfully perturbed
robust accuracy after FAB-T: 33.50% (total time 55.0 s)
square - 1/1 - 0 out of 67 successfully perturbed
robust accuracy after SQUARE: 33.50% (total time 88.9 s)
max Linf perturbation: 0.03137, nan in tensor: 0, max: 1.00000, min: 0.00000
robust accuracy: 33.50%
initial accuracy: 64.00%
apgd-ce - 1/1 - 36 out of 128 successfully perturbed
robust accuracy after APGD-CE: 46.00% (total time 3.1 s)
apgd-t - 1/1 - 16 out of 92 successfully perturbed
robust accuracy after APGD-T: 38.00% (total time 25.1 s)
fab-t - 1/1 - 0 out of 76 successfully perturbed
robust accuracy after FAB-T: 38.00% (total time 56.1 s)
square - 1/1 - 0 out of 76 successfully perturbed
robust accuracy after SQUARE: 38.00% (total time 90.3 s)
max Linf perturbation: 0.03137, nan in tensor: 0, max: 1.00000, min: 0.00000
robust accuracy: 38.00%
initial accuracy: 64.50%
apgd-ce - 1/1 - 40 out of 129 successfully perturbed
robust accuracy after APGD-CE: 44.50% (total time 3.3 s)
apgd-t - 1/1 - 11 out of 89 successfully perturbed
robust accuracy after APGD-T: 39.00% (total time 25.6 s)
fab-t - 1/1 - 0 out of 78 successfully perturbed
robust accuracy after FAB-T: 39.00% (total time 56.7 s)
square - 1/1 - 0 out of 78 successfully perturbed
robust accuracy after SQUARE: 39.00% (total time 91.8 s)
max Linf perturbation: 0.03137, nan in tensor: 0, max: 1.00000, min: 0.00000
robust accuracy: 39.00%
initial accuracy: 65.00%
apgd-ce - 1/1 - 26 out of 130 successfully perturbed
robust accuracy after APGD-CE: 52.00% (total time 3.4 s)
apgd-t - 1/1 - 16 out of 104 successfully perturbed
robust accuracy after APGD-T: 44.00% (total time 27.0 s)
fab-t - 1/1 - 0 out of 88 successfully perturbed
robust accuracy after FAB-T: 44.00% (total time 59.9 s)
square - 1/1 - 0 out of 88 successfully perturbed
robust accuracy after SQUARE: 44.00% (total time 97.9 s)
max Linf perturbation: 0.03137, nan in tensor: 0, max: 1.00000, min: 0.00000
robust accuracy: 44.00%
initial accuracy: 66.00%
apgd-ce - 1/1 - 41 out of 132 successfully perturbed
robust accuracy after APGD-CE: 45.50% (total time 3.4 s)
apgd-t - 1/1 - 21 out of 91 successfully perturbed
robust accuracy after APGD-T: 35.00% (total time 25.7 s)
fab-t - 1/1 - 0 out of 70 successfully perturbed
robust accuracy after FAB-T: 35.00% (total time 57.2 s)
square - 1/1 - 0 out of 70 successfully perturbed
robust accuracy after SQUARE: 35.00% (total time 92.5 s)
max Linf perturbation: 0.03137, nan in tensor: 0, max: 1.00000, min: 0.00000
robust accuracy: 35.00%
initial accuracy: 61.00%
apgd-ce - 1/1 - 28 out of 122 successfully perturbed
robust accuracy after APGD-CE: 47.00% (total time 3.0 s)
apgd-t - 1/1 - 18 out of 94 successfully perturbed
robust accuracy after APGD-T: 38.00% (total time 26.4 s)
fab-t - 1/1 - 0 out of 76 successfully perturbed
robust accuracy after FAB-T: 38.00% (total time 58.9 s)
square - 1/1 - 0 out of 76 successfully perturbed
robust accuracy after SQUARE: 38.00% (total time 95.1 s)
max Linf perturbation: 0.03137, nan in tensor: 0, max: 1.00000, min: 0.00000
robust accuracy: 38.00%
initial accuracy: 64.50%
apgd-ce - 1/1 - 36 out of 129 successfully perturbed
robust accuracy after APGD-CE: 46.50% (total time 3.4 s)
apgd-t - 1/1 - 11 out of 93 successfully perturbed
robust accuracy after APGD-T: 41.00% (total time 27.8 s)
fab-t - 1/1 - 0 out of 82 successfully perturbed
robust accuracy after FAB-T: 41.00% (total time 61.9 s)
square - 1/1 - 0 out of 82 successfully perturbed
robust accuracy after SQUARE: 41.00% (total time 100.2 s)
max Linf perturbation: 0.03137, nan in tensor: 0, max: 1.00000, min: 0.00000
robust accuracy: 41.00%
initial accuracy: 61.00%
apgd-ce - 1/1 - 41 out of 122 successfully perturbed
robust accuracy after APGD-CE: 40.50% (total time 3.0 s)
apgd-t - 1/1 - 16 out of 81 successfully perturbed
robust accuracy after APGD-T: 32.50% (total time 24.0 s)
fab-t - 1/1 - 0 out of 65 successfully perturbed
robust accuracy after FAB-T: 32.50% (total time 53.8 s)
square - 1/1 - 0 out of 65 successfully perturbed
robust accuracy after SQUARE: 32.50% (total time 88.5 s)
max Linf perturbation: 0.03137, nan in tensor: 0, max: 1.00000, min: 0.00000
robust accuracy: 32.50%
initial accuracy: 65.50%
apgd-ce - 1/1 - 43 out of 131 successfully perturbed
robust accuracy after APGD-CE: 44.00% (total time 3.6 s)
apgd-t - 1/1 - 21 out of 88 successfully perturbed
robust accuracy after APGD-T: 33.50% (total time 25.5 s)
fab-t - 1/1 - 0 out of 67 successfully perturbed
robust accuracy after FAB-T: 33.50% (total time 56.3 s)
square - 1/1 - 0 out of 67 successfully perturbed
robust accuracy after SQUARE: 33.50% (total time 91.7 s)
max Linf perturbation: 0.03137, nan in tensor: 0, max: 1.00000, min: 0.00000
robust accuracy: 33.50%
initial accuracy: 64.50%
apgd-ce - 1/1 - 43 out of 129 successfully perturbed
robust accuracy after APGD-CE: 43.00% (total time 3.4 s)
apgd-t - 1/1 - 13 out of 86 successfully perturbed
robust accuracy after APGD-T: 36.50% (total time 26.1 s)
fab-t - 1/1 - 0 out of 73 successfully perturbed
robust accuracy after FAB-T: 36.50% (total time 58.0 s)
square - 1/1 - 0 out of 73 successfully perturbed
robust accuracy after SQUARE: 36.50% (total time 93.6 s)
max Linf perturbation: 0.03137, nan in tensor: 0, max: 1.00000, min: 0.00000
robust accuracy: 36.50%
initial accuracy: 63.50%
apgd-ce - 1/1 - 36 out of 127 successfully perturbed
robust accuracy after APGD-CE: 45.50% (total time 3.1 s)
apgd-t - 1/1 - 11 out of 91 successfully perturbed
robust accuracy after APGD-T: 40.00% (total time 26.7 s)
fab-t - 1/1 - 0 out of 80 successfully perturbed
robust accuracy after FAB-T: 40.00% (total time 59.6 s)
square - 1/1 - 0 out of 80 successfully perturbed
robust accuracy after SQUARE: 40.00% (total time 96.3 s)
max Linf perturbation: 0.03137, nan in tensor: 0, max: 1.00000, min: 0.00000
robust accuracy: 40.00%
initial accuracy: 59.50%
apgd-ce - 1/1 - 47 out of 119 successfully perturbed
robust accuracy after APGD-CE: 36.00% (total time 3.0 s)
apgd-t - 1/1 - 10 out of 72 successfully perturbed
robust accuracy after APGD-T: 31.00% (total time 21.8 s)
fab-t - 1/1 - 0 out of 62 successfully perturbed
robust accuracy after FAB-T: 31.00% (total time 48.5 s)
square - 1/1 - 0 out of 62 successfully perturbed
robust accuracy after SQUARE: 31.00% (total time 78.8 s)
max Linf perturbation: 0.03137, nan in tensor: 0, max: 1.00000, min: 0.00000
robust accuracy: 31.00%
initial accuracy: 55.00%
apgd-ce - 1/1 - 24 out of 110 successfully perturbed
robust accuracy after APGD-CE: 43.00% (total time 2.9 s)
apgd-t - 1/1 - 15 out of 86 successfully perturbed
robust accuracy after APGD-T: 35.50% (total time 25.4 s)
fab-t - 1/1 - 0 out of 71 successfully perturbed
robust accuracy after FAB-T: 35.50% (total time 57.3 s)
square - 1/1 - 0 out of 71 successfully perturbed
robust accuracy after SQUARE: 35.50% (total time 92.8 s)
max Linf perturbation: 0.03137, nan in tensor: 0, max: 1.00000, min: 0.00000
robust accuracy: 35.50%
initial accuracy: 62.00%
apgd-ce - 1/1 - 32 out of 124 successfully perturbed
robust accuracy after APGD-CE: 46.00% (total time 3.0 s)
apgd-t - 1/1 - 11 out of 92 successfully perturbed
robust accuracy after APGD-T: 40.50% (total time 27.2 s)
fab-t - 1/1 - 0 out of 81 successfully perturbed
robust accuracy after FAB-T: 40.50% (total time 61.4 s)
square - 1/1 - 0 out of 81 successfully perturbed
robust accuracy after SQUARE: 40.50% (total time 99.9 s)
max Linf perturbation: 0.03137, nan in tensor: 0, max: 1.00000, min: 0.00000
robust accuracy: 40.50%
initial accuracy: 62.00%
apgd-ce - 1/1 - 28 out of 124 successfully perturbed
robust accuracy after APGD-CE: 48.00% (total time 3.1 s)
apgd-t - 1/1 - 16 out of 96 successfully perturbed
robust accuracy after APGD-T: 40.00% (total time 27.6 s)
fab-t - 1/1 - 0 out of 80 successfully perturbed
robust accuracy after FAB-T: 40.00% (total time 60.8 s)
square - 1/1 - 0 out of 80 successfully perturbed
robust accuracy after SQUARE: 40.00% (total time 98.2 s)
max Linf perturbation: 0.03137, nan in tensor: 0, max: 1.00000, min: 0.00000
robust accuracy: 40.00%
initial accuracy: 67.00%
apgd-ce - 1/1 - 46 out of 134 successfully perturbed
robust accuracy after APGD-CE: 44.00% (total time 3.6 s)
apgd-t - 1/1 - 11 out of 88 successfully perturbed
robust accuracy after APGD-T: 38.50% (total time 27.3 s)
fab-t - 1/1 - 0 out of 77 successfully perturbed
robust accuracy after FAB-T: 38.50% (total time 60.5 s)
square - 1/1 - 0 out of 77 successfully perturbed
robust accuracy after SQUARE: 38.50% (total time 96.8 s)
max Linf perturbation: 0.03137, nan in tensor: 0, max: 1.00000, min: 0.00000
robust accuracy: 38.50%
initial accuracy: 62.50%
apgd-ce - 1/1 - 41 out of 125 successfully perturbed
robust accuracy after APGD-CE: 42.00% (total time 3.2 s)
apgd-t - 1/1 - 9 out of 84 successfully perturbed
robust accuracy after APGD-T: 37.50% (total time 27.0 s)
fab-t - 1/1 - 0 out of 75 successfully perturbed
robust accuracy after FAB-T: 37.50% (total time 60.0 s)
square - 1/1 - 0 out of 75 successfully perturbed
robust accuracy after SQUARE: 37.50% (total time 96.3 s)
max Linf perturbation: 0.03137, nan in tensor: 0, max: 1.00000, min: 0.00000
robust accuracy: 37.50%
initial accuracy: 65.00%
apgd-ce - 1/1 - 38 out of 130 successfully perturbed
robust accuracy after APGD-CE: 46.00% (total time 3.5 s)
apgd-t - 1/1 - 15 out of 92 successfully perturbed
robust accuracy after APGD-T: 38.50% (total time 26.9 s)
fab-t - 1/1 - 0 out of 77 successfully perturbed
robust accuracy after FAB-T: 38.50% (total time 59.4 s)
square - 1/1 - 0 out of 77 successfully perturbed
robust accuracy after SQUARE: 38.50% (total time 95.6 s)
max Linf perturbation: 0.03137, nan in tensor: 0, max: 1.00000, min: 0.00000
robust accuracy: 38.50%
initial accuracy: 64.00%
apgd-ce - 1/1 - 47 out of 128 successfully perturbed
robust accuracy after APGD-CE: 40.50% (total time 3.1 s)
apgd-t - 1/1 - 9 out of 81 successfully perturbed
robust accuracy after APGD-T: 36.00% (total time 25.7 s)
fab-t - 1/1 - 0 out of 72 successfully perturbed
robust accuracy after FAB-T: 36.00% (total time 57.5 s)
square - 1/1 - 0 out of 72 successfully perturbed
robust accuracy after SQUARE: 36.00% (total time 92.9 s)
max Linf perturbation: 0.03137, nan in tensor: 0, max: 1.00000, min: 0.00000
robust accuracy: 36.00%
initial accuracy: 62.00%
apgd-ce - 1/1 - 30 out of 124 successfully perturbed
robust accuracy after APGD-CE: 47.00% (total time 3.1 s)
apgd-t - 1/1 - 14 out of 94 successfully perturbed
robust accuracy after APGD-T: 40.00% (total time 26.8 s)
fab-t - 1/1 - 0 out of 80 successfully perturbed
robust accuracy after FAB-T: 40.00% (total time 59.8 s)
square - 1/1 - 0 out of 80 successfully perturbed
robust accuracy after SQUARE: 40.00% (total time 96.8 s)
max Linf perturbation: 0.03137, nan in tensor: 0, max: 1.00000, min: 0.00000
robust accuracy: 40.00%
initial accuracy: 64.50%
apgd-ce - 1/1 - 37 out of 129 successfully perturbed
robust accuracy after APGD-CE: 46.00% (total time 3.4 s)
apgd-t - 1/1 - 11 out of 92 successfully perturbed
robust accuracy after APGD-T: 40.50% (total time 27.8 s)
fab-t - 1/1 - 0 out of 81 successfully perturbed
robust accuracy after FAB-T: 40.50% (total time 61.9 s)
square - 1/1 - 0 out of 81 successfully perturbed
robust accuracy after SQUARE: 40.50% (total time 99.7 s)
max Linf perturbation: 0.03137, nan in tensor: 0, max: 1.00000, min: 0.00000
robust accuracy: 40.50%
initial accuracy: 58.50%
apgd-ce - 1/1 - 35 out of 117 successfully perturbed
robust accuracy after APGD-CE: 41.00% (total time 3.0 s)
apgd-t - 1/1 - 17 out of 82 successfully perturbed
robust accuracy after APGD-T: 32.50% (total time 24.2 s)
fab-t - 1/1 - 0 out of 65 successfully perturbed
robust accuracy after FAB-T: 32.50% (total time 54.3 s)
square - 1/1 - 0 out of 65 successfully perturbed
robust accuracy after SQUARE: 32.50% (total time 89.0 s)
max Linf perturbation: 0.03137, nan in tensor: 0, max: 1.00000, min: 0.00000
robust accuracy: 32.50%
initial accuracy: 61.50%
apgd-ce - 1/1 - 45 out of 123 successfully perturbed
robust accuracy after APGD-CE: 39.00% (total time 3.1 s)
apgd-t - 1/1 - 13 out of 78 successfully perturbed
robust accuracy after APGD-T: 32.50% (total time 24.0 s)
fab-t - 1/1 - 0 out of 65 successfully perturbed
robust accuracy after FAB-T: 32.50% (total time 54.0 s)
square - 1/1 - 0 out of 65 successfully perturbed
robust accuracy after SQUARE: 32.50% (total time 89.0 s)
max Linf perturbation: 0.03137, nan in tensor: 0, max: 1.00000, min: 0.00000
robust accuracy: 32.50%
initial accuracy: 56.50%
apgd-ce - 1/1 - 40 out of 113 successfully perturbed
robust accuracy after APGD-CE: 36.50% (total time 3.0 s)
apgd-t - 1/1 - 10 out of 73 successfully perturbed
robust accuracy after APGD-T: 31.50% (total time 22.2 s)
fab-t - 1/1 - 0 out of 63 successfully perturbed
robust accuracy after FAB-T: 31.50% (total time 49.2 s)
square - 1/1 - 0 out of 63 successfully perturbed
robust accuracy after SQUARE: 31.50% (total time 79.5 s)
max Linf perturbation: 0.03137, nan in tensor: 0, max: 1.00000, min: 0.00000
robust accuracy: 31.50%
initial accuracy: 63.50%
apgd-ce - 1/1 - 49 out of 127 successfully perturbed
robust accuracy after APGD-CE: 39.00% (total time 3.1 s)
apgd-t - 1/1 - 11 out of 78 successfully perturbed
robust accuracy after APGD-T: 33.50% (total time 25.5 s)
fab-t - 1/1 - 0 out of 67 successfully perturbed
robust accuracy after FAB-T: 33.50% (total time 57.0 s)
square - 1/1 - 0 out of 67 successfully perturbed
robust accuracy after SQUARE: 33.50% (total time 92.6 s)
max Linf perturbation: 0.03137, nan in tensor: 0, max: 1.00000, min: 0.00000
robust accuracy: 33.50%
initial accuracy: 63.50%
apgd-ce - 1/1 - 41 out of 127 successfully perturbed
robust accuracy after APGD-CE: 43.00% (total time 3.2 s)
apgd-t - 1/1 - 16 out of 86 successfully perturbed
robust accuracy after APGD-T: 35.00% (total time 26.3 s)
fab-t - 1/1 - 0 out of 70 successfully perturbed
robust accuracy after FAB-T: 35.00% (total time 58.9 s)
square - 1/1 - 0 out of 70 successfully perturbed
robust accuracy after SQUARE: 35.00% (total time 95.0 s)
max Linf perturbation: 0.03137, nan in tensor: 0, max: 1.00000, min: 0.00000
robust accuracy: 35.00%
initial accuracy: 67.50%
apgd-ce - 1/1 - 32 out of 135 successfully perturbed
robust accuracy after APGD-CE: 51.50% (total time 3.6 s)
apgd-t - 1/1 - 16 out of 103 successfully perturbed
robust accuracy after APGD-T: 43.50% (total time 28.5 s)
fab-t - 1/1 - 0 out of 87 successfully perturbed
robust accuracy after FAB-T: 43.50% (total time 64.4 s)
square - 1/1 - 0 out of 87 successfully perturbed
robust accuracy after SQUARE: 43.50% (total time 107.0 s)
max Linf perturbation: 0.03137, nan in tensor: 0, max: 1.00000, min: 0.00000
robust accuracy: 43.50%
initial accuracy: 65.50%
apgd-ce - 1/1 - 43 out of 131 successfully perturbed
robust accuracy after APGD-CE: 44.00% (total time 3.6 s)
apgd-t - 1/1 - 21 out of 88 successfully perturbed
robust accuracy after APGD-T: 33.50% (total time 26.1 s)
fab-t - 1/1 - 0 out of 67 successfully perturbed
robust accuracy after FAB-T: 33.50% (total time 57.1 s)
square - 1/1 - 0 out of 67 successfully perturbed
robust accuracy after SQUARE: 33.50% (total time 92.5 s)
max Linf perturbation: 0.03137, nan in tensor: 0, max: 1.00000, min: 0.00000
robust accuracy: 33.50%
initial accuracy: 63.50%
apgd-ce - 1/1 - 32 out of 127 successfully perturbed
robust accuracy after APGD-CE: 47.50% (total time 3.1 s)
apgd-t - 1/1 - 21 out of 95 successfully perturbed
robust accuracy after APGD-T: 37.00% (total time 26.3 s)
fab-t - 1/1 - 0 out of 74 successfully perturbed
robust accuracy after FAB-T: 37.00% (total time 58.6 s)
square - 1/1 - 0 out of 74 successfully perturbed
robust accuracy after SQUARE: 37.00% (total time 94.3 s)
max Linf perturbation: 0.03137, nan in tensor: 0, max: 1.00000, min: 0.00000
robust accuracy: 37.00%
initial accuracy: 64.00%
apgd-ce - 1/1 - 44 out of 128 successfully perturbed
robust accuracy after APGD-CE: 42.00% (total time 3.2 s)
apgd-t - 1/1 - 12 out of 84 successfully perturbed
robust accuracy after APGD-T: 36.00% (total time 25.7 s)
fab-t - 1/1 - 0 out of 72 successfully perturbed
robust accuracy after FAB-T: 36.00% (total time 57.8 s)
square - 1/1 - 0 out of 72 successfully perturbed
robust accuracy after SQUARE: 36.00% (total time 93.4 s)
max Linf perturbation: 0.03137, nan in tensor: 0, max: 1.00000, min: 0.00000
robust accuracy: 36.00%
initial accuracy: 59.50%
apgd-ce - 1/1 - 37 out of 119 successfully perturbed
robust accuracy after APGD-CE: 41.00% (total time 2.9 s)
apgd-t - 1/1 - 13 out of 82 successfully perturbed
robust accuracy after APGD-T: 34.50% (total time 25.3 s)
fab-t - 1/1 - 0 out of 69 successfully perturbed
robust accuracy after FAB-T: 34.50% (total time 56.9 s)
square - 1/1 - 0 out of 69 successfully perturbed
robust accuracy after SQUARE: 34.50% (total time 92.2 s)
max Linf perturbation: 0.03137, nan in tensor: 0, max: 1.00000, min: 0.00000
robust accuracy: 34.50%
initial accuracy: 61.00%
apgd-ce - 1/1 - 39 out of 122 successfully perturbed
robust accuracy after APGD-CE: 41.50% (total time 3.0 s)
apgd-t - 1/1 - 15 out of 83 successfully perturbed
robust accuracy after APGD-T: 34.00% (total time 25.3 s)
fab-t - 1/1 - 0 out of 68 successfully perturbed
robust accuracy after FAB-T: 34.00% (total time 56.9 s)
square - 1/1 - 0 out of 68 successfully perturbed
robust accuracy after SQUARE: 34.00% (total time 92.0 s)
max Linf perturbation: 0.03137, nan in tensor: 0, max: 1.00000, min: 0.00000
robust accuracy: 34.00%
