initial accuracy: 80.00%
apgd-ce - 1/1 - 78 out of 160 successfully perturbed
robust accuracy after APGD-CE: 41.00% (total time 3.6 s)
apgd-t - 1/1 - 10 out of 82 successfully perturbed
robust accuracy after APGD-T: 36.00% (total time 23.4 s)
fab-t - 1/1 - 0 out of 72 successfully perturbed
robust accuracy after FAB-T: 36.00% (total time 51.5 s)
square - 1/1 - 0 out of 72 successfully perturbed
robust accuracy after SQUARE: 36.00% (total time 83.1 s)
max Linf perturbation: 0.03137, nan in tensor: 0, max: 1.00000, min: 0.00000
robust accuracy: 36.00%
initial accuracy: 70.50%
apgd-ce - 1/1 - 59 out of 141 successfully perturbed
robust accuracy after APGD-CE: 41.00% (total time 3.4 s)
apgd-t - 1/1 - 9 out of 82 successfully perturbed
robust accuracy after APGD-T: 36.50% (total time 23.8 s)
fab-t - 1/1 - 0 out of 73 successfully perturbed
robust accuracy after FAB-T: 36.50% (total time 52.3 s)
square - 1/1 - 0 out of 73 successfully perturbed
robust accuracy after SQUARE: 36.50% (total time 83.9 s)
max Linf perturbation: 0.03137, nan in tensor: 0, max: 1.00000, min: 0.00000
robust accuracy: 36.50%
initial accuracy: 73.50%
apgd-ce - 1/1 - 57 out of 147 successfully perturbed
robust accuracy after APGD-CE: 45.00% (total time 3.8 s)
apgd-t - 1/1 - 8 out of 90 successfully perturbed
robust accuracy after APGD-T: 41.00% (total time 25.5 s)
fab-t - 1/1 - 0 out of 82 successfully perturbed
robust accuracy after FAB-T: 41.00% (total time 56.0 s)
square - 1/1 - 0 out of 82 successfully perturbed
robust accuracy after SQUARE: 41.00% (total time 90.6 s)
max Linf perturbation: 0.03137, nan in tensor: 0, max: 1.00000, min: 0.00000
robust accuracy: 41.00%
initial accuracy: 74.50%
apgd-ce - 1/1 - 68 out of 149 successfully perturbed
robust accuracy after APGD-CE: 40.50% (total time 3.8 s)
apgd-t - 1/1 - 9 out of 81 successfully perturbed
robust accuracy after APGD-T: 36.00% (total time 23.8 s)
fab-t - 1/1 - 0 out of 72 successfully perturbed
robust accuracy after FAB-T: 36.00% (total time 51.8 s)
square - 1/1 - 0 out of 72 successfully perturbed
robust accuracy after SQUARE: 36.00% (total time 83.5 s)
max Linf perturbation: 0.03137, nan in tensor: 0, max: 1.00000, min: 0.00000
robust accuracy: 36.00%
initial accuracy: 79.00%
apgd-ce - 1/1 - 59 out of 158 successfully perturbed
robust accuracy after APGD-CE: 49.50% (total time 3.8 s)
apgd-t - 1/1 - 12 out of 99 successfully perturbed
robust accuracy after APGD-T: 43.50% (total time 25.8 s)
fab-t - 1/1 - 0 out of 87 successfully perturbed
robust accuracy after FAB-T: 43.50% (total time 57.0 s)
square - 1/1 - 0 out of 87 successfully perturbed
robust accuracy after SQUARE: 43.50% (total time 95.0 s)
max Linf perturbation: 0.03137, nan in tensor: 0, max: 1.00000, min: 0.00000
robust accuracy: 43.50%
initial accuracy: 78.50%
apgd-ce - 1/1 - 63 out of 157 successfully perturbed
robust accuracy after APGD-CE: 47.00% (total time 4.0 s)
apgd-t - 1/1 - 12 out of 94 successfully perturbed
robust accuracy after APGD-T: 41.00% (total time 26.1 s)
fab-t - 1/1 - 0 out of 82 successfully perturbed
robust accuracy after FAB-T: 41.00% (total time 57.5 s)
square - 1/1 - 0 out of 82 successfully perturbed
robust accuracy after SQUARE: 41.00% (total time 92.6 s)
max Linf perturbation: 0.03137, nan in tensor: 0, max: 1.00000, min: 0.00000
robust accuracy: 41.00%
initial accuracy: 70.00%
apgd-ce - 1/1 - 66 out of 140 successfully perturbed
robust accuracy after APGD-CE: 37.00% (total time 3.4 s)
apgd-t - 1/1 - 9 out of 74 successfully perturbed
robust accuracy after APGD-T: 32.50% (total time 22.7 s)
fab-t - 1/1 - 0 out of 65 successfully perturbed
robust accuracy after FAB-T: 32.50% (total time 50.0 s)
square - 1/1 - 0 out of 65 successfully perturbed
robust accuracy after SQUARE: 32.50% (total time 81.9 s)
max Linf perturbation: 0.03137, nan in tensor: 0, max: 1.00000, min: 0.00000
robust accuracy: 32.50%
initial accuracy: 75.00%
apgd-ce - 1/1 - 70 out of 150 successfully perturbed
robust accuracy after APGD-CE: 40.00% (total time 4.0 s)
apgd-t - 1/1 - 8 out of 80 successfully perturbed
robust accuracy after APGD-T: 36.00% (total time 24.9 s)
fab-t - 1/1 - 0 out of 72 successfully perturbed
robust accuracy after FAB-T: 36.00% (total time 54.1 s)
square - 1/1 - 0 out of 72 successfully perturbed
robust accuracy after SQUARE: 36.00% (total time 86.9 s)
max Linf perturbation: 0.03137, nan in tensor: 0, max: 1.00000, min: 0.00000
robust accuracy: 36.00%
initial accuracy: 76.50%
apgd-ce - 1/1 - 70 out of 153 successfully perturbed
robust accuracy after APGD-CE: 41.50% (total time 4.1 s)
apgd-t - 1/1 - 5 out of 83 successfully perturbed
robust accuracy after APGD-T: 39.00% (total time 25.8 s)
fab-t - 1/1 - 0 out of 78 successfully perturbed
robust accuracy after FAB-T: 39.00% (total time 56.4 s)
square - 1/1 - 0 out of 78 successfully perturbed
robust accuracy after SQUARE: 39.00% (total time 91.7 s)
max Linf perturbation: 0.03137, nan in tensor: 0, max: 1.00000, min: 0.00000
robust accuracy: 39.00%
initial accuracy: 71.50%
apgd-ce - 1/1 - 64 out of 143 successfully perturbed
robust accuracy after APGD-CE: 39.50% (total time 3.6 s)
apgd-t - 1/1 - 4 out of 79 successfully perturbed
robust accuracy after APGD-T: 37.50% (total time 24.9 s)
fab-t - 1/1 - 0 out of 75 successfully perturbed
robust accuracy after FAB-T: 37.50% (total time 55.1 s)
square - 1/1 - 0 out of 75 successfully perturbed
robust accuracy after SQUARE: 37.50% (total time 88.6 s)
max Linf perturbation: 0.03137, nan in tensor: 0, max: 1.00000, min: 0.00000
robust accuracy: 37.50%
initial accuracy: 73.50%
apgd-ce - 1/1 - 69 out of 147 successfully perturbed
robust accuracy after APGD-CE: 39.00% (total time 4.0 s)
apgd-t - 1/1 - 7 out of 78 successfully perturbed
robust accuracy after APGD-T: 35.50% (total time 25.0 s)
fab-t - 1/1 - 0 out of 71 successfully perturbed
robust accuracy after FAB-T: 35.50% (total time 54.8 s)
square - 1/1 - 0 out of 71 successfully perturbed
robust accuracy after SQUARE: 35.50% (total time 89.9 s)
max Linf perturbation: 0.03137, nan in tensor: 0, max: 1.00000, min: 0.00000
robust accuracy: 35.50%
initial accuracy: 75.00%
apgd-ce - 1/1 - 61 out of 150 successfully perturbed
robust accuracy after APGD-CE: 44.50% (total time 4.0 s)
apgd-t - 1/1 - 9 out of 89 successfully perturbed
robust accuracy after APGD-T: 40.00% (total time 26.3 s)
fab-t - 1/1 - 0 out of 80 successfully perturbed
robust accuracy after FAB-T: 40.00% (total time 56.8 s)
square - 1/1 - 0 out of 80 successfully perturbed
robust accuracy after SQUARE: 40.00% (total time 90.6 s)
max Linf perturbation: 0.03137, nan in tensor: 0, max: 1.00000, min: 0.00000
robust accuracy: 40.00%
initial accuracy: 73.50%
apgd-ce - 1/1 - 71 out of 147 successfully perturbed
robust accuracy after APGD-CE: 38.00% (total time 4.0 s)
apgd-t - 1/1 - 6 out of 76 successfully perturbed
robust accuracy after APGD-T: 35.00% (total time 24.6 s)
fab-t - 1/1 - 0 out of 70 successfully perturbed
robust accuracy after FAB-T: 35.00% (total time 53.8 s)
square - 1/1 - 0 out of 70 successfully perturbed
robust accuracy after SQUARE: 35.00% (total time 86.9 s)
max Linf perturbation: 0.03137, nan in tensor: 0, max: 1.00000, min: 0.00000
robust accuracy: 35.00%
initial accuracy: 77.50%
apgd-ce - 1/1 - 72 out of 155 successfully perturbed
robust accuracy after APGD-CE: 41.50% (total time 4.1 s)
apgd-t - 1/1 - 9 out of 83 successfully perturbed
robust accuracy after APGD-T: 37.00% (total time 25.2 s)
fab-t - 1/1 - 0 out of 74 successfully perturbed
robust accuracy after FAB-T: 37.00% (total time 54.9 s)
square - 1/1 - 0 out of 74 successfully perturbed
robust accuracy after SQUARE: 37.00% (total time 89.0 s)
max Linf perturbation: 0.03137, nan in tensor: 0, max: 1.00000, min: 0.00000
robust accuracy: 37.00%
initial accuracy: 78.00%
apgd-ce - 1/1 - 76 out of 156 successfully perturbed
robust accuracy after APGD-CE: 40.00% (total time 4.2 s)
apgd-t - 1/1 - 10 out of 80 successfully perturbed
robust accuracy after APGD-T: 35.00% (total time 26.1 s)
fab-t - 1/1 - 0 out of 70 successfully perturbed
robust accuracy after FAB-T: 35.00% (total time 57.1 s)
square - 1/1 - 0 out of 70 successfully perturbed
robust accuracy after SQUARE: 35.00% (total time 91.7 s)
max Linf perturbation: 0.03137, nan in tensor: 0, max: 1.00000, min: 0.00000
robust accuracy: 35.00%
initial accuracy: 72.50%
apgd-ce - 1/1 - 50 out of 145 successfully perturbed
robust accuracy after APGD-CE: 47.50% (total time 4.0 s)
apgd-t - 1/1 - 11 out of 95 successfully perturbed
robust accuracy after APGD-T: 42.00% (total time 28.5 s)
fab-t - 1/1 - 0 out of 84 successfully perturbed
robust accuracy after FAB-T: 42.00% (total time 62.6 s)
square - 1/1 - 0 out of 84 successfully perturbed
robust accuracy after SQUARE: 42.00% (total time 101.4 s)
max Linf perturbation: 0.03137, nan in tensor: 0, max: 1.00000, min: 0.00000
robust accuracy: 42.00%
initial accuracy: 70.50%
apgd-ce - 1/1 - 58 out of 141 successfully perturbed
robust accuracy after APGD-CE: 41.50% (total time 3.7 s)
apgd-t - 1/1 - 11 out of 83 successfully perturbed
robust accuracy after APGD-T: 36.00% (total time 25.7 s)
fab-t - 1/1 - 0 out of 72 successfully perturbed
robust accuracy after FAB-T: 36.00% (total time 57.2 s)
square - 1/1 - 0 out of 72 successfully perturbed
robust accuracy after SQUARE: 36.00% (total time 92.0 s)
max Linf perturbation: 0.03137, nan in tensor: 0, max: 1.00000, min: 0.00000
robust accuracy: 36.00%
initial accuracy: 73.00%
apgd-ce - 1/1 - 48 out of 146 successfully perturbed
robust accuracy after APGD-CE: 49.00% (total time 4.1 s)
apgd-t - 1/1 - 12 out of 98 successfully perturbed
robust accuracy after APGD-T: 43.00% (total time 28.5 s)
fab-t - 1/1 - 0 out of 86 successfully perturbed
robust accuracy after FAB-T: 43.00% (total time 63.8 s)
square - 1/1 - 0 out of 86 successfully perturbed
robust accuracy after SQUARE: 43.00% (total time 105.6 s)
max Linf perturbation: 0.03137, nan in tensor: 0, max: 1.00000, min: 0.00000
robust accuracy: 43.00%
initial accuracy: 76.50%
apgd-ce - 1/1 - 72 out of 153 successfully perturbed
robust accuracy after APGD-CE: 40.50% (total time 4.1 s)
apgd-t - 1/1 - 8 out of 81 successfully perturbed
robust accuracy after APGD-T: 36.50% (total time 26.4 s)
fab-t - 1/1 - 0 out of 73 successfully perturbed
robust accuracy after FAB-T: 36.50% (total time 57.6 s)
square - 1/1 - 0 out of 73 successfully perturbed
robust accuracy after SQUARE: 36.50% (total time 93.1 s)
max Linf perturbation: 0.03137, nan in tensor: 0, max: 1.00000, min: 0.00000
robust accuracy: 36.50%
initial accuracy: 73.00%
apgd-ce - 1/1 - 61 out of 146 successfully perturbed
robust accuracy after APGD-CE: 42.50% (total time 4.1 s)
apgd-t - 1/1 - 7 out of 85 successfully perturbed
robust accuracy after APGD-T: 39.00% (total time 27.4 s)
fab-t - 1/1 - 0 out of 78 successfully perturbed
robust accuracy after FAB-T: 39.00% (total time 60.2 s)
square - 1/1 - 0 out of 78 successfully perturbed
robust accuracy after SQUARE: 39.00% (total time 96.0 s)
max Linf perturbation: 0.03137, nan in tensor: 0, max: 1.00000, min: 0.00000
robust accuracy: 39.00%
initial accuracy: 72.50%
apgd-ce - 1/1 - 56 out of 145 successfully perturbed
robust accuracy after APGD-CE: 44.50% (total time 4.0 s)
apgd-t - 1/1 - 10 out of 89 successfully perturbed
robust accuracy after APGD-T: 39.50% (total time 27.2 s)
fab-t - 1/1 - 0 out of 79 successfully perturbed
robust accuracy after FAB-T: 39.50% (total time 59.9 s)
square - 1/1 - 0 out of 79 successfully perturbed
robust accuracy after SQUARE: 39.50% (total time 95.5 s)
max Linf perturbation: 0.03137, nan in tensor: 0, max: 1.00000, min: 0.00000
robust accuracy: 39.50%
initial accuracy: 76.50%
apgd-ce - 1/1 - 62 out of 153 successfully perturbed
robust accuracy after APGD-CE: 45.50% (total time 4.1 s)
apgd-t - 1/1 - 5 out of 91 successfully perturbed
robust accuracy after APGD-T: 43.00% (total time 29.6 s)
fab-t - 1/1 - 0 out of 86 successfully perturbed
robust accuracy after FAB-T: 43.00% (total time 65.0 s)
square - 1/1 - 0 out of 86 successfully perturbed
robust accuracy after SQUARE: 43.00% (total time 106.5 s)
max Linf perturbation: 0.03137, nan in tensor: 0, max: 1.00000, min: 0.00000
robust accuracy: 43.00%
initial accuracy: 75.00%
apgd-ce - 1/1 - 54 out of 150 successfully perturbed
robust accuracy after APGD-CE: 48.00% (total time 4.2 s)
apgd-t - 1/1 - 15 out of 96 successfully perturbed
robust accuracy after APGD-T: 40.50% (total time 28.2 s)
fab-t - 1/1 - 0 out of 81 successfully perturbed
robust accuracy after FAB-T: 40.50% (total time 63.6 s)
square - 1/1 - 0 out of 81 successfully perturbed
robust accuracy after SQUARE: 40.50% (total time 101.2 s)
max Linf perturbation: 0.03137, nan in tensor: 0, max: 1.00000, min: 0.00000
robust accuracy: 40.50%
initial accuracy: 73.00%
apgd-ce - 1/1 - 50 out of 146 successfully perturbed
robust accuracy after APGD-CE: 48.00% (total time 4.1 s)
apgd-t - 1/1 - 8 out of 96 successfully perturbed
robust accuracy after APGD-T: 44.00% (total time 29.2 s)
fab-t - 1/1 - 0 out of 88 successfully perturbed
robust accuracy after FAB-T: 44.00% (total time 63.0 s)
square - 1/1 - 0 out of 88 successfully perturbed
robust accuracy after SQUARE: 44.00% (total time 101.0 s)
max Linf perturbation: 0.03137, nan in tensor: 0, max: 1.00000, min: 0.00000
robust accuracy: 44.00%
initial accuracy: 73.00%
apgd-ce - 1/1 - 61 out of 146 successfully perturbed
robust accuracy after APGD-CE: 42.50% (total time 4.2 s)
apgd-t - 1/1 - 5 out of 85 successfully perturbed
robust accuracy after APGD-T: 40.00% (total time 27.5 s)
fab-t - 1/1 - 0 out of 80 successfully perturbed
robust accuracy after FAB-T: 40.00% (total time 60.0 s)
square - 1/1 - 0 out of 80 successfully perturbed
robust accuracy after SQUARE: 40.00% (total time 95.6 s)
max Linf perturbation: 0.03137, nan in tensor: 0, max: 1.00000, min: 0.00000
robust accuracy: 40.00%
initial accuracy: 74.00%
apgd-ce - 1/1 - 76 out of 148 successfully perturbed
robust accuracy after APGD-CE: 36.00% (total time 4.2 s)
apgd-t - 1/1 - 11 out of 72 successfully perturbed
robust accuracy after APGD-T: 30.50% (total time 24.4 s)
fab-t - 1/1 - 0 out of 61 successfully perturbed
robust accuracy after FAB-T: 30.50% (total time 50.9 s)
square - 1/1 - 0 out of 61 successfully perturbed
robust accuracy after SQUARE: 30.50% (total time 79.7 s)
max Linf perturbation: 0.03137, nan in tensor: 0, max: 1.00000, min: 0.00000
robust accuracy: 30.50%
initial accuracy: 73.00%
apgd-ce - 1/1 - 74 out of 146 successfully perturbed
robust accuracy after APGD-CE: 36.00% (total time 4.0 s)
apgd-t - 1/1 - 5 out of 72 successfully perturbed
robust accuracy after APGD-T: 33.50% (total time 25.8 s)
fab-t - 1/1 - 0 out of 67 successfully perturbed
robust accuracy after FAB-T: 33.50% (total time 56.5 s)
square - 1/1 - 0 out of 67 successfully perturbed
robust accuracy after SQUARE: 33.50% (total time 90.9 s)
max Linf perturbation: 0.03137, nan in tensor: 0, max: 1.00000, min: 0.00000
robust accuracy: 33.50%
initial accuracy: 72.50%
apgd-ce - 1/1 - 57 out of 145 successfully perturbed
robust accuracy after APGD-CE: 44.00% (total time 4.0 s)
apgd-t - 1/1 - 9 out of 88 successfully perturbed
robust accuracy after APGD-T: 39.50% (total time 27.1 s)
fab-t - 1/1 - 0 out of 79 successfully perturbed
robust accuracy after FAB-T: 39.50% (total time 60.1 s)
square - 1/1 - 0 out of 79 successfully perturbed
robust accuracy after SQUARE: 39.50% (total time 96.3 s)
max Linf perturbation: 0.03137, nan in tensor: 0, max: 1.00000, min: 0.00000
robust accuracy: 39.50%
initial accuracy: 77.00%
apgd-ce - 1/1 - 68 out of 154 successfully perturbed
robust accuracy after APGD-CE: 43.00% (total time 4.2 s)
apgd-t - 1/1 - 10 out of 86 successfully perturbed
robust accuracy after APGD-T: 38.00% (total time 27.1 s)
fab-t - 1/1 - 0 out of 76 successfully perturbed
robust accuracy after FAB-T: 38.00% (total time 59.1 s)
square - 1/1 - 0 out of 76 successfully perturbed
robust accuracy after SQUARE: 38.00% (total time 95.0 s)
max Linf perturbation: 0.03137, nan in tensor: 0, max: 1.00000, min: 0.00000
robust accuracy: 38.00%
initial accuracy: 74.00%
apgd-ce - 1/1 - 71 out of 148 successfully perturbed
robust accuracy after APGD-CE: 38.50% (total time 4.0 s)
apgd-t - 1/1 - 10 out of 77 successfully perturbed
robust accuracy after APGD-T: 33.50% (total time 25.7 s)
fab-t - 1/1 - 0 out of 67 successfully perturbed
robust accuracy after FAB-T: 33.50% (total time 56.4 s)
square - 1/1 - 0 out of 67 successfully perturbed
robust accuracy after SQUARE: 33.50% (total time 90.8 s)
max Linf perturbation: 0.03137, nan in tensor: 0, max: 1.00000, min: 0.00000
robust accuracy: 33.50%
initial accuracy: 71.00%
apgd-ce - 1/1 - 61 out of 142 successfully perturbed
robust accuracy after APGD-CE: 40.50% (total time 3.6 s)
apgd-t - 1/1 - 8 out of 81 successfully perturbed
robust accuracy after APGD-T: 36.50% (total time 25.9 s)
fab-t - 1/1 - 0 out of 73 successfully perturbed
robust accuracy after FAB-T: 36.50% (total time 57.5 s)
square - 1/1 - 0 out of 73 successfully perturbed
robust accuracy after SQUARE: 36.50% (total time 92.6 s)
max Linf perturbation: 0.03137, nan in tensor: 0, max: 1.00000, min: 0.00000
robust accuracy: 36.50%
initial accuracy: 78.00%
apgd-ce - 1/1 - 66 out of 156 successfully perturbed
robust accuracy after APGD-CE: 45.00% (total time 4.2 s)
apgd-t - 1/1 - 14 out of 90 successfully perturbed
robust accuracy after APGD-T: 38.00% (total time 26.8 s)
fab-t - 1/1 - 0 out of 76 successfully perturbed
robust accuracy after FAB-T: 38.00% (total time 59.2 s)
square - 1/1 - 0 out of 76 successfully perturbed
robust accuracy after SQUARE: 38.00% (total time 94.6 s)
max Linf perturbation: 0.03137, nan in tensor: 0, max: 1.00000, min: 0.00000
robust accuracy: 38.00%
initial accuracy: 76.50%
apgd-ce - 1/1 - 75 out of 153 successfully perturbed
robust accuracy after APGD-CE: 39.00% (total time 4.1 s)
apgd-t - 1/1 - 10 out of 78 successfully perturbed
robust accuracy after APGD-T: 34.00% (total time 25.8 s)
fab-t - 1/1 - 0 out of 68 successfully perturbed
robust accuracy after FAB-T: 34.00% (total time 56.4 s)
square - 1/1 - 0 out of 68 successfully perturbed
robust accuracy after SQUARE: 34.00% (total time 90.6 s)
max Linf perturbation: 0.03137, nan in tensor: 0, max: 1.00000, min: 0.00000
robust accuracy: 34.00%
initial accuracy: 77.00%
apgd-ce - 1/1 - 63 out of 154 successfully perturbed
robust accuracy after APGD-CE: 45.50% (total time 4.2 s)
apgd-t - 1/1 - 12 out of 91 successfully perturbed
robust accuracy after APGD-T: 39.50% (total time 27.7 s)
fab-t - 1/1 - 0 out of 79 successfully perturbed
robust accuracy after FAB-T: 39.50% (total time 60.2 s)
square - 1/1 - 0 out of 79 successfully perturbed
robust accuracy after SQUARE: 39.50% (total time 95.7 s)
max Linf perturbation: 0.03137, nan in tensor: 0, max: 1.00000, min: 0.00000
robust accuracy: 39.50%
initial accuracy: 74.50%
apgd-ce - 1/1 - 73 out of 149 successfully perturbed
robust accuracy after APGD-CE: 38.00% (total time 4.1 s)
apgd-t - 1/1 - 11 out of 76 successfully perturbed
robust accuracy after APGD-T: 32.50% (total time 24.8 s)
fab-t - 1/1 - 0 out of 65 successfully perturbed
robust accuracy after FAB-T: 32.50% (total time 54.2 s)
square - 1/1 - 0 out of 65 successfully perturbed
robust accuracy after SQUARE: 32.50% (total time 88.5 s)
max Linf perturbation: 0.03137, nan in tensor: 0, max: 1.00000, min: 0.00000
robust accuracy: 32.50%
initial accuracy: 73.00%
apgd-ce - 1/1 - 51 out of 146 successfully perturbed
robust accuracy after APGD-CE: 47.50% (total time 4.1 s)
apgd-t - 1/1 - 7 out of 95 successfully perturbed
robust accuracy after APGD-T: 44.00% (total time 27.9 s)
fab-t - 1/1 - 0 out of 88 successfully perturbed
robust accuracy after FAB-T: 44.00% (total time 61.1 s)
square - 1/1 - 0 out of 88 successfully perturbed
robust accuracy after SQUARE: 44.00% (total time 98.5 s)
max Linf perturbation: 0.03137, nan in tensor: 0, max: 1.00000, min: 0.00000
robust accuracy: 44.00%
initial accuracy: 79.50%
apgd-ce - 1/1 - 74 out of 159 successfully perturbed
robust accuracy after APGD-CE: 42.50% (total time 4.1 s)
apgd-t - 1/1 - 8 out of 85 successfully perturbed
robust accuracy after APGD-T: 38.50% (total time 27.2 s)
fab-t - 1/1 - 0 out of 77 successfully perturbed
robust accuracy after FAB-T: 38.50% (total time 59.7 s)
square - 1/1 - 0 out of 77 successfully perturbed
robust accuracy after SQUARE: 38.50% (total time 95.4 s)
max Linf perturbation: 0.03137, nan in tensor: 0, max: 1.00000, min: 0.00000
robust accuracy: 38.50%
initial accuracy: 73.50%
apgd-ce - 1/1 - 63 out of 147 successfully perturbed
robust accuracy after APGD-CE: 42.00% (total time 4.1 s)
apgd-t - 1/1 - 11 out of 84 successfully perturbed
robust accuracy after APGD-T: 36.50% (total time 26.5 s)
fab-t - 1/1 - 0 out of 73 successfully perturbed
robust accuracy after FAB-T: 36.50% (total time 58.2 s)
square - 1/1 - 0 out of 73 successfully perturbed
robust accuracy after SQUARE: 36.50% (total time 92.9 s)
max Linf perturbation: 0.03137, nan in tensor: 0, max: 1.00000, min: 0.00000
robust accuracy: 36.50%
initial accuracy: 72.50%
apgd-ce - 1/1 - 54 out of 145 successfully perturbed
robust accuracy after APGD-CE: 45.50% (total time 4.0 s)
apgd-t - 1/1 - 8 out of 91 successfully perturbed
robust accuracy after APGD-T: 41.50% (total time 28.6 s)
fab-t - 1/1 - 0 out of 83 successfully perturbed
robust accuracy after FAB-T: 41.50% (total time 63.3 s)
square - 1/1 - 0 out of 83 successfully perturbed
robust accuracy after SQUARE: 41.50% (total time 104.9 s)
max Linf perturbation: 0.03137, nan in tensor: 0, max: 1.00000, min: 0.00000
robust accuracy: 41.50%
initial accuracy: 70.50%
apgd-ce - 1/1 - 59 out of 141 successfully perturbed
robust accuracy after APGD-CE: 41.00% (total time 3.6 s)
apgd-t - 1/1 - 9 out of 82 successfully perturbed
robust accuracy after APGD-T: 36.50% (total time 26.1 s)
fab-t - 1/1 - 0 out of 73 successfully perturbed
robust accuracy after FAB-T: 36.50% (total time 58.3 s)
square - 1/1 - 0 out of 73 successfully perturbed
robust accuracy after SQUARE: 36.50% (total time 93.3 s)
max Linf perturbation: 0.03137, nan in tensor: 0, max: 1.00000, min: 0.00000
robust accuracy: 36.50%
initial accuracy: 73.50%
apgd-ce - 1/1 - 71 out of 147 successfully perturbed
robust accuracy after APGD-CE: 38.00% (total time 4.1 s)
apgd-t - 1/1 - 9 out of 76 successfully perturbed
robust accuracy after APGD-T: 33.50% (total time 25.6 s)
fab-t - 1/1 - 0 out of 67 successfully perturbed
robust accuracy after FAB-T: 33.50% (total time 56.0 s)
square - 1/1 - 0 out of 67 successfully perturbed
robust accuracy after SQUARE: 33.50% (total time 91.1 s)
max Linf perturbation: 0.03137, nan in tensor: 0, max: 1.00000, min: 0.00000
robust accuracy: 33.50%
initial accuracy: 69.50%
apgd-ce - 1/1 - 57 out of 139 successfully perturbed
robust accuracy after APGD-CE: 41.00% (total time 3.7 s)
apgd-t - 1/1 - 8 out of 82 successfully perturbed
robust accuracy after APGD-T: 37.00% (total time 26.4 s)
fab-t - 1/1 - 0 out of 74 successfully perturbed
robust accuracy after FAB-T: 37.00% (total time 57.9 s)
square - 1/1 - 0 out of 74 successfully perturbed
robust accuracy after SQUARE: 37.00% (total time 92.8 s)
max Linf perturbation: 0.03137, nan in tensor: 0, max: 1.00000, min: 0.00000
robust accuracy: 37.00%
initial accuracy: 77.00%
apgd-ce - 1/1 - 78 out of 154 successfully perturbed
robust accuracy after APGD-CE: 38.00% (total time 4.2 s)
apgd-t - 1/1 - 9 out of 76 successfully perturbed
robust accuracy after APGD-T: 33.50% (total time 25.9 s)
fab-t - 1/1 - 0 out of 67 successfully perturbed
robust accuracy after FAB-T: 33.50% (total time 57.2 s)
square - 1/1 - 0 out of 67 successfully perturbed
robust accuracy after SQUARE: 33.50% (total time 91.7 s)
max Linf perturbation: 0.03137, nan in tensor: 0, max: 1.00000, min: 0.00000
robust accuracy: 33.50%
initial accuracy: 73.00%
apgd-ce - 1/1 - 76 out of 146 successfully perturbed
robust accuracy after APGD-CE: 35.00% (total time 4.0 s)
apgd-t - 1/1 - 10 out of 70 successfully perturbed
robust accuracy after APGD-T: 30.00% (total time 24.1 s)
fab-t - 1/1 - 0 out of 60 successfully perturbed
robust accuracy after FAB-T: 30.00% (total time 52.4 s)
square - 1/1 - 0 out of 60 successfully perturbed
robust accuracy after SQUARE: 30.00% (total time 81.8 s)
max Linf perturbation: 0.03137, nan in tensor: 0, max: 1.00000, min: 0.00000
robust accuracy: 30.00%
initial accuracy: 74.00%
apgd-ce - 1/1 - 57 out of 148 successfully perturbed
robust accuracy after APGD-CE: 45.50% (total time 4.1 s)
apgd-t - 1/1 - 9 out of 91 successfully perturbed
robust accuracy after APGD-T: 41.00% (total time 28.3 s)
fab-t - 1/1 - 0 out of 82 successfully perturbed
robust accuracy after FAB-T: 41.00% (total time 62.0 s)
square - 1/1 - 0 out of 82 successfully perturbed
robust accuracy after SQUARE: 41.00% (total time 99.6 s)
max Linf perturbation: 0.03137, nan in tensor: 0, max: 1.00000, min: 0.00000
robust accuracy: 41.00%
initial accuracy: 79.50%
apgd-ce - 1/1 - 77 out of 159 successfully perturbed
robust accuracy after APGD-CE: 41.00% (total time 4.1 s)
apgd-t - 1/1 - 8 out of 82 successfully perturbed
robust accuracy after APGD-T: 37.00% (total time 27.2 s)
fab-t - 1/1 - 0 out of 74 successfully perturbed
robust accuracy after FAB-T: 37.00% (total time 59.5 s)
square - 1/1 - 0 out of 74 successfully perturbed
robust accuracy after SQUARE: 37.00% (total time 95.7 s)
max Linf perturbation: 0.03137, nan in tensor: 0, max: 1.00000, min: 0.00000
robust accuracy: 37.00%
initial accuracy: 74.50%
apgd-ce - 1/1 - 64 out of 149 successfully perturbed
robust accuracy after APGD-CE: 42.50% (total time 4.1 s)
apgd-t - 1/1 - 10 out of 85 successfully perturbed
robust accuracy after APGD-T: 37.50% (total time 27.0 s)
fab-t - 1/1 - 0 out of 75 successfully perturbed
robust accuracy after FAB-T: 37.50% (total time 59.7 s)
square - 1/1 - 0 out of 75 successfully perturbed
robust accuracy after SQUARE: 37.50% (total time 95.1 s)
max Linf perturbation: 0.03137, nan in tensor: 0, max: 1.00000, min: 0.00000
robust accuracy: 37.50%
initial accuracy: 76.00%
apgd-ce - 1/1 - 67 out of 152 successfully perturbed
robust accuracy after APGD-CE: 42.50% (total time 4.1 s)
apgd-t - 1/1 - 12 out of 85 successfully perturbed
robust accuracy after APGD-T: 36.50% (total time 26.7 s)
fab-t - 1/1 - 0 out of 73 successfully perturbed
robust accuracy after FAB-T: 36.50% (total time 58.7 s)
square - 1/1 - 0 out of 73 successfully perturbed
robust accuracy after SQUARE: 36.50% (total time 94.7 s)
max Linf perturbation: 0.03137, nan in tensor: 0, max: 1.00000, min: 0.00000
robust accuracy: 36.50%
initial accuracy: 70.00%
apgd-ce - 1/1 - 52 out of 140 successfully perturbed
robust accuracy after APGD-CE: 44.00% (total time 3.6 s)
apgd-t - 1/1 - 15 out of 88 successfully perturbed
robust accuracy after APGD-T: 36.50% (total time 25.9 s)
fab-t - 1/1 - 0 out of 73 successfully perturbed
robust accuracy after FAB-T: 36.50% (total time 57.9 s)
square - 1/1 - 0 out of 73 successfully perturbed
robust accuracy after SQUARE: 36.50% (total time 93.4 s)
max Linf perturbation: 0.03137, nan in tensor: 0, max: 1.00000, min: 0.00000
robust accuracy: 36.50%
initial accuracy: 75.00%
apgd-ce - 1/1 - 70 out of 150 successfully perturbed
robust accuracy after APGD-CE: 40.00% (total time 4.1 s)
apgd-t - 1/1 - 10 out of 80 successfully perturbed
robust accuracy after APGD-T: 35.00% (total time 26.2 s)
fab-t - 1/1 - 0 out of 70 successfully perturbed
robust accuracy after FAB-T: 35.00% (total time 57.5 s)
square - 1/1 - 0 out of 70 successfully perturbed
robust accuracy after SQUARE: 35.00% (total time 92.6 s)
max Linf perturbation: 0.03137, nan in tensor: 0, max: 1.00000, min: 0.00000
robust accuracy: 35.00%
