initial accuracy: 86.50%
apgd-ce - 1/1 - 77 out of 173 successfully perturbed
robust accuracy after APGD-CE: 48.00% (total time 8.5 s)
apgd-t - 1/1 - 8 out of 96 successfully perturbed
robust accuracy after APGD-T: 44.00% (total time 50.4 s)
fab-t - 1/1 - 0 out of 88 successfully perturbed
robust accuracy after FAB-T: 44.00% (total time 104.2 s)
square - 1/1 - 0 out of 88 successfully perturbed
robust accuracy after SQUARE: 44.00% (total time 154.6 s)
max Linf perturbation: 0.03137, nan in tensor: 0, max: 1.00000, min: 0.00000
robust accuracy: 44.00%
initial accuracy: 84.50%
apgd-ce - 1/1 - 78 out of 169 successfully perturbed
robust accuracy after APGD-CE: 45.50% (total time 8.4 s)
apgd-t - 1/1 - 5 out of 91 successfully perturbed
robust accuracy after APGD-T: 43.00% (total time 50.1 s)
fab-t - 1/1 - 0 out of 86 successfully perturbed
robust accuracy after FAB-T: 43.00% (total time 103.7 s)
square - 1/1 - 0 out of 86 successfully perturbed
robust accuracy after SQUARE: 43.00% (total time 153.9 s)
max Linf perturbation: 0.03137, nan in tensor: 0, max: 1.00000, min: 0.00000
robust accuracy: 43.00%
initial accuracy: 85.50%
apgd-ce - 1/1 - 66 out of 171 successfully perturbed
robust accuracy after APGD-CE: 52.50% (total time 8.5 s)
apgd-t - 1/1 - 7 out of 105 successfully perturbed
robust accuracy after APGD-T: 49.00% (total time 57.0 s)
fab-t - 1/1 - 0 out of 98 successfully perturbed
robust accuracy after FAB-T: 49.00% (total time 118.2 s)
square - 1/1 - 0 out of 98 successfully perturbed
robust accuracy after SQUARE: 49.00% (total time 173.9 s)
max Linf perturbation: 0.03137, nan in tensor: 0, max: 1.00000, min: 0.00000
robust accuracy: 49.00%
initial accuracy: 82.00%
apgd-ce - 1/1 - 77 out of 164 successfully perturbed
robust accuracy after APGD-CE: 43.50% (total time 8.2 s)
apgd-t - 1/1 - 8 out of 87 successfully perturbed
robust accuracy after APGD-T: 39.50% (total time 47.4 s)
fab-t - 1/1 - 0 out of 79 successfully perturbed
robust accuracy after FAB-T: 39.50% (total time 97.4 s)
square - 1/1 - 0 out of 79 successfully perturbed
robust accuracy after SQUARE: 39.50% (total time 143.8 s)
max Linf perturbation: 0.03137, nan in tensor: 0, max: 1.00000, min: 0.00000
robust accuracy: 39.50%
initial accuracy: 87.00%
apgd-ce - 1/1 - 62 out of 174 successfully perturbed
robust accuracy after APGD-CE: 56.00% (total time 8.6 s)
apgd-t - 1/1 - 9 out of 112 successfully perturbed
robust accuracy after APGD-T: 51.50% (total time 58.5 s)
fab-t - 1/1 - 0 out of 103 successfully perturbed
robust accuracy after FAB-T: 51.50% (total time 121.7 s)
square - 1/1 - 0 out of 103 successfully perturbed
robust accuracy after SQUARE: 51.50% (total time 179.0 s)
max Linf perturbation: 0.03137, nan in tensor: 0, max: 1.00000, min: 0.00000
robust accuracy: 51.50%
initial accuracy: 83.00%
apgd-ce - 1/1 - 61 out of 166 successfully perturbed
robust accuracy after APGD-CE: 52.50% (total time 8.4 s)
apgd-t - 1/1 - 8 out of 105 successfully perturbed
robust accuracy after APGD-T: 48.50% (total time 56.8 s)
fab-t - 1/1 - 0 out of 97 successfully perturbed
robust accuracy after FAB-T: 48.50% (total time 118.0 s)
square - 1/1 - 0 out of 97 successfully perturbed
robust accuracy after SQUARE: 48.50% (total time 173.6 s)
max Linf perturbation: 0.03137, nan in tensor: 0, max: 1.00000, min: 0.00000
robust accuracy: 48.50%
initial accuracy: 82.00%
apgd-ce - 1/1 - 65 out of 164 successfully perturbed
robust accuracy after APGD-CE: 49.50% (total time 8.2 s)
apgd-t - 1/1 - 6 out of 99 successfully perturbed
robust accuracy after APGD-T: 46.50% (total time 52.7 s)
fab-t - 1/1 - 0 out of 93 successfully perturbed
robust accuracy after FAB-T: 46.50% (total time 108.8 s)
square - 1/1 - 0 out of 93 successfully perturbed
robust accuracy after SQUARE: 46.50% (total time 160.0 s)
max Linf perturbation: 0.03137, nan in tensor: 0, max: 1.00000, min: 0.00000
robust accuracy: 46.50%
initial accuracy: 85.00%
apgd-ce - 1/1 - 74 out of 170 successfully perturbed
robust accuracy after APGD-CE: 48.00% (total time 8.4 s)
apgd-t - 1/1 - 9 out of 96 successfully perturbed
robust accuracy after APGD-T: 43.50% (total time 50.5 s)
fab-t - 1/1 - 0 out of 87 successfully perturbed
robust accuracy after FAB-T: 43.50% (total time 104.5 s)
square - 1/1 - 0 out of 87 successfully perturbed
robust accuracy after SQUARE: 43.50% (total time 154.9 s)
max Linf perturbation: 0.03137, nan in tensor: 0, max: 1.00000, min: 0.00000
robust accuracy: 43.50%
initial accuracy: 83.50%
apgd-ce - 1/1 - 66 out of 167 successfully perturbed
robust accuracy after APGD-CE: 50.50% (total time 8.4 s)
apgd-t - 1/1 - 7 out of 101 successfully perturbed
robust accuracy after APGD-T: 47.00% (total time 52.9 s)
fab-t - 1/1 - 0 out of 94 successfully perturbed
robust accuracy after FAB-T: 47.00% (total time 109.2 s)
square - 1/1 - 0 out of 94 successfully perturbed
robust accuracy after SQUARE: 47.00% (total time 160.6 s)
max Linf perturbation: 0.03137, nan in tensor: 0, max: 1.00000, min: 0.00000
robust accuracy: 47.00%
initial accuracy: 82.00%
apgd-ce - 1/1 - 66 out of 164 successfully perturbed
robust accuracy after APGD-CE: 49.00% (total time 8.3 s)
apgd-t - 1/1 - 6 out of 98 successfully perturbed
robust accuracy after APGD-T: 46.00% (total time 52.3 s)
fab-t - 1/1 - 0 out of 92 successfully perturbed
robust accuracy after FAB-T: 46.00% (total time 108.0 s)
square - 1/1 - 0 out of 92 successfully perturbed
robust accuracy after SQUARE: 46.00% (total time 159.2 s)
max Linf perturbation: 0.03137, nan in tensor: 0, max: 1.00000, min: 0.00000
robust accuracy: 46.00%
initial accuracy: 81.50%
apgd-ce - 1/1 - 65 out of 163 successfully perturbed
robust accuracy after APGD-CE: 49.00% (total time 8.3 s)
apgd-t - 1/1 - 9 out of 98 successfully perturbed
robust accuracy after APGD-T: 44.50% (total time 51.7 s)
fab-t - 1/1 - 0 out of 89 successfully perturbed
robust accuracy after FAB-T: 44.50% (total time 106.5 s)
square - 1/1 - 0 out of 89 successfully perturbed
robust accuracy after SQUARE: 44.50% (total time 157.2 s)
max Linf perturbation: 0.03137, nan in tensor: 0, max: 1.00000, min: 0.00000
robust accuracy: 44.50%
initial accuracy: 84.00%
apgd-ce - 1/1 - 63 out of 168 successfully perturbed
robust accuracy after APGD-CE: 52.50% (total time 8.3 s)
apgd-t - 1/1 - 6 out of 105 successfully perturbed
robust accuracy after APGD-T: 49.50% (total time 57.2 s)
fab-t - 1/1 - 0 out of 99 successfully perturbed
robust accuracy after FAB-T: 49.50% (total time 118.9 s)
square - 1/1 - 0 out of 99 successfully perturbed
robust accuracy after SQUARE: 49.50% (total time 174.9 s)
max Linf perturbation: 0.03137, nan in tensor: 0, max: 1.00000, min: 0.00000
robust accuracy: 49.50%
initial accuracy: 80.50%
apgd-ce - 1/1 - 78 out of 161 successfully perturbed
robust accuracy after APGD-CE: 41.50% (total time 8.2 s)
apgd-t - 1/1 - 3 out of 83 successfully perturbed
robust accuracy after APGD-T: 40.00% (total time 47.1 s)
fab-t - 1/1 - 0 out of 80 successfully perturbed
robust accuracy after FAB-T: 40.00% (total time 97.0 s)
square - 1/1 - 0 out of 80 successfully perturbed
robust accuracy after SQUARE: 40.00% (total time 143.6 s)
max Linf perturbation: 0.03137, nan in tensor: 0, max: 1.00000, min: 0.00000
robust accuracy: 40.00%
initial accuracy: 86.50%
apgd-ce - 1/1 - 68 out of 173 successfully perturbed
robust accuracy after APGD-CE: 52.50% (total time 8.6 s)
apgd-t - 1/1 - 6 out of 105 successfully perturbed
robust accuracy after APGD-T: 49.50% (total time 57.4 s)
fab-t - 1/1 - 0 out of 99 successfully perturbed
robust accuracy after FAB-T: 49.50% (total time 119.1 s)
square - 1/1 - 0 out of 99 successfully perturbed
robust accuracy after SQUARE: 49.50% (total time 175.3 s)
max Linf perturbation: 0.03137, nan in tensor: 0, max: 1.00000, min: 0.00000
robust accuracy: 49.50%
initial accuracy: 87.00%
apgd-ce - 1/1 - 76 out of 174 successfully perturbed
robust accuracy after APGD-CE: 49.00% (total time 8.6 s)
apgd-t - 1/1 - 5 out of 98 successfully perturbed
robust accuracy after APGD-T: 46.50% (total time 53.0 s)
fab-t - 1/1 - 0 out of 93 successfully perturbed
robust accuracy after FAB-T: 46.50% (total time 109.2 s)
square - 1/1 - 0 out of 93 successfully perturbed
robust accuracy after SQUARE: 46.50% (total time 160.7 s)
max Linf perturbation: 0.03137, nan in tensor: 0, max: 1.00000, min: 0.00000
robust accuracy: 46.50%
initial accuracy: 83.00%
apgd-ce - 1/1 - 58 out of 166 successfully perturbed
robust accuracy after APGD-CE: 54.00% (total time 8.4 s)
apgd-t - 1/1 - 4 out of 108 successfully perturbed
robust accuracy after APGD-T: 52.00% (total time 58.6 s)
fab-t - 1/1 - 0 out of 104 successfully perturbed
robust accuracy after FAB-T: 52.00% (total time 121.9 s)
square - 1/1 - 0 out of 104 successfully perturbed
robust accuracy after SQUARE: 52.00% (total time 179.8 s)
max Linf perturbation: 0.03137, nan in tensor: 0, max: 1.00000, min: 0.00000
robust accuracy: 52.00%
initial accuracy: 83.50%
apgd-ce - 1/1 - 68 out of 167 successfully perturbed
robust accuracy after APGD-CE: 49.50% (total time 8.4 s)
apgd-t - 1/1 - 7 out of 99 successfully perturbed
robust accuracy after APGD-T: 46.00% (total time 52.9 s)
fab-t - 1/1 - 0 out of 92 successfully perturbed
robust accuracy after FAB-T: 46.00% (total time 109.0 s)
square - 1/1 - 0 out of 92 successfully perturbed
robust accuracy after SQUARE: 46.00% (total time 160.8 s)
max Linf perturbation: 0.03137, nan in tensor: 0, max: 1.00000, min: 0.00000
robust accuracy: 46.00%
initial accuracy: 81.00%
apgd-ce - 1/1 - 65 out of 162 successfully perturbed
robust accuracy after APGD-CE: 48.50% (total time 8.2 s)
apgd-t - 1/1 - 6 out of 97 successfully perturbed
robust accuracy after APGD-T: 45.50% (total time 52.7 s)
fab-t - 1/1 - 0 out of 91 successfully perturbed
robust accuracy after FAB-T: 45.50% (total time 108.9 s)
square - 1/1 - 0 out of 91 successfully perturbed
robust accuracy after SQUARE: 45.50% (total time 160.6 s)
max Linf perturbation: 0.03137, nan in tensor: 0, max: 1.00000, min: 0.00000
robust accuracy: 45.50%
initial accuracy: 81.50%
apgd-ce - 1/1 - 64 out of 163 successfully perturbed
robust accuracy after APGD-CE: 49.50% (total time 8.3 s)
apgd-t - 1/1 - 10 out of 99 successfully perturbed
robust accuracy after APGD-T: 44.50% (total time 52.3 s)
fab-t - 1/1 - 0 out of 89 successfully perturbed
robust accuracy after FAB-T: 44.50% (total time 108.0 s)
square - 1/1 - 0 out of 89 successfully perturbed
robust accuracy after SQUARE: 44.50% (total time 159.5 s)
max Linf perturbation: 0.03137, nan in tensor: 0, max: 1.00000, min: 0.00000
robust accuracy: 44.50%
initial accuracy: 84.50%
apgd-ce - 1/1 - 81 out of 169 successfully perturbed
robust accuracy after APGD-CE: 44.00% (total time 8.5 s)
apgd-t - 1/1 - 0 out of 88 successfully perturbed
robust accuracy after APGD-T: 44.00% (total time 50.7 s)
fab-t - 1/1 - 0 out of 88 successfully perturbed
robust accuracy after FAB-T: 44.00% (total time 105.6 s)
square - 1/1 - 0 out of 88 successfully perturbed
robust accuracy after SQUARE: 44.00% (total time 157.0 s)
max Linf perturbation: 0.03137, nan in tensor: 0, max: 1.00000, min: 0.00000
robust accuracy: 44.00%
initial accuracy: 82.50%
apgd-ce - 1/1 - 61 out of 165 successfully perturbed
robust accuracy after APGD-CE: 52.00% (total time 8.4 s)
apgd-t - 1/1 - 9 out of 104 successfully perturbed
robust accuracy after APGD-T: 47.50% (total time 53.7 s)
fab-t - 1/1 - 0 out of 95 successfully perturbed
robust accuracy after FAB-T: 47.50% (total time 111.6 s)
square - 1/1 - 0 out of 95 successfully perturbed
robust accuracy after SQUARE: 47.50% (total time 164.1 s)
max Linf perturbation: 0.03137, nan in tensor: 0, max: 1.00000, min: 0.00000
robust accuracy: 47.50%
initial accuracy: 88.50%
apgd-ce - 1/1 - 66 out of 177 successfully perturbed
robust accuracy after APGD-CE: 55.50% (total time 8.9 s)
apgd-t - 1/1 - 7 out of 111 successfully perturbed
robust accuracy after APGD-T: 52.00% (total time 59.6 s)
fab-t - 1/1 - 0 out of 104 successfully perturbed
robust accuracy after FAB-T: 52.00% (total time 123.7 s)
square - 1/1 - 0 out of 104 successfully perturbed
robust accuracy after SQUARE: 52.00% (total time 182.1 s)
max Linf perturbation: 0.03137, nan in tensor: 0, max: 1.00000, min: 0.00000
robust accuracy: 52.00%
initial accuracy: 82.50%
apgd-ce - 1/1 - 66 out of 165 successfully perturbed
robust accuracy after APGD-CE: 49.50% (total time 8.4 s)
apgd-t - 1/1 - 6 out of 99 successfully perturbed
robust accuracy after APGD-T: 46.50% (total time 53.5 s)
fab-t - 1/1 - 0 out of 93 successfully perturbed
robust accuracy after FAB-T: 46.50% (total time 110.8 s)
square - 1/1 - 0 out of 93 successfully perturbed
robust accuracy after SQUARE: 46.50% (total time 163.0 s)
max Linf perturbation: 0.03137, nan in tensor: 0, max: 1.00000, min: 0.00000
robust accuracy: 46.50%
initial accuracy: 83.00%
apgd-ce - 1/1 - 64 out of 166 successfully perturbed
robust accuracy after APGD-CE: 51.00% (total time 8.4 s)
apgd-t - 1/1 - 5 out of 102 successfully perturbed
robust accuracy after APGD-T: 48.50% (total time 57.4 s)
fab-t - 1/1 - 0 out of 97 successfully perturbed
robust accuracy after FAB-T: 48.50% (total time 119.5 s)
square - 1/1 - 0 out of 97 successfully perturbed
robust accuracy after SQUARE: 48.50% (total time 176.0 s)
max Linf perturbation: 0.03137, nan in tensor: 0, max: 1.00000, min: 0.00000
robust accuracy: 48.50%
initial accuracy: 81.50%
apgd-ce - 1/1 - 69 out of 163 successfully perturbed
robust accuracy after APGD-CE: 47.00% (total time 8.3 s)
apgd-t - 1/1 - 3 out of 94 successfully perturbed
robust accuracy after APGD-T: 45.50% (total time 52.3 s)
fab-t - 1/1 - 0 out of 91 successfully perturbed
robust accuracy after FAB-T: 45.50% (total time 108.9 s)
square - 1/1 - 0 out of 91 successfully perturbed
robust accuracy after SQUARE: 45.50% (total time 160.9 s)
max Linf perturbation: 0.03137, nan in tensor: 0, max: 1.00000, min: 0.00000
robust accuracy: 45.50%
initial accuracy: 85.00%
apgd-ce - 1/1 - 83 out of 170 successfully perturbed
robust accuracy after APGD-CE: 43.50% (total time 8.5 s)
apgd-t - 1/1 - 1 out of 87 successfully perturbed
robust accuracy after APGD-T: 43.00% (total time 50.7 s)
fab-t - 1/1 - 0 out of 86 successfully perturbed
robust accuracy after FAB-T: 43.00% (total time 105.4 s)
square - 1/1 - 0 out of 86 successfully perturbed
robust accuracy after SQUARE: 43.00% (total time 156.6 s)
max Linf perturbation: 0.03137, nan in tensor: 0, max: 1.00000, min: 0.00000
robust accuracy: 43.00%
initial accuracy: 83.00%
apgd-ce - 1/1 - 70 out of 166 successfully perturbed
robust accuracy after APGD-CE: 48.00% (total time 8.4 s)
apgd-t - 1/1 - 8 out of 96 successfully perturbed
robust accuracy after APGD-T: 44.00% (total time 51.1 s)
fab-t - 1/1 - 0 out of 88 successfully perturbed
robust accuracy after FAB-T: 44.00% (total time 106.1 s)
square - 1/1 - 0 out of 88 successfully perturbed
robust accuracy after SQUARE: 44.00% (total time 157.6 s)
max Linf perturbation: 0.03137, nan in tensor: 0, max: 1.00000, min: 0.00000
robust accuracy: 44.00%
initial accuracy: 83.50%
apgd-ce - 1/1 - 74 out of 167 successfully perturbed
robust accuracy after APGD-CE: 46.50% (total time 8.4 s)
apgd-t - 1/1 - 8 out of 93 successfully perturbed
robust accuracy after APGD-T: 42.50% (total time 50.7 s)
fab-t - 1/1 - 0 out of 85 successfully perturbed
robust accuracy after FAB-T: 42.50% (total time 105.0 s)
square - 1/1 - 0 out of 85 successfully perturbed
robust accuracy after SQUARE: 42.50% (total time 156.1 s)
max Linf perturbation: 0.03137, nan in tensor: 0, max: 1.00000, min: 0.00000
robust accuracy: 42.50%
initial accuracy: 86.00%
apgd-ce - 1/1 - 67 out of 172 successfully perturbed
robust accuracy after APGD-CE: 52.50% (total time 8.6 s)
apgd-t - 1/1 - 7 out of 105 successfully perturbed
robust accuracy after APGD-T: 49.00% (total time 57.7 s)
fab-t - 1/1 - 0 out of 98 successfully perturbed
robust accuracy after FAB-T: 49.00% (total time 120.0 s)
square - 1/1 - 0 out of 98 successfully perturbed
robust accuracy after SQUARE: 49.00% (total time 176.7 s)
max Linf perturbation: 0.03137, nan in tensor: 0, max: 1.00000, min: 0.00000
robust accuracy: 49.00%
initial accuracy: 80.00%
apgd-ce - 1/1 - 75 out of 160 successfully perturbed
robust accuracy after APGD-CE: 42.50% (total time 8.0 s)
apgd-t - 1/1 - 3 out of 85 successfully perturbed
robust accuracy after APGD-T: 41.00% (total time 49.3 s)
fab-t - 1/1 - 0 out of 82 successfully perturbed
robust accuracy after FAB-T: 41.00% (total time 102.8 s)
square - 1/1 - 0 out of 82 successfully perturbed
robust accuracy after SQUARE: 41.00% (total time 153.2 s)
max Linf perturbation: 0.03137, nan in tensor: 0, max: 1.00000, min: 0.00000
robust accuracy: 41.00%
initial accuracy: 80.00%
apgd-ce - 1/1 - 70 out of 160 successfully perturbed
robust accuracy after APGD-CE: 45.00% (total time 8.0 s)
apgd-t - 1/1 - 5 out of 90 successfully perturbed
robust accuracy after APGD-T: 42.50% (total time 50.2 s)
fab-t - 1/1 - 0 out of 85 successfully perturbed
robust accuracy after FAB-T: 42.50% (total time 104.5 s)
square - 1/1 - 0 out of 85 successfully perturbed
robust accuracy after SQUARE: 42.50% (total time 155.4 s)
max Linf perturbation: 0.03137, nan in tensor: 0, max: 1.00000, min: 0.00000
robust accuracy: 42.50%
initial accuracy: 86.50%
apgd-ce - 1/1 - 66 out of 173 successfully perturbed
robust accuracy after APGD-CE: 53.50% (total time 8.6 s)
apgd-t - 1/1 - 12 out of 107 successfully perturbed
robust accuracy after APGD-T: 47.50% (total time 54.8 s)
fab-t - 1/1 - 0 out of 95 successfully perturbed
robust accuracy after FAB-T: 47.50% (total time 112.5 s)
square - 1/1 - 0 out of 95 successfully perturbed
robust accuracy after SQUARE: 47.50% (total time 165.0 s)
max Linf perturbation: 0.03137, nan in tensor: 0, max: 1.00000, min: 0.00000
robust accuracy: 47.50%
initial accuracy: 88.50%
apgd-ce - 1/1 - 90 out of 177 successfully perturbed
robust accuracy after APGD-CE: 43.50% (total time 8.9 s)
apgd-t - 1/1 - 5 out of 87 successfully perturbed
robust accuracy after APGD-T: 41.00% (total time 50.2 s)
fab-t - 1/1 - 0 out of 82 successfully perturbed
robust accuracy after FAB-T: 41.00% (total time 103.9 s)
square - 1/1 - 0 out of 82 successfully perturbed
robust accuracy after SQUARE: 41.00% (total time 154.4 s)
max Linf perturbation: 0.03137, nan in tensor: 0, max: 1.00000, min: 0.00000
robust accuracy: 41.00%
initial accuracy: 85.00%
apgd-ce - 1/1 - 69 out of 170 successfully perturbed
robust accuracy after APGD-CE: 50.50% (total time 8.5 s)
apgd-t - 1/1 - 8 out of 101 successfully perturbed
robust accuracy after APGD-T: 46.50% (total time 53.4 s)
fab-t - 1/1 - 0 out of 93 successfully perturbed
robust accuracy after FAB-T: 46.50% (total time 110.6 s)
square - 1/1 - 0 out of 93 successfully perturbed
robust accuracy after SQUARE: 46.50% (total time 162.7 s)
max Linf perturbation: 0.03137, nan in tensor: 0, max: 1.00000, min: 0.00000
robust accuracy: 46.50%
initial accuracy: 82.00%
apgd-ce - 1/1 - 72 out of 164 successfully perturbed
robust accuracy after APGD-CE: 46.00% (total time 8.3 s)
apgd-t - 1/1 - 6 out of 92 successfully perturbed
robust accuracy after APGD-T: 43.00% (total time 50.9 s)
fab-t - 1/1 - 0 out of 86 successfully perturbed
robust accuracy after FAB-T: 43.00% (total time 105.5 s)
square - 1/1 - 0 out of 86 successfully perturbed
robust accuracy after SQUARE: 43.00% (total time 156.7 s)
max Linf perturbation: 0.03137, nan in tensor: 0, max: 1.00000, min: 0.00000
robust accuracy: 43.00%
initial accuracy: 82.00%
apgd-ce - 1/1 - 66 out of 164 successfully perturbed
robust accuracy after APGD-CE: 49.00% (total time 8.3 s)
apgd-t - 1/1 - 6 out of 98 successfully perturbed
robust accuracy after APGD-T: 46.00% (total time 52.9 s)
fab-t - 1/1 - 0 out of 92 successfully perturbed
robust accuracy after FAB-T: 46.00% (total time 109.5 s)
square - 1/1 - 0 out of 92 successfully perturbed
robust accuracy after SQUARE: 46.00% (total time 161.7 s)
max Linf perturbation: 0.03137, nan in tensor: 0, max: 1.00000, min: 0.00000
robust accuracy: 46.00%
initial accuracy: 85.50%
apgd-ce - 1/1 - 84 out of 171 successfully perturbed
robust accuracy after APGD-CE: 43.50% (total time 8.5 s)
apgd-t - 1/1 - 8 out of 87 successfully perturbed
robust accuracy after APGD-T: 39.50% (total time 48.6 s)
fab-t - 1/1 - 0 out of 79 successfully perturbed
robust accuracy after FAB-T: 39.50% (total time 99.9 s)
square - 1/1 - 0 out of 79 successfully perturbed
robust accuracy after SQUARE: 39.50% (total time 147.2 s)
max Linf perturbation: 0.03137, nan in tensor: 0, max: 1.00000, min: 0.00000
robust accuracy: 39.50%
initial accuracy: 82.50%
apgd-ce - 1/1 - 64 out of 165 successfully perturbed
robust accuracy after APGD-CE: 50.50% (total time 8.4 s)
apgd-t - 1/1 - 7 out of 101 successfully perturbed
robust accuracy after APGD-T: 47.00% (total time 53.6 s)
fab-t - 1/1 - 0 out of 94 successfully perturbed
robust accuracy after FAB-T: 47.00% (total time 111.1 s)
square - 1/1 - 0 out of 94 successfully perturbed
robust accuracy after SQUARE: 47.00% (total time 163.4 s)
max Linf perturbation: 0.03137, nan in tensor: 0, max: 1.00000, min: 0.00000
robust accuracy: 47.00%
initial accuracy: 79.50%
apgd-ce - 1/1 - 57 out of 159 successfully perturbed
robust accuracy after APGD-CE: 51.00% (total time 8.0 s)
apgd-t - 1/1 - 11 out of 102 successfully perturbed
robust accuracy after APGD-T: 45.50% (total time 52.6 s)
fab-t - 1/1 - 0 out of 91 successfully perturbed
robust accuracy after FAB-T: 45.50% (total time 109.3 s)
square - 1/1 - 0 out of 91 successfully perturbed
robust accuracy after SQUARE: 45.50% (total time 161.2 s)
max Linf perturbation: 0.03137, nan in tensor: 0, max: 1.00000, min: 0.00000
robust accuracy: 45.50%
initial accuracy: 83.00%
apgd-ce - 1/1 - 66 out of 166 successfully perturbed
robust accuracy after APGD-CE: 50.00% (total time 8.4 s)
apgd-t - 1/1 - 6 out of 100 successfully perturbed
robust accuracy after APGD-T: 47.00% (total time 53.6 s)
fab-t - 1/1 - 0 out of 94 successfully perturbed
robust accuracy after FAB-T: 47.00% (total time 111.1 s)
square - 1/1 - 0 out of 94 successfully perturbed
robust accuracy after SQUARE: 47.00% (total time 163.4 s)
max Linf perturbation: 0.03137, nan in tensor: 0, max: 1.00000, min: 0.00000
robust accuracy: 47.00%
initial accuracy: 86.50%
apgd-ce - 1/1 - 74 out of 173 successfully perturbed
robust accuracy after APGD-CE: 49.50% (total time 8.6 s)
apgd-t - 1/1 - 6 out of 99 successfully perturbed
robust accuracy after APGD-T: 46.50% (total time 53.5 s)
fab-t - 1/1 - 0 out of 93 successfully perturbed
robust accuracy after FAB-T: 46.50% (total time 110.7 s)
square - 1/1 - 0 out of 93 successfully perturbed
robust accuracy after SQUARE: 46.50% (total time 162.9 s)
max Linf perturbation: 0.03137, nan in tensor: 0, max: 1.00000, min: 0.00000
robust accuracy: 46.50%
initial accuracy: 85.00%
apgd-ce - 1/1 - 85 out of 170 successfully perturbed
robust accuracy after APGD-CE: 42.50% (total time 8.5 s)
apgd-t - 1/1 - 4 out of 85 successfully perturbed
robust accuracy after APGD-T: 40.50% (total time 49.7 s)
fab-t - 1/1 - 0 out of 81 successfully perturbed
robust accuracy after FAB-T: 40.50% (total time 103.3 s)
square - 1/1 - 0 out of 81 successfully perturbed
robust accuracy after SQUARE: 40.50% (total time 153.4 s)
max Linf perturbation: 0.03137, nan in tensor: 0, max: 1.00000, min: 0.00000
robust accuracy: 40.50%
initial accuracy: 84.00%
apgd-ce - 1/1 - 69 out of 168 successfully perturbed
robust accuracy after APGD-CE: 49.50% (total time 8.4 s)
apgd-t - 1/1 - 11 out of 99 successfully perturbed
robust accuracy after APGD-T: 44.00% (total time 51.7 s)
fab-t - 1/1 - 0 out of 88 successfully perturbed
robust accuracy after FAB-T: 44.00% (total time 106.6 s)
square - 1/1 - 0 out of 88 successfully perturbed
robust accuracy after SQUARE: 44.00% (total time 158.0 s)
max Linf perturbation: 0.03137, nan in tensor: 0, max: 1.00000, min: 0.00000
robust accuracy: 44.00%
initial accuracy: 89.00%
apgd-ce - 1/1 - 94 out of 178 successfully perturbed
robust accuracy after APGD-CE: 42.00% (total time 8.9 s)
apgd-t - 1/1 - 10 out of 84 successfully perturbed
robust accuracy after APGD-T: 37.00% (total time 47.4 s)
fab-t - 1/1 - 0 out of 74 successfully perturbed
robust accuracy after FAB-T: 37.00% (total time 97.0 s)
square - 1/1 - 0 out of 74 successfully perturbed
robust accuracy after SQUARE: 37.00% (total time 143.2 s)
max Linf perturbation: 0.03137, nan in tensor: 0, max: 1.00000, min: 0.00000
robust accuracy: 37.00%
initial accuracy: 86.50%
apgd-ce - 1/1 - 68 out of 173 successfully perturbed
robust accuracy after APGD-CE: 52.50% (total time 8.6 s)
apgd-t - 1/1 - 7 out of 105 successfully perturbed
robust accuracy after APGD-T: 49.00% (total time 57.9 s)
fab-t - 1/1 - 0 out of 98 successfully perturbed
robust accuracy after FAB-T: 49.00% (total time 120.1 s)
square - 1/1 - 0 out of 98 successfully perturbed
robust accuracy after SQUARE: 49.00% (total time 176.7 s)
max Linf perturbation: 0.03137, nan in tensor: 0, max: 1.00000, min: 0.00000
robust accuracy: 49.00%
initial accuracy: 87.50%
apgd-ce - 1/1 - 72 out of 175 successfully perturbed
robust accuracy after APGD-CE: 51.50% (total time 8.7 s)
apgd-t - 1/1 - 7 out of 103 successfully perturbed
robust accuracy after APGD-T: 48.00% (total time 55.5 s)
fab-t - 1/1 - 0 out of 96 successfully perturbed
robust accuracy after FAB-T: 48.00% (total time 113.2 s)
square - 1/1 - 0 out of 96 successfully perturbed
robust accuracy after SQUARE: 48.00% (total time 165.8 s)
max Linf perturbation: 0.03137, nan in tensor: 0, max: 1.00000, min: 0.00000
robust accuracy: 48.00%
initial accuracy: 84.00%
apgd-ce - 1/1 - 70 out of 168 successfully perturbed
robust accuracy after APGD-CE: 49.00% (total time 8.4 s)
apgd-t - 1/1 - 5 out of 98 successfully perturbed
robust accuracy after APGD-T: 46.50% (total time 53.4 s)
fab-t - 1/1 - 0 out of 93 successfully perturbed
robust accuracy after FAB-T: 46.50% (total time 110.5 s)
square - 1/1 - 0 out of 93 successfully perturbed
robust accuracy after SQUARE: 46.50% (total time 162.6 s)
max Linf perturbation: 0.03137, nan in tensor: 0, max: 1.00000, min: 0.00000
robust accuracy: 46.50%
initial accuracy: 87.50%
apgd-ce - 1/1 - 77 out of 175 successfully perturbed
robust accuracy after APGD-CE: 49.00% (total time 8.7 s)
apgd-t - 1/1 - 11 out of 98 successfully perturbed
robust accuracy after APGD-T: 43.50% (total time 51.9 s)
fab-t - 1/1 - 0 out of 87 successfully perturbed
robust accuracy after FAB-T: 43.50% (total time 106.8 s)
square - 1/1 - 0 out of 87 successfully perturbed
robust accuracy after SQUARE: 43.50% (total time 158.1 s)
max Linf perturbation: 0.03137, nan in tensor: 0, max: 1.00000, min: 0.00000
robust accuracy: 43.50%
initial accuracy: 86.00%
apgd-ce - 1/1 - 82 out of 172 successfully perturbed
robust accuracy after APGD-CE: 45.00% (total time 8.5 s)
apgd-t - 1/1 - 2 out of 90 successfully perturbed
robust accuracy after APGD-T: 44.00% (total time 51.1 s)
fab-t - 1/1 - 0 out of 88 successfully perturbed
robust accuracy after FAB-T: 44.00% (total time 105.7 s)
square - 1/1 - 0 out of 88 successfully perturbed
robust accuracy after SQUARE: 44.00% (total time 157.1 s)
max Linf perturbation: 0.03137, nan in tensor: 0, max: 1.00000, min: 0.00000
robust accuracy: 44.00%
initial accuracy: 82.50%
apgd-ce - 1/1 - 64 out of 165 successfully perturbed
robust accuracy after APGD-CE: 50.50% (total time 8.3 s)
apgd-t - 1/1 - 4 out of 101 successfully perturbed
robust accuracy after APGD-T: 48.50% (total time 57.1 s)
fab-t - 1/1 - 0 out of 97 successfully perturbed
robust accuracy after FAB-T: 48.50% (total time 118.0 s)
square - 1/1 - 0 out of 97 successfully perturbed
robust accuracy after SQUARE: 48.50% (total time 173.0 s)
max Linf perturbation: 0.03137, nan in tensor: 0, max: 1.00000, min: 0.00000
robust accuracy: 48.50%
