initial accuracy: 83.00%
apgd-ce - 1/1 - 84 out of 166 successfully perturbed
robust accuracy after APGD-CE: 41.00% (total time 10.6 s)
apgd-t - 1/1 - 8 out of 82 successfully perturbed
robust accuracy after APGD-T: 37.00% (total time 68.9 s)
fab-t - 1/1 - 0 out of 74 successfully perturbed
robust accuracy after FAB-T: 37.00% (total time 144.8 s)
square - 1/1 - 0 out of 74 successfully perturbed
robust accuracy after SQUARE: 37.00% (total time 222.4 s)
max Linf perturbation: 0.03137, nan in tensor: 0, max: 1.00000, min: 0.00000
robust accuracy: 37.00%
initial accuracy: 79.50%
apgd-ce - 1/1 - 75 out of 159 successfully perturbed
robust accuracy after APGD-CE: 42.00% (total time 10.0 s)
apgd-t - 1/1 - 12 out of 84 successfully perturbed
robust accuracy after APGD-T: 36.00% (total time 67.5 s)
fab-t - 1/1 - 0 out of 72 successfully perturbed
robust accuracy after FAB-T: 36.00% (total time 143.0 s)
square - 1/1 - 0 out of 72 successfully perturbed
robust accuracy after SQUARE: 36.00% (total time 221.0 s)
max Linf perturbation: 0.03137, nan in tensor: 0, max: 1.00000, min: 0.00000
robust accuracy: 36.00%
initial accuracy: 80.00%
apgd-ce - 1/1 - 65 out of 160 successfully perturbed
robust accuracy after APGD-CE: 47.50% (total time 10.0 s)
apgd-t - 1/1 - 9 out of 95 successfully perturbed
robust accuracy after APGD-T: 43.00% (total time 75.0 s)
fab-t - 1/1 - 0 out of 86 successfully perturbed
robust accuracy after FAB-T: 43.00% (total time 158.3 s)
square - 1/1 - 0 out of 86 successfully perturbed
robust accuracy after SQUARE: 43.00% (total time 245.7 s)
max Linf perturbation: 0.03137, nan in tensor: 0, max: 1.00000, min: 0.00000
robust accuracy: 43.00%
initial accuracy: 76.50%
apgd-ce - 1/1 - 78 out of 153 successfully perturbed
robust accuracy after APGD-CE: 37.50% (total time 10.0 s)
apgd-t - 1/1 - 5 out of 75 successfully perturbed
robust accuracy after APGD-T: 35.00% (total time 65.1 s)
fab-t - 1/1 - 0 out of 70 successfully perturbed
robust accuracy after FAB-T: 35.00% (total time 139.6 s)
square - 1/1 - 0 out of 70 successfully perturbed
robust accuracy after SQUARE: 35.00% (total time 216.7 s)
max Linf perturbation: 0.03137, nan in tensor: 0, max: 1.00000, min: 0.00000
robust accuracy: 35.00%
initial accuracy: 78.00%
apgd-ce - 1/1 - 60 out of 156 successfully perturbed
robust accuracy after APGD-CE: 48.00% (total time 9.9 s)
apgd-t - 1/1 - 9 out of 96 successfully perturbed
robust accuracy after APGD-T: 43.50% (total time 74.1 s)
fab-t - 1/1 - 0 out of 87 successfully perturbed
robust accuracy after FAB-T: 43.50% (total time 157.4 s)
square - 1/1 - 0 out of 87 successfully perturbed
robust accuracy after SQUARE: 43.50% (total time 238.4 s)
max Linf perturbation: 0.03137, nan in tensor: 0, max: 1.00000, min: 0.00000
robust accuracy: 43.50%
initial accuracy: 77.00%
apgd-ce - 1/1 - 58 out of 154 successfully perturbed
robust accuracy after APGD-CE: 48.00% (total time 9.8 s)
apgd-t - 1/1 - 7 out of 96 successfully perturbed
robust accuracy after APGD-T: 44.50% (total time 75.4 s)
fab-t - 1/1 - 0 out of 89 successfully perturbed
robust accuracy after FAB-T: 44.50% (total time 161.5 s)
square - 1/1 - 0 out of 89 successfully perturbed
robust accuracy after SQUARE: 44.50% (total time 250.1 s)
max Linf perturbation: 0.03137, nan in tensor: 0, max: 1.00000, min: 0.00000
robust accuracy: 44.50%
initial accuracy: 71.50%
apgd-ce - 1/1 - 60 out of 143 successfully perturbed
robust accuracy after APGD-CE: 41.50% (total time 9.6 s)
apgd-t - 1/1 - 10 out of 83 successfully perturbed
robust accuracy after APGD-T: 36.50% (total time 64.0 s)
fab-t - 1/1 - 0 out of 73 successfully perturbed
robust accuracy after FAB-T: 36.50% (total time 139.8 s)
square - 1/1 - 0 out of 73 successfully perturbed
robust accuracy after SQUARE: 36.50% (total time 226.2 s)
max Linf perturbation: 0.03137, nan in tensor: 0, max: 1.00000, min: 0.00000
robust accuracy: 36.50%
initial accuracy: 79.50%
apgd-ce - 1/1 - 70 out of 159 successfully perturbed
robust accuracy after APGD-CE: 44.50% (total time 10.3 s)
apgd-t - 1/1 - 17 out of 89 successfully perturbed
robust accuracy after APGD-T: 36.00% (total time 66.0 s)
fab-t - 1/1 - 0 out of 72 successfully perturbed
robust accuracy after FAB-T: 36.00% (total time 145.1 s)
square - 1/1 - 0 out of 72 successfully perturbed
robust accuracy after SQUARE: 36.00% (total time 230.9 s)
max Linf perturbation: 0.03137, nan in tensor: 0, max: 1.00000, min: 0.00000
robust accuracy: 36.00%
initial accuracy: 79.00%
apgd-ce - 1/1 - 71 out of 158 successfully perturbed
robust accuracy after APGD-CE: 43.50% (total time 10.3 s)
apgd-t - 1/1 - 6 out of 87 successfully perturbed
robust accuracy after APGD-T: 40.50% (total time 74.4 s)
fab-t - 1/1 - 0 out of 81 successfully perturbed
robust accuracy after FAB-T: 40.50% (total time 157.0 s)
square - 1/1 - 0 out of 81 successfully perturbed
robust accuracy after SQUARE: 40.50% (total time 238.2 s)
max Linf perturbation: 0.03137, nan in tensor: 0, max: 1.00000, min: 0.00000
robust accuracy: 40.50%
initial accuracy: 75.50%
apgd-ce - 1/1 - 68 out of 151 successfully perturbed
robust accuracy after APGD-CE: 41.50% (total time 10.1 s)
apgd-t - 1/1 - 5 out of 83 successfully perturbed
robust accuracy after APGD-T: 39.00% (total time 70.7 s)
fab-t - 1/1 - 0 out of 78 successfully perturbed
robust accuracy after FAB-T: 39.00% (total time 149.7 s)
square - 1/1 - 0 out of 78 successfully perturbed
robust accuracy after SQUARE: 39.00% (total time 229.9 s)
max Linf perturbation: 0.03137, nan in tensor: 0, max: 1.00000, min: 0.00000
robust accuracy: 39.00%
initial accuracy: 74.50%
apgd-ce - 1/1 - 74 out of 149 successfully perturbed
robust accuracy after APGD-CE: 37.50% (total time 10.0 s)
apgd-t - 1/1 - 5 out of 75 successfully perturbed
robust accuracy after APGD-T: 35.00% (total time 67.0 s)
fab-t - 1/1 - 0 out of 70 successfully perturbed
robust accuracy after FAB-T: 35.00% (total time 142.7 s)
square - 1/1 - 0 out of 70 successfully perturbed
robust accuracy after SQUARE: 35.00% (total time 219.4 s)
max Linf perturbation: 0.03137, nan in tensor: 0, max: 1.00000, min: 0.00000
robust accuracy: 35.00%
initial accuracy: 77.00%
apgd-ce - 1/1 - 65 out of 154 successfully perturbed
robust accuracy after APGD-CE: 44.50% (total time 10.3 s)
apgd-t - 1/1 - 12 out of 89 successfully perturbed
robust accuracy after APGD-T: 38.50% (total time 70.7 s)
fab-t - 1/1 - 0 out of 77 successfully perturbed
robust accuracy after FAB-T: 38.50% (total time 148.9 s)
square - 1/1 - 0 out of 77 successfully perturbed
robust accuracy after SQUARE: 38.50% (total time 229.0 s)
max Linf perturbation: 0.03137, nan in tensor: 0, max: 1.00000, min: 0.00000
robust accuracy: 38.50%
initial accuracy: 74.50%
apgd-ce - 1/1 - 79 out of 149 successfully perturbed
robust accuracy after APGD-CE: 35.00% (total time 10.0 s)
apgd-t - 1/1 - 1 out of 70 successfully perturbed
robust accuracy after APGD-T: 34.50% (total time 67.5 s)
fab-t - 1/1 - 0 out of 69 successfully perturbed
robust accuracy after FAB-T: 34.50% (total time 142.7 s)
square - 1/1 - 0 out of 69 successfully perturbed
robust accuracy after SQUARE: 34.50% (total time 220.3 s)
max Linf perturbation: 0.03137, nan in tensor: 0, max: 1.00000, min: 0.00000
robust accuracy: 34.50%
initial accuracy: 79.00%
apgd-ce - 1/1 - 67 out of 158 successfully perturbed
robust accuracy after APGD-CE: 45.50% (total time 10.4 s)
apgd-t - 1/1 - 8 out of 91 successfully perturbed
robust accuracy after APGD-T: 41.50% (total time 76.8 s)
fab-t - 1/1 - 0 out of 83 successfully perturbed
robust accuracy after FAB-T: 41.50% (total time 161.3 s)
square - 1/1 - 0 out of 83 successfully perturbed
robust accuracy after SQUARE: 41.50% (total time 240.7 s)
max Linf perturbation: 0.03137, nan in tensor: 0, max: 1.00000, min: 0.00000
robust accuracy: 41.50%
initial accuracy: 81.00%
apgd-ce - 1/1 - 79 out of 162 successfully perturbed
robust accuracy after APGD-CE: 41.50% (total time 10.6 s)
apgd-t - 1/1 - 7 out of 83 successfully perturbed
robust accuracy after APGD-T: 38.00% (total time 72.0 s)
fab-t - 1/1 - 0 out of 76 successfully perturbed
robust accuracy after FAB-T: 38.00% (total time 150.9 s)
square - 1/1 - 0 out of 76 successfully perturbed
robust accuracy after SQUARE: 38.00% (total time 230.4 s)
max Linf perturbation: 0.03137, nan in tensor: 0, max: 1.00000, min: 0.00000
robust accuracy: 38.00%
initial accuracy: 76.00%
apgd-ce - 1/1 - 56 out of 152 successfully perturbed
robust accuracy after APGD-CE: 48.00% (total time 10.2 s)
apgd-t - 1/1 - 12 out of 96 successfully perturbed
robust accuracy after APGD-T: 42.00% (total time 77.5 s)
fab-t - 1/1 - 0 out of 84 successfully perturbed
robust accuracy after FAB-T: 42.00% (total time 162.2 s)
square - 1/1 - 0 out of 84 successfully perturbed
robust accuracy after SQUARE: 42.00% (total time 244.1 s)
max Linf perturbation: 0.03137, nan in tensor: 0, max: 1.00000, min: 0.00000
robust accuracy: 42.00%
initial accuracy: 76.00%
apgd-ce - 1/1 - 63 out of 152 successfully perturbed
robust accuracy after APGD-CE: 44.50% (total time 10.2 s)
apgd-t - 1/1 - 11 out of 89 successfully perturbed
robust accuracy after APGD-T: 39.00% (total time 71.4 s)
fab-t - 1/1 - 0 out of 78 successfully perturbed
robust accuracy after FAB-T: 39.00% (total time 150.0 s)
square - 1/1 - 0 out of 78 successfully perturbed
robust accuracy after SQUARE: 39.00% (total time 231.6 s)
max Linf perturbation: 0.03137, nan in tensor: 0, max: 1.00000, min: 0.00000
robust accuracy: 39.00%
initial accuracy: 73.50%
apgd-ce - 1/1 - 53 out of 147 successfully perturbed
robust accuracy after APGD-CE: 47.00% (total time 9.9 s)
apgd-t - 1/1 - 6 out of 94 successfully perturbed
robust accuracy after APGD-T: 44.00% (total time 78.0 s)
fab-t - 1/1 - 0 out of 88 successfully perturbed
robust accuracy after FAB-T: 44.00% (total time 164.5 s)
square - 1/1 - 0 out of 88 successfully perturbed
robust accuracy after SQUARE: 44.00% (total time 247.1 s)
max Linf perturbation: 0.03137, nan in tensor: 0, max: 1.00000, min: 0.00000
robust accuracy: 44.00%
initial accuracy: 76.00%
apgd-ce - 1/1 - 68 out of 152 successfully perturbed
robust accuracy after APGD-CE: 42.00% (total time 10.2 s)
apgd-t - 1/1 - 5 out of 84 successfully perturbed
robust accuracy after APGD-T: 39.50% (total time 71.0 s)
fab-t - 1/1 - 0 out of 79 successfully perturbed
robust accuracy after FAB-T: 39.50% (total time 150.4 s)
square - 1/1 - 0 out of 79 successfully perturbed
robust accuracy after SQUARE: 39.50% (total time 230.4 s)
max Linf perturbation: 0.03137, nan in tensor: 0, max: 1.00000, min: 0.00000
robust accuracy: 39.50%
initial accuracy: 78.50%
apgd-ce - 1/1 - 67 out of 157 successfully perturbed
robust accuracy after APGD-CE: 45.00% (total time 10.4 s)
apgd-t - 1/1 - 4 out of 90 successfully perturbed
robust accuracy after APGD-T: 43.00% (total time 77.5 s)
fab-t - 1/1 - 0 out of 86 successfully perturbed
robust accuracy after FAB-T: 43.00% (total time 163.2 s)
square - 1/1 - 0 out of 86 successfully perturbed
robust accuracy after SQUARE: 43.00% (total time 245.8 s)
max Linf perturbation: 0.03137, nan in tensor: 0, max: 1.00000, min: 0.00000
robust accuracy: 43.00%
initial accuracy: 78.00%
apgd-ce - 1/1 - 67 out of 156 successfully perturbed
robust accuracy after APGD-CE: 44.50% (total time 10.3 s)
apgd-t - 1/1 - 7 out of 89 successfully perturbed
robust accuracy after APGD-T: 41.00% (total time 76.2 s)
fab-t - 1/1 - 0 out of 82 successfully perturbed
robust accuracy after FAB-T: 41.00% (total time 161.0 s)
square - 1/1 - 0 out of 82 successfully perturbed
robust accuracy after SQUARE: 41.00% (total time 240.4 s)
max Linf perturbation: 0.03137, nan in tensor: 0, max: 1.00000, min: 0.00000
robust accuracy: 41.00%
initial accuracy: 84.00%
apgd-ce - 1/1 - 74 out of 168 successfully perturbed
robust accuracy after APGD-CE: 47.00% (total time 10.8 s)
apgd-t - 1/1 - 8 out of 94 successfully perturbed
robust accuracy after APGD-T: 43.00% (total time 78.2 s)
fab-t - 1/1 - 0 out of 86 successfully perturbed
robust accuracy after FAB-T: 43.00% (total time 164.4 s)
square - 1/1 - 0 out of 86 successfully perturbed
robust accuracy after SQUARE: 43.00% (total time 247.3 s)
max Linf perturbation: 0.03137, nan in tensor: 0, max: 1.00000, min: 0.00000
robust accuracy: 43.00%
initial accuracy: 77.00%
apgd-ce - 1/1 - 62 out of 154 successfully perturbed
robust accuracy after APGD-CE: 46.00% (total time 10.4 s)
apgd-t - 1/1 - 7 out of 92 successfully perturbed
robust accuracy after APGD-T: 42.50% (total time 77.4 s)
fab-t - 1/1 - 0 out of 85 successfully perturbed
robust accuracy after FAB-T: 42.50% (total time 162.7 s)
square - 1/1 - 0 out of 85 successfully perturbed
robust accuracy after SQUARE: 42.50% (total time 243.6 s)
max Linf perturbation: 0.03137, nan in tensor: 0, max: 1.00000, min: 0.00000
robust accuracy: 42.50%
initial accuracy: 76.00%
apgd-ce - 1/1 - 63 out of 152 successfully perturbed
robust accuracy after APGD-CE: 44.50% (total time 10.2 s)
apgd-t - 1/1 - 7 out of 89 successfully perturbed
robust accuracy after APGD-T: 41.00% (total time 76.4 s)
fab-t - 1/1 - 0 out of 82 successfully perturbed
robust accuracy after FAB-T: 41.00% (total time 161.8 s)
square - 1/1 - 0 out of 82 successfully perturbed
robust accuracy after SQUARE: 41.00% (total time 243.2 s)
max Linf perturbation: 0.03137, nan in tensor: 0, max: 1.00000, min: 0.00000
robust accuracy: 41.00%
initial accuracy: 75.00%
apgd-ce - 1/1 - 56 out of 150 successfully perturbed
robust accuracy after APGD-CE: 47.00% (total time 10.1 s)
apgd-t - 1/1 - 10 out of 94 successfully perturbed
robust accuracy after APGD-T: 42.00% (total time 77.1 s)
fab-t - 1/1 - 0 out of 84 successfully perturbed
robust accuracy after FAB-T: 42.00% (total time 162.4 s)
square - 1/1 - 0 out of 84 successfully perturbed
robust accuracy after SQUARE: 42.00% (total time 243.8 s)
max Linf perturbation: 0.03137, nan in tensor: 0, max: 1.00000, min: 0.00000
robust accuracy: 42.00%
initial accuracy: 76.50%
apgd-ce - 1/1 - 82 out of 153 successfully perturbed
robust accuracy after APGD-CE: 35.50% (total time 10.2 s)
apgd-t - 1/1 - 8 out of 71 successfully perturbed
robust accuracy after APGD-T: 31.50% (total time 67.1 s)
fab-t - 1/1 - 0 out of 63 successfully perturbed
robust accuracy after FAB-T: 31.50% (total time 141.8 s)
square - 1/1 - 0 out of 63 successfully perturbed
robust accuracy after SQUARE: 31.50% (total time 222.9 s)
max Linf perturbation: 0.03137, nan in tensor: 0, max: 1.00000, min: 0.00000
robust accuracy: 31.50%
initial accuracy: 80.50%
apgd-ce - 1/1 - 73 out of 161 successfully perturbed
robust accuracy after APGD-CE: 44.00% (total time 10.6 s)
apgd-t - 1/1 - 8 out of 88 successfully perturbed
robust accuracy after APGD-T: 40.00% (total time 70.3 s)
fab-t - 1/1 - 0 out of 80 successfully perturbed
robust accuracy after FAB-T: 40.00% (total time 148.4 s)
square - 1/1 - 0 out of 80 successfully perturbed
robust accuracy after SQUARE: 40.00% (total time 236.1 s)
max Linf perturbation: 0.03137, nan in tensor: 0, max: 1.00000, min: 0.00000
robust accuracy: 40.00%
initial accuracy: 75.50%
apgd-ce - 1/1 - 67 out of 151 successfully perturbed
robust accuracy after APGD-CE: 42.00% (total time 10.3 s)
apgd-t - 1/1 - 13 out of 84 successfully perturbed
robust accuracy after APGD-T: 35.50% (total time 69.1 s)
fab-t - 1/1 - 0 out of 71 successfully perturbed
robust accuracy after FAB-T: 35.50% (total time 146.2 s)
square - 1/1 - 0 out of 71 successfully perturbed
robust accuracy after SQUARE: 35.50% (total time 229.1 s)
max Linf perturbation: 0.03137, nan in tensor: 0, max: 1.00000, min: 0.00000
robust accuracy: 35.50%
initial accuracy: 80.00%
apgd-ce - 1/1 - 74 out of 160 successfully perturbed
robust accuracy after APGD-CE: 43.00% (total time 10.5 s)
apgd-t - 1/1 - 6 out of 86 successfully perturbed
robust accuracy after APGD-T: 40.00% (total time 71.9 s)
fab-t - 1/1 - 0 out of 80 successfully perturbed
robust accuracy after FAB-T: 40.00% (total time 151.3 s)
square - 1/1 - 0 out of 80 successfully perturbed
robust accuracy after SQUARE: 40.00% (total time 230.9 s)
max Linf perturbation: 0.03137, nan in tensor: 0, max: 1.00000, min: 0.00000
robust accuracy: 40.00%
initial accuracy: 76.00%
apgd-ce - 1/1 - 72 out of 152 successfully perturbed
robust accuracy after APGD-CE: 40.00% (total time 10.2 s)
apgd-t - 1/1 - 6 out of 80 successfully perturbed
robust accuracy after APGD-T: 37.00% (total time 68.7 s)
fab-t - 1/1 - 0 out of 74 successfully perturbed
robust accuracy after FAB-T: 37.00% (total time 146.8 s)
square - 1/1 - 0 out of 74 successfully perturbed
robust accuracy after SQUARE: 37.00% (total time 226.7 s)
max Linf perturbation: 0.03137, nan in tensor: 0, max: 1.00000, min: 0.00000
robust accuracy: 37.00%
initial accuracy: 74.50%
apgd-ce - 1/1 - 66 out of 149 successfully perturbed
robust accuracy after APGD-CE: 41.50% (total time 10.1 s)
apgd-t - 1/1 - 7 out of 83 successfully perturbed
robust accuracy after APGD-T: 38.00% (total time 70.0 s)
fab-t - 1/1 - 0 out of 76 successfully perturbed
robust accuracy after FAB-T: 38.00% (total time 148.4 s)
square - 1/1 - 0 out of 76 successfully perturbed
robust accuracy after SQUARE: 38.00% (total time 228.3 s)
max Linf perturbation: 0.03137, nan in tensor: 0, max: 1.00000, min: 0.00000
robust accuracy: 38.00%
initial accuracy: 81.50%
apgd-ce - 1/1 - 73 out of 163 successfully perturbed
robust accuracy after APGD-CE: 45.00% (total time 10.7 s)
apgd-t - 1/1 - 6 out of 90 successfully perturbed
robust accuracy after APGD-T: 42.00% (total time 77.3 s)
fab-t - 1/1 - 0 out of 84 successfully perturbed
robust accuracy after FAB-T: 42.00% (total time 162.1 s)
square - 1/1 - 0 out of 84 successfully perturbed
robust accuracy after SQUARE: 42.00% (total time 242.2 s)
max Linf perturbation: 0.03137, nan in tensor: 0, max: 1.00000, min: 0.00000
robust accuracy: 42.00%
initial accuracy: 78.50%
apgd-ce - 1/1 - 78 out of 157 successfully perturbed
robust accuracy after APGD-CE: 39.50% (total time 10.3 s)
apgd-t - 1/1 - 10 out of 79 successfully perturbed
robust accuracy after APGD-T: 34.50% (total time 67.3 s)
fab-t - 1/1 - 0 out of 69 successfully perturbed
robust accuracy after FAB-T: 34.50% (total time 142.8 s)
square - 1/1 - 0 out of 69 successfully perturbed
robust accuracy after SQUARE: 34.50% (total time 220.6 s)
max Linf perturbation: 0.03137, nan in tensor: 0, max: 1.00000, min: 0.00000
robust accuracy: 34.50%
initial accuracy: 76.50%
apgd-ce - 1/1 - 65 out of 153 successfully perturbed
robust accuracy after APGD-CE: 44.00% (total time 10.2 s)
apgd-t - 1/1 - 12 out of 88 successfully perturbed
robust accuracy after APGD-T: 38.00% (total time 71.0 s)
fab-t - 1/1 - 0 out of 76 successfully perturbed
robust accuracy after FAB-T: 38.00% (total time 149.5 s)
square - 1/1 - 0 out of 76 successfully perturbed
robust accuracy after SQUARE: 38.00% (total time 231.7 s)
max Linf perturbation: 0.03137, nan in tensor: 0, max: 1.00000, min: 0.00000
robust accuracy: 38.00%
initial accuracy: 77.50%
apgd-ce - 1/1 - 80 out of 155 successfully perturbed
robust accuracy after APGD-CE: 37.50% (total time 10.2 s)
apgd-t - 1/1 - 8 out of 75 successfully perturbed
robust accuracy after APGD-T: 33.50% (total time 66.9 s)
fab-t - 1/1 - 0 out of 67 successfully perturbed
robust accuracy after FAB-T: 33.50% (total time 141.2 s)
square - 1/1 - 0 out of 67 successfully perturbed
robust accuracy after SQUARE: 33.50% (total time 218.7 s)
max Linf perturbation: 0.03137, nan in tensor: 0, max: 1.00000, min: 0.00000
robust accuracy: 33.50%
initial accuracy: 74.50%
apgd-ce - 1/1 - 59 out of 149 successfully perturbed
robust accuracy after APGD-CE: 45.00% (total time 10.1 s)
apgd-t - 1/1 - 7 out of 90 successfully perturbed
robust accuracy after APGD-T: 41.50% (total time 76.6 s)
fab-t - 1/1 - 0 out of 83 successfully perturbed
robust accuracy after FAB-T: 41.50% (total time 161.7 s)
square - 1/1 - 0 out of 83 successfully perturbed
robust accuracy after SQUARE: 41.50% (total time 243.0 s)
max Linf perturbation: 0.03137, nan in tensor: 0, max: 1.00000, min: 0.00000
robust accuracy: 41.50%
initial accuracy: 81.50%
apgd-ce - 1/1 - 79 out of 163 successfully perturbed
robust accuracy after APGD-CE: 42.00% (total time 10.7 s)
apgd-t - 1/1 - 8 out of 84 successfully perturbed
robust accuracy after APGD-T: 38.00% (total time 71.0 s)
fab-t - 1/1 - 0 out of 76 successfully perturbed
robust accuracy after FAB-T: 38.00% (total time 150.1 s)
square - 1/1 - 0 out of 76 successfully perturbed
robust accuracy after SQUARE: 38.00% (total time 229.9 s)
max Linf perturbation: 0.03137, nan in tensor: 0, max: 1.00000, min: 0.00000
robust accuracy: 38.00%
initial accuracy: 78.00%
apgd-ce - 1/1 - 67 out of 156 successfully perturbed
robust accuracy after APGD-CE: 44.50% (total time 10.3 s)
apgd-t - 1/1 - 6 out of 89 successfully perturbed
robust accuracy after APGD-T: 41.50% (total time 77.0 s)
fab-t - 1/1 - 0 out of 83 successfully perturbed
robust accuracy after FAB-T: 41.50% (total time 162.2 s)
square - 1/1 - 0 out of 83 successfully perturbed
robust accuracy after SQUARE: 41.50% (total time 243.1 s)
max Linf perturbation: 0.03137, nan in tensor: 0, max: 1.00000, min: 0.00000
robust accuracy: 41.50%
initial accuracy: 76.00%
apgd-ce - 1/1 - 60 out of 152 successfully perturbed
robust accuracy after APGD-CE: 46.00% (total time 10.2 s)
apgd-t - 1/1 - 5 out of 92 successfully perturbed
robust accuracy after APGD-T: 43.50% (total time 77.8 s)
fab-t - 1/1 - 0 out of 87 successfully perturbed
robust accuracy after FAB-T: 43.50% (total time 164.8 s)
square - 1/1 - 0 out of 87 successfully perturbed
robust accuracy after SQUARE: 43.50% (total time 247.3 s)
max Linf perturbation: 0.03137, nan in tensor: 0, max: 1.00000, min: 0.00000
robust accuracy: 43.50%
initial accuracy: 76.00%
apgd-ce - 1/1 - 64 out of 152 successfully perturbed
robust accuracy after APGD-CE: 44.00% (total time 10.2 s)
apgd-t - 1/1 - 10 out of 88 successfully perturbed
robust accuracy after APGD-T: 39.00% (total time 70.9 s)
fab-t - 1/1 - 0 out of 78 successfully perturbed
robust accuracy after FAB-T: 39.00% (total time 150.1 s)
square - 1/1 - 0 out of 78 successfully perturbed
robust accuracy after SQUARE: 39.00% (total time 228.4 s)
max Linf perturbation: 0.03137, nan in tensor: 0, max: 1.00000, min: 0.00000
robust accuracy: 39.00%
initial accuracy: 74.50%
apgd-ce - 1/1 - 70 out of 149 successfully perturbed
robust accuracy after APGD-CE: 39.50% (total time 10.1 s)
apgd-t - 1/1 - 7 out of 79 successfully perturbed
robust accuracy after APGD-T: 36.00% (total time 68.1 s)
fab-t - 1/1 - 0 out of 72 successfully perturbed
robust accuracy after FAB-T: 36.00% (total time 146.0 s)
square - 1/1 - 0 out of 72 successfully perturbed
robust accuracy after SQUARE: 36.00% (total time 225.7 s)
max Linf perturbation: 0.03137, nan in tensor: 0, max: 1.00000, min: 0.00000
robust accuracy: 36.00%
initial accuracy: 73.00%
apgd-ce - 1/1 - 65 out of 146 successfully perturbed
robust accuracy after APGD-CE: 40.50% (total time 9.9 s)
apgd-t - 1/1 - 4 out of 81 successfully perturbed
robust accuracy after APGD-T: 38.50% (total time 70.4 s)
fab-t - 1/1 - 0 out of 77 successfully perturbed
robust accuracy after FAB-T: 38.50% (total time 150.0 s)
square - 1/1 - 0 out of 77 successfully perturbed
robust accuracy after SQUARE: 38.50% (total time 229.9 s)
max Linf perturbation: 0.03137, nan in tensor: 0, max: 1.00000, min: 0.00000
robust accuracy: 38.50%
initial accuracy: 76.00%
apgd-ce - 1/1 - 64 out of 152 successfully perturbed
robust accuracy after APGD-CE: 44.00% (total time 10.2 s)
apgd-t - 1/1 - 12 out of 88 successfully perturbed
robust accuracy after APGD-T: 38.00% (total time 70.5 s)
fab-t - 1/1 - 0 out of 76 successfully perturbed
robust accuracy after FAB-T: 38.00% (total time 148.6 s)
square - 1/1 - 0 out of 76 successfully perturbed
robust accuracy after SQUARE: 38.00% (total time 226.4 s)
max Linf perturbation: 0.03137, nan in tensor: 0, max: 1.00000, min: 0.00000
robust accuracy: 38.00%
initial accuracy: 77.00%
apgd-ce - 1/1 - 79 out of 154 successfully perturbed
robust accuracy after APGD-CE: 37.50% (total time 10.3 s)
apgd-t - 1/1 - 9 out of 75 successfully perturbed
robust accuracy after APGD-T: 33.00% (total time 66.7 s)
fab-t - 1/1 - 0 out of 66 successfully perturbed
robust accuracy after FAB-T: 33.00% (total time 141.0 s)
square - 1/1 - 0 out of 66 successfully perturbed
robust accuracy after SQUARE: 33.00% (total time 216.7 s)
max Linf perturbation: 0.03137, nan in tensor: 0, max: 1.00000, min: 0.00000
robust accuracy: 33.00%
initial accuracy: 77.50%
apgd-ce - 1/1 - 55 out of 155 successfully perturbed
robust accuracy after APGD-CE: 50.00% (total time 10.2 s)
apgd-t - 1/1 - 10 out of 100 successfully perturbed
robust accuracy after APGD-T: 45.00% (total time 79.1 s)
fab-t - 1/1 - 0 out of 90 successfully perturbed
robust accuracy after FAB-T: 45.00% (total time 165.5 s)
square - 1/1 - 0 out of 90 successfully perturbed
robust accuracy after SQUARE: 45.00% (total time 247.7 s)
max Linf perturbation: 0.03137, nan in tensor: 0, max: 1.00000, min: 0.00000
robust accuracy: 45.00%
initial accuracy: 85.00%
apgd-ce - 1/1 - 77 out of 170 successfully perturbed
robust accuracy after APGD-CE: 46.50% (total time 11.0 s)
apgd-t - 1/1 - 11 out of 93 successfully perturbed
robust accuracy after APGD-T: 41.00% (total time 77.4 s)
fab-t - 1/1 - 0 out of 82 successfully perturbed
robust accuracy after FAB-T: 41.00% (total time 161.7 s)
square - 1/1 - 0 out of 82 successfully perturbed
robust accuracy after SQUARE: 41.00% (total time 241.0 s)
max Linf perturbation: 0.03137, nan in tensor: 0, max: 1.00000, min: 0.00000
robust accuracy: 41.00%
initial accuracy: 78.50%
apgd-ce - 1/1 - 75 out of 157 successfully perturbed
robust accuracy after APGD-CE: 41.00% (total time 10.3 s)
apgd-t - 1/1 - 6 out of 82 successfully perturbed
robust accuracy after APGD-T: 38.00% (total time 70.6 s)
fab-t - 1/1 - 0 out of 76 successfully perturbed
robust accuracy after FAB-T: 38.00% (total time 148.5 s)
square - 1/1 - 0 out of 76 successfully perturbed
robust accuracy after SQUARE: 38.00% (total time 227.3 s)
max Linf perturbation: 0.03137, nan in tensor: 0, max: 1.00000, min: 0.00000
robust accuracy: 38.00%
initial accuracy: 79.50%
apgd-ce - 1/1 - 76 out of 159 successfully perturbed
robust accuracy after APGD-CE: 41.50% (total time 10.4 s)
apgd-t - 1/1 - 9 out of 83 successfully perturbed
robust accuracy after APGD-T: 37.00% (total time 70.1 s)
fab-t - 1/1 - 0 out of 74 successfully perturbed
robust accuracy after FAB-T: 37.00% (total time 147.2 s)
square - 1/1 - 0 out of 74 successfully perturbed
robust accuracy after SQUARE: 37.00% (total time 224.9 s)
max Linf perturbation: 0.03137, nan in tensor: 0, max: 1.00000, min: 0.00000
robust accuracy: 37.00%
initial accuracy: 74.50%
apgd-ce - 1/1 - 72 out of 149 successfully perturbed
robust accuracy after APGD-CE: 38.50% (total time 10.0 s)
apgd-t - 1/1 - 6 out of 77 successfully perturbed
robust accuracy after APGD-T: 35.50% (total time 68.1 s)
fab-t - 1/1 - 0 out of 71 successfully perturbed
robust accuracy after FAB-T: 35.50% (total time 143.8 s)
square - 1/1 - 0 out of 71 successfully perturbed
robust accuracy after SQUARE: 35.50% (total time 223.1 s)
max Linf perturbation: 0.03137, nan in tensor: 0, max: 1.00000, min: 0.00000
robust accuracy: 35.50%
initial accuracy: 75.50%
apgd-ce - 1/1 - 64 out of 151 successfully perturbed
robust accuracy after APGD-CE: 43.50% (total time 10.1 s)
apgd-t - 1/1 - 8 out of 87 successfully perturbed
robust accuracy after APGD-T: 39.50% (total time 70.7 s)
fab-t - 1/1 - 0 out of 79 successfully perturbed
robust accuracy after FAB-T: 39.50% (total time 149.3 s)
square - 1/1 - 0 out of 79 successfully perturbed
robust accuracy after SQUARE: 39.50% (total time 228.6 s)
max Linf perturbation: 0.03137, nan in tensor: 0, max: 1.00000, min: 0.00000
robust accuracy: 39.50%
