[2022/04/26 20:24:26] - Namespace(alpha=2.0, batch_size=128, data_dir='/mnt/storage0_8/torch_datasets/cifar-data', delta_init='zero', epochs=50, epsilon=8, fname='output_vgg16', init_tau=8, lr_max=0.01, lr_min=0.0, lr_schedule='multistep', max_iteration=10, min_iteration=2, model='vgg16', momentum=0.9, normalization='std', out_dir='amata_out', save_model=True, seed=0, tau=20, weight_decay=0.0005, wide_factor=10)
[2022/04/26 20:24:29] - Epoch 	 Seconds 	 LR 	 	 Train Loss 	 Train Acc 	 Val Acc 	 PGD Acc 	 CW Acc
[2022/04/26 20:25:15] - 0 	 38.3 	 	 0.0100 	 2.2536 	 0.1649 	 0.3242	 0.1910
[2022/04/26 20:26:01] - 1 	 38.5 	 	 0.0100 	 2.0353 	 0.2348 	 0.3941	 0.2652
[2022/04/26 20:26:47] - 2 	 38.4 	 	 0.0100 	 1.9498 	 0.2652 	 0.4305	 0.2645
[2022/04/26 20:27:33] - 3 	 38.6 	 	 0.0100 	 1.8850 	 0.2897 	 0.4895	 0.2883
[2022/04/26 20:28:19] - 4 	 38.5 	 	 0.0100 	 1.8322 	 0.3099 	 0.5000	 0.3129
[2022/04/26 20:29:05] - 5 	 38.6 	 	 0.0100 	 1.7870 	 0.3254 	 0.5105	 0.3160
[2022/04/26 20:29:52] - 6 	 38.7 	 	 0.0100 	 1.7457 	 0.3402 	 0.5508	 0.3453
[2022/04/26 20:30:50] - 7 	 51.2 	 	 0.0100 	 1.7225 	 0.3541 	 0.5660	 0.3516
[2022/04/26 20:31:49] - 8 	 51.3 	 	 0.0100 	 1.6915 	 0.3612 	 0.5785	 0.3434
[2022/04/26 20:32:48] - 9 	 51.1 	 	 0.0100 	 1.6678 	 0.3703 	 0.5914	 0.3594
[2022/04/26 20:33:47] - 10 	 51.2 	 	 0.0100 	 1.6384 	 0.3799 	 0.6129	 0.3672
[2022/04/26 20:34:46] - 11 	 51.3 	 	 0.0100 	 1.6131 	 0.3891 	 0.6277	 0.3711
[2022/04/26 20:35:45] - 12 	 51.3 	 	 0.0100 	 1.5924 	 0.3986 	 0.6504	 0.3723
[2022/04/26 20:36:56] - 13 	 63.8 	 	 0.0100 	 1.5776 	 0.4033 	 0.6406	 0.3773
[2022/04/26 20:38:07] - 14 	 63.7 	 	 0.0100 	 1.5596 	 0.4086 	 0.6207	 0.3984
[2022/04/26 20:39:19] - 15 	 63.7 	 	 0.0100 	 1.5430 	 0.4132 	 0.6477	 0.3934
[2022/04/26 20:40:30] - 16 	 63.7 	 	 0.0100 	 1.5241 	 0.4219 	 0.6523	 0.3867
[2022/04/26 20:41:41] - 17 	 63.4 	 	 0.0100 	 1.5072 	 0.4285 	 0.6551	 0.3965
[2022/04/26 20:42:52] - 18 	 63.4 	 	 0.0100 	 1.4932 	 0.4307 	 0.6703	 0.3922
[2022/04/26 20:44:15] - 19 	 75.5 	 	 0.0100 	 1.4806 	 0.4365 	 0.6629	 0.4086
[2022/04/26 20:45:38] - 20 	 75.7 	 	 0.0100 	 1.4692 	 0.4406 	 0.6691	 0.3910
[2022/04/26 20:47:02] - 21 	 76.0 	 	 0.0100 	 1.4586 	 0.4421 	 0.6883	 0.4082
[2022/04/26 20:48:25] - 22 	 76.0 	 	 0.0100 	 1.4451 	 0.4497 	 0.6930	 0.4105
[2022/04/26 20:49:49] - 23 	 75.9 	 	 0.0100 	 1.4325 	 0.4538 	 0.7059	 0.4094
[2022/04/26 20:51:12] - 24 	 76.0 	 	 0.0010 	 1.4197 	 0.4556 	 0.6891	 0.4258
[2022/04/26 20:52:48] - 25 	 88.2 	 	 0.0010 	 1.3294 	 0.4874 	 0.7254	 0.4305
[2022/04/26 20:54:24] - 26 	 88.8 	 	 0.0010 	 1.3018 	 0.4948 	 0.7270	 0.4340
[2022/04/26 20:56:00] - 27 	 88.5 	 	 0.0010 	 1.2932 	 0.4981 	 0.7293	 0.4398
[2022/04/26 20:57:37] - 28 	 88.6 	 	 0.0010 	 1.2834 	 0.4995 	 0.7324	 0.4363
[2022/04/26 20:59:12] - 29 	 88.4 	 	 0.0010 	 1.2781 	 0.5026 	 0.7395	 0.4332
[2022/04/26 21:00:49] - 30 	 88.6 	 	 0.0010 	 1.2694 	 0.5060 	 0.7352	 0.4320
[2022/04/26 21:02:25] - 31 	 88.7 	 	 0.0010 	 1.2657 	 0.5073 	 0.7312	 0.4359
[2022/04/26 21:04:13] - 32 	 101.1 	 	 0.0010 	 1.2595 	 0.5088 	 0.7395	 0.4344
[2022/04/26 21:06:02] - 33 	 101.1 	 	 0.0010 	 1.2551 	 0.5101 	 0.7340	 0.4355
[2022/04/26 21:07:51] - 34 	 101.4 	 	 0.0010 	 1.2483 	 0.5126 	 0.7363	 0.4375
[2022/04/26 21:09:40] - 35 	 101.1 	 	 0.0010 	 1.2455 	 0.5152 	 0.7375	 0.4402
[2022/04/26 21:11:28] - 36 	 101.2 	 	 0.0010 	 1.2403 	 0.5139 	 0.7387	 0.4328
[2022/04/26 21:13:17] - 37 	 101.0 	 	 0.0010 	 1.2360 	 0.5146 	 0.7445	 0.4414
[2022/04/26 21:15:18] - 38 	 113.7 	 	 0.0010 	 1.2313 	 0.5163 	 0.7414	 0.4316
[2022/04/26 21:17:20] - 39 	 113.8 	 	 0.0001 	 1.2282 	 0.5169 	 0.7418	 0.4391
[2022/04/26 21:19:21] - 40 	 113.7 	 	 0.0001 	 1.2026 	 0.5259 	 0.7480	 0.4359
[2022/04/26 21:21:22] - 41 	 113.6 	 	 0.0001 	 1.1977 	 0.5267 	 0.7465	 0.4375
[2022/04/26 21:23:23] - 42 	 113.9 	 	 0.0001 	 1.1968 	 0.5257 	 0.7438	 0.4426
[2022/04/26 21:25:25] - 43 	 113.6 	 	 0.0001 	 1.1927 	 0.5291 	 0.7430	 0.4395
[2022/04/26 21:27:39] - 44 	 126.5 	 	 0.0001 	 1.1933 	 0.5273 	 0.7434	 0.4414
[2022/04/26 21:29:53] - 45 	 126.6 	 	 0.0001 	 1.1931 	 0.5290 	 0.7465	 0.4328
[2022/04/26 21:32:07] - 46 	 126.5 	 	 0.0001 	 1.1915 	 0.5311 	 0.7434	 0.4367
[2022/04/26 21:34:21] - 47 	 126.3 	 	 0.0001 	 1.1914 	 0.5299 	 0.7488	 0.4355
[2022/04/26 21:36:35] - 48 	 126.9 	 	 0.0001 	 1.1886 	 0.5305 	 0.7457	 0.4398
[2022/04/26 21:38:49] - 49 	 126.2 	 	 0.0001 	 1.1860 	 0.5285 	 0.7449	 0.4367
[2022/04/26 21:38:49] - Total train time: 68.0298 minutes
[2022/04/26 21:38:49] - Best checkpoint at 42, 0.442578125
