[2021/06/15 12:18:57] - Namespace(alpha=2.0, batch_size=128, data_dir='/mnt/storage0_8/torch_datasets/cifar-data', delta_init='zero', epochs=50, epsilon=8, fname='output_pre', init_tau=8, lr_max=0.05, lr_min=0.0, lr_schedule='multistep', max_iteration=10, min_iteration=2, model='pre', momentum=0.9, normalization='std', out_dir='amata_out', save_model=True, seed=0, tau=20, weight_decay=0.0005, wide_factor=10)
[2021/06/15 12:19:00] - Epoch 	 Seconds 	 LR 	 	 Train Loss 	 Train Acc 	 Val Acc 	 PGD Acc 	 CW Acc
[2021/06/15 12:20:27] - 0 	 72.6 	 	 0.0500 	 2.1126 	 0.2079 	 0.3629	 0.2465
[2021/06/15 12:21:57] - 1 	 75.7 	 	 0.0500 	 1.9408 	 0.2667 	 0.4488	 0.2520
[2021/06/15 12:23:27] - 2 	 76.3 	 	 0.0500 	 1.8578 	 0.2980 	 0.4934	 0.2973
[2021/06/15 12:24:58] - 3 	 76.2 	 	 0.0500 	 1.7923 	 0.3192 	 0.5238	 0.2930
[2021/06/15 12:26:28] - 4 	 76.3 	 	 0.0500 	 1.7357 	 0.3424 	 0.5766	 0.3344
[2021/06/15 12:27:58] - 5 	 76.3 	 	 0.0500 	 1.6836 	 0.3613 	 0.6109	 0.3531
[2021/06/15 12:29:29] - 6 	 76.1 	 	 0.0500 	 1.6373 	 0.3774 	 0.6234	 0.3746
[2021/06/15 12:31:24] - 7 	 101.3 	 	 0.0500 	 1.6155 	 0.3869 	 0.6441	 0.3551
[2021/06/15 12:33:19] - 8 	 101.3 	 	 0.0500 	 1.5845 	 0.4004 	 0.6551	 0.3742
[2021/06/15 12:35:15] - 9 	 101.4 	 	 0.0500 	 1.5549 	 0.4095 	 0.6523	 0.3824
[2021/06/15 12:37:10] - 10 	 101.3 	 	 0.0500 	 1.5320 	 0.4177 	 0.6684	 0.3930
[2021/06/15 12:39:06] - 11 	 101.4 	 	 0.0500 	 1.5101 	 0.4241 	 0.6641	 0.4156
[2021/06/15 12:41:01] - 12 	 101.2 	 	 0.0500 	 1.4940 	 0.4334 	 0.6961	 0.3902
[2021/06/15 12:43:21] - 13 	 126.2 	 	 0.0500 	 1.4749 	 0.4392 	 0.6793	 0.4148
[2021/06/15 12:45:42] - 14 	 126.3 	 	 0.0500 	 1.4637 	 0.4435 	 0.6937	 0.4141
[2021/06/15 12:48:02] - 15 	 126.5 	 	 0.0500 	 1.4542 	 0.4451 	 0.7074	 0.4078
[2021/06/15 12:50:23] - 16 	 126.6 	 	 0.0500 	 1.4373 	 0.4519 	 0.6980	 0.4203
[2021/06/15 12:52:44] - 17 	 126.6 	 	 0.0500 	 1.4272 	 0.4570 	 0.7172	 0.4035
[2021/06/15 12:55:05] - 18 	 126.5 	 	 0.0500 	 1.4211 	 0.4582 	 0.7211	 0.4180
[2021/06/15 12:57:50] - 19 	 151.6 	 	 0.0500 	 1.4136 	 0.4617 	 0.7270	 0.4129
[2021/06/15 13:00:36] - 20 	 151.7 	 	 0.0500 	 1.4037 	 0.4656 	 0.7098	 0.4277
[2021/06/15 13:03:22] - 21 	 151.8 	 	 0.0500 	 1.3981 	 0.4676 	 0.7203	 0.4309
[2021/06/15 13:06:08] - 22 	 151.6 	 	 0.0500 	 1.3876 	 0.4708 	 0.7359	 0.4316
[2021/06/15 13:08:54] - 23 	 151.8 	 	 0.0500 	 1.3799 	 0.4755 	 0.7391	 0.4355
[2021/06/15 13:11:39] - 24 	 151.5 	 	 0.0050 	 1.3743 	 0.4756 	 0.7145	 0.4309
[2021/06/15 13:14:50] - 25 	 177.0 	 	 0.0050 	 1.2279 	 0.5271 	 0.7723	 0.4828
[2021/06/15 13:18:01] - 26 	 176.8 	 	 0.0050 	 1.1760 	 0.5457 	 0.7844	 0.4891
[2021/06/15 13:21:12] - 27 	 176.6 	 	 0.0050 	 1.1541 	 0.5542 	 0.8016	 0.4852
[2021/06/15 13:24:20] - 28 	 174.1 	 	 0.0050 	 1.1377 	 0.5577 	 0.7855	 0.4891
[2021/06/15 13:27:29] - 29 	 175.0 	 	 0.0050 	 1.1224 	 0.5613 	 0.7973	 0.4887
[2021/06/15 13:30:39] - 30 	 176.0 	 	 0.0050 	 1.1110 	 0.5639 	 0.7863	 0.4914
[2021/06/15 13:33:50] - 31 	 176.4 	 	 0.0050 	 1.1031 	 0.5668 	 0.7980	 0.4824
[2021/06/15 13:37:25] - 32 	 201.5 	 	 0.0050 	 1.0970 	 0.5689 	 0.7957	 0.4797
[2021/06/15 13:41:01] - 33 	 201.6 	 	 0.0050 	 1.0851 	 0.5746 	 0.7973	 0.4902
[2021/06/15 13:44:37] - 34 	 201.7 	 	 0.0050 	 1.0738 	 0.5761 	 0.8000	 0.4898
[2021/06/15 13:48:12] - 35 	 201.5 	 	 0.0050 	 1.0661 	 0.5811 	 0.7973	 0.4836
[2021/06/15 13:51:48] - 36 	 202.0 	 	 0.0050 	 1.0575 	 0.5828 	 0.7957	 0.4836
[2021/06/15 13:55:24] - 37 	 201.9 	 	 0.0050 	 1.0492 	 0.5862 	 0.8102	 0.4770
[2021/06/15 13:59:25] - 38 	 227.2 	 	 0.0050 	 1.0389 	 0.5891 	 0.8113	 0.4809
[2021/06/15 14:03:26] - 39 	 226.8 	 	 0.0005 	 1.0315 	 0.5894 	 0.8137	 0.4801
[2021/06/15 14:07:27] - 40 	 227.0 	 	 0.0005 	 0.9741 	 0.6137 	 0.8109	 0.4895
[2021/06/15 14:11:29] - 41 	 227.5 	 	 0.0005 	 0.9557 	 0.6198 	 0.8148	 0.4914
[2021/06/15 14:15:30] - 42 	 227.4 	 	 0.0005 	 0.9464 	 0.6211 	 0.8207	 0.4832
[2021/06/15 14:19:31] - 43 	 226.9 	 	 0.0005 	 0.9407 	 0.6241 	 0.8184	 0.4832
[2021/06/15 14:23:58] - 44 	 252.0 	 	 0.0005 	 0.9397 	 0.6242 	 0.8148	 0.4781
[2021/06/15 14:28:24] - 45 	 252.4 	 	 0.0005 	 0.9339 	 0.6258 	 0.8113	 0.4895
[2021/06/15 14:32:50] - 46 	 252.2 	 	 0.0005 	 0.9288 	 0.6268 	 0.8211	 0.4867
[2021/06/15 14:37:17] - 47 	 252.3 	 	 0.0005 	 0.9276 	 0.6274 	 0.8121	 0.4867
[2021/06/15 14:41:43] - 48 	 252.3 	 	 0.0005 	 0.9218 	 0.6284 	 0.8133	 0.4848
[2021/06/15 14:46:09] - 49 	 252.0 	 	 0.0005 	 0.9182 	 0.6307 	 0.8125	 0.4859
[2021/06/15 14:46:09] - Total train time: 135.4069 minutes
[2021/06/15 14:46:09] - Best checkpoint at 30, 0.49140625
