[2022/09/15 23:20:06] - Namespace(alpha=2.0, batch_size=128, data_dir='/mnt/storage0_8/torch_datasets/cifar-data', delta_init='zero', epochs=100, epsilon=8, fname='output_wide', init_tau=8, lr_max=0.1, lr_min=0.0, lr_schedule='multistep', max_iteration=10, min_iteration=2, model='wide', momentum=0.9, normalization='std', out_dir='amata_out', save_model=True, seed=0, tau=20, weight_decay=0.0005, wide_factor=10)
[2022/09/15 23:20:10] - Epoch 	 Seconds 	 LR 	 	 Train Loss 	 Train Acc 	 Val Acc 	 PGD Acc 	 CW Acc
[2022/09/15 23:26:38] - 0 	 327.7 	 	 0.1000 	 2.0900 	 0.2182 	 0.3707	 0.2234
[2022/09/15 23:33:09] - 1 	 329.7 	 	 0.1000 	 1.9168 	 0.2783 	 0.4727	 0.3008
[2022/09/15 23:39:40] - 2 	 329.5 	 	 0.1000 	 1.8177 	 0.3151 	 0.5285	 0.3066
[2022/09/15 23:46:11] - 3 	 329.6 	 	 0.1000 	 1.7372 	 0.3423 	 0.5164	 0.3332
[2022/09/15 23:52:41] - 4 	 329.6 	 	 0.1000 	 1.6765 	 0.3665 	 0.5906	 0.3527
[2022/09/15 23:59:12] - 5 	 329.5 	 	 0.1000 	 1.6216 	 0.3836 	 0.5977	 0.3660
[2022/09/16 00:05:43] - 6 	 329.5 	 	 0.1000 	 1.5845 	 0.3987 	 0.6227	 0.3434
[2022/09/16 00:12:13] - 7 	 329.6 	 	 0.1000 	 1.5502 	 0.4123 	 0.6629	 0.3703
[2022/09/16 00:18:44] - 8 	 329.5 	 	 0.1000 	 1.5183 	 0.4233 	 0.6703	 0.3906
[2022/09/16 00:25:15] - 9 	 329.5 	 	 0.1000 	 1.4890 	 0.4341 	 0.6777	 0.3922
[2022/09/16 00:31:46] - 10 	 329.4 	 	 0.1000 	 1.4679 	 0.4440 	 0.6988	 0.3941
[2022/09/16 00:38:16] - 11 	 329.5 	 	 0.1000 	 1.4487 	 0.4511 	 0.6918	 0.3965
[2022/09/16 00:44:47] - 12 	 329.3 	 	 0.1000 	 1.4295 	 0.4566 	 0.7051	 0.4078
[2022/09/16 00:53:06] - 13 	 438.3 	 	 0.1000 	 1.4352 	 0.4558 	 0.6887	 0.4176
[2022/09/16 01:00:45] - 14 	 438.1 	 	 0.1000 	 1.1936 	 0.5534 	 0.3957	 0.0000
[2022/09/16 01:08:18] - 15 	 438.3 	 	 0.1000 	 0.3031 	 0.9007 	 0.4539	 0.0000
[2022/09/16 01:15:55] - 16 	 438.3 	 	 0.1000 	 0.2863 	 0.9074 	 0.3961	 0.0000
[2022/09/16 01:23:28] - 17 	 438.3 	 	 0.1000 	 0.3042 	 0.9013 	 0.1016	 0.0000
[2022/09/16 01:31:05] - 18 	 438.1 	 	 0.1000 	 0.2878 	 0.9086 	 0.2426	 0.0000
[2022/09/16 01:38:36] - 19 	 438.0 	 	 0.1000 	 0.2846 	 0.9086 	 0.3887	 0.0000
[2022/09/16 01:46:07] - 20 	 437.9 	 	 0.1000 	 0.2716 	 0.9140 	 0.4551	 0.0000
[2022/09/16 01:53:38] - 21 	 437.9 	 	 0.1000 	 0.3029 	 0.9026 	 0.2422	 0.0000
[2022/09/16 02:01:09] - 22 	 438.0 	 	 0.1000 	 0.3066 	 0.9007 	 0.5488	 0.0000
[2022/09/16 02:08:40] - 23 	 437.9 	 	 0.1000 	 0.2179 	 0.9321 	 0.4320	 0.0000
[2022/09/16 02:16:11] - 24 	 437.9 	 	 0.1000 	 0.2519 	 0.9178 	 0.2840	 0.0000
[2022/09/16 02:25:31] - 25 	 546.6 	 	 0.1000 	 0.2495 	 0.9202 	 0.3762	 0.0000
[2022/09/16 02:35:04] - 26 	 546.5 	 	 0.1000 	 0.2404 	 0.9226 	 0.2293	 0.0008
[2022/09/16 02:44:35] - 27 	 546.6 	 	 0.1000 	 0.3183 	 0.8984 	 0.5453	 0.0000
[2022/09/16 02:53:55] - 28 	 546.8 	 	 0.1000 	 0.1969 	 0.9366 	 0.3379	 0.0000
[2022/09/16 03:03:31] - 29 	 546.8 	 	 0.1000 	 0.2013 	 0.9366 	 0.1098	 0.0012
[2022/09/16 03:13:05] - 30 	 546.7 	 	 0.1000 	 0.2319 	 0.9259 	 0.2621	 0.0008
[2022/09/16 03:22:28] - 31 	 546.3 	 	 0.1000 	 0.2869 	 0.9101 	 0.2742	 0.0000
[2022/09/16 03:31:53] - 32 	 546.3 	 	 0.1000 	 0.1708 	 0.9443 	 0.1844	 0.0000
[2022/09/16 03:41:15] - 33 	 546.3 	 	 0.1000 	 0.2405 	 0.9232 	 0.1102	 0.0000
[2022/09/16 03:50:36] - 34 	 546.1 	 	 0.1000 	 0.2402 	 0.9217 	 0.2539	 0.0000
[2022/09/16 04:00:24] - 35 	 546.2 	 	 0.1000 	 0.2456 	 0.9219 	 0.5926	 0.0016
[2022/09/16 04:09:50] - 36 	 546.3 	 	 0.1000 	 0.2026 	 0.9354 	 0.5004	 0.0000
[2022/09/16 04:19:14] - 37 	 546.4 	 	 0.1000 	 0.1644 	 0.9476 	 0.5777	 0.0000
[2022/09/16 04:31:09] - 38 	 654.7 	 	 0.1000 	 1.3436 	 0.5042 	 0.6703	 0.3156
[2022/09/16 04:43:04] - 39 	 654.1 	 	 0.1000 	 1.6368 	 0.3805 	 0.6941	 0.3746
[2022/09/16 04:54:59] - 40 	 654.3 	 	 0.1000 	 1.5784 	 0.4030 	 0.6742	 0.3723
[2022/09/16 05:06:53] - 41 	 654.0 	 	 0.1000 	 1.5474 	 0.4142 	 0.7082	 0.3988
[2022/09/16 05:18:47] - 42 	 653.7 	 	 0.1000 	 1.5238 	 0.4234 	 0.7086	 0.4074
[2022/09/16 05:30:42] - 43 	 654.1 	 	 0.1000 	 1.5010 	 0.4307 	 0.6898	 0.4090
[2022/09/16 05:42:37] - 44 	 654.2 	 	 0.1000 	 1.4794 	 0.4389 	 0.7184	 0.3887
[2022/09/16 05:54:32] - 45 	 654.3 	 	 0.1000 	 1.4624 	 0.4442 	 0.7309	 0.4203
[2022/09/16 06:06:27] - 46 	 654.4 	 	 0.1000 	 1.4518 	 0.4512 	 0.7160	 0.4164
[2022/09/16 06:18:22] - 47 	 654.3 	 	 0.1000 	 1.4339 	 0.4574 	 0.7148	 0.4238
[2022/09/16 06:30:18] - 48 	 654.5 	 	 0.1000 	 1.4243 	 0.4587 	 0.7340	 0.4121
[2022/09/16 06:42:12] - 49 	 654.3 	 	 0.0100 	 1.4117 	 0.4632 	 0.7324	 0.4238
[2022/09/16 06:55:56] - 50 	 763.2 	 	 0.0100 	 1.2300 	 0.5314 	 0.7930	 0.4984
[2022/09/16 07:09:40] - 51 	 763.0 	 	 0.0100 	 1.1698 	 0.5523 	 0.7969	 0.5008
[2022/09/16 07:23:24] - 52 	 762.8 	 	 0.0100 	 1.1449 	 0.5600 	 0.8125	 0.5023
[2022/09/16 07:37:08] - 53 	 762.9 	 	 0.0100 	 1.1223 	 0.5677 	 0.8187	 0.5180
[2022/09/16 07:50:52] - 54 	 763.0 	 	 0.0100 	 1.1049 	 0.5719 	 0.8227	 0.5055
[2022/09/16 08:04:35] - 55 	 763.0 	 	 0.0100 	 1.0897 	 0.5771 	 0.8168	 0.5148
[2022/09/16 08:18:19] - 56 	 763.0 	 	 0.0100 	 1.0776 	 0.5828 	 0.8176	 0.5219
[2022/09/16 08:32:03] - 57 	 763.0 	 	 0.0100 	 1.0603 	 0.5878 	 0.8238	 0.5125
[2022/09/16 08:45:46] - 58 	 762.9 	 	 0.0100 	 1.0483 	 0.5935 	 0.8168	 0.5145
[2022/09/16 08:59:30] - 59 	 763.1 	 	 0.0100 	 1.0367 	 0.5943 	 0.8098	 0.5137
[2022/09/16 09:13:14] - 60 	 763.4 	 	 0.0100 	 1.0220 	 0.6009 	 0.8305	 0.5090
[2022/09/16 09:26:58] - 61 	 763.2 	 	 0.0100 	 1.0143 	 0.6026 	 0.8258	 0.5117
[2022/09/16 09:40:42] - 62 	 763.2 	 	 0.0100 	 0.9988 	 0.6071 	 0.8328	 0.5145
[2022/09/16 09:56:15] - 63 	 872.2 	 	 0.0100 	 0.9951 	 0.6087 	 0.8230	 0.5047
[2022/09/16 10:11:48] - 64 	 872.3 	 	 0.0100 	 0.9840 	 0.6123 	 0.8262	 0.5051
[2022/09/16 10:27:20] - 65 	 872.2 	 	 0.0100 	 0.9688 	 0.6163 	 0.8316	 0.5137
[2022/09/16 10:42:53] - 66 	 871.8 	 	 0.0100 	 0.9611 	 0.6198 	 0.8324	 0.5086
[2022/09/16 10:58:25] - 67 	 872.1 	 	 0.0100 	 0.9529 	 0.6233 	 0.8332	 0.5055
[2022/09/16 11:13:58] - 68 	 871.9 	 	 0.0100 	 0.9388 	 0.6274 	 0.8273	 0.5176
[2022/09/16 11:29:31] - 69 	 872.1 	 	 0.0100 	 0.9252 	 0.6300 	 0.8219	 0.5043
[2022/09/16 11:45:03] - 70 	 872.2 	 	 0.0100 	 0.9197 	 0.6334 	 0.8219	 0.5086
[2022/09/16 12:00:36] - 71 	 872.1 	 	 0.0100 	 0.9093 	 0.6361 	 0.8375	 0.4992
[2022/09/16 12:16:08] - 72 	 871.9 	 	 0.0100 	 0.8965 	 0.6404 	 0.8324	 0.5113
[2022/09/16 12:31:41] - 73 	 872.2 	 	 0.0100 	 0.8853 	 0.6435 	 0.8398	 0.4914
[2022/09/16 12:47:14] - 74 	 872.3 	 	 0.0010 	 0.8801 	 0.6446 	 0.8359	 0.4977
[2022/09/16 13:04:36] - 75 	 980.9 	 	 0.0010 	 0.7250 	 0.7064 	 0.8496	 0.5203
[2022/09/16 13:21:57] - 76 	 981.0 	 	 0.0010 	 0.6651 	 0.7283 	 0.8582	 0.5066
[2022/09/16 13:39:19] - 77 	 981.3 	 	 0.0010 	 0.6400 	 0.7394 	 0.8570	 0.5102
[2022/09/16 13:56:41] - 78 	 981.3 	 	 0.0010 	 0.6188 	 0.7463 	 0.8609	 0.5078
[2022/09/16 14:14:03] - 79 	 981.3 	 	 0.0010 	 0.6032 	 0.7508 	 0.8602	 0.5102
[2022/09/16 14:31:25] - 80 	 981.5 	 	 0.0010 	 0.5918 	 0.7562 	 0.8547	 0.5094
[2022/09/16 14:48:47] - 81 	 981.4 	 	 0.0010 	 0.5782 	 0.7606 	 0.8605	 0.5008
[2022/09/16 15:06:10] - 82 	 981.8 	 	 0.0010 	 0.5672 	 0.7652 	 0.8535	 0.5062
[2022/09/16 15:23:33] - 83 	 982.0 	 	 0.0010 	 0.5529 	 0.7706 	 0.8535	 0.5027
[2022/09/16 15:40:55] - 84 	 982.2 	 	 0.0010 	 0.5434 	 0.7732 	 0.8562	 0.4957
[2022/09/16 15:58:18] - 85 	 982.2 	 	 0.0010 	 0.5334 	 0.7783 	 0.8617	 0.4875
[2022/09/16 16:15:41] - 86 	 982.0 	 	 0.0010 	 0.5206 	 0.7823 	 0.8633	 0.4824
[2022/09/16 16:33:04] - 87 	 981.8 	 	 0.0010 	 0.5127 	 0.7856 	 0.8602	 0.4824
[2022/09/16 16:52:15] - 88 	 1090.8 	 	 0.0010 	 0.5070 	 0.7889 	 0.8539	 0.4887
[2022/09/16 17:11:27] - 89 	 1090.9 	 	 0.0010 	 0.4968 	 0.7916 	 0.8527	 0.4863
[2022/09/16 17:30:38] - 90 	 1091.0 	 	 0.0010 	 0.4905 	 0.7925 	 0.8562	 0.4887
[2022/09/16 17:49:50] - 91 	 1090.8 	 	 0.0010 	 0.4797 	 0.7973 	 0.8625	 0.4934
[2022/09/16 18:09:01] - 92 	 1091.0 	 	 0.0010 	 0.4721 	 0.8006 	 0.8613	 0.4902
[2022/09/16 18:28:13] - 93 	 1090.8 	 	 0.0010 	 0.4658 	 0.8031 	 0.8504	 0.4844
[2022/09/16 18:47:24] - 94 	 1090.3 	 	 0.0010 	 0.4558 	 0.8077 	 0.8527	 0.4914
[2022/09/16 19:06:35] - 95 	 1090.4 	 	 0.0010 	 0.4492 	 0.8083 	 0.8562	 0.4801
[2022/09/16 19:25:46] - 96 	 1090.3 	 	 0.0010 	 0.4378 	 0.8136 	 0.8570	 0.4809
[2022/09/16 19:44:57] - 97 	 1090.6 	 	 0.0010 	 0.4331 	 0.8156 	 0.8570	 0.4836
[2022/09/16 20:04:08] - 98 	 1090.9 	 	 0.0010 	 0.4294 	 0.8187 	 0.8578	 0.4855
[2022/09/16 20:23:20] - 99 	 1090.6 	 	 0.0010 	 0.4173 	 0.8225 	 0.8516	 0.4781
[2022/09/16 20:23:20] - Total train time: 1178.7917 minutes
[2022/09/16 20:23:20] - Best checkpoint at 56, 0.521875
