[2022/05/03 11:00:47] - Namespace(alpha=2.0, batch_size=128, data_dir='/mnt/storage0_8/torch_datasets/cifar-data', delta_init='zero', epochs=50, epsilon=8, fname='output_dense', init_tau=8, lr_max=0.01, lr_min=0.0, lr_schedule='multistep', max_iteration=10, min_iteration=2, model='dense', momentum=0.9, normalization='std', out_dir='amata_out', save_model=True, seed=0, tau=20, weight_decay=0.0005, wide_factor=10)
[2022/05/03 11:00:51] - Epoch 	 Seconds 	 LR 	 	 Train Loss 	 Train Acc 	 Val Acc 	 PGD Acc 	 CW Acc
[2022/05/03 11:02:48] - 0 	 99.3 	 	 0.0100 	 2.1224 	 0.1998 	 0.3559	 0.2105
[2022/05/03 11:04:47] - 1 	 100.7 	 	 0.0100 	 1.9850 	 0.2525 	 0.4047	 0.2559
[2022/05/03 11:06:47] - 2 	 101.4 	 	 0.0100 	 1.9240 	 0.2730 	 0.4223	 0.2750
[2022/05/03 11:08:46] - 3 	 101.1 	 	 0.0100 	 1.8777 	 0.2902 	 0.4691	 0.2805
[2022/05/03 11:10:46] - 4 	 101.6 	 	 0.0100 	 1.8398 	 0.3049 	 0.4965	 0.2938
[2022/05/03 11:12:45] - 5 	 101.1 	 	 0.0100 	 1.8009 	 0.3187 	 0.4992	 0.3016
[2022/05/03 11:14:45] - 6 	 101.2 	 	 0.0100 	 1.7731 	 0.3283 	 0.5211	 0.2793
[2022/05/03 11:17:17] - 7 	 133.6 	 	 0.0100 	 1.7575 	 0.3356 	 0.5484	 0.3172
[2022/05/03 11:19:48] - 8 	 133.5 	 	 0.0100 	 1.7314 	 0.3450 	 0.5695	 0.3184
[2022/05/03 11:22:21] - 9 	 134.6 	 	 0.0100 	 1.7079 	 0.3517 	 0.5582	 0.3441
[2022/05/03 11:24:53] - 10 	 133.3 	 	 0.0100 	 1.6833 	 0.3621 	 0.5938	 0.3500
[2022/05/03 11:27:25] - 11 	 133.6 	 	 0.0100 	 1.6607 	 0.3703 	 0.6023	 0.3527
[2022/05/03 11:29:56] - 12 	 133.3 	 	 0.0100 	 1.6439 	 0.3754 	 0.5863	 0.3758
[2022/05/03 11:33:01] - 13 	 166.6 	 	 0.0100 	 1.6295 	 0.3810 	 0.6098	 0.3590
[2022/05/03 11:36:05] - 14 	 165.9 	 	 0.0100 	 1.6094 	 0.3895 	 0.6176	 0.3660
[2022/05/03 11:39:09] - 15 	 165.7 	 	 0.0100 	 1.5972 	 0.3946 	 0.6273	 0.3516
[2022/05/03 11:42:14] - 16 	 166.4 	 	 0.0100 	 1.5799 	 0.3998 	 0.6098	 0.3746
[2022/05/03 11:45:19] - 17 	 166.5 	 	 0.0100 	 1.5675 	 0.4072 	 0.6473	 0.3652
[2022/05/03 11:48:24] - 18 	 166.2 	 	 0.0100 	 1.5509 	 0.4115 	 0.6410	 0.3750
[2022/05/03 11:52:01] - 19 	 199.1 	 	 0.0100 	 1.5407 	 0.4136 	 0.6531	 0.3582
[2022/05/03 11:55:38] - 20 	 198.8 	 	 0.0100 	 1.5308 	 0.4185 	 0.6473	 0.3848
[2022/05/03 11:59:15] - 21 	 198.9 	 	 0.0100 	 1.5157 	 0.4223 	 0.6645	 0.3922
[2022/05/03 12:02:52] - 22 	 198.7 	 	 0.0100 	 1.5045 	 0.4294 	 0.6609	 0.3910
[2022/05/03 12:06:29] - 23 	 198.9 	 	 0.0100 	 1.4940 	 0.4309 	 0.6594	 0.3941
[2022/05/03 12:10:07] - 24 	 199.2 	 	 0.0010 	 1.4874 	 0.4329 	 0.6777	 0.3937
[2022/05/03 12:14:17] - 25 	 231.9 	 	 0.0010 	 1.4240 	 0.4571 	 0.6973	 0.4094
[2022/05/03 12:18:27] - 26 	 231.8 	 	 0.0010 	 1.4058 	 0.4658 	 0.7000	 0.4129
[2022/05/03 12:22:38] - 27 	 232.2 	 	 0.0010 	 1.3971 	 0.4679 	 0.7102	 0.4098
[2022/05/03 12:26:47] - 28 	 231.6 	 	 0.0010 	 1.3932 	 0.4687 	 0.7008	 0.4121
[2022/05/03 12:30:58] - 29 	 232.2 	 	 0.0010 	 1.3894 	 0.4687 	 0.7082	 0.4113
[2022/05/03 12:35:08] - 30 	 231.6 	 	 0.0010 	 1.3867 	 0.4708 	 0.7109	 0.4145
[2022/05/03 12:39:18] - 31 	 231.8 	 	 0.0010 	 1.3799 	 0.4723 	 0.7066	 0.4137
[2022/05/03 12:44:00] - 32 	 264.2 	 	 0.0010 	 1.3809 	 0.4700 	 0.7145	 0.4152
[2022/05/03 12:48:43] - 33 	 264.1 	 	 0.0010 	 1.3782 	 0.4738 	 0.7086	 0.4023
[2022/05/03 12:53:26] - 34 	 264.5 	 	 0.0010 	 1.3766 	 0.4723 	 0.7160	 0.4152
[2022/05/03 12:58:08] - 35 	 264.0 	 	 0.0010 	 1.3715 	 0.4735 	 0.7176	 0.4164
[2022/05/03 13:02:51] - 36 	 264.6 	 	 0.0010 	 1.3713 	 0.4732 	 0.7074	 0.4172
[2022/05/03 13:07:33] - 37 	 264.0 	 	 0.0010 	 1.3690 	 0.4755 	 0.7141	 0.4133
[2022/05/03 13:12:48] - 38 	 296.5 	 	 0.0010 	 1.3665 	 0.4743 	 0.7145	 0.4023
[2022/05/03 13:18:03] - 39 	 296.8 	 	 0.0001 	 1.3646 	 0.4775 	 0.7168	 0.4113
[2022/05/03 13:23:19] - 40 	 297.4 	 	 0.0001 	 1.3511 	 0.4816 	 0.7172	 0.4180
[2022/05/03 13:28:34] - 41 	 297.0 	 	 0.0001 	 1.3518 	 0.4818 	 0.7246	 0.4113
[2022/05/03 13:33:49] - 42 	 296.5 	 	 0.0001 	 1.3481 	 0.4822 	 0.7195	 0.4137
[2022/05/03 13:39:04] - 43 	 296.4 	 	 0.0001 	 1.3499 	 0.4819 	 0.7266	 0.4160
[2022/05/03 13:44:51] - 44 	 328.5 	 	 0.0001 	 1.3506 	 0.4824 	 0.7250	 0.4172
[2022/05/03 13:50:37] - 45 	 328.1 	 	 0.0001 	 1.3477 	 0.4840 	 0.7215	 0.4145
[2022/05/03 13:56:23] - 46 	 328.3 	 	 0.0001 	 1.3489 	 0.4840 	 0.7184	 0.4180
[2022/05/03 14:02:09] - 47 	 328.1 	 	 0.0001 	 1.3485 	 0.4819 	 0.7086	 0.4168
[2022/05/03 14:07:56] - 48 	 328.4 	 	 0.0001 	 1.3478 	 0.4839 	 0.7195	 0.4062
[2022/05/03 14:13:43] - 49 	 328.5 	 	 0.0001 	 1.3463 	 0.4830 	 0.7184	 0.4180
[2022/05/03 14:13:43] - Total train time: 177.6362 minutes
[2022/05/03 14:13:43] - Best checkpoint at 40, 0.41796875
