initial accuracy: 84.50%
apgd-ce - 1/1 - 68 out of 169 successfully perturbed
robust accuracy after APGD-CE: 50.50% (total time 8.3 s)
apgd-t - 1/1 - 5 out of 101 successfully perturbed
robust accuracy after APGD-T: 48.00% (total time 52.5 s)
fab-t - 1/1 - 0 out of 96 successfully perturbed
robust accuracy after FAB-T: 48.00% (total time 108.5 s)
square - 1/1 - 0 out of 96 successfully perturbed
robust accuracy after SQUARE: 48.00% (total time 159.8 s)
max Linf perturbation: 0.03137, nan in tensor: 0, max: 1.00000, min: 0.00000
robust accuracy: 48.00%
initial accuracy: 83.00%
apgd-ce - 1/1 - 74 out of 166 successfully perturbed
robust accuracy after APGD-CE: 46.00% (total time 8.2 s)
apgd-t - 1/1 - 6 out of 92 successfully perturbed
robust accuracy after APGD-T: 43.00% (total time 49.4 s)
fab-t - 1/1 - 0 out of 86 successfully perturbed
robust accuracy after FAB-T: 43.00% (total time 102.4 s)
square - 1/1 - 0 out of 86 successfully perturbed
robust accuracy after SQUARE: 43.00% (total time 152.1 s)
max Linf perturbation: 0.03137, nan in tensor: 0, max: 1.00000, min: 0.00000
robust accuracy: 43.00%
initial accuracy: 81.50%
apgd-ce - 1/1 - 59 out of 163 successfully perturbed
robust accuracy after APGD-CE: 52.00% (total time 8.1 s)
apgd-t - 1/1 - 3 out of 104 successfully perturbed
robust accuracy after APGD-T: 50.50% (total time 56.8 s)
fab-t - 1/1 - 0 out of 101 successfully perturbed
robust accuracy after FAB-T: 50.50% (total time 118.6 s)
square - 1/1 - 0 out of 101 successfully perturbed
robust accuracy after SQUARE: 50.50% (total time 174.5 s)
max Linf perturbation: 0.03137, nan in tensor: 0, max: 1.00000, min: 0.00000
robust accuracy: 50.50%
initial accuracy: 79.50%
apgd-ce - 1/1 - 62 out of 159 successfully perturbed
robust accuracy after APGD-CE: 48.50% (total time 7.8 s)
apgd-t - 1/1 - 8 out of 97 successfully perturbed
robust accuracy after APGD-T: 44.50% (total time 50.6 s)
fab-t - 1/1 - 0 out of 89 successfully perturbed
robust accuracy after FAB-T: 44.50% (total time 104.9 s)
square - 1/1 - 0 out of 89 successfully perturbed
robust accuracy after SQUARE: 44.50% (total time 155.1 s)
max Linf perturbation: 0.03137, nan in tensor: 0, max: 1.00000, min: 0.00000
robust accuracy: 44.50%
initial accuracy: 84.50%
apgd-ce - 1/1 - 59 out of 169 successfully perturbed
robust accuracy after APGD-CE: 55.00% (total time 8.3 s)
apgd-t - 1/1 - 9 out of 110 successfully perturbed
robust accuracy after APGD-T: 50.50% (total time 57.3 s)
fab-t - 1/1 - 0 out of 101 successfully perturbed
robust accuracy after FAB-T: 50.50% (total time 119.0 s)
square - 1/1 - 0 out of 101 successfully perturbed
robust accuracy after SQUARE: 50.50% (total time 175.0 s)
max Linf perturbation: 0.03137, nan in tensor: 0, max: 1.00000, min: 0.00000
robust accuracy: 50.50%
initial accuracy: 81.00%
apgd-ce - 1/1 - 58 out of 162 successfully perturbed
robust accuracy after APGD-CE: 52.00% (total time 8.1 s)
apgd-t - 1/1 - 3 out of 104 successfully perturbed
robust accuracy after APGD-T: 50.50% (total time 56.8 s)
fab-t - 1/1 - 0 out of 101 successfully perturbed
robust accuracy after FAB-T: 50.50% (total time 118.5 s)
square - 1/1 - 0 out of 101 successfully perturbed
robust accuracy after SQUARE: 50.50% (total time 174.5 s)
max Linf perturbation: 0.03137, nan in tensor: 0, max: 1.00000, min: 0.00000
robust accuracy: 50.50%
initial accuracy: 77.00%
apgd-ce - 1/1 - 60 out of 154 successfully perturbed
robust accuracy after APGD-CE: 47.00% (total time 7.7 s)
apgd-t - 1/1 - 4 out of 94 successfully perturbed
robust accuracy after APGD-T: 45.00% (total time 50.3 s)
fab-t - 1/1 - 0 out of 90 successfully perturbed
robust accuracy after FAB-T: 45.00% (total time 104.9 s)
square - 1/1 - 0 out of 90 successfully perturbed
robust accuracy after SQUARE: 45.00% (total time 155.4 s)
max Linf perturbation: 0.03137, nan in tensor: 0, max: 1.00000, min: 0.00000
robust accuracy: 45.00%
initial accuracy: 80.50%
apgd-ce - 1/1 - 56 out of 161 successfully perturbed
robust accuracy after APGD-CE: 52.50% (total time 8.1 s)
apgd-t - 1/1 - 10 out of 105 successfully perturbed
robust accuracy after APGD-T: 47.50% (total time 53.0 s)
fab-t - 1/1 - 0 out of 95 successfully perturbed
robust accuracy after FAB-T: 47.50% (total time 109.2 s)
square - 1/1 - 0 out of 95 successfully perturbed
robust accuracy after SQUARE: 47.50% (total time 160.4 s)
max Linf perturbation: 0.03137, nan in tensor: 0, max: 1.00000, min: 0.00000
robust accuracy: 47.50%
initial accuracy: 81.00%
apgd-ce - 1/1 - 59 out of 162 successfully perturbed
robust accuracy after APGD-CE: 51.50% (total time 8.1 s)
apgd-t - 1/1 - 6 out of 103 successfully perturbed
robust accuracy after APGD-T: 48.50% (total time 55.8 s)
fab-t - 1/1 - 0 out of 97 successfully perturbed
robust accuracy after FAB-T: 48.50% (total time 116.4 s)
square - 1/1 - 0 out of 97 successfully perturbed
robust accuracy after SQUARE: 48.50% (total time 171.8 s)
max Linf perturbation: 0.03137, nan in tensor: 0, max: 1.00000, min: 0.00000
robust accuracy: 48.50%
initial accuracy: 80.00%
apgd-ce - 1/1 - 60 out of 160 successfully perturbed
robust accuracy after APGD-CE: 50.00% (total time 7.8 s)
apgd-t - 1/1 - 4 out of 100 successfully perturbed
robust accuracy after APGD-T: 48.00% (total time 52.0 s)
fab-t - 1/1 - 0 out of 96 successfully perturbed
robust accuracy after FAB-T: 48.00% (total time 108.0 s)
square - 1/1 - 0 out of 96 successfully perturbed
robust accuracy after SQUARE: 48.00% (total time 159.4 s)
max Linf perturbation: 0.03137, nan in tensor: 0, max: 1.00000, min: 0.00000
robust accuracy: 48.00%
initial accuracy: 79.50%
apgd-ce - 1/1 - 65 out of 159 successfully perturbed
robust accuracy after APGD-CE: 47.00% (total time 7.8 s)
apgd-t - 1/1 - 4 out of 94 successfully perturbed
robust accuracy after APGD-T: 45.00% (total time 50.4 s)
fab-t - 1/1 - 0 out of 90 successfully perturbed
robust accuracy after FAB-T: 45.00% (total time 105.0 s)
square - 1/1 - 0 out of 90 successfully perturbed
robust accuracy after SQUARE: 45.00% (total time 155.4 s)
max Linf perturbation: 0.03137, nan in tensor: 0, max: 1.00000, min: 0.00000
robust accuracy: 45.00%
initial accuracy: 82.00%
apgd-ce - 1/1 - 55 out of 164 successfully perturbed
robust accuracy after APGD-CE: 54.50% (total time 8.2 s)
apgd-t - 1/1 - 3 out of 109 successfully perturbed
robust accuracy after APGD-T: 53.00% (total time 58.7 s)
fab-t - 1/1 - 0 out of 106 successfully perturbed
robust accuracy after FAB-T: 53.00% (total time 122.5 s)
square - 1/1 - 0 out of 106 successfully perturbed
robust accuracy after SQUARE: 53.00% (total time 179.8 s)
max Linf perturbation: 0.03137, nan in tensor: 0, max: 1.00000, min: 0.00000
robust accuracy: 53.00%
initial accuracy: 77.00%
apgd-ce - 1/1 - 69 out of 154 successfully perturbed
robust accuracy after APGD-CE: 42.50% (total time 7.6 s)
apgd-t - 1/1 - 2 out of 85 successfully perturbed
robust accuracy after APGD-T: 41.50% (total time 48.1 s)
fab-t - 1/1 - 0 out of 83 successfully perturbed
robust accuracy after FAB-T: 41.50% (total time 100.3 s)
square - 1/1 - 0 out of 83 successfully perturbed
robust accuracy after SQUARE: 41.50% (total time 149.6 s)
max Linf perturbation: 0.03137, nan in tensor: 0, max: 1.00000, min: 0.00000
robust accuracy: 41.50%
initial accuracy: 88.00%
apgd-ce - 1/1 - 66 out of 176 successfully perturbed
robust accuracy after APGD-CE: 55.00% (total time 8.6 s)
apgd-t - 1/1 - 8 out of 110 successfully perturbed
robust accuracy after APGD-T: 51.00% (total time 57.7 s)
fab-t - 1/1 - 0 out of 102 successfully perturbed
robust accuracy after FAB-T: 51.00% (total time 119.8 s)
square - 1/1 - 0 out of 102 successfully perturbed
robust accuracy after SQUARE: 51.00% (total time 175.9 s)
max Linf perturbation: 0.03137, nan in tensor: 0, max: 1.00000, min: 0.00000
robust accuracy: 51.00%
initial accuracy: 85.50%
apgd-ce - 1/1 - 70 out of 171 successfully perturbed
robust accuracy after APGD-CE: 50.50% (total time 8.4 s)
apgd-t - 1/1 - 8 out of 101 successfully perturbed
robust accuracy after APGD-T: 46.50% (total time 52.2 s)
fab-t - 1/1 - 0 out of 93 successfully perturbed
robust accuracy after FAB-T: 46.50% (total time 107.7 s)
square - 1/1 - 0 out of 93 successfully perturbed
robust accuracy after SQUARE: 46.50% (total time 158.6 s)
max Linf perturbation: 0.03137, nan in tensor: 0, max: 1.00000, min: 0.00000
robust accuracy: 46.50%
initial accuracy: 80.00%
apgd-ce - 1/1 - 50 out of 160 successfully perturbed
robust accuracy after APGD-CE: 55.00% (total time 7.8 s)
apgd-t - 1/1 - 7 out of 110 successfully perturbed
robust accuracy after APGD-T: 51.50% (total time 57.4 s)
fab-t - 1/1 - 0 out of 103 successfully perturbed
robust accuracy after FAB-T: 51.50% (total time 120.1 s)
square - 1/1 - 0 out of 103 successfully perturbed
robust accuracy after SQUARE: 51.50% (total time 177.1 s)
max Linf perturbation: 0.03137, nan in tensor: 0, max: 1.00000, min: 0.00000
robust accuracy: 51.50%
initial accuracy: 82.50%
apgd-ce - 1/1 - 64 out of 165 successfully perturbed
robust accuracy after APGD-CE: 50.50% (total time 8.2 s)
apgd-t - 1/1 - 5 out of 101 successfully perturbed
robust accuracy after APGD-T: 48.00% (total time 53.5 s)
fab-t - 1/1 - 0 out of 96 successfully perturbed
robust accuracy after FAB-T: 48.00% (total time 109.8 s)
square - 1/1 - 0 out of 96 successfully perturbed
robust accuracy after SQUARE: 48.00% (total time 161.4 s)
max Linf perturbation: 0.03137, nan in tensor: 0, max: 1.00000, min: 0.00000
robust accuracy: 48.00%
initial accuracy: 79.50%
apgd-ce - 1/1 - 56 out of 159 successfully perturbed
robust accuracy after APGD-CE: 51.50% (total time 7.9 s)
apgd-t - 1/1 - 4 out of 103 successfully perturbed
robust accuracy after APGD-T: 49.50% (total time 56.5 s)
fab-t - 1/1 - 0 out of 99 successfully perturbed
robust accuracy after FAB-T: 49.50% (total time 118.3 s)
square - 1/1 - 0 out of 99 successfully perturbed
robust accuracy after SQUARE: 49.50% (total time 174.5 s)
max Linf perturbation: 0.03137, nan in tensor: 0, max: 1.00000, min: 0.00000
robust accuracy: 49.50%
initial accuracy: 80.00%
apgd-ce - 1/1 - 59 out of 160 successfully perturbed
robust accuracy after APGD-CE: 50.50% (total time 7.9 s)
apgd-t - 1/1 - 6 out of 101 successfully perturbed
robust accuracy after APGD-T: 47.50% (total time 53.2 s)
fab-t - 1/1 - 0 out of 95 successfully perturbed
robust accuracy after FAB-T: 47.50% (total time 110.1 s)
square - 1/1 - 0 out of 95 successfully perturbed
robust accuracy after SQUARE: 47.50% (total time 161.9 s)
max Linf perturbation: 0.03137, nan in tensor: 0, max: 1.00000, min: 0.00000
robust accuracy: 47.50%
initial accuracy: 84.00%
apgd-ce - 1/1 - 73 out of 168 successfully perturbed
robust accuracy after APGD-CE: 47.50% (total time 8.4 s)
apgd-t - 1/1 - 7 out of 95 successfully perturbed
robust accuracy after APGD-T: 44.00% (total time 50.8 s)
fab-t - 1/1 - 0 out of 88 successfully perturbed
robust accuracy after FAB-T: 44.00% (total time 105.1 s)
square - 1/1 - 0 out of 88 successfully perturbed
robust accuracy after SQUARE: 44.00% (total time 155.9 s)
max Linf perturbation: 0.03137, nan in tensor: 0, max: 1.00000, min: 0.00000
robust accuracy: 44.00%
initial accuracy: 80.50%
apgd-ce - 1/1 - 57 out of 161 successfully perturbed
robust accuracy after APGD-CE: 52.00% (total time 8.2 s)
apgd-t - 1/1 - 6 out of 104 successfully perturbed
robust accuracy after APGD-T: 49.00% (total time 57.2 s)
fab-t - 1/1 - 0 out of 98 successfully perturbed
robust accuracy after FAB-T: 49.00% (total time 119.0 s)
square - 1/1 - 0 out of 98 successfully perturbed
robust accuracy after SQUARE: 49.00% (total time 175.5 s)
max Linf perturbation: 0.03137, nan in tensor: 0, max: 1.00000, min: 0.00000
robust accuracy: 49.00%
initial accuracy: 86.00%
apgd-ce - 1/1 - 66 out of 172 successfully perturbed
robust accuracy after APGD-CE: 53.00% (total time 8.6 s)
apgd-t - 1/1 - 5 out of 106 successfully perturbed
robust accuracy after APGD-T: 50.50% (total time 58.6 s)
fab-t - 1/1 - 0 out of 101 successfully perturbed
robust accuracy after FAB-T: 50.50% (total time 121.5 s)
square - 1/1 - 0 out of 101 successfully perturbed
robust accuracy after SQUARE: 50.50% (total time 178.7 s)
max Linf perturbation: 0.03137, nan in tensor: 0, max: 1.00000, min: 0.00000
robust accuracy: 50.50%
initial accuracy: 84.00%
apgd-ce - 1/1 - 66 out of 168 successfully perturbed
robust accuracy after APGD-CE: 51.00% (total time 8.4 s)
apgd-t - 1/1 - 8 out of 102 successfully perturbed
robust accuracy after APGD-T: 47.00% (total time 53.6 s)
fab-t - 1/1 - 0 out of 94 successfully perturbed
robust accuracy after FAB-T: 47.00% (total time 110.7 s)
square - 1/1 - 0 out of 94 successfully perturbed
robust accuracy after SQUARE: 47.00% (total time 162.9 s)
max Linf perturbation: 0.03137, nan in tensor: 0, max: 1.00000, min: 0.00000
robust accuracy: 47.00%
initial accuracy: 79.50%
apgd-ce - 1/1 - 51 out of 159 successfully perturbed
robust accuracy after APGD-CE: 54.00% (total time 8.0 s)
apgd-t - 1/1 - 5 out of 108 successfully perturbed
robust accuracy after APGD-T: 51.50% (total time 58.7 s)
fab-t - 1/1 - 0 out of 103 successfully perturbed
robust accuracy after FAB-T: 51.50% (total time 122.8 s)
square - 1/1 - 0 out of 103 successfully perturbed
robust accuracy after SQUARE: 51.50% (total time 180.9 s)
max Linf perturbation: 0.03137, nan in tensor: 0, max: 1.00000, min: 0.00000
robust accuracy: 51.50%
initial accuracy: 82.50%
apgd-ce - 1/1 - 63 out of 165 successfully perturbed
robust accuracy after APGD-CE: 51.00% (total time 8.3 s)
apgd-t - 1/1 - 5 out of 102 successfully perturbed
robust accuracy after APGD-T: 48.50% (total time 57.4 s)
fab-t - 1/1 - 0 out of 97 successfully perturbed
robust accuracy after FAB-T: 48.50% (total time 119.3 s)
square - 1/1 - 0 out of 97 successfully perturbed
robust accuracy after SQUARE: 48.50% (total time 175.9 s)
max Linf perturbation: 0.03137, nan in tensor: 0, max: 1.00000, min: 0.00000
robust accuracy: 48.50%
initial accuracy: 84.00%
apgd-ce - 1/1 - 75 out of 168 successfully perturbed
robust accuracy after APGD-CE: 46.50% (total time 8.4 s)
apgd-t - 1/1 - 6 out of 93 successfully perturbed
robust accuracy after APGD-T: 43.50% (total time 51.1 s)
fab-t - 1/1 - 0 out of 87 successfully perturbed
robust accuracy after FAB-T: 43.50% (total time 105.7 s)
square - 1/1 - 0 out of 87 successfully perturbed
robust accuracy after SQUARE: 43.50% (total time 156.6 s)
max Linf perturbation: 0.03137, nan in tensor: 0, max: 1.00000, min: 0.00000
robust accuracy: 43.50%
initial accuracy: 83.00%
apgd-ce - 1/1 - 61 out of 166 successfully perturbed
robust accuracy after APGD-CE: 52.50% (total time 8.4 s)
apgd-t - 1/1 - 9 out of 105 successfully perturbed
robust accuracy after APGD-T: 48.00% (total time 53.8 s)
fab-t - 1/1 - 0 out of 96 successfully perturbed
robust accuracy after FAB-T: 48.00% (total time 110.9 s)
square - 1/1 - 0 out of 96 successfully perturbed
robust accuracy after SQUARE: 48.00% (total time 163.1 s)
max Linf perturbation: 0.03137, nan in tensor: 0, max: 1.00000, min: 0.00000
robust accuracy: 48.00%
initial accuracy: 81.00%
apgd-ce - 1/1 - 64 out of 162 successfully perturbed
robust accuracy after APGD-CE: 49.00% (total time 8.2 s)
apgd-t - 1/1 - 6 out of 98 successfully perturbed
robust accuracy after APGD-T: 46.00% (total time 52.7 s)
fab-t - 1/1 - 0 out of 92 successfully perturbed
robust accuracy after FAB-T: 46.00% (total time 108.7 s)
square - 1/1 - 0 out of 92 successfully perturbed
robust accuracy after SQUARE: 46.00% (total time 160.1 s)
max Linf perturbation: 0.03137, nan in tensor: 0, max: 1.00000, min: 0.00000
robust accuracy: 46.00%
initial accuracy: 85.00%
apgd-ce - 1/1 - 68 out of 170 successfully perturbed
robust accuracy after APGD-CE: 51.00% (total time 8.5 s)
apgd-t - 1/1 - 6 out of 102 successfully perturbed
robust accuracy after APGD-T: 48.00% (total time 53.7 s)
fab-t - 1/1 - 0 out of 96 successfully perturbed
robust accuracy after FAB-T: 48.00% (total time 110.6 s)
square - 1/1 - 0 out of 96 successfully perturbed
robust accuracy after SQUARE: 48.00% (total time 162.7 s)
max Linf perturbation: 0.03137, nan in tensor: 0, max: 1.00000, min: 0.00000
robust accuracy: 48.00%
initial accuracy: 79.00%
apgd-ce - 1/1 - 64 out of 158 successfully perturbed
robust accuracy after APGD-CE: 47.00% (total time 7.9 s)
apgd-t - 1/1 - 6 out of 94 successfully perturbed
robust accuracy after APGD-T: 44.00% (total time 50.2 s)
fab-t - 1/1 - 0 out of 88 successfully perturbed
robust accuracy after FAB-T: 44.00% (total time 104.4 s)
square - 1/1 - 0 out of 88 successfully perturbed
robust accuracy after SQUARE: 44.00% (total time 155.2 s)
max Linf perturbation: 0.03137, nan in tensor: 0, max: 1.00000, min: 0.00000
robust accuracy: 44.00%
initial accuracy: 78.50%
apgd-ce - 1/1 - 65 out of 157 successfully perturbed
robust accuracy after APGD-CE: 46.00% (total time 7.9 s)
apgd-t - 1/1 - 3 out of 92 successfully perturbed
robust accuracy after APGD-T: 44.50% (total time 50.8 s)
fab-t - 1/1 - 0 out of 89 successfully perturbed
robust accuracy after FAB-T: 44.50% (total time 105.9 s)
square - 1/1 - 0 out of 89 successfully perturbed
robust accuracy after SQUARE: 44.50% (total time 156.9 s)
max Linf perturbation: 0.03137, nan in tensor: 0, max: 1.00000, min: 0.00000
robust accuracy: 44.50%
initial accuracy: 84.00%
apgd-ce - 1/1 - 60 out of 168 successfully perturbed
robust accuracy after APGD-CE: 54.00% (total time 8.4 s)
apgd-t - 1/1 - 7 out of 108 successfully perturbed
robust accuracy after APGD-T: 50.50% (total time 58.1 s)
fab-t - 1/1 - 0 out of 101 successfully perturbed
robust accuracy after FAB-T: 50.50% (total time 120.6 s)
square - 1/1 - 0 out of 101 successfully perturbed
robust accuracy after SQUARE: 50.50% (total time 177.4 s)
max Linf perturbation: 0.03137, nan in tensor: 0, max: 1.00000, min: 0.00000
robust accuracy: 50.50%
initial accuracy: 85.50%
apgd-ce - 1/1 - 69 out of 171 successfully perturbed
robust accuracy after APGD-CE: 51.00% (total time 8.5 s)
apgd-t - 1/1 - 3 out of 102 successfully perturbed
robust accuracy after APGD-T: 49.50% (total time 57.4 s)
fab-t - 1/1 - 0 out of 99 successfully perturbed
robust accuracy after FAB-T: 49.50% (total time 119.4 s)
square - 1/1 - 0 out of 99 successfully perturbed
robust accuracy after SQUARE: 49.50% (total time 175.8 s)
max Linf perturbation: 0.03137, nan in tensor: 0, max: 1.00000, min: 0.00000
robust accuracy: 49.50%
initial accuracy: 77.50%
apgd-ce - 1/1 - 49 out of 155 successfully perturbed
robust accuracy after APGD-CE: 53.00% (total time 7.8 s)
apgd-t - 1/1 - 5 out of 106 successfully perturbed
robust accuracy after APGD-T: 50.50% (total time 57.4 s)
fab-t - 1/1 - 0 out of 101 successfully perturbed
robust accuracy after FAB-T: 50.50% (total time 120.1 s)
square - 1/1 - 0 out of 101 successfully perturbed
robust accuracy after SQUARE: 50.50% (total time 176.9 s)
max Linf perturbation: 0.03137, nan in tensor: 0, max: 1.00000, min: 0.00000
robust accuracy: 50.50%
initial accuracy: 80.50%
apgd-ce - 1/1 - 65 out of 161 successfully perturbed
robust accuracy after APGD-CE: 48.00% (total time 8.2 s)
apgd-t - 1/1 - 8 out of 96 successfully perturbed
robust accuracy after APGD-T: 44.00% (total time 50.7 s)
fab-t - 1/1 - 0 out of 88 successfully perturbed
robust accuracy after FAB-T: 44.00% (total time 104.9 s)
square - 1/1 - 0 out of 88 successfully perturbed
robust accuracy after SQUARE: 44.00% (total time 155.7 s)
max Linf perturbation: 0.03137, nan in tensor: 0, max: 1.00000, min: 0.00000
robust accuracy: 44.00%
initial accuracy: 80.50%
apgd-ce - 1/1 - 57 out of 161 successfully perturbed
robust accuracy after APGD-CE: 52.00% (total time 8.2 s)
apgd-t - 1/1 - 4 out of 104 successfully perturbed
robust accuracy after APGD-T: 50.00% (total time 57.1 s)
fab-t - 1/1 - 0 out of 100 successfully perturbed
robust accuracy after FAB-T: 50.00% (total time 119.2 s)
square - 1/1 - 0 out of 100 successfully perturbed
robust accuracy after SQUARE: 50.00% (total time 175.8 s)
max Linf perturbation: 0.03137, nan in tensor: 0, max: 1.00000, min: 0.00000
robust accuracy: 50.00%
initial accuracy: 86.00%
apgd-ce - 1/1 - 78 out of 172 successfully perturbed
robust accuracy after APGD-CE: 47.00% (total time 8.5 s)
apgd-t - 1/1 - 7 out of 94 successfully perturbed
robust accuracy after APGD-T: 43.50% (total time 50.8 s)
fab-t - 1/1 - 0 out of 87 successfully perturbed
robust accuracy after FAB-T: 43.50% (total time 105.2 s)
square - 1/1 - 0 out of 87 successfully perturbed
robust accuracy after SQUARE: 43.50% (total time 155.7 s)
max Linf perturbation: 0.03137, nan in tensor: 0, max: 1.00000, min: 0.00000
robust accuracy: 43.50%
initial accuracy: 81.50%
apgd-ce - 1/1 - 62 out of 163 successfully perturbed
robust accuracy after APGD-CE: 50.50% (total time 8.3 s)
apgd-t - 1/1 - 5 out of 101 successfully perturbed
robust accuracy after APGD-T: 48.00% (total time 53.2 s)
fab-t - 1/1 - 0 out of 96 successfully perturbed
robust accuracy after FAB-T: 48.00% (total time 110.1 s)
square - 1/1 - 0 out of 96 successfully perturbed
robust accuracy after SQUARE: 48.00% (total time 162.1 s)
max Linf perturbation: 0.03137, nan in tensor: 0, max: 1.00000, min: 0.00000
robust accuracy: 48.00%
initial accuracy: 79.50%
apgd-ce - 1/1 - 54 out of 159 successfully perturbed
robust accuracy after APGD-CE: 52.50% (total time 7.9 s)
apgd-t - 1/1 - 4 out of 105 successfully perturbed
robust accuracy after APGD-T: 50.50% (total time 57.6 s)
fab-t - 1/1 - 0 out of 101 successfully perturbed
robust accuracy after FAB-T: 50.50% (total time 120.2 s)
square - 1/1 - 0 out of 101 successfully perturbed
robust accuracy after SQUARE: 50.50% (total time 177.0 s)
max Linf perturbation: 0.03137, nan in tensor: 0, max: 1.00000, min: 0.00000
robust accuracy: 50.50%
initial accuracy: 79.50%
apgd-ce - 1/1 - 61 out of 159 successfully perturbed
robust accuracy after APGD-CE: 49.00% (total time 7.9 s)
apgd-t - 1/1 - 5 out of 98 successfully perturbed
robust accuracy after APGD-T: 46.50% (total time 52.4 s)
fab-t - 1/1 - 0 out of 93 successfully perturbed
robust accuracy after FAB-T: 46.50% (total time 109.0 s)
square - 1/1 - 0 out of 93 successfully perturbed
robust accuracy after SQUARE: 46.50% (total time 160.4 s)
max Linf perturbation: 0.03137, nan in tensor: 0, max: 1.00000, min: 0.00000
robust accuracy: 46.50%
initial accuracy: 82.50%
apgd-ce - 1/1 - 65 out of 165 successfully perturbed
robust accuracy after APGD-CE: 50.00% (total time 8.3 s)
apgd-t - 1/1 - 8 out of 100 successfully perturbed
robust accuracy after APGD-T: 46.00% (total time 52.5 s)
fab-t - 1/1 - 0 out of 92 successfully perturbed
robust accuracy after FAB-T: 46.00% (total time 108.5 s)
square - 1/1 - 0 out of 92 successfully perturbed
robust accuracy after SQUARE: 46.00% (total time 159.7 s)
max Linf perturbation: 0.03137, nan in tensor: 0, max: 1.00000, min: 0.00000
robust accuracy: 46.00%
initial accuracy: 81.50%
apgd-ce - 1/1 - 76 out of 163 successfully perturbed
robust accuracy after APGD-CE: 43.50% (total time 8.3 s)
apgd-t - 1/1 - 8 out of 87 successfully perturbed
robust accuracy after APGD-T: 39.50% (total time 47.6 s)
fab-t - 1/1 - 0 out of 79 successfully perturbed
robust accuracy after FAB-T: 39.50% (total time 98.2 s)
square - 1/1 - 0 out of 79 successfully perturbed
robust accuracy after SQUARE: 39.50% (total time 144.6 s)
max Linf perturbation: 0.03137, nan in tensor: 0, max: 1.00000, min: 0.00000
robust accuracy: 39.50%
initial accuracy: 81.50%
apgd-ce - 1/1 - 55 out of 163 successfully perturbed
robust accuracy after APGD-CE: 54.00% (total time 8.3 s)
apgd-t - 1/1 - 6 out of 108 successfully perturbed
robust accuracy after APGD-T: 51.00% (total time 58.2 s)
fab-t - 1/1 - 0 out of 102 successfully perturbed
robust accuracy after FAB-T: 51.00% (total time 121.1 s)
square - 1/1 - 0 out of 102 successfully perturbed
robust accuracy after SQUARE: 51.00% (total time 178.1 s)
max Linf perturbation: 0.03137, nan in tensor: 0, max: 1.00000, min: 0.00000
robust accuracy: 51.00%
initial accuracy: 84.00%
apgd-ce - 1/1 - 72 out of 168 successfully perturbed
robust accuracy after APGD-CE: 48.00% (total time 8.4 s)
apgd-t - 1/1 - 10 out of 96 successfully perturbed
robust accuracy after APGD-T: 43.00% (total time 50.4 s)
fab-t - 1/1 - 0 out of 86 successfully perturbed
robust accuracy after FAB-T: 43.00% (total time 104.6 s)
square - 1/1 - 0 out of 86 successfully perturbed
robust accuracy after SQUARE: 43.00% (total time 154.9 s)
max Linf perturbation: 0.03137, nan in tensor: 0, max: 1.00000, min: 0.00000
robust accuracy: 43.00%
initial accuracy: 84.50%
apgd-ce - 1/1 - 64 out of 169 successfully perturbed
robust accuracy after APGD-CE: 52.50% (total time 8.4 s)
apgd-t - 1/1 - 4 out of 105 successfully perturbed
robust accuracy after APGD-T: 50.50% (total time 58.1 s)
fab-t - 1/1 - 0 out of 101 successfully perturbed
robust accuracy after FAB-T: 50.50% (total time 120.7 s)
square - 1/1 - 0 out of 101 successfully perturbed
robust accuracy after SQUARE: 50.50% (total time 177.4 s)
max Linf perturbation: 0.03137, nan in tensor: 0, max: 1.00000, min: 0.00000
robust accuracy: 50.50%
initial accuracy: 85.50%
apgd-ce - 1/1 - 67 out of 171 successfully perturbed
robust accuracy after APGD-CE: 52.00% (total time 8.5 s)
apgd-t - 1/1 - 6 out of 104 successfully perturbed
robust accuracy after APGD-T: 49.00% (total time 57.3 s)
fab-t - 1/1 - 0 out of 98 successfully perturbed
robust accuracy after FAB-T: 49.00% (total time 119.0 s)
square - 1/1 - 0 out of 98 successfully perturbed
robust accuracy after SQUARE: 49.00% (total time 175.2 s)
max Linf perturbation: 0.03137, nan in tensor: 0, max: 1.00000, min: 0.00000
robust accuracy: 49.00%
initial accuracy: 81.00%
apgd-ce - 1/1 - 59 out of 162 successfully perturbed
robust accuracy after APGD-CE: 51.50% (total time 8.2 s)
apgd-t - 1/1 - 6 out of 103 successfully perturbed
robust accuracy after APGD-T: 48.50% (total time 56.9 s)
fab-t - 1/1 - 0 out of 97 successfully perturbed
robust accuracy after FAB-T: 48.50% (total time 118.3 s)
square - 1/1 - 0 out of 97 successfully perturbed
robust accuracy after SQUARE: 48.50% (total time 174.3 s)
max Linf perturbation: 0.03137, nan in tensor: 0, max: 1.00000, min: 0.00000
robust accuracy: 48.50%
initial accuracy: 82.50%
apgd-ce - 1/1 - 60 out of 165 successfully perturbed
robust accuracy after APGD-CE: 52.50% (total time 8.3 s)
apgd-t - 1/1 - 9 out of 105 successfully perturbed
robust accuracy after APGD-T: 48.00% (total time 53.5 s)
fab-t - 1/1 - 0 out of 96 successfully perturbed
robust accuracy after FAB-T: 48.00% (total time 110.3 s)
square - 1/1 - 0 out of 96 successfully perturbed
robust accuracy after SQUARE: 48.00% (total time 162.2 s)
max Linf perturbation: 0.03137, nan in tensor: 0, max: 1.00000, min: 0.00000
robust accuracy: 48.00%
initial accuracy: 82.00%
apgd-ce - 1/1 - 71 out of 164 successfully perturbed
robust accuracy after APGD-CE: 46.50% (total time 8.3 s)
apgd-t - 1/1 - 3 out of 93 successfully perturbed
robust accuracy after APGD-T: 45.00% (total time 51.6 s)
fab-t - 1/1 - 0 out of 90 successfully perturbed
robust accuracy after FAB-T: 45.00% (total time 107.0 s)
square - 1/1 - 0 out of 90 successfully perturbed
robust accuracy after SQUARE: 45.00% (total time 158.0 s)
max Linf perturbation: 0.03137, nan in tensor: 0, max: 1.00000, min: 0.00000
robust accuracy: 45.00%
initial accuracy: 82.50%
apgd-ce - 1/1 - 60 out of 165 successfully perturbed
robust accuracy after APGD-CE: 52.50% (total time 8.3 s)
apgd-t - 1/1 - 6 out of 105 successfully perturbed
robust accuracy after APGD-T: 49.50% (total time 57.5 s)
fab-t - 1/1 - 0 out of 99 successfully perturbed
robust accuracy after FAB-T: 49.50% (total time 119.4 s)
square - 1/1 - 0 out of 99 successfully perturbed
robust accuracy after SQUARE: 49.50% (total time 175.7 s)
max Linf perturbation: 0.03137, nan in tensor: 0, max: 1.00000, min: 0.00000
robust accuracy: 49.50%
