[2022/05/05 03:07:43] - Namespace(batch_size=128, beta=6.0, data_dir='/mnt/storage0_8/torch_datasets/cifar-data', dynamictau=False, epochs=50, epsilon=8, fname='output_dense', lr=0.01, model='dense', momentum=0.9, normalization='std', num_steps=10, omega=0.0, out_dir='fat_trade_out', rand_init=True, resume='', save_model=True, seed=0, step_size=2.0, tau=3, weight_decay=0.0005, wide_factor=10)
[2022/05/05 03:07:44] - Epoch 	 Seconds 	 LR 	 	 Train Loss 	 #BP 	 Val Acc 	 PGD Acc
[2022/05/05 03:17:04] - 0 	 543.5 	 	 0.0100 	 1.9158 	 5 	 0.4285 	 0.1898
[2022/05/05 03:26:03] - 1 	 522.3 	 	 0.0100 	 1.7555 	 6 	 0.4934 	 0.2148
[2022/05/05 03:35:06] - 2 	 526.2 	 	 0.0100 	 1.6907 	 6 	 0.5262 	 0.2523
[2022/05/05 03:44:14] - 3 	 531.1 	 	 0.0100 	 1.6397 	 6 	 0.5406 	 0.2363
[2022/05/05 03:53:26] - 4 	 535.0 	 	 0.0100 	 1.6046 	 6 	 0.5785 	 0.2715
[2022/05/05 04:02:59] - 5 	 555.8 	 	 0.0100 	 1.5719 	 6 	 0.6102 	 0.2672
[2022/05/05 04:12:21] - 6 	 546.2 	 	 0.0100 	 1.5439 	 6 	 0.6062 	 0.2879
[2022/05/05 04:21:49] - 7 	 550.9 	 	 0.0100 	 1.5204 	 6 	 0.6211 	 0.2852
[2022/05/05 04:31:16] - 8 	 551.0 	 	 0.0100 	 1.4995 	 6 	 0.6395 	 0.2820
[2022/05/05 04:40:45] - 9 	 551.6 	 	 0.0100 	 1.4817 	 6 	 0.6383 	 0.3055
[2022/05/05 04:50:16] - 10 	 554.5 	 	 0.0100 	 1.4626 	 6 	 0.6496 	 0.3215
[2022/05/05 04:59:46] - 11 	 553.4 	 	 0.0100 	 1.4478 	 6 	 0.6520 	 0.3055
[2022/05/05 05:09:17] - 12 	 555.1 	 	 0.0100 	 1.4329 	 6 	 0.6469 	 0.3371
[2022/05/05 05:18:53] - 13 	 558.9 	 	 0.0100 	 1.4207 	 6 	 0.6738 	 0.3352
[2022/05/05 05:28:25] - 14 	 556.0 	 	 0.0100 	 1.4114 	 6 	 0.6691 	 0.3250
[2022/05/05 05:38:00] - 15 	 558.4 	 	 0.0100 	 1.3987 	 7 	 0.6695 	 0.3301
[2022/05/05 05:47:34] - 16 	 557.5 	 	 0.0100 	 1.3895 	 7 	 0.6855 	 0.3402
[2022/05/05 05:57:09] - 17 	 558.2 	 	 0.0100 	 1.3796 	 7 	 0.6816 	 0.3531
[2022/05/05 06:06:45] - 18 	 559.5 	 	 0.0100 	 1.3718 	 7 	 0.6922 	 0.3516
[2022/05/05 06:16:20] - 19 	 559.3 	 	 0.0100 	 1.3626 	 7 	 0.6930 	 0.3453
[2022/05/05 06:28:35] - 20 	 700.5 	 	 0.0100 	 1.3551 	 7 	 0.7152 	 0.3613
[2022/05/05 06:54:03] - 21 	 1493.6 	 	 0.0100 	 1.3503 	 7 	 0.6953 	 0.3676
[2022/05/05 07:19:29] - 22 	 1491.3 	 	 0.0100 	 1.3399 	 7 	 0.7035 	 0.3703
[2022/05/05 07:39:04] - 23 	 1159.1 	 	 0.0100 	 1.3360 	 7 	 0.7141 	 0.3637
[2022/05/05 07:48:46] - 24 	 564.8 	 	 0.0010 	 1.2911 	 7 	 0.7258 	 0.3949
[2022/05/05 07:58:25] - 25 	 562.1 	 	 0.0010 	 1.2782 	 7 	 0.7316 	 0.3941
[2022/05/05 08:08:03] - 26 	 561.9 	 	 0.0010 	 1.2735 	 7 	 0.7340 	 0.3965
[2022/05/05 08:17:41] - 27 	 561.1 	 	 0.0010 	 1.2703 	 7 	 0.7273 	 0.3902
[2022/05/05 08:27:20] - 28 	 562.6 	 	 0.0010 	 1.2664 	 7 	 0.7355 	 0.3973
[2022/05/05 08:36:57] - 29 	 560.9 	 	 0.0010 	 1.2654 	 7 	 0.7293 	 0.3965
[2022/05/05 08:46:34] - 30 	 560.1 	 	 0.0010 	 1.2604 	 7 	 0.7332 	 0.4000
[2022/05/05 08:56:12] - 31 	 561.5 	 	 0.0010 	 1.2611 	 7 	 0.7312 	 0.3922
[2022/05/05 09:05:51] - 32 	 562.2 	 	 0.0010 	 1.2578 	 7 	 0.7332 	 0.3996
[2022/05/05 09:15:28] - 33 	 561.0 	 	 0.0010 	 1.2559 	 7 	 0.7324 	 0.3984
[2022/05/05 09:25:06] - 34 	 561.2 	 	 0.0010 	 1.2536 	 7 	 0.7309 	 0.3988
[2022/05/05 09:34:43] - 35 	 561.1 	 	 0.0010 	 1.2535 	 7 	 0.7277 	 0.3973
[2022/05/05 09:43:49] - 36 	 530.3 	 	 0.0010 	 1.2514 	 7 	 0.7301 	 0.4004
[2022/05/05 09:52:51] - 37 	 526.6 	 	 0.0010 	 1.2493 	 7 	 0.7281 	 0.4023
[2022/05/05 10:01:53] - 38 	 526.4 	 	 0.0010 	 1.2494 	 7 	 0.7359 	 0.3973
[2022/05/05 10:10:58] - 39 	 529.3 	 	 0.0001 	 1.2412 	 7 	 0.7387 	 0.3992
[2022/05/05 10:20:00] - 40 	 526.2 	 	 0.0001 	 1.2386 	 7 	 0.7352 	 0.4012
[2022/05/05 10:29:03] - 41 	 527.1 	 	 0.0001 	 1.2386 	 7 	 0.7332 	 0.4059
[2022/05/05 10:38:05] - 42 	 527.0 	 	 0.0001 	 1.2383 	 7 	 0.7348 	 0.4023
[2022/05/05 10:47:06] - 43 	 524.9 	 	 0.0001 	 1.2394 	 7 	 0.7383 	 0.4027
[2022/05/05 10:56:08] - 44 	 526.4 	 	 0.0001 	 1.2382 	 7 	 0.7379 	 0.4062
[2022/05/05 11:05:10] - 45 	 526.5 	 	 0.0001 	 1.2363 	 7 	 0.7352 	 0.4027
[2022/05/05 11:14:14] - 46 	 527.5 	 	 0.0001 	 1.2364 	 7 	 0.7348 	 0.4031
[2022/05/05 11:23:16] - 47 	 526.8 	 	 0.0001 	 1.2367 	 7 	 0.7383 	 0.4020
[2022/05/05 11:32:18] - 48 	 526.3 	 	 0.0001 	 1.2359 	 7 	 0.7355 	 0.4000
[2022/05/05 11:41:22] - 49 	 528.5 	 	 0.0001 	 1.2350 	 7 	 0.7387 	 0.3988
[2022/05/05 11:41:22] - Total train time: 499.1551 minutes
[2022/05/05 11:41:22] - Best checkpoint at 44, 0.40625
