[2022/04/27 08:24:28] - Namespace(batch_size=128, beta=6.0, data_dir='/mnt/storage0_8/torch_datasets/cifar-data', dynamictau=False, epochs=50, epsilon=8, fname='output_vgg16', lr=0.01, model='vgg16', momentum=0.9, normalization='std', num_steps=10, omega=0.0, out_dir='fat_trade_out', rand_init=True, resume='', save_model=True, seed=0, step_size=2, tau=3, weight_decay=0.0005, wide_factor=10)
[2022/04/27 08:24:30] - Epoch 	 Seconds 	 LR 	 	 Train Loss 	 #BP 	 Val Acc 	 PGD Acc
[2022/04/27 08:27:39] - 0 	 182.8 	 	 0.0100 	 1.9684 	 5 	 0.4641 	 0.2309
[2022/04/27 08:30:39] - 1 	 174.4 	 	 0.0100 	 1.7621 	 5 	 0.4734 	 0.2254
[2022/04/27 08:33:40] - 2 	 175.2 	 	 0.0100 	 1.6778 	 6 	 0.5559 	 0.2770
[2022/04/27 08:36:44] - 3 	 177.4 	 	 0.0100 	 1.6173 	 6 	 0.5887 	 0.3082
[2022/04/27 08:39:47] - 4 	 177.7 	 	 0.0100 	 1.5737 	 6 	 0.6078 	 0.3074
[2022/04/27 08:42:53] - 5 	 179.3 	 	 0.0100 	 1.5355 	 6 	 0.6473 	 0.3160
[2022/04/27 08:46:05] - 6 	 186.0 	 	 0.0100 	 1.5078 	 6 	 0.6328 	 0.3121
[2022/04/27 08:49:20] - 7 	 188.9 	 	 0.0100 	 1.4844 	 6 	 0.6473 	 0.3129
[2022/04/27 08:52:35] - 8 	 188.6 	 	 0.0100 	 1.4626 	 6 	 0.6617 	 0.3164
[2022/04/27 08:55:52] - 9 	 190.6 	 	 0.0100 	 1.4428 	 6 	 0.6660 	 0.3238
[2022/04/27 08:59:07] - 10 	 189.3 	 	 0.0100 	 1.4282 	 6 	 0.6676 	 0.3484
[2022/04/27 09:02:22] - 11 	 189.0 	 	 0.0100 	 1.4143 	 6 	 0.6980 	 0.3543
[2022/04/27 09:05:38] - 12 	 189.9 	 	 0.0100 	 1.3994 	 7 	 0.6879 	 0.3457
[2022/04/27 09:08:55] - 13 	 191.2 	 	 0.0100 	 1.3882 	 7 	 0.6828 	 0.3496
[2022/04/27 09:12:07] - 14 	 185.2 	 	 0.0100 	 1.3773 	 7 	 0.6910 	 0.3715
[2022/04/27 09:15:16] - 15 	 182.7 	 	 0.0100 	 1.3657 	 7 	 0.7078 	 0.3629
[2022/04/27 09:18:24] - 16 	 182.5 	 	 0.0100 	 1.3591 	 7 	 0.7141 	 0.3730
[2022/04/27 09:21:32] - 17 	 182.5 	 	 0.0100 	 1.3461 	 7 	 0.7117 	 0.3797
[2022/04/27 09:24:43] - 18 	 184.2 	 	 0.0100 	 1.3378 	 7 	 0.7105 	 0.3633
[2022/04/27 09:27:53] - 19 	 184.5 	 	 0.0100 	 1.3299 	 7 	 0.7129 	 0.3828
[2022/04/27 09:31:03] - 20 	 184.1 	 	 0.0100 	 1.3237 	 7 	 0.7266 	 0.3848
[2022/04/27 09:34:13] - 21 	 184.1 	 	 0.0100 	 1.3153 	 7 	 0.7203 	 0.3887
[2022/04/27 09:37:23] - 22 	 183.8 	 	 0.0100 	 1.3045 	 7 	 0.7324 	 0.3902
[2022/04/27 09:40:34] - 23 	 184.4 	 	 0.0100 	 1.3002 	 7 	 0.7141 	 0.3816
[2022/04/27 09:43:46] - 24 	 186.9 	 	 0.0010 	 1.2395 	 7 	 0.7539 	 0.4117
[2022/04/27 09:46:58] - 25 	 185.9 	 	 0.0010 	 1.2210 	 7 	 0.7574 	 0.4148
[2022/04/27 09:50:11] - 26 	 186.4 	 	 0.0010 	 1.2123 	 7 	 0.7539 	 0.4164
[2022/04/27 09:53:23] - 27 	 186.2 	 	 0.0010 	 1.2086 	 7 	 0.7527 	 0.4195
[2022/04/27 09:56:34] - 28 	 185.4 	 	 0.0010 	 1.2031 	 7 	 0.7543 	 0.4172
[2022/04/27 09:59:46] - 29 	 186.1 	 	 0.0010 	 1.2004 	 7 	 0.7562 	 0.4219
[2022/04/27 10:02:59] - 30 	 186.7 	 	 0.0010 	 1.1969 	 7 	 0.7551 	 0.4148
[2022/04/27 10:06:11] - 31 	 186.0 	 	 0.0010 	 1.1915 	 7 	 0.7562 	 0.4180
[2022/04/27 10:09:23] - 32 	 185.6 	 	 0.0010 	 1.1896 	 7 	 0.7609 	 0.4211
[2022/04/27 10:12:31] - 33 	 183.0 	 	 0.0010 	 1.1872 	 7 	 0.7559 	 0.4176
[2022/04/27 10:15:41] - 34 	 183.6 	 	 0.0010 	 1.1828 	 7 	 0.7504 	 0.4211
[2022/04/27 10:18:50] - 35 	 183.8 	 	 0.0010 	 1.1816 	 7 	 0.7582 	 0.4188
[2022/04/27 10:22:00] - 36 	 183.5 	 	 0.0010 	 1.1786 	 7 	 0.7500 	 0.4203
[2022/04/27 10:25:08] - 37 	 182.8 	 	 0.0010 	 1.1761 	 7 	 0.7578 	 0.4137
[2022/04/27 10:28:19] - 38 	 185.3 	 	 0.0010 	 1.1723 	 7 	 0.7586 	 0.4238
[2022/04/27 10:31:29] - 39 	 183.6 	 	 0.0001 	 1.1595 	 7 	 0.7637 	 0.4250
[2022/04/27 10:34:39] - 40 	 184.5 	 	 0.0001 	 1.1602 	 7 	 0.7594 	 0.4246
[2022/04/27 10:37:50] - 41 	 184.7 	 	 0.0001 	 1.1586 	 7 	 0.7641 	 0.4273
[2022/04/27 10:40:59] - 42 	 183.0 	 	 0.0001 	 1.1555 	 7 	 0.7648 	 0.4195
[2022/04/27 10:44:07] - 43 	 182.7 	 	 0.0001 	 1.1577 	 7 	 0.7602 	 0.4293
[2022/04/27 10:47:17] - 44 	 184.1 	 	 0.0001 	 1.1565 	 7 	 0.7637 	 0.4242
[2022/04/27 10:50:26] - 45 	 182.8 	 	 0.0001 	 1.1556 	 7 	 0.7613 	 0.4277
[2022/04/27 10:53:35] - 46 	 183.4 	 	 0.0001 	 1.1546 	 7 	 0.7621 	 0.4324
[2022/04/27 10:56:46] - 47 	 184.3 	 	 0.0001 	 1.1552 	 7 	 0.7652 	 0.4266
[2022/04/27 10:59:55] - 48 	 183.6 	 	 0.0001 	 1.1543 	 7 	 0.7602 	 0.4262
[2022/04/27 11:03:05] - 49 	 183.6 	 	 0.0001 	 1.1536 	 7 	 0.7629 	 0.4285
[2022/04/27 11:03:05] - Total train time: 153.5944 minutes
[2022/04/27 11:03:05] - Best checkpoint at 46, 0.432421875
