[2022/05/24 14:24:36] - Namespace(alpha=10.0, batch_size=128, data_dir='/mnt/storage0_8/torch_datasets/cifar-data', delta_init='uniform', epochs=50, epsilon=8, fname='output', gamma=1.01, init_tau=8, lr_max=0.05, lr_min=0.0, lr_schedule='cyclic', max_iteration=8, model='pre', momentum=0.9, normalization='std', out_dir='ablation_cyclic_out', save_model=True, seed=0, weight_decay=0.0005, wide_factor=10)
[2022/05/24 14:24:42] - Epoch 	 Seconds 	 LR 	 	 Train Loss 	 Train Acc 	 Val Acc 	 MG 	 CW Acc
[2022/05/24 14:25:13] - 0 	 23.4 	 	 0.0020 	 1.8907 	 0.3065 	 0.4406	 7553.1396 	 0.0012
[2022/05/24 14:26:10] - 1 	 44.8 	 	 0.0040 	 2.0333 	 0.2232 	 0.4902	 2251.8250 	 0.1910
[2022/05/24 14:27:09] - 2 	 45.7 	 	 0.0060 	 1.8792 	 0.2829 	 0.5094	 2453.8203 	 0.1965
[2022/05/24 14:28:29] - 3 	 68.3 	 	 0.0080 	 1.8498 	 0.2938 	 0.5723	 2393.0298 	 0.2695
[2022/05/24 14:29:50] - 4 	 68.4 	 	 0.0100 	 1.7707 	 0.3240 	 0.6293	 2595.8411 	 0.2750
[2022/05/24 14:31:34] - 5 	 91.0 	 	 0.0120 	 1.6831 	 0.3549 	 0.6074	 2575.3484 	 0.2785
[2022/05/24 14:33:18] - 6 	 90.9 	 	 0.0140 	 1.6198 	 0.3750 	 0.6527	 2694.4082 	 0.3129
[2022/05/24 14:35:24] - 7 	 113.6 	 	 0.0160 	 1.5228 	 0.4134 	 0.6773	 2609.7175 	 0.3219
[2022/05/24 14:37:30] - 8 	 113.5 	 	 0.0180 	 1.4763 	 0.4307 	 0.6523	 2644.3618 	 0.3246
[2022/05/24 14:39:36] - 9 	 113.2 	 	 0.0200 	 1.4397 	 0.4454 	 0.6910	 2696.8152 	 0.3383
[2022/05/24 14:41:42] - 10 	 113.4 	 	 0.0220 	 1.4051 	 0.4608 	 0.6734	 2740.3750 	 0.3504
[2022/05/24 14:44:10] - 11 	 135.8 	 	 0.0240 	 1.3035 	 0.5034 	 0.6422	 2557.5979 	 0.3281
[2022/05/24 14:46:39] - 12 	 135.9 	 	 0.0260 	 1.2710 	 0.5167 	 0.6621	 2576.8757 	 0.3445
[2022/05/24 14:49:07] - 13 	 136.1 	 	 0.0280 	 1.2266 	 0.5368 	 0.6613	 2552.3464 	 0.3199
[2022/05/24 14:51:36] - 14 	 136.0 	 	 0.0300 	 1.1898 	 0.5510 	 0.6734	 2546.3071 	 0.3332
[2022/05/24 14:54:04] - 15 	 135.9 	 	 0.0320 	 1.1516 	 0.5719 	 0.6746	 2514.5662 	 0.3383
[2022/05/24 14:56:33] - 16 	 136.0 	 	 0.0340 	 1.1256 	 0.5827 	 0.6648	 2459.5618 	 0.3195
[2022/05/24 14:59:01] - 17 	 136.0 	 	 0.0360 	 1.0873 	 0.5967 	 0.6473	 2419.8152 	 0.3492
[2022/05/24 15:01:31] - 18 	 136.8 	 	 0.0380 	 1.0674 	 0.6069 	 0.6301	 2396.9509 	 0.2902
[2022/05/24 15:03:59] - 19 	 135.8 	 	 0.0400 	 1.0430 	 0.6183 	 0.6754	 2350.8376 	 0.3191
[2022/05/24 15:06:28] - 20 	 136.1 	 	 0.0420 	 1.0132 	 0.6320 	 0.6676	 2333.7988 	 0.3078
[2022/05/24 15:08:57] - 21 	 135.9 	 	 0.0440 	 0.9857 	 0.6469 	 0.6426	 2305.7356 	 0.3105
[2022/05/24 15:11:26] - 22 	 136.6 	 	 0.0460 	 0.9658 	 0.6560 	 0.6312	 2255.5417 	 0.3000
[2022/05/24 15:13:55] - 23 	 136.6 	 	 0.0480 	 0.9438 	 0.6661 	 0.6699	 2225.7100 	 0.2941
[2022/05/24 15:16:24] - 24 	 136.2 	 	 0.0500 	 0.9312 	 0.6706 	 0.6359	 2195.7717 	 0.3051
[2022/05/24 15:18:54] - 25 	 137.1 	 	 0.0480 	 0.9207 	 0.6769 	 0.6598	 2189.6077 	 0.3117
[2022/05/24 15:21:23] - 26 	 136.8 	 	 0.0460 	 0.9420 	 0.6639 	 0.6656	 2235.5811 	 0.2906
[2022/05/24 15:23:54] - 27 	 137.8 	 	 0.0440 	 0.9512 	 0.6587 	 0.6613	 2267.7234 	 0.2902
[2022/05/24 15:26:24] - 28 	 137.2 	 	 0.0420 	 0.9538 	 0.6590 	 0.6016	 2286.3523 	 0.2938
[2022/05/24 15:28:54] - 29 	 137.1 	 	 0.0400 	 0.9731 	 0.6462 	 0.6770	 2315.2012 	 0.3266
[2022/05/24 15:31:26] - 30 	 139.0 	 	 0.0380 	 0.9804 	 0.6438 	 0.6773	 2354.5903 	 0.3625
[2022/05/24 15:34:14] - 31 	 153.8 	 	 0.0360 	 0.9868 	 0.6396 	 0.7059	 2401.7263 	 0.3137
[2022/05/24 15:37:07] - 32 	 158.6 	 	 0.0340 	 0.9996 	 0.6340 	 0.7102	 2433.7371 	 0.3426
[2022/05/24 15:40:01] - 33 	 159.3 	 	 0.0320 	 1.0029 	 0.6292 	 0.6844	 2478.9932 	 0.3379
[2022/05/24 15:42:55] - 34 	 160.1 	 	 0.0300 	 1.0152 	 0.6229 	 0.6977	 2518.1692 	 0.3531
[2022/05/24 15:45:50] - 35 	 160.1 	 	 0.0280 	 1.0172 	 0.6203 	 0.7148	 2560.8450 	 0.3535
[2022/05/24 15:48:45] - 36 	 160.5 	 	 0.0260 	 1.0312 	 0.6148 	 0.7109	 2604.8782 	 0.3512
[2022/05/24 15:51:42] - 37 	 161.8 	 	 0.0240 	 1.0332 	 0.6130 	 0.7012	 2646.7808 	 0.3473
[2022/05/24 15:54:37] - 38 	 161.2 	 	 0.0220 	 1.0444 	 0.6048 	 0.7273	 2696.0125 	 0.3492
[2022/05/24 15:57:33] - 39 	 161.4 	 	 0.0200 	 1.0502 	 0.6002 	 0.7344	 2728.0068 	 0.3844
[2022/05/24 16:00:29] - 40 	 161.6 	 	 0.0180 	 1.0511 	 0.5980 	 0.7477	 2795.3835 	 0.4113
[2022/05/24 16:03:52] - 41 	 188.3 	 	 0.0160 	 0.9569 	 0.6466 	 0.7215	 2481.4924 	 0.3715
[2022/05/24 16:07:16] - 42 	 189.3 	 	 0.0140 	 0.9869 	 0.6307 	 0.7113	 2564.7668 	 0.3902
[2022/05/24 16:10:38] - 43 	 187.6 	 	 0.0120 	 0.9908 	 0.6264 	 0.7559	 2644.1499 	 0.3992
[2022/05/24 16:13:59] - 44 	 186.4 	 	 0.0100 	 0.9970 	 0.6211 	 0.7434	 2714.7749 	 0.4016
[2022/05/24 16:17:22] - 45 	 188.0 	 	 0.0080 	 1.0006 	 0.6178 	 0.7840	 2797.8364 	 0.4324
[2022/05/24 16:20:45] - 46 	 188.7 	 	 0.0060 	 0.9981 	 0.6126 	 0.7914	 2899.8003 	 0.4309
[2022/05/24 16:24:34] - 47 	 214.7 	 	 0.0040 	 0.9432 	 0.6355 	 0.8000	 2763.7939 	 0.4520
[2022/05/24 16:28:21] - 48 	 212.4 	 	 0.0020 	 0.9612 	 0.6200 	 0.8246	 2967.6926 	 0.4684
[2022/05/24 16:32:11] - 49 	 214.9 	 	 0.0000 	 0.9923 	 0.6029 	 0.8348	 3179.7566 	 0.4949
[2022/05/24 16:32:11] - Total train time: 116.4298 minutes
[2022/05/24 16:32:11] - Best checkpoint at 49, 0.494921875
