initial accuracy: 73.50%
apgd-ce - 1/1 - 60 out of 147 successfully perturbed
robust accuracy after APGD-CE: 43.50% (total time 9.4 s)
apgd-t - 1/1 - 9 out of 87 successfully perturbed
robust accuracy after APGD-T: 39.00% (total time 63.9 s)
fab-t - 1/1 - 0 out of 78 successfully perturbed
robust accuracy after FAB-T: 39.00% (total time 135.3 s)
square - 1/1 - 0 out of 78 successfully perturbed
robust accuracy after SQUARE: 39.00% (total time 220.1 s)
max Linf perturbation: 0.03137, nan in tensor: 0, max: 1.00000, min: 0.00000
robust accuracy: 39.00%
initial accuracy: 66.50%
apgd-ce - 1/1 - 55 out of 133 successfully perturbed
robust accuracy after APGD-CE: 39.00% (total time 8.5 s)
apgd-t - 1/1 - 6 out of 78 successfully perturbed
robust accuracy after APGD-T: 36.00% (total time 62.0 s)
fab-t - 1/1 - 0 out of 72 successfully perturbed
robust accuracy after FAB-T: 36.00% (total time 132.8 s)
square - 1/1 - 0 out of 72 successfully perturbed
robust accuracy after SQUARE: 36.00% (total time 215.9 s)
max Linf perturbation: 0.03137, nan in tensor: 0, max: 1.00000, min: 0.00000
robust accuracy: 36.00%
initial accuracy: 71.00%
apgd-ce - 1/1 - 52 out of 142 successfully perturbed
robust accuracy after APGD-CE: 45.00% (total time 9.2 s)
apgd-t - 1/1 - 8 out of 90 successfully perturbed
robust accuracy after APGD-T: 41.00% (total time 70.1 s)
fab-t - 1/1 - 0 out of 82 successfully perturbed
robust accuracy after FAB-T: 41.00% (total time 147.9 s)
square - 1/1 - 0 out of 82 successfully perturbed
robust accuracy after SQUARE: 41.00% (total time 227.7 s)
max Linf perturbation: 0.03137, nan in tensor: 0, max: 1.00000, min: 0.00000
robust accuracy: 41.00%
initial accuracy: 69.00%
apgd-ce - 1/1 - 56 out of 138 successfully perturbed
robust accuracy after APGD-CE: 41.00% (total time 8.9 s)
apgd-t - 1/1 - 11 out of 82 successfully perturbed
robust accuracy after APGD-T: 35.50% (total time 61.7 s)
fab-t - 1/1 - 0 out of 71 successfully perturbed
robust accuracy after FAB-T: 35.50% (total time 133.8 s)
square - 1/1 - 0 out of 71 successfully perturbed
robust accuracy after SQUARE: 35.50% (total time 214.6 s)
max Linf perturbation: 0.03137, nan in tensor: 0, max: 1.00000, min: 0.00000
robust accuracy: 35.50%
initial accuracy: 75.50%
apgd-ce - 1/1 - 43 out of 151 successfully perturbed
robust accuracy after APGD-CE: 54.00% (total time 9.7 s)
apgd-t - 1/1 - 8 out of 108 successfully perturbed
robust accuracy after APGD-T: 50.00% (total time 77.6 s)
fab-t - 1/1 - 0 out of 100 successfully perturbed
robust accuracy after FAB-T: 50.00% (total time 164.0 s)
square - 1/1 - 0 out of 100 successfully perturbed
robust accuracy after SQUARE: 50.00% (total time 248.9 s)
max Linf perturbation: 0.03137, nan in tensor: 0, max: 1.00000, min: 0.00000
robust accuracy: 50.00%
initial accuracy: 74.00%
apgd-ce - 1/1 - 53 out of 148 successfully perturbed
robust accuracy after APGD-CE: 47.50% (total time 9.3 s)
apgd-t - 1/1 - 9 out of 95 successfully perturbed
robust accuracy after APGD-T: 43.00% (total time 71.9 s)
fab-t - 1/1 - 0 out of 86 successfully perturbed
robust accuracy after FAB-T: 43.00% (total time 151.7 s)
square - 1/1 - 0 out of 86 successfully perturbed
robust accuracy after SQUARE: 43.00% (total time 233.1 s)
max Linf perturbation: 0.03137, nan in tensor: 0, max: 1.00000, min: 0.00000
robust accuracy: 43.00%
initial accuracy: 67.50%
apgd-ce - 1/1 - 57 out of 135 successfully perturbed
robust accuracy after APGD-CE: 39.00% (total time 9.1 s)
apgd-t - 1/1 - 8 out of 78 successfully perturbed
robust accuracy after APGD-T: 35.00% (total time 61.3 s)
fab-t - 1/1 - 0 out of 70 successfully perturbed
robust accuracy after FAB-T: 35.00% (total time 131.0 s)
square - 1/1 - 0 out of 70 successfully perturbed
robust accuracy after SQUARE: 35.00% (total time 206.8 s)
max Linf perturbation: 0.03137, nan in tensor: 0, max: 1.00000, min: 0.00000
robust accuracy: 35.00%
initial accuracy: 74.00%
apgd-ce - 1/1 - 55 out of 148 successfully perturbed
robust accuracy after APGD-CE: 46.50% (total time 9.3 s)
apgd-t - 1/1 - 16 out of 93 successfully perturbed
robust accuracy after APGD-T: 38.50% (total time 65.7 s)
fab-t - 1/1 - 0 out of 77 successfully perturbed
robust accuracy after FAB-T: 38.50% (total time 137.8 s)
square - 1/1 - 0 out of 77 successfully perturbed
robust accuracy after SQUARE: 38.50% (total time 216.4 s)
max Linf perturbation: 0.03137, nan in tensor: 0, max: 1.00000, min: 0.00000
robust accuracy: 38.50%
initial accuracy: 75.50%
apgd-ce - 1/1 - 63 out of 151 successfully perturbed
robust accuracy after APGD-CE: 44.00% (total time 9.5 s)
apgd-t - 1/1 - 12 out of 88 successfully perturbed
robust accuracy after APGD-T: 38.00% (total time 63.3 s)
fab-t - 1/1 - 0 out of 76 successfully perturbed
robust accuracy after FAB-T: 38.00% (total time 135.1 s)
square - 1/1 - 0 out of 76 successfully perturbed
robust accuracy after SQUARE: 38.00% (total time 212.4 s)
max Linf perturbation: 0.03137, nan in tensor: 0, max: 1.00000, min: 0.00000
robust accuracy: 38.00%
initial accuracy: 71.50%
apgd-ce - 1/1 - 59 out of 143 successfully perturbed
robust accuracy after APGD-CE: 42.00% (total time 9.2 s)
apgd-t - 1/1 - 7 out of 84 successfully perturbed
robust accuracy after APGD-T: 38.50% (total time 65.6 s)
fab-t - 1/1 - 0 out of 77 successfully perturbed
robust accuracy after FAB-T: 38.50% (total time 139.0 s)
square - 1/1 - 0 out of 77 successfully perturbed
robust accuracy after SQUARE: 38.50% (total time 220.6 s)
max Linf perturbation: 0.03137, nan in tensor: 0, max: 1.00000, min: 0.00000
robust accuracy: 38.50%
initial accuracy: 66.00%
apgd-ce - 1/1 - 51 out of 132 successfully perturbed
robust accuracy after APGD-CE: 40.50% (total time 8.5 s)
apgd-t - 1/1 - 10 out of 81 successfully perturbed
robust accuracy after APGD-T: 35.50% (total time 61.6 s)
fab-t - 1/1 - 0 out of 71 successfully perturbed
robust accuracy after FAB-T: 35.50% (total time 135.8 s)
square - 1/1 - 0 out of 71 successfully perturbed
robust accuracy after SQUARE: 35.50% (total time 216.6 s)
max Linf perturbation: 0.03137, nan in tensor: 0, max: 1.00000, min: 0.00000
robust accuracy: 35.50%
initial accuracy: 73.50%
apgd-ce - 1/1 - 59 out of 147 successfully perturbed
robust accuracy after APGD-CE: 44.00% (total time 9.2 s)
apgd-t - 1/1 - 10 out of 88 successfully perturbed
robust accuracy after APGD-T: 39.00% (total time 63.8 s)
fab-t - 1/1 - 0 out of 78 successfully perturbed
robust accuracy after FAB-T: 39.00% (total time 136.1 s)
square - 1/1 - 0 out of 78 successfully perturbed
robust accuracy after SQUARE: 39.00% (total time 215.2 s)
max Linf perturbation: 0.03137, nan in tensor: 0, max: 1.00000, min: 0.00000
robust accuracy: 39.00%
initial accuracy: 68.50%
apgd-ce - 1/1 - 64 out of 137 successfully perturbed
robust accuracy after APGD-CE: 36.50% (total time 9.0 s)
apgd-t - 1/1 - 8 out of 73 successfully perturbed
robust accuracy after APGD-T: 32.50% (total time 59.5 s)
fab-t - 1/1 - 0 out of 65 successfully perturbed
robust accuracy after FAB-T: 32.50% (total time 128.0 s)
square - 1/1 - 0 out of 65 successfully perturbed
robust accuracy after SQUARE: 32.50% (total time 202.0 s)
max Linf perturbation: 0.03137, nan in tensor: 0, max: 1.00000, min: 0.00000
robust accuracy: 32.50%
initial accuracy: 75.50%
apgd-ce - 1/1 - 61 out of 151 successfully perturbed
robust accuracy after APGD-CE: 45.00% (total time 9.4 s)
apgd-t - 1/1 - 7 out of 90 successfully perturbed
robust accuracy after APGD-T: 41.50% (total time 68.6 s)
fab-t - 1/1 - 0 out of 83 successfully perturbed
robust accuracy after FAB-T: 41.50% (total time 147.9 s)
square - 1/1 - 0 out of 83 successfully perturbed
robust accuracy after SQUARE: 41.50% (total time 239.9 s)
max Linf perturbation: 0.03137, nan in tensor: 0, max: 1.00000, min: 0.00000
robust accuracy: 41.50%
initial accuracy: 77.50%
apgd-ce - 1/1 - 70 out of 155 successfully perturbed
robust accuracy after APGD-CE: 42.50% (total time 10.2 s)
apgd-t - 1/1 - 9 out of 85 successfully perturbed
robust accuracy after APGD-T: 38.00% (total time 65.8 s)
fab-t - 1/1 - 0 out of 76 successfully perturbed
robust accuracy after FAB-T: 38.00% (total time 137.4 s)
square - 1/1 - 0 out of 76 successfully perturbed
robust accuracy after SQUARE: 38.00% (total time 216.5 s)
max Linf perturbation: 0.03137, nan in tensor: 0, max: 1.00000, min: 0.00000
robust accuracy: 38.00%
initial accuracy: 71.50%
apgd-ce - 1/1 - 55 out of 143 successfully perturbed
robust accuracy after APGD-CE: 44.00% (total time 9.1 s)
apgd-t - 1/1 - 7 out of 88 successfully perturbed
robust accuracy after APGD-T: 40.50% (total time 66.5 s)
fab-t - 1/1 - 0 out of 81 successfully perturbed
robust accuracy after FAB-T: 40.50% (total time 143.0 s)
square - 1/1 - 0 out of 81 successfully perturbed
robust accuracy after SQUARE: 40.50% (total time 220.9 s)
max Linf perturbation: 0.03137, nan in tensor: 0, max: 1.00000, min: 0.00000
robust accuracy: 40.50%
initial accuracy: 69.50%
apgd-ce - 1/1 - 50 out of 139 successfully perturbed
robust accuracy after APGD-CE: 44.50% (total time 9.0 s)
apgd-t - 1/1 - 10 out of 89 successfully perturbed
robust accuracy after APGD-T: 39.50% (total time 63.3 s)
fab-t - 1/1 - 0 out of 79 successfully perturbed
robust accuracy after FAB-T: 39.50% (total time 135.9 s)
square - 1/1 - 0 out of 79 successfully perturbed
robust accuracy after SQUARE: 39.50% (total time 214.4 s)
max Linf perturbation: 0.03137, nan in tensor: 0, max: 1.00000, min: 0.00000
robust accuracy: 39.50%
initial accuracy: 70.00%
apgd-ce - 1/1 - 44 out of 140 successfully perturbed
robust accuracy after APGD-CE: 48.00% (total time 9.0 s)
apgd-t - 1/1 - 10 out of 96 successfully perturbed
robust accuracy after APGD-T: 43.00% (total time 69.9 s)
fab-t - 1/1 - 0 out of 86 successfully perturbed
robust accuracy after FAB-T: 43.00% (total time 149.9 s)
square - 1/1 - 0 out of 86 successfully perturbed
robust accuracy after SQUARE: 43.00% (total time 231.5 s)
max Linf perturbation: 0.03137, nan in tensor: 0, max: 1.00000, min: 0.00000
robust accuracy: 43.00%
initial accuracy: 73.00%
apgd-ce - 1/1 - 57 out of 146 successfully perturbed
robust accuracy after APGD-CE: 44.50% (total time 9.3 s)
apgd-t - 1/1 - 11 out of 89 successfully perturbed
robust accuracy after APGD-T: 39.00% (total time 63.2 s)
fab-t - 1/1 - 0 out of 78 successfully perturbed
robust accuracy after FAB-T: 39.00% (total time 136.6 s)
square - 1/1 - 0 out of 78 successfully perturbed
robust accuracy after SQUARE: 39.00% (total time 215.8 s)
max Linf perturbation: 0.03137, nan in tensor: 0, max: 1.00000, min: 0.00000
robust accuracy: 39.00%
initial accuracy: 72.50%
apgd-ce - 1/1 - 58 out of 145 successfully perturbed
robust accuracy after APGD-CE: 43.50% (total time 9.2 s)
apgd-t - 1/1 - 5 out of 87 successfully perturbed
robust accuracy after APGD-T: 41.00% (total time 70.1 s)
fab-t - 1/1 - 0 out of 82 successfully perturbed
robust accuracy after FAB-T: 41.00% (total time 148.5 s)
square - 1/1 - 0 out of 82 successfully perturbed
robust accuracy after SQUARE: 41.00% (total time 227.9 s)
max Linf perturbation: 0.03137, nan in tensor: 0, max: 1.00000, min: 0.00000
robust accuracy: 41.00%
initial accuracy: 75.00%
apgd-ce - 1/1 - 59 out of 150 successfully perturbed
robust accuracy after APGD-CE: 45.50% (total time 9.4 s)
apgd-t - 1/1 - 8 out of 91 successfully perturbed
robust accuracy after APGD-T: 41.50% (total time 70.4 s)
fab-t - 1/1 - 0 out of 83 successfully perturbed
robust accuracy after FAB-T: 41.50% (total time 150.2 s)
square - 1/1 - 0 out of 83 successfully perturbed
robust accuracy after SQUARE: 41.50% (total time 229.0 s)
max Linf perturbation: 0.03137, nan in tensor: 0, max: 1.00000, min: 0.00000
robust accuracy: 41.50%
initial accuracy: 78.00%
apgd-ce - 1/1 - 56 out of 156 successfully perturbed
robust accuracy after APGD-CE: 50.00% (total time 9.7 s)
apgd-t - 1/1 - 11 out of 100 successfully perturbed
robust accuracy after APGD-T: 44.50% (total time 73.1 s)
fab-t - 1/1 - 0 out of 89 successfully perturbed
robust accuracy after FAB-T: 44.50% (total time 153.6 s)
square - 1/1 - 0 out of 89 successfully perturbed
robust accuracy after SQUARE: 44.50% (total time 234.9 s)
max Linf perturbation: 0.03137, nan in tensor: 0, max: 1.00000, min: 0.00000
robust accuracy: 44.50%
initial accuracy: 75.50%
apgd-ce - 1/1 - 56 out of 151 successfully perturbed
robust accuracy after APGD-CE: 47.50% (total time 9.5 s)
apgd-t - 1/1 - 10 out of 95 successfully perturbed
robust accuracy after APGD-T: 42.50% (total time 70.9 s)
fab-t - 1/1 - 0 out of 85 successfully perturbed
robust accuracy after FAB-T: 42.50% (total time 150.9 s)
square - 1/1 - 0 out of 85 successfully perturbed
robust accuracy after SQUARE: 42.50% (total time 232.7 s)
max Linf perturbation: 0.03137, nan in tensor: 0, max: 1.00000, min: 0.00000
robust accuracy: 42.50%
initial accuracy: 72.00%
apgd-ce - 1/1 - 50 out of 144 successfully perturbed
robust accuracy after APGD-CE: 47.00% (total time 9.2 s)
apgd-t - 1/1 - 4 out of 94 successfully perturbed
robust accuracy after APGD-T: 45.00% (total time 71.3 s)
fab-t - 1/1 - 0 out of 90 successfully perturbed
robust accuracy after FAB-T: 45.00% (total time 154.0 s)
square - 1/1 - 0 out of 90 successfully perturbed
robust accuracy after SQUARE: 45.00% (total time 237.9 s)
max Linf perturbation: 0.03137, nan in tensor: 0, max: 1.00000, min: 0.00000
robust accuracy: 45.00%
initial accuracy: 74.00%
apgd-ce - 1/1 - 56 out of 148 successfully perturbed
robust accuracy after APGD-CE: 46.00% (total time 9.3 s)
apgd-t - 1/1 - 8 out of 92 successfully perturbed
robust accuracy after APGD-T: 42.00% (total time 70.8 s)
fab-t - 1/1 - 0 out of 84 successfully perturbed
robust accuracy after FAB-T: 42.00% (total time 151.0 s)
square - 1/1 - 0 out of 84 successfully perturbed
robust accuracy after SQUARE: 42.00% (total time 229.4 s)
max Linf perturbation: 0.03137, nan in tensor: 0, max: 1.00000, min: 0.00000
robust accuracy: 42.00%
initial accuracy: 74.00%
apgd-ce - 1/1 - 75 out of 148 successfully perturbed
robust accuracy after APGD-CE: 36.50% (total time 9.3 s)
apgd-t - 1/1 - 5 out of 73 successfully perturbed
robust accuracy after APGD-T: 34.00% (total time 59.3 s)
fab-t - 1/1 - 0 out of 68 successfully perturbed
robust accuracy after FAB-T: 34.00% (total time 127.9 s)
square - 1/1 - 0 out of 68 successfully perturbed
robust accuracy after SQUARE: 34.00% (total time 204.2 s)
max Linf perturbation: 0.03137, nan in tensor: 0, max: 1.00000, min: 0.00000
robust accuracy: 34.00%
initial accuracy: 74.00%
apgd-ce - 1/1 - 68 out of 148 successfully perturbed
robust accuracy after APGD-CE: 40.00% (total time 9.3 s)
apgd-t - 1/1 - 6 out of 80 successfully perturbed
robust accuracy after APGD-T: 37.00% (total time 64.4 s)
fab-t - 1/1 - 0 out of 74 successfully perturbed
robust accuracy after FAB-T: 37.00% (total time 136.2 s)
square - 1/1 - 0 out of 74 successfully perturbed
robust accuracy after SQUARE: 37.00% (total time 216.2 s)
max Linf perturbation: 0.03137, nan in tensor: 0, max: 1.00000, min: 0.00000
robust accuracy: 37.00%
initial accuracy: 67.50%
apgd-ce - 1/1 - 59 out of 135 successfully perturbed
robust accuracy after APGD-CE: 38.00% (total time 8.8 s)
apgd-t - 1/1 - 9 out of 76 successfully perturbed
robust accuracy after APGD-T: 33.50% (total time 59.2 s)
fab-t - 1/1 - 0 out of 67 successfully perturbed
robust accuracy after FAB-T: 33.50% (total time 133.1 s)
square - 1/1 - 0 out of 67 successfully perturbed
robust accuracy after SQUARE: 33.50% (total time 209.3 s)
max Linf perturbation: 0.03137, nan in tensor: 0, max: 1.00000, min: 0.00000
robust accuracy: 33.50%
initial accuracy: 75.00%
apgd-ce - 1/1 - 57 out of 150 successfully perturbed
robust accuracy after APGD-CE: 46.50% (total time 9.4 s)
apgd-t - 1/1 - 8 out of 93 successfully perturbed
robust accuracy after APGD-T: 42.50% (total time 71.5 s)
fab-t - 1/1 - 0 out of 85 successfully perturbed
robust accuracy after FAB-T: 42.50% (total time 150.5 s)
square - 1/1 - 0 out of 85 successfully perturbed
robust accuracy after SQUARE: 42.50% (total time 229.8 s)
max Linf perturbation: 0.03137, nan in tensor: 0, max: 1.00000, min: 0.00000
robust accuracy: 42.50%
initial accuracy: 71.00%
apgd-ce - 1/1 - 62 out of 142 successfully perturbed
robust accuracy after APGD-CE: 40.00% (total time 9.2 s)
apgd-t - 1/1 - 4 out of 80 successfully perturbed
robust accuracy after APGD-T: 38.00% (total time 63.2 s)
fab-t - 1/1 - 0 out of 76 successfully perturbed
robust accuracy after FAB-T: 38.00% (total time 135.5 s)
square - 1/1 - 0 out of 76 successfully perturbed
robust accuracy after SQUARE: 38.00% (total time 214.0 s)
max Linf perturbation: 0.03137, nan in tensor: 0, max: 1.00000, min: 0.00000
robust accuracy: 38.00%
initial accuracy: 70.00%
apgd-ce - 1/1 - 63 out of 140 successfully perturbed
robust accuracy after APGD-CE: 38.50% (total time 9.0 s)
apgd-t - 1/1 - 5 out of 77 successfully perturbed
robust accuracy after APGD-T: 36.00% (total time 63.2 s)
fab-t - 1/1 - 0 out of 72 successfully perturbed
robust accuracy after FAB-T: 36.00% (total time 140.0 s)
square - 1/1 - 0 out of 72 successfully perturbed
robust accuracy after SQUARE: 36.00% (total time 219.3 s)
max Linf perturbation: 0.03137, nan in tensor: 0, max: 1.00000, min: 0.00000
robust accuracy: 36.00%
initial accuracy: 75.00%
apgd-ce - 1/1 - 59 out of 150 successfully perturbed
robust accuracy after APGD-CE: 45.50% (total time 9.7 s)
apgd-t - 1/1 - 9 out of 91 successfully perturbed
robust accuracy after APGD-T: 41.00% (total time 71.8 s)
fab-t - 1/1 - 0 out of 82 successfully perturbed
robust accuracy after FAB-T: 41.00% (total time 150.0 s)
square - 1/1 - 0 out of 82 successfully perturbed
robust accuracy after SQUARE: 41.00% (total time 228.1 s)
max Linf perturbation: 0.03137, nan in tensor: 0, max: 1.00000, min: 0.00000
robust accuracy: 41.00%
initial accuracy: 75.50%
apgd-ce - 1/1 - 62 out of 151 successfully perturbed
robust accuracy after APGD-CE: 44.50% (total time 9.6 s)
apgd-t - 1/1 - 10 out of 89 successfully perturbed
robust accuracy after APGD-T: 39.50% (total time 64.9 s)
fab-t - 1/1 - 0 out of 79 successfully perturbed
robust accuracy after FAB-T: 39.50% (total time 140.3 s)
square - 1/1 - 0 out of 79 successfully perturbed
robust accuracy after SQUARE: 39.50% (total time 220.8 s)
max Linf perturbation: 0.03137, nan in tensor: 0, max: 1.00000, min: 0.00000
robust accuracy: 39.50%
initial accuracy: 71.00%
apgd-ce - 1/1 - 59 out of 142 successfully perturbed
robust accuracy after APGD-CE: 41.50% (total time 9.2 s)
apgd-t - 1/1 - 6 out of 83 successfully perturbed
robust accuracy after APGD-T: 38.50% (total time 65.0 s)
fab-t - 1/1 - 0 out of 77 successfully perturbed
robust accuracy after FAB-T: 38.50% (total time 138.5 s)
square - 1/1 - 0 out of 77 successfully perturbed
robust accuracy after SQUARE: 38.50% (total time 219.3 s)
max Linf perturbation: 0.03137, nan in tensor: 0, max: 1.00000, min: 0.00000
robust accuracy: 38.50%
initial accuracy: 72.50%
apgd-ce - 1/1 - 69 out of 145 successfully perturbed
robust accuracy after APGD-CE: 38.00% (total time 9.2 s)
apgd-t - 1/1 - 10 out of 76 successfully perturbed
robust accuracy after APGD-T: 33.00% (total time 59.1 s)
fab-t - 1/1 - 0 out of 66 successfully perturbed
robust accuracy after FAB-T: 33.00% (total time 128.2 s)
square - 1/1 - 0 out of 66 successfully perturbed
robust accuracy after SQUARE: 33.00% (total time 205.3 s)
max Linf perturbation: 0.03137, nan in tensor: 0, max: 1.00000, min: 0.00000
robust accuracy: 33.00%
initial accuracy: 74.00%
apgd-ce - 1/1 - 61 out of 148 successfully perturbed
robust accuracy after APGD-CE: 43.50% (total time 9.4 s)
apgd-t - 1/1 - 8 out of 87 successfully perturbed
robust accuracy after APGD-T: 39.50% (total time 65.5 s)
fab-t - 1/1 - 0 out of 79 successfully perturbed
robust accuracy after FAB-T: 39.50% (total time 140.0 s)
square - 1/1 - 0 out of 79 successfully perturbed
robust accuracy after SQUARE: 39.50% (total time 218.6 s)
max Linf perturbation: 0.03137, nan in tensor: 0, max: 1.00000, min: 0.00000
robust accuracy: 39.50%
initial accuracy: 75.00%
apgd-ce - 1/1 - 65 out of 150 successfully perturbed
robust accuracy after APGD-CE: 42.50% (total time 9.6 s)
apgd-t - 1/1 - 10 out of 85 successfully perturbed
robust accuracy after APGD-T: 37.50% (total time 63.9 s)
fab-t - 1/1 - 0 out of 75 successfully perturbed
robust accuracy after FAB-T: 37.50% (total time 134.7 s)
square - 1/1 - 0 out of 75 successfully perturbed
robust accuracy after SQUARE: 37.50% (total time 214.5 s)
max Linf perturbation: 0.03137, nan in tensor: 0, max: 1.00000, min: 0.00000
robust accuracy: 37.50%
initial accuracy: 70.50%
apgd-ce - 1/1 - 54 out of 141 successfully perturbed
robust accuracy after APGD-CE: 43.50% (total time 9.2 s)
apgd-t - 1/1 - 7 out of 87 successfully perturbed
robust accuracy after APGD-T: 40.00% (total time 63.7 s)
fab-t - 1/1 - 0 out of 80 successfully perturbed
robust accuracy after FAB-T: 40.00% (total time 138.9 s)
square - 1/1 - 0 out of 80 successfully perturbed
robust accuracy after SQUARE: 40.00% (total time 218.1 s)
max Linf perturbation: 0.03137, nan in tensor: 0, max: 1.00000, min: 0.00000
robust accuracy: 40.00%
initial accuracy: 72.50%
apgd-ce - 1/1 - 53 out of 145 successfully perturbed
robust accuracy after APGD-CE: 46.00% (total time 9.2 s)
apgd-t - 1/1 - 11 out of 92 successfully perturbed
robust accuracy after APGD-T: 40.50% (total time 67.6 s)
fab-t - 1/1 - 0 out of 81 successfully perturbed
robust accuracy after FAB-T: 40.50% (total time 142.9 s)
square - 1/1 - 0 out of 81 successfully perturbed
robust accuracy after SQUARE: 40.50% (total time 225.0 s)
max Linf perturbation: 0.03137, nan in tensor: 0, max: 1.00000, min: 0.00000
robust accuracy: 40.50%
initial accuracy: 70.50%
apgd-ce - 1/1 - 56 out of 141 successfully perturbed
robust accuracy after APGD-CE: 42.50% (total time 9.1 s)
apgd-t - 1/1 - 11 out of 85 successfully perturbed
robust accuracy after APGD-T: 37.00% (total time 64.2 s)
fab-t - 1/1 - 0 out of 74 successfully perturbed
robust accuracy after FAB-T: 37.00% (total time 136.2 s)
square - 1/1 - 0 out of 74 successfully perturbed
robust accuracy after SQUARE: 37.00% (total time 214.3 s)
max Linf perturbation: 0.03137, nan in tensor: 0, max: 1.00000, min: 0.00000
robust accuracy: 37.00%
initial accuracy: 70.50%
apgd-ce - 1/1 - 66 out of 141 successfully perturbed
robust accuracy after APGD-CE: 37.50% (total time 9.1 s)
apgd-t - 1/1 - 3 out of 75 successfully perturbed
robust accuracy after APGD-T: 36.00% (total time 63.1 s)
fab-t - 1/1 - 0 out of 72 successfully perturbed
robust accuracy after FAB-T: 36.00% (total time 134.9 s)
square - 1/1 - 0 out of 72 successfully perturbed
robust accuracy after SQUARE: 36.00% (total time 221.9 s)
max Linf perturbation: 0.03137, nan in tensor: 0, max: 1.00000, min: 0.00000
robust accuracy: 36.00%
initial accuracy: 65.50%
apgd-ce - 1/1 - 53 out of 131 successfully perturbed
robust accuracy after APGD-CE: 39.00% (total time 8.3 s)
apgd-t - 1/1 - 4 out of 78 successfully perturbed
robust accuracy after APGD-T: 37.00% (total time 62.4 s)
fab-t - 1/1 - 0 out of 74 successfully perturbed
robust accuracy after FAB-T: 37.00% (total time 135.3 s)
square - 1/1 - 0 out of 74 successfully perturbed
robust accuracy after SQUARE: 37.00% (total time 215.6 s)
max Linf perturbation: 0.03137, nan in tensor: 0, max: 1.00000, min: 0.00000
robust accuracy: 37.00%
initial accuracy: 71.00%
apgd-ce - 1/1 - 54 out of 142 successfully perturbed
robust accuracy after APGD-CE: 44.00% (total time 9.1 s)
apgd-t - 1/1 - 11 out of 88 successfully perturbed
robust accuracy after APGD-T: 38.50% (total time 63.7 s)
fab-t - 1/1 - 0 out of 77 successfully perturbed
robust accuracy after FAB-T: 38.50% (total time 136.6 s)
square - 1/1 - 0 out of 77 successfully perturbed
robust accuracy after SQUARE: 38.50% (total time 216.4 s)
max Linf perturbation: 0.03137, nan in tensor: 0, max: 1.00000, min: 0.00000
robust accuracy: 38.50%
initial accuracy: 68.50%
apgd-ce - 1/1 - 56 out of 137 successfully perturbed
robust accuracy after APGD-CE: 40.50% (total time 8.9 s)
apgd-t - 1/1 - 7 out of 81 successfully perturbed
robust accuracy after APGD-T: 37.00% (total time 63.7 s)
fab-t - 1/1 - 0 out of 74 successfully perturbed
robust accuracy after FAB-T: 37.00% (total time 136.9 s)
square - 1/1 - 0 out of 74 successfully perturbed
robust accuracy after SQUARE: 37.00% (total time 215.8 s)
max Linf perturbation: 0.03137, nan in tensor: 0, max: 1.00000, min: 0.00000
robust accuracy: 37.00%
initial accuracy: 76.00%
apgd-ce - 1/1 - 58 out of 152 successfully perturbed
robust accuracy after APGD-CE: 47.00% (total time 9.5 s)
apgd-t - 1/1 - 8 out of 94 successfully perturbed
robust accuracy after APGD-T: 43.00% (total time 72.7 s)
fab-t - 1/1 - 0 out of 86 successfully perturbed
robust accuracy after FAB-T: 43.00% (total time 151.2 s)
square - 1/1 - 0 out of 86 successfully perturbed
robust accuracy after SQUARE: 43.00% (total time 232.1 s)
max Linf perturbation: 0.03137, nan in tensor: 0, max: 1.00000, min: 0.00000
robust accuracy: 43.00%
initial accuracy: 76.50%
apgd-ce - 1/1 - 70 out of 153 successfully perturbed
robust accuracy after APGD-CE: 41.50% (total time 9.6 s)
apgd-t - 1/1 - 12 out of 83 successfully perturbed
robust accuracy after APGD-T: 35.50% (total time 62.6 s)
fab-t - 1/1 - 0 out of 71 successfully perturbed
robust accuracy after FAB-T: 35.50% (total time 133.1 s)
square - 1/1 - 0 out of 71 successfully perturbed
robust accuracy after SQUARE: 35.50% (total time 211.7 s)
max Linf perturbation: 0.03137, nan in tensor: 0, max: 1.00000, min: 0.00000
robust accuracy: 35.50%
initial accuracy: 72.00%
apgd-ce - 1/1 - 57 out of 144 successfully perturbed
robust accuracy after APGD-CE: 43.50% (total time 9.2 s)
apgd-t - 1/1 - 9 out of 87 successfully perturbed
robust accuracy after APGD-T: 39.00% (total time 63.5 s)
fab-t - 1/1 - 0 out of 78 successfully perturbed
robust accuracy after FAB-T: 39.00% (total time 137.3 s)
square - 1/1 - 0 out of 78 successfully perturbed
robust accuracy after SQUARE: 39.00% (total time 217.5 s)
max Linf perturbation: 0.03137, nan in tensor: 0, max: 1.00000, min: 0.00000
robust accuracy: 39.00%
initial accuracy: 74.50%
apgd-ce - 1/1 - 60 out of 149 successfully perturbed
robust accuracy after APGD-CE: 44.50% (total time 9.5 s)
apgd-t - 1/1 - 6 out of 89 successfully perturbed
robust accuracy after APGD-T: 41.50% (total time 69.8 s)
fab-t - 1/1 - 0 out of 83 successfully perturbed
robust accuracy after FAB-T: 41.50% (total time 150.0 s)
square - 1/1 - 0 out of 83 successfully perturbed
robust accuracy after SQUARE: 41.50% (total time 229.8 s)
max Linf perturbation: 0.03137, nan in tensor: 0, max: 1.00000, min: 0.00000
robust accuracy: 41.50%
initial accuracy: 72.50%
apgd-ce - 1/1 - 53 out of 145 successfully perturbed
robust accuracy after APGD-CE: 46.00% (total time 10.0 s)
apgd-t - 1/1 - 11 out of 92 successfully perturbed
robust accuracy after APGD-T: 40.50% (total time 68.8 s)
fab-t - 1/1 - 0 out of 81 successfully perturbed
robust accuracy after FAB-T: 40.50% (total time 147.0 s)
square - 1/1 - 0 out of 81 successfully perturbed
robust accuracy after SQUARE: 40.50% (total time 227.7 s)
max Linf perturbation: 0.03137, nan in tensor: 0, max: 1.00000, min: 0.00000
robust accuracy: 40.50%
initial accuracy: 71.00%
apgd-ce - 1/1 - 59 out of 142 successfully perturbed
robust accuracy after APGD-CE: 41.50% (total time 9.1 s)
apgd-t - 1/1 - 8 out of 83 successfully perturbed
robust accuracy after APGD-T: 37.50% (total time 64.6 s)
fab-t - 1/1 - 0 out of 75 successfully perturbed
robust accuracy after FAB-T: 37.50% (total time 138.2 s)
square - 1/1 - 0 out of 75 successfully perturbed
robust accuracy after SQUARE: 37.50% (total time 217.5 s)
max Linf perturbation: 0.03137, nan in tensor: 0, max: 1.00000, min: 0.00000
robust accuracy: 37.50%
