initial accuracy: 85.00%
apgd-ce - 1/1 - 72 out of 170 successfully perturbed
robust accuracy after APGD-CE: 49.00% (total time 8.2 s)
apgd-t - 1/1 - 5 out of 98 successfully perturbed
robust accuracy after APGD-T: 46.50% (total time 51.5 s)
fab-t - 1/1 - 0 out of 93 successfully perturbed
robust accuracy after FAB-T: 46.50% (total time 106.4 s)
square - 1/1 - 0 out of 93 successfully perturbed
robust accuracy after SQUARE: 46.50% (total time 156.7 s)
max Linf perturbation: 0.03137, nan in tensor: 0, max: 1.00000, min: 0.00000
robust accuracy: 46.50%
initial accuracy: 79.50%
apgd-ce - 1/1 - 65 out of 159 successfully perturbed
robust accuracy after APGD-CE: 47.00% (total time 7.7 s)
apgd-t - 1/1 - 8 out of 94 successfully perturbed
robust accuracy after APGD-T: 43.00% (total time 48.7 s)
fab-t - 1/1 - 0 out of 86 successfully perturbed
robust accuracy after FAB-T: 43.00% (total time 101.4 s)
square - 1/1 - 0 out of 86 successfully perturbed
robust accuracy after SQUARE: 43.00% (total time 150.6 s)
max Linf perturbation: 0.03137, nan in tensor: 0, max: 1.00000, min: 0.00000
robust accuracy: 43.00%
initial accuracy: 82.00%
apgd-ce - 1/1 - 55 out of 164 successfully perturbed
robust accuracy after APGD-CE: 54.50% (total time 8.0 s)
apgd-t - 1/1 - 3 out of 109 successfully perturbed
robust accuracy after APGD-T: 53.00% (total time 58.0 s)
fab-t - 1/1 - 0 out of 106 successfully perturbed
robust accuracy after FAB-T: 53.00% (total time 121.1 s)
square - 1/1 - 0 out of 106 successfully perturbed
robust accuracy after SQUARE: 53.00% (total time 177.8 s)
max Linf perturbation: 0.03137, nan in tensor: 0, max: 1.00000, min: 0.00000
robust accuracy: 53.00%
initial accuracy: 77.50%
apgd-ce - 1/1 - 57 out of 155 successfully perturbed
robust accuracy after APGD-CE: 49.00% (total time 7.6 s)
apgd-t - 1/1 - 13 out of 98 successfully perturbed
robust accuracy after APGD-T: 42.50% (total time 48.8 s)
fab-t - 1/1 - 0 out of 85 successfully perturbed
robust accuracy after FAB-T: 42.50% (total time 101.3 s)
square - 1/1 - 0 out of 85 successfully perturbed
robust accuracy after SQUARE: 42.50% (total time 150.4 s)
max Linf perturbation: 0.03137, nan in tensor: 0, max: 1.00000, min: 0.00000
robust accuracy: 42.50%
initial accuracy: 82.50%
apgd-ce - 1/1 - 53 out of 165 successfully perturbed
robust accuracy after APGD-CE: 56.00% (total time 8.1 s)
apgd-t - 1/1 - 4 out of 112 successfully perturbed
robust accuracy after APGD-T: 54.00% (total time 58.5 s)
fab-t - 1/1 - 0 out of 108 successfully perturbed
robust accuracy after FAB-T: 54.00% (total time 122.0 s)
square - 1/1 - 0 out of 108 successfully perturbed
robust accuracy after SQUARE: 54.00% (total time 179.0 s)
max Linf perturbation: 0.03137, nan in tensor: 0, max: 1.00000, min: 0.00000
robust accuracy: 54.00%
initial accuracy: 79.50%
apgd-ce - 1/1 - 48 out of 159 successfully perturbed
robust accuracy after APGD-CE: 55.50% (total time 7.7 s)
apgd-t - 1/1 - 9 out of 111 successfully perturbed
robust accuracy after APGD-T: 51.00% (total time 56.5 s)
fab-t - 1/1 - 0 out of 102 successfully perturbed
robust accuracy after FAB-T: 51.00% (total time 117.8 s)
square - 1/1 - 0 out of 102 successfully perturbed
robust accuracy after SQUARE: 51.00% (total time 173.3 s)
max Linf perturbation: 0.03137, nan in tensor: 0, max: 1.00000, min: 0.00000
robust accuracy: 51.00%
initial accuracy: 74.50%
apgd-ce - 1/1 - 55 out of 149 successfully perturbed
robust accuracy after APGD-CE: 47.00% (total time 7.4 s)
apgd-t - 1/1 - 5 out of 94 successfully perturbed
robust accuracy after APGD-T: 44.50% (total time 49.3 s)
fab-t - 1/1 - 0 out of 89 successfully perturbed
robust accuracy after FAB-T: 44.50% (total time 103.1 s)
square - 1/1 - 0 out of 89 successfully perturbed
robust accuracy after SQUARE: 44.50% (total time 152.9 s)
max Linf perturbation: 0.03137, nan in tensor: 0, max: 1.00000, min: 0.00000
robust accuracy: 44.50%
initial accuracy: 79.50%
apgd-ce - 1/1 - 48 out of 159 successfully perturbed
robust accuracy after APGD-CE: 55.50% (total time 7.7 s)
apgd-t - 1/1 - 12 out of 111 successfully perturbed
robust accuracy after APGD-T: 49.50% (total time 55.8 s)
fab-t - 1/1 - 0 out of 99 successfully perturbed
robust accuracy after FAB-T: 49.50% (total time 116.4 s)
square - 1/1 - 0 out of 99 successfully perturbed
robust accuracy after SQUARE: 49.50% (total time 171.5 s)
max Linf perturbation: 0.03137, nan in tensor: 0, max: 1.00000, min: 0.00000
robust accuracy: 49.50%
initial accuracy: 79.00%
apgd-ce - 1/1 - 54 out of 158 successfully perturbed
robust accuracy after APGD-CE: 52.00% (total time 7.7 s)
apgd-t - 1/1 - 12 out of 104 successfully perturbed
robust accuracy after APGD-T: 46.00% (total time 50.9 s)
fab-t - 1/1 - 0 out of 92 successfully perturbed
robust accuracy after FAB-T: 46.00% (total time 105.6 s)
square - 1/1 - 0 out of 92 successfully perturbed
robust accuracy after SQUARE: 46.00% (total time 155.8 s)
max Linf perturbation: 0.03137, nan in tensor: 0, max: 1.00000, min: 0.00000
robust accuracy: 46.00%
initial accuracy: 76.00%
apgd-ce - 1/1 - 51 out of 152 successfully perturbed
robust accuracy after APGD-CE: 50.50% (total time 7.4 s)
apgd-t - 1/1 - 6 out of 101 successfully perturbed
robust accuracy after APGD-T: 47.50% (total time 51.8 s)
fab-t - 1/1 - 0 out of 95 successfully perturbed
robust accuracy after FAB-T: 47.50% (total time 107.5 s)
square - 1/1 - 0 out of 95 successfully perturbed
robust accuracy after SQUARE: 47.50% (total time 158.3 s)
max Linf perturbation: 0.03137, nan in tensor: 0, max: 1.00000, min: 0.00000
robust accuracy: 47.50%
initial accuracy: 77.00%
apgd-ce - 1/1 - 65 out of 154 successfully perturbed
robust accuracy after APGD-CE: 44.50% (total time 7.6 s)
apgd-t - 1/1 - 2 out of 89 successfully perturbed
robust accuracy after APGD-T: 43.50% (total time 48.7 s)
fab-t - 1/1 - 0 out of 87 successfully perturbed
robust accuracy after FAB-T: 43.50% (total time 101.8 s)
square - 1/1 - 0 out of 87 successfully perturbed
robust accuracy after SQUARE: 43.50% (total time 151.2 s)
max Linf perturbation: 0.03137, nan in tensor: 0, max: 1.00000, min: 0.00000
robust accuracy: 43.50%
initial accuracy: 80.00%
apgd-ce - 1/1 - 54 out of 160 successfully perturbed
robust accuracy after APGD-CE: 53.00% (total time 7.7 s)
apgd-t - 1/1 - 6 out of 106 successfully perturbed
robust accuracy after APGD-T: 50.00% (total time 55.7 s)
fab-t - 1/1 - 0 out of 100 successfully perturbed
robust accuracy after FAB-T: 50.00% (total time 116.4 s)
square - 1/1 - 0 out of 100 successfully perturbed
robust accuracy after SQUARE: 50.00% (total time 171.6 s)
max Linf perturbation: 0.03137, nan in tensor: 0, max: 1.00000, min: 0.00000
robust accuracy: 50.00%
initial accuracy: 76.00%
apgd-ce - 1/1 - 62 out of 152 successfully perturbed
robust accuracy after APGD-CE: 45.00% (total time 7.4 s)
apgd-t - 1/1 - 7 out of 90 successfully perturbed
robust accuracy after APGD-T: 41.50% (total time 47.7 s)
fab-t - 1/1 - 0 out of 83 successfully perturbed
robust accuracy after FAB-T: 41.50% (total time 99.5 s)
square - 1/1 - 0 out of 83 successfully perturbed
robust accuracy after SQUARE: 41.50% (total time 148.4 s)
max Linf perturbation: 0.03137, nan in tensor: 0, max: 1.00000, min: 0.00000
robust accuracy: 41.50%
initial accuracy: 83.50%
apgd-ce - 1/1 - 59 out of 167 successfully perturbed
robust accuracy after APGD-CE: 54.00% (total time 8.2 s)
apgd-t - 1/1 - 7 out of 108 successfully perturbed
robust accuracy after APGD-T: 50.50% (total time 56.6 s)
fab-t - 1/1 - 0 out of 101 successfully perturbed
robust accuracy after FAB-T: 50.50% (total time 117.7 s)
square - 1/1 - 0 out of 101 successfully perturbed
robust accuracy after SQUARE: 50.50% (total time 173.0 s)
max Linf perturbation: 0.03137, nan in tensor: 0, max: 1.00000, min: 0.00000
robust accuracy: 50.50%
initial accuracy: 82.00%
apgd-ce - 1/1 - 61 out of 164 successfully perturbed
robust accuracy after APGD-CE: 51.50% (total time 8.1 s)
apgd-t - 1/1 - 7 out of 103 successfully perturbed
robust accuracy after APGD-T: 48.00% (total time 51.9 s)
fab-t - 1/1 - 0 out of 96 successfully perturbed
robust accuracy after FAB-T: 48.00% (total time 107.5 s)
square - 1/1 - 0 out of 96 successfully perturbed
robust accuracy after SQUARE: 48.00% (total time 158.4 s)
max Linf perturbation: 0.03137, nan in tensor: 0, max: 1.00000, min: 0.00000
robust accuracy: 48.00%
initial accuracy: 77.00%
apgd-ce - 1/1 - 48 out of 154 successfully perturbed
robust accuracy after APGD-CE: 53.00% (total time 7.5 s)
apgd-t - 1/1 - 7 out of 106 successfully perturbed
robust accuracy after APGD-T: 49.50% (total time 55.5 s)
fab-t - 1/1 - 0 out of 99 successfully perturbed
robust accuracy after FAB-T: 49.50% (total time 116.0 s)
square - 1/1 - 0 out of 99 successfully perturbed
robust accuracy after SQUARE: 49.50% (total time 171.1 s)
max Linf perturbation: 0.03137, nan in tensor: 0, max: 1.00000, min: 0.00000
robust accuracy: 49.50%
initial accuracy: 76.50%
apgd-ce - 1/1 - 51 out of 153 successfully perturbed
robust accuracy after APGD-CE: 51.00% (total time 7.5 s)
apgd-t - 1/1 - 8 out of 102 successfully perturbed
robust accuracy after APGD-T: 47.00% (total time 51.2 s)
fab-t - 1/1 - 0 out of 94 successfully perturbed
robust accuracy after FAB-T: 47.00% (total time 106.4 s)
square - 1/1 - 0 out of 94 successfully perturbed
robust accuracy after SQUARE: 47.00% (total time 157.0 s)
max Linf perturbation: 0.03137, nan in tensor: 0, max: 1.00000, min: 0.00000
robust accuracy: 47.00%
initial accuracy: 75.50%
apgd-ce - 1/1 - 47 out of 151 successfully perturbed
robust accuracy after APGD-CE: 52.00% (total time 7.4 s)
apgd-t - 1/1 - 7 out of 104 successfully perturbed
robust accuracy after APGD-T: 48.50% (total time 54.7 s)
fab-t - 1/1 - 0 out of 97 successfully perturbed
robust accuracy after FAB-T: 48.50% (total time 114.7 s)
square - 1/1 - 0 out of 97 successfully perturbed
robust accuracy after SQUARE: 48.50% (total time 169.3 s)
max Linf perturbation: 0.03137, nan in tensor: 0, max: 1.00000, min: 0.00000
robust accuracy: 48.50%
initial accuracy: 77.00%
apgd-ce - 1/1 - 54 out of 154 successfully perturbed
robust accuracy after APGD-CE: 50.00% (total time 7.5 s)
apgd-t - 1/1 - 6 out of 100 successfully perturbed
robust accuracy after APGD-T: 47.00% (total time 51.0 s)
fab-t - 1/1 - 0 out of 94 successfully perturbed
robust accuracy after FAB-T: 47.00% (total time 106.3 s)
square - 1/1 - 0 out of 94 successfully perturbed
robust accuracy after SQUARE: 47.00% (total time 156.8 s)
max Linf perturbation: 0.03137, nan in tensor: 0, max: 1.00000, min: 0.00000
robust accuracy: 47.00%
initial accuracy: 81.00%
apgd-ce - 1/1 - 64 out of 162 successfully perturbed
robust accuracy after APGD-CE: 49.00% (total time 8.0 s)
apgd-t - 1/1 - 8 out of 98 successfully perturbed
robust accuracy after APGD-T: 45.00% (total time 50.6 s)
fab-t - 1/1 - 0 out of 90 successfully perturbed
robust accuracy after FAB-T: 45.00% (total time 104.7 s)
square - 1/1 - 0 out of 90 successfully perturbed
robust accuracy after SQUARE: 45.00% (total time 154.5 s)
max Linf perturbation: 0.03137, nan in tensor: 0, max: 1.00000, min: 0.00000
robust accuracy: 45.00%
initial accuracy: 79.50%
apgd-ce - 1/1 - 51 out of 159 successfully perturbed
robust accuracy after APGD-CE: 54.00% (total time 7.7 s)
apgd-t - 1/1 - 7 out of 108 successfully perturbed
robust accuracy after APGD-T: 50.50% (total time 56.0 s)
fab-t - 1/1 - 0 out of 101 successfully perturbed
robust accuracy after FAB-T: 50.50% (total time 117.1 s)
square - 1/1 - 0 out of 101 successfully perturbed
robust accuracy after SQUARE: 50.50% (total time 172.4 s)
max Linf perturbation: 0.03137, nan in tensor: 0, max: 1.00000, min: 0.00000
robust accuracy: 50.50%
initial accuracy: 86.00%
apgd-ce - 1/1 - 59 out of 172 successfully perturbed
robust accuracy after APGD-CE: 56.50% (total time 8.3 s)
apgd-t - 1/1 - 8 out of 113 successfully perturbed
robust accuracy after APGD-T: 52.50% (total time 58.3 s)
fab-t - 1/1 - 0 out of 105 successfully perturbed
robust accuracy after FAB-T: 52.50% (total time 121.1 s)
square - 1/1 - 0 out of 105 successfully perturbed
robust accuracy after SQUARE: 52.50% (total time 177.6 s)
max Linf perturbation: 0.03137, nan in tensor: 0, max: 1.00000, min: 0.00000
robust accuracy: 52.50%
initial accuracy: 80.00%
apgd-ce - 1/1 - 55 out of 160 successfully perturbed
robust accuracy after APGD-CE: 52.50% (total time 7.7 s)
apgd-t - 1/1 - 6 out of 105 successfully perturbed
robust accuracy after APGD-T: 49.50% (total time 55.5 s)
fab-t - 1/1 - 0 out of 99 successfully perturbed
robust accuracy after FAB-T: 49.50% (total time 116.0 s)
square - 1/1 - 0 out of 99 successfully perturbed
robust accuracy after SQUARE: 49.50% (total time 171.0 s)
max Linf perturbation: 0.03137, nan in tensor: 0, max: 1.00000, min: 0.00000
robust accuracy: 49.50%
initial accuracy: 78.00%
apgd-ce - 1/1 - 49 out of 156 successfully perturbed
robust accuracy after APGD-CE: 53.50% (total time 7.6 s)
apgd-t - 1/1 - 5 out of 107 successfully perturbed
robust accuracy after APGD-T: 51.00% (total time 56.1 s)
fab-t - 1/1 - 0 out of 102 successfully perturbed
robust accuracy after FAB-T: 51.00% (total time 117.3 s)
square - 1/1 - 0 out of 102 successfully perturbed
robust accuracy after SQUARE: 51.00% (total time 172.9 s)
max Linf perturbation: 0.03137, nan in tensor: 0, max: 1.00000, min: 0.00000
robust accuracy: 51.00%
initial accuracy: 79.50%
apgd-ce - 1/1 - 57 out of 159 successfully perturbed
robust accuracy after APGD-CE: 51.00% (total time 7.7 s)
apgd-t - 1/1 - 8 out of 102 successfully perturbed
robust accuracy after APGD-T: 47.00% (total time 51.4 s)
fab-t - 1/1 - 0 out of 94 successfully perturbed
robust accuracy after FAB-T: 47.00% (total time 106.7 s)
square - 1/1 - 0 out of 94 successfully perturbed
robust accuracy after SQUARE: 47.00% (total time 157.2 s)
max Linf perturbation: 0.03137, nan in tensor: 0, max: 1.00000, min: 0.00000
robust accuracy: 47.00%
initial accuracy: 80.50%
apgd-ce - 1/1 - 64 out of 161 successfully perturbed
robust accuracy after APGD-CE: 48.50% (total time 8.0 s)
apgd-t - 1/1 - 9 out of 97 successfully perturbed
robust accuracy after APGD-T: 44.00% (total time 49.6 s)
fab-t - 1/1 - 0 out of 88 successfully perturbed
robust accuracy after FAB-T: 44.00% (total time 102.4 s)
square - 1/1 - 0 out of 88 successfully perturbed
robust accuracy after SQUARE: 44.00% (total time 152.0 s)
max Linf perturbation: 0.03137, nan in tensor: 0, max: 1.00000, min: 0.00000
robust accuracy: 44.00%
initial accuracy: 82.00%
apgd-ce - 1/1 - 59 out of 164 successfully perturbed
robust accuracy after APGD-CE: 52.50% (total time 8.0 s)
apgd-t - 1/1 - 7 out of 105 successfully perturbed
robust accuracy after APGD-T: 49.00% (total time 55.6 s)
fab-t - 1/1 - 0 out of 98 successfully perturbed
robust accuracy after FAB-T: 49.00% (total time 115.7 s)
square - 1/1 - 0 out of 98 successfully perturbed
robust accuracy after SQUARE: 49.00% (total time 170.6 s)
max Linf perturbation: 0.03137, nan in tensor: 0, max: 1.00000, min: 0.00000
robust accuracy: 49.00%
initial accuracy: 80.00%
apgd-ce - 1/1 - 66 out of 160 successfully perturbed
robust accuracy after APGD-CE: 47.00% (total time 7.7 s)
apgd-t - 1/1 - 3 out of 94 successfully perturbed
robust accuracy after APGD-T: 45.50% (total time 50.1 s)
fab-t - 1/1 - 0 out of 91 successfully perturbed
robust accuracy after FAB-T: 45.50% (total time 104.5 s)
square - 1/1 - 0 out of 91 successfully perturbed
robust accuracy after SQUARE: 45.50% (total time 154.6 s)
max Linf perturbation: 0.03137, nan in tensor: 0, max: 1.00000, min: 0.00000
robust accuracy: 45.50%
initial accuracy: 84.00%
apgd-ce - 1/1 - 55 out of 168 successfully perturbed
robust accuracy after APGD-CE: 56.50% (total time 8.1 s)
apgd-t - 1/1 - 13 out of 113 successfully perturbed
robust accuracy after APGD-T: 50.00% (total time 56.3 s)
fab-t - 1/1 - 0 out of 100 successfully perturbed
robust accuracy after FAB-T: 50.00% (total time 116.8 s)
square - 1/1 - 0 out of 100 successfully perturbed
robust accuracy after SQUARE: 50.00% (total time 172.0 s)
max Linf perturbation: 0.03137, nan in tensor: 0, max: 1.00000, min: 0.00000
robust accuracy: 50.00%
initial accuracy: 77.50%
apgd-ce - 1/1 - 55 out of 155 successfully perturbed
robust accuracy after APGD-CE: 50.00% (total time 7.6 s)
apgd-t - 1/1 - 7 out of 100 successfully perturbed
robust accuracy after APGD-T: 46.50% (total time 50.9 s)
fab-t - 1/1 - 0 out of 93 successfully perturbed
robust accuracy after FAB-T: 46.50% (total time 105.8 s)
square - 1/1 - 0 out of 93 successfully perturbed
robust accuracy after SQUARE: 46.50% (total time 156.2 s)
max Linf perturbation: 0.03137, nan in tensor: 0, max: 1.00000, min: 0.00000
robust accuracy: 46.50%
initial accuracy: 74.00%
apgd-ce - 1/1 - 53 out of 148 successfully perturbed
robust accuracy after APGD-CE: 47.50% (total time 7.3 s)
apgd-t - 1/1 - 4 out of 95 successfully perturbed
robust accuracy after APGD-T: 45.50% (total time 49.7 s)
fab-t - 1/1 - 0 out of 91 successfully perturbed
robust accuracy after FAB-T: 45.50% (total time 104.2 s)
square - 1/1 - 0 out of 91 successfully perturbed
robust accuracy after SQUARE: 45.50% (total time 154.2 s)
max Linf perturbation: 0.03137, nan in tensor: 0, max: 1.00000, min: 0.00000
robust accuracy: 45.50%
initial accuracy: 83.00%
apgd-ce - 1/1 - 59 out of 166 successfully perturbed
robust accuracy after APGD-CE: 53.50% (total time 8.1 s)
apgd-t - 1/1 - 6 out of 107 successfully perturbed
robust accuracy after APGD-T: 50.50% (total time 56.4 s)
fab-t - 1/1 - 0 out of 101 successfully perturbed
robust accuracy after FAB-T: 50.50% (total time 117.4 s)
square - 1/1 - 0 out of 101 successfully perturbed
robust accuracy after SQUARE: 50.50% (total time 172.8 s)
max Linf perturbation: 0.03137, nan in tensor: 0, max: 1.00000, min: 0.00000
robust accuracy: 50.50%
initial accuracy: 83.50%
apgd-ce - 1/1 - 67 out of 167 successfully perturbed
robust accuracy after APGD-CE: 50.00% (total time 8.2 s)
apgd-t - 1/1 - 9 out of 100 successfully perturbed
robust accuracy after APGD-T: 45.50% (total time 51.0 s)
fab-t - 1/1 - 0 out of 91 successfully perturbed
robust accuracy after FAB-T: 45.50% (total time 105.4 s)
square - 1/1 - 0 out of 91 successfully perturbed
robust accuracy after SQUARE: 45.50% (total time 155.5 s)
max Linf perturbation: 0.03137, nan in tensor: 0, max: 1.00000, min: 0.00000
robust accuracy: 45.50%
initial accuracy: 78.50%
apgd-ce - 1/1 - 57 out of 157 successfully perturbed
robust accuracy after APGD-CE: 50.00% (total time 7.6 s)
apgd-t - 1/1 - 5 out of 100 successfully perturbed
robust accuracy after APGD-T: 47.50% (total time 51.4 s)
fab-t - 1/1 - 0 out of 95 successfully perturbed
robust accuracy after FAB-T: 47.50% (total time 106.9 s)
square - 1/1 - 0 out of 95 successfully perturbed
robust accuracy after SQUARE: 47.50% (total time 157.7 s)
max Linf perturbation: 0.03137, nan in tensor: 0, max: 1.00000, min: 0.00000
robust accuracy: 47.50%
initial accuracy: 80.00%
apgd-ce - 1/1 - 65 out of 160 successfully perturbed
robust accuracy after APGD-CE: 47.50% (total time 7.7 s)
apgd-t - 1/1 - 8 out of 95 successfully perturbed
robust accuracy after APGD-T: 43.50% (total time 48.9 s)
fab-t - 1/1 - 0 out of 87 successfully perturbed
robust accuracy after FAB-T: 43.50% (total time 102.0 s)
square - 1/1 - 0 out of 87 successfully perturbed
robust accuracy after SQUARE: 43.50% (total time 151.4 s)
max Linf perturbation: 0.03137, nan in tensor: 0, max: 1.00000, min: 0.00000
robust accuracy: 43.50%
initial accuracy: 81.50%
apgd-ce - 1/1 - 56 out of 163 successfully perturbed
robust accuracy after APGD-CE: 53.50% (total time 8.0 s)
apgd-t - 1/1 - 6 out of 107 successfully perturbed
robust accuracy after APGD-T: 50.50% (total time 56.3 s)
fab-t - 1/1 - 0 out of 101 successfully perturbed
robust accuracy after FAB-T: 50.50% (total time 117.3 s)
square - 1/1 - 0 out of 101 successfully perturbed
robust accuracy after SQUARE: 50.50% (total time 172.6 s)
max Linf perturbation: 0.03137, nan in tensor: 0, max: 1.00000, min: 0.00000
robust accuracy: 50.50%
initial accuracy: 85.50%
apgd-ce - 1/1 - 78 out of 171 successfully perturbed
robust accuracy after APGD-CE: 46.50% (total time 8.2 s)
apgd-t - 1/1 - 6 out of 93 successfully perturbed
robust accuracy after APGD-T: 43.50% (total time 49.4 s)
fab-t - 1/1 - 0 out of 87 successfully perturbed
robust accuracy after FAB-T: 43.50% (total time 102.5 s)
square - 1/1 - 0 out of 87 successfully perturbed
robust accuracy after SQUARE: 43.50% (total time 151.8 s)
max Linf perturbation: 0.03137, nan in tensor: 0, max: 1.00000, min: 0.00000
robust accuracy: 43.50%
initial accuracy: 78.00%
apgd-ce - 1/1 - 52 out of 156 successfully perturbed
robust accuracy after APGD-CE: 52.00% (total time 7.6 s)
apgd-t - 1/1 - 3 out of 104 successfully perturbed
robust accuracy after APGD-T: 50.50% (total time 55.6 s)
fab-t - 1/1 - 0 out of 101 successfully perturbed
robust accuracy after FAB-T: 50.50% (total time 116.6 s)
square - 1/1 - 0 out of 101 successfully perturbed
robust accuracy after SQUARE: 50.50% (total time 172.0 s)
max Linf perturbation: 0.03137, nan in tensor: 0, max: 1.00000, min: 0.00000
robust accuracy: 50.50%
initial accuracy: 76.00%
apgd-ce - 1/1 - 46 out of 152 successfully perturbed
robust accuracy after APGD-CE: 53.00% (total time 7.4 s)
apgd-t - 1/1 - 4 out of 106 successfully perturbed
robust accuracy after APGD-T: 51.00% (total time 55.9 s)
fab-t - 1/1 - 0 out of 102 successfully perturbed
robust accuracy after FAB-T: 51.00% (total time 117.1 s)
square - 1/1 - 0 out of 102 successfully perturbed
robust accuracy after SQUARE: 51.00% (total time 172.7 s)
max Linf perturbation: 0.03137, nan in tensor: 0, max: 1.00000, min: 0.00000
robust accuracy: 51.00%
initial accuracy: 77.00%
apgd-ce - 1/1 - 54 out of 154 successfully perturbed
robust accuracy after APGD-CE: 50.00% (total time 7.5 s)
apgd-t - 1/1 - 4 out of 100 successfully perturbed
robust accuracy after APGD-T: 48.00% (total time 52.1 s)
fab-t - 1/1 - 0 out of 96 successfully perturbed
robust accuracy after FAB-T: 48.00% (total time 107.5 s)
square - 1/1 - 0 out of 96 successfully perturbed
robust accuracy after SQUARE: 48.00% (total time 158.4 s)
max Linf perturbation: 0.03137, nan in tensor: 0, max: 1.00000, min: 0.00000
robust accuracy: 48.00%
initial accuracy: 82.50%
apgd-ce - 1/1 - 68 out of 165 successfully perturbed
robust accuracy after APGD-CE: 48.50% (total time 8.1 s)
apgd-t - 1/1 - 7 out of 97 successfully perturbed
robust accuracy after APGD-T: 45.00% (total time 50.6 s)
fab-t - 1/1 - 0 out of 90 successfully perturbed
robust accuracy after FAB-T: 45.00% (total time 104.7 s)
square - 1/1 - 0 out of 90 successfully perturbed
robust accuracy after SQUARE: 45.00% (total time 154.6 s)
max Linf perturbation: 0.03137, nan in tensor: 0, max: 1.00000, min: 0.00000
robust accuracy: 45.00%
initial accuracy: 77.00%
apgd-ce - 1/1 - 68 out of 154 successfully perturbed
robust accuracy after APGD-CE: 43.00% (total time 7.5 s)
apgd-t - 1/1 - 5 out of 86 successfully perturbed
robust accuracy after APGD-T: 40.50% (total time 47.2 s)
fab-t - 1/1 - 0 out of 81 successfully perturbed
robust accuracy after FAB-T: 40.50% (total time 98.6 s)
square - 1/1 - 0 out of 81 successfully perturbed
robust accuracy after SQUARE: 40.50% (total time 146.9 s)
max Linf perturbation: 0.03137, nan in tensor: 0, max: 1.00000, min: 0.00000
robust accuracy: 40.50%
initial accuracy: 81.00%
apgd-ce - 1/1 - 63 out of 162 successfully perturbed
robust accuracy after APGD-CE: 49.50% (total time 8.0 s)
apgd-t - 1/1 - 4 out of 99 successfully perturbed
robust accuracy after APGD-T: 47.50% (total time 51.8 s)
fab-t - 1/1 - 0 out of 95 successfully perturbed
robust accuracy after FAB-T: 47.50% (total time 107.4 s)
square - 1/1 - 0 out of 95 successfully perturbed
robust accuracy after SQUARE: 47.50% (total time 158.0 s)
max Linf perturbation: 0.03137, nan in tensor: 0, max: 1.00000, min: 0.00000
robust accuracy: 47.50%
initial accuracy: 83.00%
apgd-ce - 1/1 - 70 out of 166 successfully perturbed
robust accuracy after APGD-CE: 48.00% (total time 8.1 s)
apgd-t - 1/1 - 8 out of 96 successfully perturbed
robust accuracy after APGD-T: 44.00% (total time 49.2 s)
fab-t - 1/1 - 0 out of 88 successfully perturbed
robust accuracy after FAB-T: 44.00% (total time 102.0 s)
square - 1/1 - 0 out of 88 successfully perturbed
robust accuracy after SQUARE: 44.00% (total time 151.5 s)
max Linf perturbation: 0.03137, nan in tensor: 0, max: 1.00000, min: 0.00000
robust accuracy: 44.00%
initial accuracy: 81.50%
apgd-ce - 1/1 - 54 out of 163 successfully perturbed
robust accuracy after APGD-CE: 54.50% (total time 8.0 s)
apgd-t - 1/1 - 7 out of 109 successfully perturbed
robust accuracy after APGD-T: 51.00% (total time 56.6 s)
fab-t - 1/1 - 0 out of 102 successfully perturbed
robust accuracy after FAB-T: 51.00% (total time 117.8 s)
square - 1/1 - 0 out of 102 successfully perturbed
robust accuracy after SQUARE: 51.00% (total time 173.3 s)
max Linf perturbation: 0.03137, nan in tensor: 0, max: 1.00000, min: 0.00000
robust accuracy: 51.00%
initial accuracy: 87.00%
apgd-ce - 1/1 - 67 out of 174 successfully perturbed
robust accuracy after APGD-CE: 53.50% (total time 8.4 s)
apgd-t - 1/1 - 9 out of 107 successfully perturbed
robust accuracy after APGD-T: 49.00% (total time 56.0 s)
fab-t - 1/1 - 0 out of 98 successfully perturbed
robust accuracy after FAB-T: 49.00% (total time 116.1 s)
square - 1/1 - 0 out of 98 successfully perturbed
robust accuracy after SQUARE: 49.00% (total time 170.8 s)
max Linf perturbation: 0.03137, nan in tensor: 0, max: 1.00000, min: 0.00000
robust accuracy: 49.00%
initial accuracy: 82.00%
apgd-ce - 1/1 - 59 out of 164 successfully perturbed
robust accuracy after APGD-CE: 52.50% (total time 8.0 s)
apgd-t - 1/1 - 8 out of 105 successfully perturbed
robust accuracy after APGD-T: 48.50% (total time 55.3 s)
fab-t - 1/1 - 0 out of 97 successfully perturbed
robust accuracy after FAB-T: 48.50% (total time 115.1 s)
square - 1/1 - 0 out of 97 successfully perturbed
robust accuracy after SQUARE: 48.50% (total time 169.8 s)
max Linf perturbation: 0.03137, nan in tensor: 0, max: 1.00000, min: 0.00000
robust accuracy: 48.50%
initial accuracy: 81.00%
apgd-ce - 1/1 - 61 out of 162 successfully perturbed
robust accuracy after APGD-CE: 50.50% (total time 8.0 s)
apgd-t - 1/1 - 6 out of 101 successfully perturbed
robust accuracy after APGD-T: 47.50% (total time 51.9 s)
fab-t - 1/1 - 0 out of 95 successfully perturbed
robust accuracy after FAB-T: 47.50% (total time 107.4 s)
square - 1/1 - 0 out of 95 successfully perturbed
robust accuracy after SQUARE: 47.50% (total time 158.1 s)
max Linf perturbation: 0.03137, nan in tensor: 0, max: 1.00000, min: 0.00000
robust accuracy: 47.50%
initial accuracy: 81.50%
apgd-ce - 1/1 - 68 out of 163 successfully perturbed
robust accuracy after APGD-CE: 47.50% (total time 8.0 s)
apgd-t - 1/1 - 6 out of 95 successfully perturbed
robust accuracy after APGD-T: 44.50% (total time 50.0 s)
fab-t - 1/1 - 0 out of 89 successfully perturbed
robust accuracy after FAB-T: 44.50% (total time 103.7 s)
square - 1/1 - 0 out of 89 successfully perturbed
robust accuracy after SQUARE: 44.50% (total time 153.4 s)
max Linf perturbation: 0.03137, nan in tensor: 0, max: 1.00000, min: 0.00000
robust accuracy: 44.50%
initial accuracy: 78.00%
apgd-ce - 1/1 - 57 out of 156 successfully perturbed
robust accuracy after APGD-CE: 49.50% (total time 7.6 s)
apgd-t - 1/1 - 1 out of 99 successfully perturbed
robust accuracy after APGD-T: 49.00% (total time 54.8 s)
fab-t - 1/1 - 0 out of 98 successfully perturbed
robust accuracy after FAB-T: 49.00% (total time 114.8 s)
square - 1/1 - 0 out of 98 successfully perturbed
robust accuracy after SQUARE: 49.00% (total time 169.7 s)
max Linf perturbation: 0.03137, nan in tensor: 0, max: 1.00000, min: 0.00000
robust accuracy: 49.00%
