[2021/03/21 15:08:28] - Namespace(batch_size=128, beta=6.0, data_dir='/mnt/storage0_8/torch_datasets/cifar-data', epochs=50, epsilon=8, fname='output_pre', gamma=1.01, log_interval=100, lr=0.05, model='pre', momentum=0.9, no_cuda=False, num_steps=10, out_dir='mtrades_out', save_freq=1, save_model=True, seed=0, step_size=2, test_batch_size=128, weight_decay=0.0005, wide_factor=10)
[2021/03/21 15:08:28] - Epoch 	 Seconds 	 LR 	 	 Train Loss 	 Val Acc	 MG 	 PGD Acc
[2021/03/21 15:09:53] - 0 	 73.4 	 	 0.0500 	 1.4599 	 0.5977 	 0.0000	 0.0074
[2021/03/21 15:12:07] - 1 	 120.5 	 	 0.0500 	 1.2874 	 0.6453 	 0.6740	 0.1473
[2021/03/21 15:14:21] - 2 	 120.4 	 	 0.0500 	 1.1088 	 0.6832 	 0.8184	 0.1895
[2021/03/21 15:17:22] - 3 	 167.9 	 	 0.0500 	 1.2691 	 0.6895 	 46.6824	 0.2594
[2021/03/21 15:21:11] - 4 	 215.2 	 	 0.0500 	 1.3844 	 0.6930 	 52.0532	 0.3156
[2021/03/21 15:25:47] - 5 	 262.6 	 	 0.0500 	 1.4772 	 0.6719 	 49.3572	 0.3363
[2021/03/21 15:30:22] - 6 	 262.5 	 	 0.0500 	 1.4470 	 0.6820 	 46.4199	 0.3578
[2021/03/21 15:34:58] - 7 	 262.7 	 	 0.0500 	 1.4259 	 0.6848 	 45.6399	 0.3406
[2021/03/21 15:39:34] - 8 	 262.6 	 	 0.0500 	 1.4051 	 0.6770 	 48.3378	 0.3688
[2021/03/21 15:44:10] - 9 	 262.4 	 	 0.0500 	 1.3871 	 0.6934 	 49.5189	 0.3535
[2021/03/21 15:48:46] - 10 	 262.6 	 	 0.0500 	 1.3718 	 0.6996 	 41.5701	 0.3723
[2021/03/21 15:53:22] - 11 	 262.4 	 	 0.0500 	 1.3610 	 0.6969 	 44.4597	 0.3617
[2021/03/21 15:57:57] - 12 	 262.4 	 	 0.0500 	 1.3489 	 0.7234 	 48.9060	 0.4020
[2021/03/21 16:02:33] - 13 	 262.6 	 	 0.0500 	 1.3385 	 0.7188 	 41.0344	 0.3930
[2021/03/21 16:07:09] - 14 	 262.6 	 	 0.0500 	 1.3271 	 0.7387 	 57.5191	 0.4035
[2021/03/21 16:12:32] - 15 	 309.9 	 	 0.0500 	 1.3408 	 0.7359 	 70.6394	 0.4055
[2021/03/21 16:18:43] - 16 	 357.2 	 	 0.0500 	 1.3464 	 0.7230 	 54.5728	 0.3969
[2021/03/21 16:24:53] - 17 	 357.3 	 	 0.0500 	 1.3393 	 0.7320 	 64.0885	 0.4133
[2021/03/21 16:31:04] - 18 	 357.4 	 	 0.0500 	 1.3322 	 0.7285 	 62.4806	 0.4145
[2021/03/21 16:37:15] - 19 	 357.5 	 	 0.0500 	 1.3304 	 0.7168 	 61.2720	 0.3863
[2021/03/21 16:43:26] - 20 	 357.5 	 	 0.0500 	 1.3257 	 0.7164 	 58.7560	 0.3941
[2021/03/21 16:49:36] - 21 	 357.4 	 	 0.0500 	 1.3210 	 0.7320 	 61.8018	 0.4062
[2021/03/21 16:55:47] - 22 	 357.3 	 	 0.0500 	 1.3149 	 0.7406 	 65.6445	 0.4062
[2021/03/21 17:01:57] - 23 	 356.6 	 	 0.0500 	 1.3120 	 0.7391 	 64.5692	 0.4156
[2021/03/21 17:08:07] - 24 	 356.5 	 	 0.0500 	 1.3100 	 0.7531 	 62.4575	 0.4074
[2021/03/21 17:14:16] - 25 	 356.5 	 	 0.0050 	 1.1967 	 0.7773 	 62.6727	 0.4641
[2021/03/21 17:20:26] - 26 	 356.4 	 	 0.0050 	 1.1657 	 0.7820 	 76.5350	 0.4699
[2021/03/21 17:27:23] - 27 	 403.6 	 	 0.0050 	 1.1627 	 0.7848 	 72.9637	 0.4727
[2021/03/21 17:34:20] - 28 	 403.8 	 	 0.0050 	 1.1537 	 0.7902 	 74.1155	 0.4668
[2021/03/21 17:41:17] - 29 	 403.8 	 	 0.0050 	 1.1440 	 0.7902 	 79.3062	 0.4688
[2021/03/21 17:49:01] - 30 	 450.9 	 	 0.0050 	 1.1465 	 0.7836 	 66.7849	 0.4766
[2021/03/21 17:56:46] - 31 	 450.9 	 	 0.0050 	 1.1393 	 0.7961 	 79.8645	 0.4797
[2021/03/21 18:04:30] - 32 	 450.8 	 	 0.0050 	 1.1354 	 0.7828 	 69.6916	 0.4715
[2021/03/21 18:12:14] - 33 	 450.9 	 	 0.0050 	 1.1295 	 0.7852 	 84.9064	 0.4754
[2021/03/21 18:20:45] - 34 	 498.0 	 	 0.0050 	 1.1318 	 0.7883 	 69.4968	 0.4793
[2021/03/21 18:29:16] - 35 	 498.1 	 	 0.0050 	 1.1257 	 0.7891 	 83.3426	 0.4730
[2021/03/21 18:37:48] - 36 	 498.0 	 	 0.0050 	 1.1200 	 0.7797 	 77.9372	 0.4848
[2021/03/21 18:46:19] - 37 	 498.1 	 	 0.0050 	 1.1191 	 0.7957 	 79.0163	 0.4711
[2021/03/21 18:54:50] - 38 	 498.0 	 	 0.0050 	 1.1164 	 0.7902 	 86.2711	 0.4711
[2021/03/21 19:04:09] - 39 	 545.1 	 	 0.0050 	 1.1168 	 0.7863 	 79.9688	 0.4797
[2021/03/21 19:13:27] - 40 	 545.1 	 	 0.0005 	 1.0822 	 0.7941 	 64.6528	 0.4816
[2021/03/21 19:22:45] - 41 	 545.1 	 	 0.0005 	 1.0751 	 0.7980 	 91.1826	 0.4816
[2021/03/21 19:32:04] - 42 	 545.0 	 	 0.0005 	 1.0700 	 0.7965 	 76.7540	 0.4836
[2021/03/21 19:41:22] - 43 	 545.0 	 	 0.0005 	 1.0673 	 0.8035 	 71.6953	 0.4852
[2021/03/21 19:50:40] - 44 	 545.1 	 	 0.0005 	 1.0682 	 0.7988 	 85.9258	 0.4871
[2021/03/21 19:59:59] - 45 	 545.1 	 	 0.0005 	 1.0635 	 0.7953 	 87.0268	 0.4859
[2021/03/21 20:09:17] - 46 	 545.1 	 	 0.0005 	 1.0616 	 0.7914 	 86.0810	 0.4891
[2021/03/21 20:18:35] - 47 	 545.0 	 	 0.0005 	 1.0612 	 0.8027 	 74.9587	 0.4820
[2021/03/21 20:27:54] - 48 	 545.0 	 	 0.0005 	 1.0605 	 0.7930 	 80.1963	 0.4930
[2021/03/21 20:37:12] - 49 	 545.4 	 	 0.0005 	 1.0577 	 0.7969 	 73.8547	 0.4891
[2021/03/21 20:37:12] - Total train time: 317.6836 minutes
[2021/03/21 20:37:12] - Best checkpoint at 48, 0.49296875
[2022/09/22 16:25:02] - Namespace(alpha=2.0, batch_size=128, beta=6.0, data_dir='/mnt/storage0_8/torch_datasets/cifar-data', epochs=50, epsilon=8, fname='output_pre', gamma=1.01, log_interval=100, lr_max=0.05, model='pre', momentum=0.9, no_cuda=False, normalization='std', num_steps=10, out_dir='mtrades_out', save_freq=1, save_model=True, seed=0, test_batch_size=128, weight_decay=0.0005, wide_factor=10)
[2022/09/22 16:25:02] - Epoch 	 Seconds 	 LR 	 BP	 Train Loss 	 Train Acc 	 Val Acc 	 MG 	 PGD Acc
[2022/09/22 16:26:00] - 0	48.9	0.0500	0	1.4766	0.4565	0.6086	52.8107	0.0035
[2022/09/22 16:27:50] - 1	96.5	0.0500	1	1.2934	0.5795	0.6547	3942.4492	0.1172
[2022/09/22 16:29:40] - 2	96.6	0.0500	1	1.1110	0.6570	0.6902	4194.1753	0.1727
[2022/09/22 16:32:18] - 3	144.2	0.0500	2	1.2645	0.6421	0.6867	3168.4712	0.2805
[2022/09/22 16:33:01] - Namespace(alpha=2.0, batch_size=128, beta=6.0, data_dir='/mnt/storage0_8/torch_datasets/cifar-data', epochs=50, epsilon=8, fname='output_pre', gamma=1.01, log_interval=100, lr_max=0.05, model='pre', momentum=0.9, no_cuda=False, normalization='std', num_steps=10, out_dir='mtrades_out', save_freq=1, save_model=True, seed=0, test_batch_size=128, weight_decay=0.0005, wide_factor=10)
[2022/09/22 16:33:01] - Epoch 	 Seconds 	 LR 	 BP	 Train Loss 	 Train Acc 	 Val Acc 	 MG 	 PGD Acc
[2022/09/22 16:34:01] - 0	48.9	0.0500	0	1.4756	0.4558	0.6320	58.4468	0.0070
[2022/09/22 16:35:51] - 1	96.6	0.0500	1	1.2982	0.5800	0.6559	3952.8027	0.1133
[2022/09/22 16:37:41] - 2	96.7	0.0500	1	1.1144	0.6540	0.6973	4204.9297	0.1809
[2022/09/22 16:40:18] - 3	144.2	0.0500	2	1.2661	0.6422	0.6848	3173.0486	0.2758
[2022/09/22 16:43:43] - 4	191.6	0.0500	3	1.3861	0.6147	0.6875	2320.2520	0.3121
[2022/09/22 16:47:55] - 5	238.7	0.0500	4	1.4735	0.5926	0.6883	1801.3855	0.3301
[2022/09/22 16:52:55] - 6	286.6	0.0500	5	1.4645	0.5986	0.6746	1742.6434	0.3398
[2022/09/22 16:58:43] - 7	333.8	0.0500	6	1.4531	0.6006	0.6840	1733.8240	0.3473
[2022/09/22 17:05:17] - 8	381.3	0.0500	7	1.4403	0.6071	0.6863	1748.2225	0.3695
[2022/09/22 17:12:39] - 9	428.4	0.0500	8	1.4322	0.6128	0.6891	1766.5560	0.3684
[2022/09/22 17:20:49] - 10	476.3	0.0500	9	1.4201	0.6169	0.6984	1782.7178	0.3797
[2022/09/22 17:29:45] - 11	523.5	0.0500	10	1.4098	0.6195	0.7168	1797.4718	0.3906
[2022/09/22 17:39:30] - 12	571.0	0.0500	11	1.4015	0.6232	0.6957	1822.0098	0.3895
[2022/09/22 17:50:01] - 13	618.0	0.0500	12	1.3960	0.6258	0.7074	1837.2036	0.3910
[2022/09/22 18:01:20] - 14	665.6	0.0500	13	1.3854	0.6287	0.7113	1851.2195	0.3953
[2022/09/22 18:13:27] - 15	713.4	0.0500	14	1.3810	0.6310	0.7320	1875.0273	0.4016
[2022/09/22 18:26:18] - 16	757.9	0.0500	15	1.3779	0.6324	0.7273	1881.1309	0.4098
[2022/09/22 18:39:56] - 17	804.7	0.0500	16	1.3685	0.6327	0.7063	1895.1442	0.3949
[2022/09/22 18:54:21] - 18	851.6	0.0500	17	1.3655	0.6371	0.7367	1912.4841	0.4203
[2022/09/22 19:09:33] - 19	899.1	0.0500	18	1.3596	0.6423	0.7133	1920.0210	0.4137
[2022/09/22 19:25:32] - 20	945.9	0.0500	19	1.3584	0.6391	0.7113	1924.9801	0.4207
[2022/09/22 19:42:19] - 21	993.6	0.0500	20	1.3533	0.6434	0.7340	1939.3602	0.4246
[2022/09/22 19:59:53] - 22	1040.4	0.0500	21	1.3481	0.6402	0.7234	1945.8931	0.4250
[2022/09/22 20:18:14] - 23	1087.8	0.0500	22	1.3463	0.6452	0.7297	1950.4282	0.4129
[2022/09/22 20:37:22] - 24	1134.6	0.0500	23	1.3463	0.6462	0.7242	1959.1970	0.4277
[2022/09/22 20:57:17] - 25	1181.9	0.0050	24	1.2402	0.6881	0.7625	1997.2244	0.4520
